                                     G D M A
                                 by Anthony Stone

               Distributed Multipoles from Gaussian wavefunctions

                             version 2.3.3 (e2d289a)
              Compiled with gfortran on 05 October 2021 at 19:26:39

Starting at 13:23:00 on 04 Jan 2022 


Using MP2 density matrix from file bla-02.fchk


                         Distributed Multipole Analysis

Standard DMA for products of primitives with exponent greater than 4.00000
Using 80-point Euler-MacLaurin radial quadrature
Using 590-point Lebedev quadrature
Becke smoothing parameter = 3

Positions and radii in angstrom
Multipole moments in atomic units, ea_0^k for rank k

C          x =  0.647332  y =  1.236681  z =  0.000000 angstrom
           Maximum rank =  2   Radius =  0.650 angstrom
                   Q00  =   0.413856
|Q1| =   0.704111  Q11c =  -0.359753  Q11s =  -0.605269
|Q2| =   0.844121  Q20  =  -0.600103  Q22c =  -0.306581  Q22s =   0.508356

C          x =  1.394663  y = -0.057735  z = -0.000000 angstrom
           Maximum rank =  2   Radius =  0.650 angstrom
                   Q00  =   0.413856
|Q1| =   0.704114  Q11c =  -0.704057  Q11s =  -0.008919
|Q2| =   0.844094  Q20  =  -0.600085  Q22c =   0.593519  Q22s =  -0.011318

C          x =  0.747331  y = -1.178946  z =  0.000000 angstrom
           Maximum rank =  2   Radius =  0.650 angstrom
                   Q00  =   0.413856
|Q1| =   0.704111  Q11c =  -0.344302  Q11s =   0.614189
|Q2| =   0.844117  Q20  =  -0.600098  Q22c =  -0.286977  Q22s =  -0.519674

C          x = -0.747331  y = -1.178946  z =  0.000000 angstrom
           Maximum rank =  2   Radius =  0.650 angstrom
                   Q00  =   0.413856
|Q1| =   0.704111  Q11c =   0.344302  Q11s =   0.614189
|Q2| =   0.844117  Q20  =  -0.600098  Q22c =  -0.286977  Q22s =   0.519674

C          x = -1.394663  y = -0.057735  z =  0.000000 angstrom
           Maximum rank =  2   Radius =  0.650 angstrom
                   Q00  =   0.413856
|Q1| =   0.704114  Q11c =   0.704057  Q11s =  -0.008919
|Q2| =   0.844094  Q20  =  -0.600085  Q22c =   0.593519  Q22s =   0.011318

C          x = -0.647332  y =  1.236681  z = -0.000000 angstrom
           Maximum rank =  2   Radius =  0.650 angstrom
                   Q00  =   0.413856
|Q1| =   0.704111  Q11c =   0.359753  Q11s =  -0.605269
|Q2| =   0.844121  Q20  =  -0.600103  Q22c =  -0.306581  Q22s =  -0.508356

H          x =  1.189544  y =  2.175821  z =  0.000000 angstrom
           Maximum rank =  2   Radius =  0.350 angstrom
                   Q00  =   0.064507
|Q1| =   0.132612  Q11c =  -0.070313  Q11s =  -0.112437
|Q2| =   0.166564  Q20  =  -0.118005  Q22c =  -0.059199  Q22s =   0.101557

H          x =  2.479088  y = -0.057735  z = -0.000000 angstrom
           Maximum rank =  2   Radius =  0.350 angstrom
                   Q00  =   0.064507
|Q1| =   0.132612  Q11c =  -0.132530  Q11s =  -0.004674
|Q2| =   0.166564  Q20  =  -0.118005  Q22c =   0.117550  Q22s =  -0.000490

H          x =  1.289544  y = -2.118086  z =  0.000000 angstrom
           Maximum rank =  2   Radius =  0.350 angstrom
                   Q00  =   0.064507
|Q1| =   0.132612  Q11c =  -0.062217  Q11s =   0.117111
|Q2| =   0.166564  Q20  =  -0.118005  Q22c =  -0.058351  Q22s =  -0.102046

H          x = -1.289544  y = -2.118086  z =  0.000000 angstrom
           Maximum rank =  2   Radius =  0.350 angstrom
                   Q00  =   0.064507
|Q1| =   0.132612  Q11c =   0.062217  Q11s =   0.117111
|Q2| =   0.166564  Q20  =  -0.118005  Q22c =  -0.058351  Q22s =   0.102046

H          x = -2.479088  y = -0.057735  z =  0.000000 angstrom
           Maximum rank =  2   Radius =  0.350 angstrom
                   Q00  =   0.064507
|Q1| =   0.132612  Q11c =   0.132530  Q11s =  -0.004674
|Q2| =   0.166564  Q20  =  -0.118005  Q22c =   0.117550  Q22s =   0.000490

H          x = -1.189544  y =  2.175821  z = -0.000000 angstrom
           Maximum rank =  2   Radius =  0.350 angstrom
                   Q00  =   0.064507
|Q1| =   0.132612  Q11c =   0.070313  Q11s =  -0.112437
|Q2| =   0.166564  Q20  =  -0.118005  Q22c =  -0.059199  Q22s =  -0.101557

TOP(2)     x =  0.000000  y =  0.000000  z =  2.000000 angstrom
           Maximum rank =  2   Radius =  0.650 angstrom
                   Q00  =  -0.107070
|Q1| =   0.026621  Q10  =   0.026621
|Q2| =   0.343364  Q20  =   0.343364

TOP(1)     x =  0.000000  y =  0.000000  z =  1.000000 angstrom
           Maximum rank =  2   Radius =  0.650 angstrom
                   Q00  =  -0.434046
|Q1| =   0.056554  Q10  =  -0.056554
|Q2| =   0.701037  Q20  =   0.701037  Q21s =  -0.000001  Q22c =  -0.000004

TOP(0)     x =  0.000000  y =  0.000000  z =  0.000000 angstrom
           Maximum rank =  2   Radius =  0.650 angstrom
                   Q00  =  -0.647908
|Q1| =   0.000001  Q11s =  -0.000001
|Q2| =   0.456350  Q20  =   0.456350  Q22c =  -0.000004

TOP(ao)    x =  0.000000  y =  0.000000  z =  0.529000 angstrom
           Maximum rank =  2   Radius =  0.650 angstrom
                   Q00  =  -0.570026
|Q1| =   0.010821  Q10  =   0.010821
|Q2| =   0.539953  Q20  =   0.539953  Q22c =  -0.000003

TOP(-a0)   x =  0.000000  y =  0.000000  z = -0.529000 angstrom
           Maximum rank =  2   Radius =  0.650 angstrom
                   Q00  =  -0.570026
|Q1| =   0.010821  Q10  =  -0.010821
|Q2| =   0.539953  Q20  =   0.539953  Q22c =  -0.000003

TOP(-1)    x =  0.000000  y =  0.000000  z = -1.000000 angstrom
           Maximum rank =  2   Radius =  0.650 angstrom
                   Q00  =  -0.434046
|Q1| =   0.056554  Q10  =   0.056554
|Q2| =   0.701037  Q20  =   0.701037  Q21s =   0.000001  Q22c =  -0.000004

TOP(-2)    x =  0.000000  y =  0.000000  z = -2.000000 angstrom
           Maximum rank =  2   Radius =  0.650 angstrom
                   Q00  =  -0.107070
|Q1| =   0.026621  Q10  =  -0.026621
|Q2| =   0.343364  Q20  =   0.343364

Total multipoles referred to origin at
           x =   0.000000,  y =    0.000000,  z =    0.000000 angstrom
                   Q00  =  -0.000012
|Q1| =   0.000003  Q11s =   0.000003
|Q2| =   6.002047  Q20  =  -6.002047  Q22c =  -0.000121

CPU time used:      1m54.885s          Total:      1m54.885s

Finished at 13:24:55 on 04 Jan 2022 
