                                     G D M A
                                 by Anthony Stone

               Distributed Multipoles from Gaussian wavefunctions

                             version 2.3.3 (e2d289a)
              Compiled with gfortran on 05 October 2021 at 19:26:39

Starting at 12:59:25 on 06 Jan 2022 


Using MP2 density matrix from file chair-15.fchk


                         Distributed Multipole Analysis

Standard DMA for products of primitives with exponent greater than 4.00000
Using 80-point Euler-MacLaurin radial quadrature
Using 590-point Lebedev quadrature
Becke smoothing parameter = 3

Positions and radii in angstrom
Multipole moments in atomic units, ea_0^k for rank k

C          x =  0.060690  y =  1.383503  z =  0.000000 angstrom
           Maximum rank =  2   Radius =  0.650 angstrom
                   Q00  =   0.376190
|Q1| =   0.652047  Q11c =  -0.040827  Q11s =  -0.650768
|Q2| =   1.414822  Q20  =   0.311269  Q22c =  -1.378857  Q22s =   0.059879

C          x = -0.060690  y =  0.696344  z =  1.209988 angstrom
           Maximum rank =  2   Radius =  0.650 angstrom
                   Q00  =   1.248651
|Q1| =   1.210041  Q10  =  -0.077298  Q11c =   0.111429  Q11s =  -1.202417
|Q2| =   1.267172  Q20  =   0.977675  Q21c =  -0.046431  Q21s =   0.043289
                   Q22c =  -0.803088  Q22s =  -0.029931

C          x =  0.060690  y = -0.696344  z =  1.209988 angstrom
           Maximum rank =  2   Radius =  0.650 angstrom
                   Q00  =   1.248651
|Q1| =   1.210041  Q10  =  -0.077298  Q11c =  -0.111429  Q11s =   1.202417
|Q2| =   1.267172  Q20  =   0.977675  Q21c =   0.046431  Q21s =  -0.043289
                   Q22c =  -0.803088  Q22s =  -0.029931

C          x = -0.060690  y = -1.383503  z = -0.000000 angstrom
           Maximum rank =  2   Radius =  0.650 angstrom
                   Q00  =   0.376190
|Q1| =   0.652047  Q11c =   0.040827  Q11s =   0.650768
|Q2| =   1.414822  Q20  =   0.311269  Q22c =  -1.378857  Q22s =   0.059879

C          x =  0.060690  y = -0.696344  z = -1.209988 angstrom
           Maximum rank =  2   Radius =  0.650 angstrom
                   Q00  =   1.248651
|Q1| =   1.210041  Q10  =   0.077298  Q11c =  -0.111429  Q11s =   1.202417
|Q2| =   1.267172  Q20  =   0.977675  Q21c =  -0.046431  Q21s =   0.043289
                   Q22c =  -0.803088  Q22s =  -0.029931

C          x = -0.060690  y =  0.696344  z = -1.209988 angstrom
           Maximum rank =  2   Radius =  0.650 angstrom
                   Q00  =   1.248651
|Q1| =   1.210041  Q10  =   0.077298  Q11c =   0.111429  Q11s =  -1.202417
|Q2| =   1.267172  Q20  =   0.977675  Q21c =   0.046431  Q21s =  -0.043289
                   Q22c =  -0.803088  Q22s =  -0.029931

H          x =  0.049943  y =  2.468881  z = -0.000000 angstrom
           Maximum rank =  2   Radius =  0.350 angstrom
                   Q00  =   0.061537
|Q1| =   0.133267  Q11c =  -0.001527  Q11s =  -0.133258
|Q2| =   0.185732  Q20  =  -0.011805  Q22c =  -0.185241  Q22s =   0.006534

H          x = -0.048003  y =  1.243913  z =  2.146342 angstrom
           Maximum rank =  2   Radius =  0.350 angstrom
                   Q00  =   0.172737
|Q1| =   0.185763  Q10  =  -0.053703  Q11c =   0.007710  Q11s =  -0.177664
|Q2| =   0.152261  Q20  =   0.113647  Q21c =   0.001672  Q21s =  -0.003475
                   Q22c =  -0.100978  Q22s =  -0.007522

H          x =  0.048003  y = -1.243913  z =  2.146342 angstrom
           Maximum rank =  2   Radius =  0.350 angstrom
                   Q00  =   0.172737
|Q1| =   0.185763  Q10  =  -0.053703  Q11c =  -0.007710  Q11s =   0.177664
|Q2| =   0.152261  Q20  =   0.113647  Q21c =  -0.001672  Q21s =   0.003475
                   Q22c =  -0.100978  Q22s =  -0.007522

H          x = -0.049943  y = -2.468881  z = -0.000000 angstrom
           Maximum rank =  2   Radius =  0.350 angstrom
                   Q00  =   0.061537
|Q1| =   0.133267  Q11c =   0.001527  Q11s =   0.133258
|Q2| =   0.185732  Q20  =  -0.011805  Q22c =  -0.185241  Q22s =   0.006534

H          x =  0.048003  y = -1.243913  z = -2.146342 angstrom
           Maximum rank =  2   Radius =  0.350 angstrom
                   Q00  =   0.172737
|Q1| =   0.185763  Q10  =   0.053703  Q11c =  -0.007710  Q11s =   0.177664
|Q2| =   0.152261  Q20  =   0.113647  Q21c =   0.001672  Q21s =  -0.003475
                   Q22c =  -0.100978  Q22s =  -0.007522

H          x = -0.048003  y =  1.243913  z = -2.146342 angstrom
           Maximum rank =  2   Radius =  0.350 angstrom
                   Q00  =   0.172737
|Q1| =   0.185763  Q10  =   0.053703  Q11c =   0.007710  Q11s =  -0.177664
|Q2| =   0.152261  Q20  =   0.113647  Q21c =  -0.001672  Q21s =   0.003475
                   Q22c =  -0.100978  Q22s =  -0.007522

TOP(2)     x =  0.000000  y =  0.000000  z =  2.000000 angstrom
           Maximum rank =  2   Radius =  0.650 angstrom
                   Q00  =  -1.066213
|Q1| =   0.041770  Q10  =  -0.041770
|Q2| =   0.631834  Q20  =   0.583234  Q22c =  -0.238786  Q22s =  -0.045107

TOP(1)     x =  0.000000  y =  0.000000  z =  1.000000 angstrom
           Maximum rank =  2   Radius =  0.650 angstrom
                   Q00  =  -1.168652
|Q1| =   0.255074  Q10  =  -0.255074
|Q2| =   0.979691  Q20  =   0.505207  Q22c =  -0.826646  Q22s =  -0.145662

TOP(0)     x =  0.000000  y =  0.000000  z =  0.000000 angstrom
           Maximum rank =  2   Radius =  0.650 angstrom
                   Q00  =  -0.550968
|Q1| =   0.000000
|Q2| =   0.646075  Q20  =   0.628561  Q22c =  -0.141340  Q22s =   0.048454

TOP(ao)    x =  0.000000  y =  0.000000  z =  0.529000 angstrom
           Maximum rank =  2   Radius =  0.650 angstrom
                   Q00  =  -0.770150
|Q1| =   0.011915  Q10  =  -0.011915
|Q2| =   0.769795  Q20  =   0.729038  Q22c =  -0.243728  Q22s =  -0.041049

TOP(-a0)   x =  0.000000  y =  0.000000  z = -0.529000 angstrom
           Maximum rank =  2   Radius =  0.650 angstrom
                   Q00  =  -0.770150
|Q1| =   0.011915  Q10  =   0.011915
|Q2| =   0.769795  Q20  =   0.729038  Q22c =  -0.243728  Q22s =  -0.041049

TOP(-1)    x =  0.000000  y =  0.000000  z = -1.000000 angstrom
           Maximum rank =  2   Radius =  0.650 angstrom
                   Q00  =  -1.168652
|Q1| =   0.255074  Q10  =   0.255074
|Q2| =   0.979691  Q20  =   0.505207  Q22c =  -0.826646  Q22s =  -0.145662

TOP(-2)    x =  0.000000  y =  0.000000  z = -2.000000 angstrom
           Maximum rank =  2   Radius =  0.650 angstrom
                   Q00  =  -1.066213
|Q1| =   0.041770  Q10  =   0.041770
|Q2| =   0.631834  Q20  =   0.583234  Q22c =  -0.238786  Q22s =  -0.045107

Total multipoles referred to origin at
           x =   0.000000,  y =    0.000000,  z =    0.000000 angstrom
                   Q00  =   0.000005
|Q1| =   0.000000
|Q2| =   6.073727  Q20  =   3.122085  Q22c =  -5.209868  Q22s =   0.003669

CPU time used:      1m54.281s          Total:      1m54.281s

Finished at 13:01:20 on 06 Jan 2022 
