                                     G D M A
                                 by Anthony Stone

               Distributed Multipoles from Gaussian wavefunctions

                             version 2.3.3 (e2d289a)
              Compiled with gfortran on 05 October 2021 at 19:26:39

Starting at 15:35:05 on 06 Jan 2022 


Using MP2 density matrix from file chair-10.fchk


                         Distributed Multipole Analysis

Standard DMA for products of primitives with exponent greater than 4.00000
Using 80-point Euler-MacLaurin radial quadrature
Using 590-point Lebedev quadrature
Becke smoothing parameter = 3

Positions and radii in angstrom
Multipole moments in atomic units, ea_0^k for rank k

C          x =  0.040519  y =  1.389740  z = -0.000000 angstrom
           Maximum rank =  2   Radius =  0.650 angstrom
                   Q00  =   0.371300
|Q1| =   0.645758  Q11c =  -0.027464  Q11s =  -0.645174
|Q2| =   1.420271  Q20  =   0.315733  Q22c =  -1.384157  Q22s =   0.039911

C          x = -0.040519  y =  0.696878  z =  1.208747 angstrom
           Maximum rank =  2   Radius =  0.650 angstrom
                   Q00  =   1.248710
|Q1| =   1.209760  Q10  =  -0.078891  Q11c =   0.074626  Q11s =  -1.204876
|Q2| =   1.274196  Q20  =   0.980792  Q21c =  -0.031218  Q21s =   0.038632
                   Q22c =  -0.811639  Q22s =  -0.019964

C          x =  0.040519  y = -0.696878  z =  1.208747 angstrom
           Maximum rank =  2   Radius =  0.650 angstrom
                   Q00  =   1.248710
|Q1| =   1.209760  Q10  =  -0.078891  Q11c =  -0.074626  Q11s =   1.204876
|Q2| =   1.274196  Q20  =   0.980792  Q21c =   0.031218  Q21s =  -0.038632
                   Q22c =  -0.811639  Q22s =  -0.019964

C          x = -0.040519  y = -1.389740  z =  0.000000 angstrom
           Maximum rank =  2   Radius =  0.650 angstrom
                   Q00  =   0.371300
|Q1| =   0.645758  Q11c =   0.027464  Q11s =   0.645174
|Q2| =   1.420271  Q20  =   0.315733  Q22c =  -1.384157  Q22s =   0.039911

C          x =  0.040519  y = -0.696878  z = -1.208747 angstrom
           Maximum rank =  2   Radius =  0.650 angstrom
                   Q00  =   1.248710
|Q1| =   1.209760  Q10  =   0.078891  Q11c =  -0.074626  Q11s =   1.204876
|Q2| =   1.274196  Q20  =   0.980792  Q21c =  -0.031218  Q21s =   0.038632
                   Q22c =  -0.811639  Q22s =  -0.019964

C          x = -0.040519  y =  0.696878  z = -1.208747 angstrom
           Maximum rank =  2   Radius =  0.650 angstrom
                   Q00  =   1.248710
|Q1| =   1.209760  Q10  =   0.078891  Q11c =   0.074626  Q11s =  -1.204876
|Q2| =   1.274196  Q20  =   0.980792  Q21c =   0.031218  Q21s =  -0.038632
                   Q22c =  -0.811639  Q22s =  -0.019964

H          x =  0.032636  y =  2.474583  z =  0.000000 angstrom
           Maximum rank =  2   Radius =  0.350 angstrom
                   Q00  =   0.062149
|Q1| =   0.132166  Q11c =  -0.001001  Q11s =  -0.132162
|Q2| =   0.186265  Q20  =  -0.012817  Q22c =  -0.185781  Q22s =   0.003978

H          x = -0.031956  y =  1.241448  z =  2.146672 angstrom
           Maximum rank =  2   Radius =  0.350 angstrom
                   Q00  =   0.173384
|Q1| =   0.185987  Q10  =  -0.053666  Q11c =   0.005195  Q11s =  -0.178000
|Q2| =   0.152351  Q20  =   0.113816  Q21c =   0.001230  Q21s =  -0.004059
                   Q22c =  -0.101065  Q22s =  -0.004939

H          x =  0.031956  y = -1.241448  z =  2.146672 angstrom
           Maximum rank =  2   Radius =  0.350 angstrom
                   Q00  =   0.173384
|Q1| =   0.185987  Q10  =  -0.053666  Q11c =  -0.005195  Q11s =   0.178000
|Q2| =   0.152351  Q20  =   0.113816  Q21c =  -0.001230  Q21s =   0.004059
                   Q22c =  -0.101065  Q22s =  -0.004939

H          x = -0.032636  y = -2.474583  z =  0.000000 angstrom
           Maximum rank =  2   Radius =  0.350 angstrom
                   Q00  =   0.062149
|Q1| =   0.132166  Q11c =   0.001001  Q11s =   0.132162
|Q2| =   0.186265  Q20  =  -0.012817  Q22c =  -0.185781  Q22s =   0.003978

H          x =  0.031956  y = -1.241448  z = -2.146672 angstrom
           Maximum rank =  2   Radius =  0.350 angstrom
                   Q00  =   0.173384
|Q1| =   0.185987  Q10  =   0.053666  Q11c =  -0.005195  Q11s =   0.178000
|Q2| =   0.152351  Q20  =   0.113816  Q21c =   0.001230  Q21s =  -0.004059
                   Q22c =  -0.101065  Q22s =  -0.004939

H          x = -0.031956  y =  1.241448  z = -2.146672 angstrom
           Maximum rank =  2   Radius =  0.350 angstrom
                   Q00  =   0.173384
|Q1| =   0.185987  Q10  =   0.053666  Q11c =   0.005195  Q11s =  -0.178000
|Q2| =   0.152351  Q20  =   0.113816  Q21c =  -0.001230  Q21s =   0.004059
                   Q22c =  -0.101065  Q22s =  -0.004939

TOP(2)     x =  0.000000  y =  0.000000  z =  2.000000 angstrom
           Maximum rank =  2   Radius =  0.650 angstrom
                   Q00  =  -1.065469
|Q1| =   0.041259  Q10  =  -0.041259
|Q2| =   0.630872  Q20  =   0.582363  Q22c =  -0.240729  Q22s =  -0.030038

TOP(1)     x =  0.000000  y =  0.000000  z =  1.000000 angstrom
           Maximum rank =  2   Radius =  0.650 angstrom
                   Q00  =  -1.168946
|Q1| =   0.255220  Q10  =  -0.255220
|Q2| =   0.977552  Q20  =   0.503294  Q22c =  -0.832370  Q22s =  -0.097288

TOP(0)     x =  0.000000  y =  0.000000  z =  0.000000 angstrom
           Maximum rank =  2   Radius =  0.650 angstrom
                   Q00  =  -0.548931
|Q1| =   0.000000
|Q2| =   0.643246  Q20  =   0.627785  Q22c =  -0.136391  Q22s =   0.032391

TOP(ao)    x =  0.000000  y =  0.000000  z =  0.529000 angstrom
           Maximum rank =  2   Radius =  0.650 angstrom
                   Q00  =  -0.768755
|Q1| =   0.011827  Q10  =  -0.011827
|Q2| =   0.769164  Q20  =   0.728629  Q22c =  -0.244803  Q22s =  -0.028008

TOP(-a0)   x =  0.000000  y =  0.000000  z = -0.529000 angstrom
           Maximum rank =  2   Radius =  0.650 angstrom
                   Q00  =  -0.768755
|Q1| =   0.011827  Q10  =   0.011827
|Q2| =   0.769164  Q20  =   0.728629  Q22c =  -0.244803  Q22s =  -0.028008

TOP(-1)    x =  0.000000  y =  0.000000  z = -1.000000 angstrom
           Maximum rank =  2   Radius =  0.650 angstrom
                   Q00  =  -1.168946
|Q1| =   0.255220  Q10  =   0.255220
|Q2| =   0.977552  Q20  =   0.503294  Q22c =  -0.832370  Q22s =  -0.097288

TOP(-2)    x =  0.000000  y =  0.000000  z = -2.000000 angstrom
           Maximum rank =  2   Radius =  0.650 angstrom
                   Q00  =  -1.065469
|Q1| =   0.041259  Q10  =   0.041259
|Q2| =   0.630872  Q20  =   0.582363  Q22c =  -0.240729  Q22s =  -0.030038

Total multipoles referred to origin at
           x =   0.000000,  y =    0.000000,  z =    0.000000 angstrom
                   Q00  =   0.000004
|Q1| =   0.000000
|Q2| =   6.123164  Q20  =   3.099485  Q22c =  -5.280751  Q22s =   0.001634

CPU time used:      1m54.364s          Total:      1m54.364s

Finished at 15:37:00 on 06 Jan 2022 
