                                     G D M A
                                 by Anthony Stone

               Distributed Multipoles from Gaussian wavefunctions

                             version 2.3.3 (e2d289a)
              Compiled with gfortran on 05 October 2021 at 19:26:39

Starting at 13:14:48 on 06 Dec 2021 


Using MP2 density matrix from file clamp-10.fchk


                         Distributed Multipole Analysis

Standard DMA for products of primitives with exponent greater than 4.00000
Using 80-point Euler-MacLaurin radial quadrature
Using 590-point Lebedev quadrature
Becke smoothing parameter = 3

Positions and radii in angstrom
Multipole moments in atomic units, ea_0^k for rank k

C          x = -0.000000  y =  1.397529  z =  0.009623 angstrom
           Maximum rank =  2   Radius =  0.650 angstrom
                   Q00  =   0.009761
|Q1| =   0.102474  Q10  =  -0.018401  Q11s =  -0.100809
|Q2| =   1.310016  Q20  =   0.630612  Q21s =  -0.203959  Q22c =  -1.129987

C          x =  0.000000  y =  0.707079  z =  1.205443 angstrom
           Maximum rank =  2   Radius =  0.650 angstrom
                   Q00  =   0.433395
|Q1| =   0.697763  Q10  =   0.502295  Q11s =  -0.484327
|Q2| =   1.568468  Q20  =   1.036855  Q21s =  -0.711613  Q22c =  -0.937353

C          x = -0.000000  y = -0.707079  z =  1.205443 angstrom
           Maximum rank =  2   Radius =  0.650 angstrom
                   Q00  =   0.433395
|Q1| =   0.697763  Q10  =   0.502295  Q11s =   0.484327
|Q2| =   1.568468  Q20  =   1.036855  Q21s =   0.711613  Q22c =  -0.937353

C          x = -0.000000  y = -1.397529  z =  0.009623 angstrom
           Maximum rank =  2   Radius =  0.650 angstrom
                   Q00  =   0.009761
|Q1| =   0.102474  Q10  =  -0.018401  Q11s =   0.100809
|Q2| =   1.310016  Q20  =   0.630612  Q21s =   0.203959  Q22c =  -1.129987

C          x =  0.000000  y = -0.690415  z = -1.215058 angstrom
           Maximum rank =  2   Radius =  0.650 angstrom
                   Q00  =   0.471181
|Q1| =   0.729664  Q10  =  -0.573078  Q11s =   0.451653
|Q2| =   1.516764  Q20  =   0.921639  Q21s =  -0.530498  Q22c =  -1.081539

C          x =  0.000000  y =  0.690415  z = -1.215058 angstrom
           Maximum rank =  2   Radius =  0.650 angstrom
                   Q00  =   0.471181
|Q1| =   0.729664  Q10  =  -0.573078  Q11s =  -0.451653
|Q2| =   1.516764  Q20  =   0.921639  Q21s =   0.530498  Q22c =  -1.081539

H          x =  0.000000  y =  2.465434  z = -0.178706 angstrom
           Maximum rank =  2   Radius =  0.350 angstrom
                   Q00  =   0.039725
|Q1| =   0.122469  Q10  =  -0.015565  Q11s =  -0.121475
|Q2| =   0.211153  Q20  =  -0.004434  Q21s =  -0.051357  Q22c =  -0.204764

H          x =  0.000000  y =  1.077957  z =  2.224417 angstrom
           Maximum rank =  2   Radius =  0.350 angstrom
                   Q00  =   0.177563
|Q1| =   0.216104  Q10  =  -0.044122  Q11s =  -0.211552
|Q2| =   0.165513  Q20  =   0.127963  Q21s =  -0.024944  Q22c =  -0.101970

H          x = -0.000000  y = -1.077957  z =  2.224417 angstrom
           Maximum rank =  2   Radius =  0.350 angstrom
                   Q00  =   0.177563
|Q1| =   0.216104  Q10  =  -0.044122  Q11s =   0.211552
|Q2| =   0.165513  Q20  =   0.127963  Q21s =   0.024944  Q22c =  -0.101970

H          x = -0.000000  y = -2.465434  z = -0.178706 angstrom
           Maximum rank =  2   Radius =  0.350 angstrom
                   Q00  =   0.039725
|Q1| =   0.122469  Q10  =  -0.015565  Q11s =   0.121475
|Q2| =   0.211153  Q20  =  -0.004434  Q21s =   0.051357  Q22c =  -0.204764

H          x =  0.000000  y = -1.387412  z = -2.045754 angstrom
           Maximum rank =  2   Radius =  0.350 angstrom
                   Q00  =   0.125424
|Q1| =   0.148972  Q10  =   0.045316  Q11s =   0.141912
|Q2| =   0.178337  Q20  =   0.103273  Q21s =   0.018540  Q22c =  -0.144206

H          x =  0.000000  y =  1.387412  z = -2.045754 angstrom
           Maximum rank =  2   Radius =  0.350 angstrom
                   Q00  =   0.125424
|Q1| =   0.148972  Q10  =   0.045316  Q11s =  -0.141912
|Q2| =   0.178337  Q20  =   0.103273  Q21s =  -0.018540  Q22c =  -0.144206

TOP1       x =  0.000000  y =  0.000000  z =  2.000000 angstrom
           Maximum rank =  2   Radius =  0.650 angstrom
                   Q00  =  -1.270700
|Q1| =   0.185116  Q10  =   0.185116
|Q2| =   0.667455  Q20  =   0.412414  Q22c =  -0.524796

TOP2       x =  0.000000  y =  0.000000  z = -2.000000 angstrom
           Maximum rank =  2   Radius =  0.650 angstrom
                   Q00  =  -1.243399
|Q1| =   0.182116  Q10  =  -0.182116
|Q2| =   0.643102  Q20  =   0.550513  Q22c =  -0.332438

Total multipoles referred to origin at
           x =   0.000000,  y =    0.000000,  z =    0.000000 angstrom
                   Q00  =  -0.000004
|Q1| =   0.000011  Q10  =  -0.000011
|Q2| =   6.026938  Q20  =   3.013161  Q22c =  -5.219659

CPU time used:      1m17.407s          Total:      1m17.407s

Finished at 13:16:05 on 06 Dec 2021 
