                                     G D M A
                                 by Anthony Stone

               Distributed Multipoles from Gaussian wavefunctions

                             version 2.3.3 (e2d289a)
              Compiled with gfortran on 05 October 2021 at 19:26:39

Starting at 10:25:02 on 07 Dec 2021 


Using MP2 density matrix from file pyramid-10.fchk


                         Distributed Multipole Analysis

Standard DMA for products of primitives with exponent greater than 4.00000
Using 80-point Euler-MacLaurin radial quadrature
Using 590-point Lebedev quadrature
Becke smoothing parameter = 3

Positions and radii in angstrom
Multipole moments in atomic units, ea_0^k for rank k

C          x = -1.208367  y =  0.697670  z = -0.026902 angstrom
           Maximum rank =  2   Radius =  0.650 angstrom
                   Q00  =   0.049751
|Q1| =   0.160040  Q10  =   0.032653  Q11c =   0.135678  Q11s =  -0.078346
|Q2| =   0.716289  Q20  =  -0.658500  Q21c =  -0.202621  Q21s =   0.116946
                   Q22c =   0.078641  Q22s =  -0.136128

C          x = -1.208367  y = -0.697670  z = -0.026902 angstrom
           Maximum rank =  2   Radius =  0.650 angstrom
                   Q00  =   0.049751
|Q1| =   0.160040  Q10  =   0.032653  Q11c =   0.135678  Q11s =   0.078346
|Q2| =   0.716289  Q20  =  -0.658500  Q21c =  -0.202621  Q21s =  -0.116946
                   Q22c =   0.078641  Q22s =   0.136128

C          x = -0.000000  y = -1.395402  z = -0.026919 angstrom
           Maximum rank =  2   Radius =  0.650 angstrom
                   Q00  =   0.049754
|Q1| =   0.160042  Q10  =   0.032654  Q11s =   0.156675
|Q2| =   0.716358  Q20  =  -0.658552  Q21s =  -0.233928  Q22c =  -0.157340

C          x =  1.208367  y = -0.697670  z = -0.026902 angstrom
           Maximum rank =  2   Radius =  0.650 angstrom
                   Q00  =   0.049751
|Q1| =   0.160040  Q10  =   0.032653  Q11c =  -0.135678  Q11s =   0.078346
|Q2| =   0.716289  Q20  =  -0.658500  Q21c =   0.202621  Q21s =  -0.116946
                   Q22c =   0.078641  Q22s =  -0.136128

C          x =  1.208367  y =  0.697670  z = -0.026902 angstrom
           Maximum rank =  2   Radius =  0.650 angstrom
                   Q00  =   0.049751
|Q1| =   0.160040  Q10  =   0.032653  Q11c =  -0.135678  Q11s =  -0.078346
|Q2| =   0.716289  Q20  =  -0.658500  Q21c =   0.202621  Q21s =   0.116946
                   Q22c =   0.078641  Q22s =   0.136128

C          x =  0.000000  y =  1.395402  z = -0.026919 angstrom
           Maximum rank =  2   Radius =  0.650 angstrom
                   Q00  =   0.049754
|Q1| =   0.160042  Q10  =   0.032654  Q11s =  -0.156675
|Q2| =   0.716358  Q20  =  -0.658552  Q21s =   0.233928  Q22c =  -0.157340

H          x = -2.133496  y =  1.231724  z =  0.161453 angstrom
           Maximum rank =  2   Radius =  0.350 angstrom
                   Q00  =   0.041764
|Q1| =   0.119822  Q10  =  -0.002033  Q11c =   0.103757  Q11s =  -0.059898
|Q2| =   0.191505  Q20  =  -0.132682  Q21c =  -0.056954  Q21s =   0.032877
                   Q22c =   0.060711  Q22s =  -0.105162

H          x = -2.133496  y = -1.231724  z =  0.161453 angstrom
           Maximum rank =  2   Radius =  0.350 angstrom
                   Q00  =   0.041764
|Q1| =   0.119822  Q10  =  -0.002033  Q11c =   0.103757  Q11s =   0.059898
|Q2| =   0.191505  Q20  =  -0.132682  Q21c =  -0.056954  Q21s =  -0.032877
                   Q22c =   0.060711  Q22s =   0.105162

H          x = -0.000000  y = -2.463608  z =  0.161435 angstrom
           Maximum rank =  2   Radius =  0.350 angstrom
                   Q00  =   0.041773
|Q1| =   0.119807  Q10  =  -0.002036  Q11s =   0.119789
|Q2| =   0.191526  Q20  =  -0.132687  Q21s =  -0.065748  Q22c =  -0.121464

H          x =  2.133496  y = -1.231724  z =  0.161453 angstrom
           Maximum rank =  2   Radius =  0.350 angstrom
                   Q00  =   0.041764
|Q1| =   0.119822  Q10  =  -0.002033  Q11c =  -0.103757  Q11s =   0.059898
|Q2| =   0.191505  Q20  =  -0.132682  Q21c =   0.056954  Q21s =  -0.032877
                   Q22c =   0.060711  Q22s =  -0.105162

H          x =  2.133496  y =  1.231724  z =  0.161453 angstrom
           Maximum rank =  2   Radius =  0.350 angstrom
                   Q00  =   0.041764
|Q1| =   0.119822  Q10  =  -0.002033  Q11c =  -0.103757  Q11s =  -0.059898
|Q2| =   0.191505  Q20  =  -0.132682  Q21c =   0.056954  Q21s =   0.032877
                   Q22c =   0.060711  Q22s =   0.105162

H          x =  0.000000  y =  2.463608  z =  0.161435 angstrom
           Maximum rank =  2   Radius =  0.350 angstrom
                   Q00  =   0.041773
|Q1| =   0.119807  Q10  =  -0.002036  Q11s =  -0.119789
|Q2| =   0.191526  Q20  =  -0.132687  Q21s =   0.065748  Q22c =  -0.121464

TOP1       x =  0.000000  y =  0.000000  z =  2.000000 angstrom
           Maximum rank =  2   Radius =  0.650 angstrom
                   Q00  =  -0.266441
|Q1| =   0.285854  Q10  =   0.285854
|Q2| =   0.179543  Q20  =   0.179543  Q22c =  -0.000008

TOP2       x =  0.000000  y =  0.000000  z = -2.000000 angstrom
           Maximum rank =  2   Radius =  0.650 angstrom
                   Q00  =  -0.282666
|Q1| =   0.291062  Q10  =  -0.291062
|Q2| =   0.215164  Q20  =   0.215164  Q22c =   0.000001

Total multipoles referred to origin at
           x =   0.000000,  y =    0.000000,  z =    0.000000 angstrom
                   Q00  =   0.000006
|Q1| =   0.301111  Q10  =   0.301111
|Q2| =   5.766871  Q20  =  -5.766871  Q22c =  -0.000793

CPU time used:      2m26.842s          Total:      2m26.842s

Finished at 10:27:29 on 07 Dec 2021 
