                                     G D M A
                                 by Anthony Stone

               Distributed Multipoles from Gaussian wavefunctions

                             version 2.3.3 (e2d289a)
              Compiled with gfortran on 05 October 2021 at 19:26:39

Starting at 17:17:13 on 14 Jan 2022 


Using MP2 density matrix from file cn.fchk


                         Distributed Multipole Analysis

Standard DMA for products of primitives with exponent greater than 4.00000
Using 80-point Euler-MacLaurin radial quadrature
Using 590-point Lebedev quadrature
Becke smoothing parameter = 3

Positions and radii in angstrom
Multipole moments in atomic units, ea_0^k for rank k

C          x =  1.209094  y = -1.480487  z =  0.000000 angstrom
           Maximum rank =  2   Radius =  0.650 angstrom
                   Q00  =   0.143487
|Q1| =   0.345400  Q11c =  -0.223299  Q11s =   0.263512
|Q2| =   1.027727  Q20  =  -0.965481  Q22c =   0.008729  Q22s =  -0.352128

C          x =  1.215157  y = -0.090122  z =  0.000000 angstrom
           Maximum rank =  2   Radius =  0.650 angstrom
                   Q00  =   0.588711
|Q1| =   0.842193  Q11c =  -0.841972  Q11s =   0.019294
|Q2| =   0.603942  Q20  =  -0.382498  Q22c =   0.456567  Q22s =   0.099940

C          x =  0.000000  y =  0.610344  z =  0.000000 angstrom
           Maximum rank =  2   Radius =  0.650 angstrom
                   Q00  =   1.474430
|Q1| =   1.245445  Q11c =  -0.000035  Q11s =  -1.245445
|Q2| =   0.755207  Q20  =   0.556128  Q22c =  -0.510940  Q22s =  -0.000278

C          x = -1.214876  y = -0.090665  z =  0.000000 angstrom
           Maximum rank =  2   Radius =  0.650 angstrom
                   Q00  =   0.588985
|Q1| =   0.842416  Q11c =   0.842186  Q11s =   0.019691
|Q2| =   0.603747  Q20  =  -0.382186  Q22c =   0.456655  Q22s =  -0.099553

C          x = -1.208191  y = -1.481008  z =  0.000000 angstrom
           Maximum rank =  2   Radius =  0.650 angstrom
                   Q00  =   0.143537
|Q1| =   0.345472  Q11c =   0.223203  Q11s =   0.263689
|Q2| =   1.027660  Q20  =  -0.965393  Q22c =   0.008339  Q22s =   0.352181

C          x =  0.000613  y = -2.176651  z =  0.000000 angstrom
           Maximum rank =  2   Radius =  0.650 angstrom
                   Q00  =   0.075775
|Q1| =   0.250732  Q11c =  -0.000068  Q11s =   0.250732
|Q2| =   1.127358  Q20  =  -1.083184  Q22c =  -0.312486  Q22s =  -0.000138

C          x = -0.000450  y =  2.042515  z =  0.000000 angstrom
           Maximum rank =  2   Radius =  0.650 angstrom
                   Q00  =   0.191684
|Q1| =   0.319971  Q11c =   0.000030  Q11s =  -0.319971
|Q2| =   1.386737  Q20  =  -0.558271  Q22c =  -1.269397  Q22s =  -0.001451

H          x = -2.148770  y =  0.457518  z =  0.000000 angstrom
           Maximum rank =  2   Radius =  0.350 angstrom
                   Q00  =   0.099503
|Q1| =   0.130252  Q11c =   0.125609  Q11s =  -0.034469
|Q2| =   0.142170  Q20  =  -0.108351  Q22c =   0.043501  Q22s =  -0.081119

H          x = -2.147125  y = -2.021842  z =  0.000000 angstrom
           Maximum rank =  2   Radius =  0.350 angstrom
                   Q00  =   0.060388
|Q1| =   0.116496  Q11c =   0.095803  Q11s =   0.066279
|Q2| =   0.182812  Q20  =  -0.137364  Q22c =   0.057617  Q22s =   0.105980

H          x =  0.000834  y = -3.260477  z =  0.000000 angstrom
           Maximum rank =  2   Radius =  0.350 angstrom
                   Q00  =   0.050816
|Q1| =   0.114407  Q11c =  -0.000027  Q11s =   0.114407
|Q2| =   0.195385  Q20  =  -0.147592  Q22c =  -0.128032  Q22s =  -0.000051

H          x =  2.148279  y = -2.020884  z =  0.000000 angstrom
           Maximum rank =  2   Radius =  0.350 angstrom
                   Q00  =   0.060383
|Q1| =   0.116494  Q11c =  -0.095833  Q11s =   0.066233
|Q2| =   0.182819  Q20  =  -0.137370  Q22c =   0.057719  Q22s =  -0.105929

H          x =  2.148829  y =  0.458443  z =  0.000000 angstrom
           Maximum rank =  2   Radius =  0.350 angstrom
                   Q00  =   0.099481
|Q1| =   0.130247  Q11c =  -0.125586  Q11s =  -0.034531
|Q2| =   0.142189  Q20  =  -0.108367  Q22c =   0.043446  Q22s =   0.081159

N          x = -0.001446  y =  3.197669  z =  0.000000 angstrom
           Maximum rank =  2   Radius =  0.650 angstrom
                   Q00  =  -0.184617
|Q1| =   0.629328  Q11c =   0.000448  Q11s =  -0.629328
|Q2| =   0.574453  Q20  =  -0.268546  Q22c =  -0.507818  Q22s =  -0.000816

TOP(2)     x =  0.000000  y =  0.000000  z =  2.000000 angstrom
           Maximum rank =  2   Radius =  0.650 angstrom
                   Q00  =  -0.095129
|Q1| =   0.033577  Q10  =   0.026375  Q11c =  -0.000008  Q11s =   0.020779
|Q2| =   0.288635  Q20  =   0.287464  Q21c =  -0.000006  Q21s =   0.014677
                   Q22c =  -0.021426  Q22s =  -0.000018

TOP(1)     x =  0.000000  y =  0.000000  z =  1.000000 angstrom
           Maximum rank =  2   Radius =  0.650 angstrom
                   Q00  =  -0.474529
|Q1| =   0.068638  Q10  =  -0.044989  Q11c =   0.000011  Q11s =  -0.051837
|Q2| =   0.693967  Q20  =   0.692015  Q21c =  -0.000003  Q21s =   0.003159
                   Q22c =  -0.051914  Q22s =  -0.000043

TOP(0)     x =  0.000000  y =  0.000000  z =  0.000000 angstrom
           Maximum rank =  2   Radius =  0.650 angstrom
                   Q00  =  -0.800708
|Q1| =   0.131353  Q11c =  -0.000004  Q11s =   0.131353
|Q2| =   0.401773  Q20  =   0.387791  Q22c =  -0.105069  Q22s =   0.000072

TOP(ao)    x =  0.000000  y =  0.000000  z =  0.529000 angstrom
           Maximum rank =  2   Radius =  0.650 angstrom
                   Q00  =  -0.726260
|Q1| =   0.017374  Q10  =   0.014616  Q11c =   0.000012  Q11s =  -0.009392
|Q2| =   0.540745  Q20  =   0.531723  Q21c =   0.000004  Q21s =  -0.039443
                   Q22c =  -0.090114  Q22s =   0.000028

TOP(-a0)   x =  0.000000  y =  0.000000  z = -0.529000 angstrom
           Maximum rank =  2   Radius =  0.650 angstrom
                   Q00  =  -0.726260
|Q1| =   0.017374  Q10  =  -0.014616  Q11c =   0.000012  Q11s =  -0.009392
|Q2| =   0.540745  Q20  =   0.531723  Q21c =  -0.000004  Q21s =   0.039443
                   Q22c =  -0.090114  Q22s =   0.000028

TOP(-1)    x =  0.000000  y =  0.000000  z = -1.000000 angstrom
           Maximum rank =  2   Radius =  0.650 angstrom
                   Q00  =  -0.474529
|Q1| =   0.068638  Q10  =   0.044989  Q11c =   0.000011  Q11s =  -0.051837
|Q2| =   0.693967  Q20  =   0.692015  Q21c =   0.000003  Q21s =  -0.003159
                   Q22c =  -0.051914  Q22s =  -0.000043

TOP(-2)    x =  0.000000  y =  0.000000  z = -2.000000 angstrom
           Maximum rank =  2   Radius =  0.650 angstrom
                   Q00  =  -0.095129
|Q1| =   0.033577  Q10  =  -0.026375  Q11c =  -0.000008  Q11s =   0.020779
|Q2| =   0.288635  Q20  =   0.287464  Q21c =   0.000006  Q21s =  -0.014677
                   Q22c =  -0.021426  Q22s =  -0.000018

Total multipoles referred to origin at
           x =   0.000000,  y =    0.000000,  z =    0.000000 angstrom
                   Q00  =   0.000018
|Q1| =   1.742826  Q11c =   0.000838  Q11s =  -1.742826
|Q2| =  10.701204  Q20  =  -1.004897  Q22c =  10.653912  Q22s =   0.010026

CPU time used:      2m25.684s          Total:      2m25.684s

Finished at 17:19:39 on 14 Jan 2022 
