                                     G D M A
                                 by Anthony Stone

               Distributed Multipoles from Gaussian wavefunctions

                             version 2.3.3 (e2d289a)
              Compiled with gfortran on 05 October 2021 at 19:26:39

Starting at 11:08:07 on 07 Dec 2021 


Using MP2 density matrix from file cocl.fchk


                         Distributed Multipole Analysis

Standard DMA for products of primitives with exponent greater than 4.00000
Using 80-point Euler-MacLaurin radial quadrature
Using 590-point Lebedev quadrature
Becke smoothing parameter = 3

Positions and radii in angstrom
Multipole moments in atomic units, ea_0^k for rank k

C          x =  2.594516  y =  1.266902  z =  0.000000 angstrom
           Maximum rank =  2   Radius =  0.650 angstrom
                   Q00  =  -0.009447
|Q1| =   0.072852  Q11c =  -0.067486  Q11s =  -0.027442
|Q2| =   1.200738  Q20  =  -1.192709  Q22c =   0.098506  Q22s =   0.097537

C          x =  1.503343  y =  2.137280  z =  0.000000 angstrom
           Maximum rank =  2   Radius =  0.650 angstrom
                   Q00  =  -0.002459
|Q1| =   0.077913  Q11c =  -0.030899  Q11s =  -0.071523
|Q2| =   1.162306  Q20  =  -1.155582  Q22c =  -0.107872  Q22s =   0.062841

C          x =  0.210882  y =  1.630118  z =  0.000000 angstrom
           Maximum rank =  2   Radius =  0.650 angstrom
                   Q00  =   0.042696
|Q1| =   0.144289  Q11c =  -0.003672  Q11s =  -0.144242
|Q2| =   0.868247  Q20  =  -0.867666  Q22c =   0.030076  Q22s =   0.010197

C          x = -0.000000  y =  0.241608  z =  0.000000 angstrom
           Maximum rank =  2   Radius =  0.650 angstrom
                   Q00  =   0.149206
|Q1| =   0.015146  Q11c =   0.015042  Q11s =  -0.001770
|Q2| =   0.143651  Q20  =   0.022472  Q22c =   0.140060  Q22s =  -0.022669

C          x =  1.097026  y = -0.627421  z =  0.000000 angstrom
           Maximum rank =  2   Radius =  0.650 angstrom
                   Q00  =   0.075003
|Q1| =   0.153828  Q11c =  -0.105841  Q11s =   0.111627
|Q2| =   0.584668  Q20  =  -0.584429  Q22c =  -0.008820  Q22s =  -0.014226

C          x =  2.389263  y = -0.111751  z =  0.000000 angstrom
           Maximum rank =  2   Radius =  0.650 angstrom
                   Q00  =   0.000910
|Q1| =   0.084097  Q11c =  -0.079707  Q11s =   0.026815
|Q2| =   1.126275  Q20  =  -1.120355  Q22c =   0.056579  Q22s =  -0.100488

H          x =  0.938262  y = -1.696660  z =  0.000000 angstrom
           Maximum rank =  2   Radius =  0.350 angstrom
                   Q00  =   0.067272
|Q1| =   0.116919  Q11c =  -0.004738  Q11s =   0.116823
|Q2| =   0.138619  Q20  =  -0.111374  Q22c =  -0.079606  Q22s =   0.021768

H          x =  3.236054  y = -0.787720  z =  0.000000 angstrom
           Maximum rank =  2   Radius =  0.350 angstrom
                   Q00  =   0.046923
|Q1| =   0.108703  Q11c =  -0.088312  Q11s =   0.063381
|Q2| =   0.202950  Q20  =  -0.158812  Q22c =   0.027175  Q22s =  -0.123406

H          x =  3.603378  y =  1.663658  z =  0.000000 angstrom
           Maximum rank =  2   Radius =  0.350 angstrom
                   Q00  =   0.041652
|Q1| =   0.108912  Q11c =  -0.101279  Q11s =  -0.040057
|Q2| =   0.212269  Q20  =  -0.165180  Q22c =   0.097526  Q22s =   0.090897

H          x =  1.661540  y =  3.209273  z =  0.000000 angstrom
           Maximum rank =  2   Radius =  0.350 angstrom
                   Q00  =   0.046209
|Q1| =   0.108087  Q11c =  -0.020182  Q11s =  -0.106187
|Q2| =   0.206058  Q20  =  -0.161165  Q22c =  -0.123136  Q22s =   0.036375

H          x = -0.645890  y =  2.291773  z =  0.000000 angstrom
           Maximum rank =  2   Radius =  0.350 angstrom
                   Q00  =   0.080987
|Q1| =   0.102823  Q11c =   0.043876  Q11s =  -0.092992
|Q2| =   0.182198  Q20  =  -0.152652  Q22c =   0.062987  Q22s =  -0.076980

C          x = -1.412284  y = -0.212076  z =  0.000000 angstrom
           Maximum rank =  2   Radius =  0.650 angstrom
                   Q00  =   0.021414
|Q1| =   0.628493  Q11c =   0.097800  Q11s =   0.620837
|Q2| =   0.949069  Q20  =   0.045417  Q22c =   0.874910  Q22s =  -0.364967

Cl         x = -1.652515  y = -2.028579  z =  0.000000 angstrom
           Maximum rank =  2   Radius =  0.650 angstrom
                   Q00  =   0.226321
|Q1| =   0.811228  Q11c =   0.121594  Q11s =   0.802063
|Q2| =   1.807476  Q20  =  -0.950536  Q22c =  -1.455010  Q22s =   0.496383

O          x = -2.374633  y =  0.482195  z =  0.000000 angstrom
           Maximum rank =  2   Radius =  0.650 angstrom
                   Q00  =  -0.276949
|Q1| =   0.443453  Q11c =   0.383060  Q11s =  -0.223418
|Q2| =   1.016756  Q20  =  -0.042545  Q22c =   0.471382  Q22s =  -0.899878

TOP1       x =  0.000000  y =  0.000000  z =  2.000000 angstrom
           Maximum rank =  2   Radius =  0.650 angstrom
                   Q00  =  -0.254865
|Q1| =   0.285931  Q10  =   0.284104  Q11c =  -0.023256  Q11s =   0.022372
|Q2| =   0.186371  Q20  =   0.127598  Q21c =   0.011873  Q21s =  -0.054539
                   Q22c =   0.097277  Q22s =  -0.076645

TOP2       x =  0.000000  y =  0.000000  z = -2.000000 angstrom
           Maximum rank =  2   Radius =  0.650 angstrom
                   Q00  =  -0.254865
|Q1| =   0.285931  Q10  =  -0.284104  Q11c =  -0.023256  Q11s =   0.022372
|Q2| =   0.186371  Q20  =   0.127598  Q21c =  -0.011873  Q21s =   0.054539
                   Q22c =   0.097277  Q22s =  -0.076645

Total multipoles referred to origin at
           x =   0.000000,  y =    0.000000,  z =    0.000000 angstrom
                   Q00  =   0.000010
|Q1| =   1.536223  Q11c =   1.451020  Q11s =   0.504500
|Q2| =   4.393215  Q20  =  -3.170438  Q22c =  -3.038353  Q22s =   0.130640

CPU time used:      4m 0.381s          Total:      4m 0.381s

Finished at 11:12:08 on 07 Dec 2021 
