                                     G D M A
                                 by Anthony Stone

               Distributed Multipoles from Gaussian wavefunctions

                             version 2.3.3 (e2d289a)
              Compiled with gfortran on 05 October 2021 at 19:26:39

Starting at 19:53:02 on 22 Dec 2021 


Using MP2 density matrix from file hepta-bh2m.fchk


                         Distributed Multipole Analysis

Standard DMA for products of primitives with exponent greater than 4.00000
Using 80-point Euler-MacLaurin radial quadrature
Using 590-point Lebedev quadrature
Becke smoothing parameter = 3

Positions and radii in angstrom
Multipole moments in atomic units, ea_0^k for rank k

C          x =  0.674071  y = -1.873641  z =  0.000000 angstrom
           Maximum rank =  2   Radius =  0.650 angstrom
                   Q00  =  -0.024941
|Q1| =   0.124592  Q11c =  -0.025292  Q11s =   0.121998
|Q2| =   1.167884  Q20  =  -1.162425  Q22c =   0.030235  Q22s =  -0.108658

C          x =  1.580627  y = -0.718739  z =  0.000000 angstrom
           Maximum rank =  2   Radius =  0.650 angstrom
                   Q00  =  -0.052504
|Q1| =   0.148172  Q11c =  -0.146000  Q11s =   0.025281
|Q2| =   1.152826  Q20  =  -1.147851  Q22c =  -0.014434  Q22s =  -0.106010

C          x = -0.674082  y = -1.873542  z =  0.000000 angstrom
           Maximum rank =  2   Radius =  0.650 angstrom
                   Q00  =  -0.024911
|Q1| =   0.124595  Q11c =   0.025283  Q11s =   0.122003
|Q2| =   1.167760  Q20  =  -1.162314  Q22c =   0.030270  Q22s =   0.108510

C          x = -1.580593  y = -0.718697  z =  0.000000 angstrom
           Maximum rank =  2   Radius =  0.650 angstrom
                   Q00  =  -0.052534
|Q1| =   0.148191  Q11c =   0.146023  Q11s =   0.025255
|Q2| =   1.152935  Q20  =  -1.147968  Q22c =  -0.014404  Q22s =   0.105928

C          x = -1.267649  y =  0.605334  z =  0.000000 angstrom
           Maximum rank =  2   Radius =  0.650 angstrom
                   Q00  =   0.069179
|Q1| =   0.138344  Q11c =   0.134500  Q11s =  -0.032383
|Q2| =   0.718866  Q20  =  -0.715033  Q22c =  -0.073883  Q22s =   0.006154

C          x =  0.000000  y =  1.331685  z =  0.000000 angstrom
           Maximum rank =  2   Radius =  0.650 angstrom
                   Q00  =  -0.136998
|Q1| =   0.311400  Q11c =  -0.000039  Q11s =  -0.311400
|Q2| =   0.961491  Q20  =  -0.953731  Q22c =  -0.121916  Q22s =   0.000047

C          x =  1.267734  y =  0.605251  z =  0.000000 angstrom
           Maximum rank =  2   Radius =  0.650 angstrom
                   Q00  =   0.069167
|Q1| =   0.138326  Q11c =  -0.134482  Q11s =  -0.032385
|Q2| =   0.718900  Q20  =  -0.715052  Q22c =  -0.074027  Q22s =  -0.006090

H          x = -2.130883  y =  1.271808  z =  0.000000 angstrom
           Maximum rank =  2   Radius =  0.350 angstrom
                   Q00  =   0.015701
|Q1| =   0.164662  Q11c =   0.139477  Q11s =  -0.087519
|Q2| =   0.159338  Q20  =  -0.145193  Q22c =   0.026610  Q22s =  -0.059997

H          x =  2.130962  y =  1.271749  z =  0.000000 angstrom
           Maximum rank =  2   Radius =  0.350 angstrom
                   Q00  =   0.015714
|Q1| =   0.164643  Q11c =  -0.139472  Q11s =  -0.087492
|Q2| =   0.159349  Q20  =  -0.145197  Q22c =   0.026581  Q22s =   0.060029

H          x =  2.639591  y = -0.970998  z =  0.000000 angstrom
           Maximum rank =  2   Radius =  0.350 angstrom
                   Q00  =  -0.004528
|Q1| =   0.162440  Q11c =  -0.156822  Q11s =   0.042351
|Q2| =   0.224788  Q20  =  -0.204687  Q22c =   0.082634  Q22s =  -0.042480

H          x =  1.164683  y = -2.846540  z =  0.000000 angstrom
           Maximum rank =  2   Radius =  0.350 angstrom
                   Q00  =   0.001730
|Q1| =   0.154513  Q11c =  -0.065182  Q11s =   0.140092
|Q2| =   0.213186  Q20  =  -0.185742  Q22c =  -0.053093  Q22s =  -0.090164

H          x = -1.164756  y = -2.846430  z =  0.000000 angstrom
           Maximum rank =  2   Radius =  0.350 angstrom
                   Q00  =   0.001732
|Q1| =   0.154521  Q11c =   0.065193  Q11s =   0.140095
|Q2| =   0.213155  Q20  =  -0.185715  Q22c =  -0.053075  Q22s =   0.090155

H          x = -2.639558  y = -0.970915  z =  0.000000 angstrom
           Maximum rank =  2   Radius =  0.350 angstrom
                   Q00  =  -0.004533
|Q1| =   0.162444  Q11c =   0.156826  Q11s =   0.042349
|Q2| =   0.224817  Q20  =  -0.204719  Q22c =   0.082638  Q22s =   0.042470

B          x = -0.000009  y =  2.811642  z =  0.000000 angstrom
           Maximum rank =  2   Radius =  0.650 angstrom
                   Q00  =  -0.038732
|Q1| =   0.123291  Q11c =   0.000178  Q11s =  -0.123291
|Q2| =   1.377156  Q20  =  -1.353554  Q22c =  -0.253871  Q22s =   0.000601

H          x = -1.034012  y =  3.443412  z =  0.000000 angstrom
           Maximum rank =  2   Radius =  0.350 angstrom
                   Q00  =  -0.142323
|Q1| =   0.264240  Q11c =   0.177194  Q11s =  -0.196023
|Q2| =   0.264847  Q20  =  -0.230078  Q22c =   0.089203  Q22s =  -0.096181

H          x =  1.033375  y =  3.443796  z =  0.000000 angstrom
           Maximum rank =  2   Radius =  0.350 angstrom
                   Q00  =  -0.142344
|Q1| =   0.264211  Q11c =  -0.177155  Q11s =  -0.196020
|Q2| =   0.264856  Q20  =  -0.230046  Q22c =   0.089017  Q22s =   0.096455

TOP1       x =  0.000000  y =  0.000000  z =  2.000000 angstrom
           Maximum rank =  2   Radius =  0.650 angstrom
                   Q00  =  -0.274423
|Q1| =   0.247790  Q10  =   0.243895  Q11c =   0.000010  Q11s =  -0.043760
|Q2| =   0.329482  Q20  =   0.325215  Q21c =   0.000009  Q21s =  -0.035657
                   Q22c =   0.039012  Q22s =  -0.000001

TOP2       x =  0.000000  y =  0.000000  z = -2.000000 angstrom
           Maximum rank =  2   Radius =  0.650 angstrom
                   Q00  =  -0.274423
|Q1| =   0.247790  Q10  =  -0.243895  Q11c =   0.000010  Q11s =  -0.043760
|Q2| =   0.329482  Q20  =   0.325215  Q21c =  -0.000009  Q21s =   0.035657
                   Q22c =   0.039012  Q22s =  -0.000001

Total multipoles referred to origin at
           x =   0.000000,  y =    0.000000,  z =    0.000000 angstrom
                   Q00  =  -0.999971
|Q1| =   2.346707  Q11c =   0.000481  Q11s =  -2.346707
|Q2| =  16.083337  Q20  =   6.642086  Q22c =  14.647744  Q22s =   0.004486

CPU time used:      2m31.385s          Total:      2m31.385s

Finished at 19:55:34 on 22 Dec 2021 
