                                     G D M A
                                 by Anthony Stone

               Distributed Multipoles from Gaussian wavefunctions

                             version 2.3.3 (6b8e81e)
              Compiled with gfortran on 14 January 2024 at 08:13:23

Starting at 15:10:11 on 04 Feb 2025 


Using SCF density matrix from file Penta-NH2+.fchk


                         Distributed Multipole Analysis

Standard DMA for products of primitives with exponent greater than 4.00000
Using 80-point Euler-MacLaurin radial quadrature
Using 590-point Lebedev quadrature
Becke smoothing parameter = 3

Positions and radii in angstrom
Multipole moments in atomic units, ea_0^k for rank k

C          x =  0.000000  y =  0.695878  z = -0.000000 angstrom
           Maximum rank =  2   Radius =  0.650 angstrom
                   Q00  =   0.840235
|Q1| =   0.530328  Q11c =   0.000014  Q11s =  -0.530328
|Q2| =   0.852274  Q20  =   0.629746  Q22c =  -0.574274  Q22s =  -0.000167

C          x =  1.202665  y = -0.156428  z =  0.000000 angstrom
           Maximum rank =  2   Radius =  0.650 angstrom
                   Q00  =   0.316574
|Q1| =   0.489505  Q11c =  -0.485386  Q11s =   0.063369
|Q2| =   0.620534  Q20  =  -0.439781  Q22c =   0.420645  Q22s =   0.121296

H          x =  2.220793  y =  0.202950  z =  0.000000 angstrom
           Maximum rank =  2   Radius =  0.350 angstrom
                   Q00  =   0.096540
|Q1| =   0.073894  Q11c =  -0.070707  Q11s =  -0.021468
|Q2| =   0.205424  Q20  =  -0.150966  Q22c =   0.115450  Q22s =   0.077972

C          x =  0.757738  y = -1.420960  z =  0.000000 angstrom
           Maximum rank =  2   Radius =  0.650 angstrom
                   Q00  =   0.251871
|Q1| =   0.260899  Q11c =  -0.154465  Q11s =   0.210259
|Q2| =   0.720282  Q20  =  -0.516657  Q22c =  -0.291733  Q22s =  -0.408367

H          x =  1.361452  y = -2.318039  z =  0.000000 angstrom
           Maximum rank =  2   Radius =  0.350 angstrom
                   Q00  =   0.095215
|Q1| =   0.059207  Q11c =  -0.030133  Q11s =   0.050965
|Q2| =   0.201944  Q20  =  -0.134434  Q22c =  -0.059552  Q22s =  -0.138428

C          x = -1.202625  y = -0.156686  z = -0.000000 angstrom
           Maximum rank =  2   Radius =  0.650 angstrom
                   Q00  =   0.316633
|Q1| =   0.489503  Q11c =   0.485371  Q11s =   0.063467
|Q2| =   0.620454  Q20  =  -0.439711  Q22c =   0.420601  Q22s =  -0.121295

H          x = -2.220751  y =  0.202702  z = -0.000000 angstrom
           Maximum rank =  2   Radius =  0.350 angstrom
                   Q00  =   0.096542
|Q1| =   0.073894  Q11c =   0.070714  Q11s =  -0.021445
|Q2| =   0.205412  Q20  =  -0.150958  Q22c =   0.115440  Q22s =  -0.077972

C          x = -0.757497  y = -1.421104  z =  0.000000 angstrom
           Maximum rank =  2   Radius =  0.650 angstrom
                   Q00  =   0.251802
|Q1| =   0.260908  Q11c =   0.154438  Q11s =   0.210290
|Q2| =   0.720424  Q20  =  -0.516846  Q22c =  -0.291950  Q22s =   0.408223

H          x = -1.360976  y = -2.318335  z =  0.000000 angstrom
           Maximum rank =  2   Radius =  0.350 angstrom
                   Q00  =   0.095208
|Q1| =   0.059211  Q11c =   0.030132  Q11s =   0.050970
|Q2| =   0.201952  Q20  =  -0.134444  Q22c =  -0.059624  Q22s =   0.138400

N          x = -0.000224  y =  1.991154  z = -0.000000 angstrom
           Maximum rank =  2   Radius =  0.650 angstrom
                   Q00  =   0.034941
|Q1| =   0.082459  Q11c =   0.000016  Q11s =  -0.082459
|Q2| =   1.197585  Q20  =  -1.172678  Q22c =  -0.242974  Q22s =  -0.000072

H          x =  0.864800  y =  2.524373  z = -0.000000 angstrom
           Maximum rank =  2   Radius =  0.350 angstrom
                   Q00  =   0.201857
|Q1| =   0.025370  Q11c =   0.008948  Q11s =  -0.023740
|Q2| =   0.183639  Q20  =  -0.138310  Q22c =   0.029518  Q22s =   0.117142

H          x = -0.865435  y =  2.524071  z = -0.000000 angstrom
           Maximum rank =  2   Radius =  0.350 angstrom
                   Q00  =   0.201859
|Q1| =   0.025369  Q11c =  -0.008939  Q11s =  -0.023742
|Q2| =   0.183637  Q20  =  -0.138310  Q22c =   0.029594  Q22s =  -0.117120

TOP(1)     x =  0.000000  y =  0.000000  z =  1.000000 angstrom
           Maximum rank =  2   Radius =  0.650 angstrom
                   Q00  =  -0.899639
|Q1| =   0.272672  Q10  =   0.256890  Q11c =  -0.000014  Q11s =   0.091419
|Q2| =   0.559226  Q20  =   0.529323  Q21c =  -0.000017  Q21s =  -0.063606
                   Q22c =  -0.168836  Q22s =  -0.000025

TOP(-1)    x =  0.000000  y =  0.000000  z = -1.000000 angstrom
           Maximum rank =  2   Radius =  0.650 angstrom
                   Q00  =  -0.899639
|Q1| =   0.272672  Q10  =  -0.256890  Q11c =  -0.000014  Q11s =   0.091419
|Q2| =   0.559226  Q20  =   0.529323  Q21c =   0.000017  Q21s =   0.063606
                   Q22c =  -0.168836  Q22s =  -0.000025

Total multipoles referred to origin at
           x =   0.000000,  y =    0.000000,  z =    0.000000 angstrom
                   Q00  =   0.999999
|Q1| =   0.991066  Q11c =  -0.000079  Q11s =   0.991066
|Q2| =  17.257872  Q20  = -14.769730  Q22c =  -8.926881  Q22s =  -0.003128

CPU time used:      0m13.642s          Total:      0m13.642s

Finished at 15:10:24 on 04 Feb 2025 
