                                     G D M A
                                 by Anthony Stone

               Distributed Multipoles from Gaussian wavefunctions

                             version 2.3.3 (e2d289a)
              Compiled with gfortran on 05 October 2021 at 19:26:39

Starting at 10:30:46 on 08 Dec 2021 


Using MP2 density matrix from file tri.fchk


                         Distributed Multipole Analysis

Standard DMA for products of primitives with exponent greater than 4.00000
Using 80-point Euler-MacLaurin radial quadrature
Using 590-point Lebedev quadrature
Becke smoothing parameter = 3

Positions and radii in angstrom
Multipole moments in atomic units, ea_0^k for rank k

C          x = -2.431423  y =  2.879416  z =  0.000000 angstrom
           Maximum rank =  2   Radius =  0.650 angstrom
                   Q00  =  -0.025004
|Q1| =   0.077743  Q11c =   0.065306  Q11s =  -0.042180
|Q2| =   1.283011  Q20  =  -1.275995  Q22c =   0.044119  Q22s =  -0.126521

C          x = -2.434607  y =  1.496230  z =  0.000000 angstrom
           Maximum rank =  2   Radius =  0.650 angstrom
                   Q00  =  -0.020448
|Q1| =   0.098169  Q11c =   0.096327  Q11s =  -0.018929
|Q2| =   1.288213  Q20  =  -1.287938  Q22c =   0.004246  Q22s =  -0.026286

C          x = -1.237320  y =  0.745059  z =  0.000000 angstrom
           Maximum rank =  2   Radius =  0.650 angstrom
                   Q00  =   0.036357
|Q1| =   0.134363  Q11c =   0.127992  Q11s =  -0.040881
|Q2| =   0.814558  Q20  =  -0.806861  Q22c =  -0.047503  Q22s =  -0.101115

C          x =  0.000000  y =  1.444316  z =  0.000000 angstrom
           Maximum rank =  2   Radius =  0.650 angstrom
                   Q00  =   0.036348
|Q1| =   0.134243  Q11c =  -0.030872  Q11s =  -0.130645
|Q2| =   0.814617  Q20  =  -0.806953  Q22c =  -0.067308  Q22s =  -0.088874

C          x = -0.025222  y =  2.857357  z =  0.000000 angstrom
           Maximum rank =  2   Radius =  0.650 angstrom
                   Q00  =  -0.020445
|Q1| =   0.098357  Q11c =  -0.033424  Q11s =  -0.092504
|Q2| =   1.288150  Q20  =  -1.287878  Q22c =  -0.024994  Q22s =  -0.008675

C          x = -1.211696  y =  3.568628  z =  0.000000 angstrom
           Maximum rank =  2   Radius =  0.650 angstrom
                   Q00  =  -0.024956
|Q1| =   0.077722  Q11c =   0.002247  Q11s =  -0.077689
|Q2| =   1.282972  Q20  =  -1.275920  Q22c =  -0.132758  Q22s =  -0.020554

C          x =  2.512737  y =  1.360197  z =  0.000000 angstrom
           Maximum rank =  2   Radius =  0.650 angstrom
                   Q00  =  -0.020496
|Q1| =   0.098362  Q11c =  -0.064808  Q11s =  -0.073993
|Q2| =   1.288214  Q20  =  -1.287926  Q22c =   0.020885  Q22s =   0.017469

C          x =  1.263931  y =  0.699212  z =  0.000000 angstrom
           Maximum rank =  2   Radius =  0.650 angstrom
                   Q00  =   0.036351
|Q1| =   0.134068  Q11c =  -0.099246  Q11s =  -0.090135
|Q2| =   0.814756  Q20  =  -0.806973  Q22c =   0.111928  Q22s =   0.009708

C          x =  1.250869  y = -0.722429  z =  0.000000 angstrom
           Maximum rank =  2   Radius =  0.650 angstrom
                   Q00  =   0.036330
|Q1| =   0.134040  Q11c =  -0.097548  Q11s =   0.091931
|Q2| =   0.814742  Q20  =  -0.806994  Q22c =   0.111207  Q22s =  -0.014071

C          x = -0.026624  y = -1.444243  z =  0.000000 angstrom
           Maximum rank =  2   Radius =  0.650 angstrom
                   Q00  =   0.036327
|Q1| =   0.134217  Q11c =  -0.028525  Q11s =   0.131151
|Q2| =   0.814688  Q20  =  -0.806973  Q22c =  -0.064152  Q22s =   0.091628

C          x = -1.250945  y = -0.722123  z =  0.000000 angstrom
           Maximum rank =  2   Radius =  0.650 angstrom
                   Q00  =   0.036334
|Q1| =   0.134217  Q11c =   0.128559  Q11s =   0.038557
|Q2| =   0.814647  Q20  =  -0.806942  Q22c =  -0.043481  Q22s =   0.102978

C          x =  2.487097  y = -1.406697  z =  0.000000 angstrom
           Maximum rank =  2   Radius =  0.650 angstrom
                   Q00  =  -0.020445
|Q1| =   0.098333  Q11c =  -0.063500  Q11s =   0.075081
|Q2| =   1.288246  Q20  =  -1.287971  Q22c =   0.020047  Q22s =  -0.017482

C          x =  3.696492  y = -0.734754  z =  0.000000 angstrom
           Maximum rank =  2   Radius =  0.650 angstrom
                   Q00  =  -0.024931
|Q1| =   0.077755  Q11c =  -0.068444  Q11s =   0.036897
|Q2| =   1.282973  Q20  =  -1.275946  Q22c =   0.083101  Q22s =  -0.105240

C          x =  3.709438  y =  0.665761  z =  0.000000 angstrom
           Maximum rank =  2   Radius =  0.650 angstrom
                   Q00  =  -0.024969
|Q1| =   0.077743  Q11c =  -0.069101  Q11s =  -0.035624
|Q2| =   1.283020  Q20  =  -1.276013  Q22c =   0.086678  Q22s =   0.102067

C          x = -2.461986  y = -1.450582  z =  0.000000 angstrom
           Maximum rank =  2   Radius =  0.650 angstrom
                   Q00  =  -0.020385
|Q1| =   0.098255  Q11c =   0.096712  Q11s =   0.017342
|Q2| =   1.288162  Q20  =  -1.287900  Q22c =   0.004830  Q22s =   0.025549

C          x = -2.484447  y = -2.833657  z =  0.000000 angstrom
           Maximum rank =  2   Radius =  0.650 angstrom
                   Q00  =  -0.024960
|Q1| =   0.077791  Q11c =   0.066185  Q11s =   0.040876
|Q2| =   1.282962  Q20  =  -1.275956  Q22c =   0.048846  Q22s =   0.124666

C          x = -1.277925  y = -3.545288  z =  0.000000 angstrom
           Maximum rank =  2   Radius =  0.650 angstrom
                   Q00  =  -0.024967
|Q1| =   0.077791  Q11c =   0.003773  Q11s =   0.077700
|Q2| =   1.282962  Q20  =  -1.275960  Q22c =  -0.131520  Q22s =   0.024871

C          x = -0.078343  y = -2.856523  z =  0.000000 angstrom
           Maximum rank =  2   Radius =  0.650 angstrom
                   Q00  =  -0.020417
|Q1| =   0.098258  Q11c =  -0.031687  Q11s =   0.093009
|Q2| =   1.288155  Q20  =  -1.287887  Q22c =  -0.024489  Q22s =   0.009460

H          x = -3.371741  y =  3.423819  z =  0.000000 angstrom
           Maximum rank =  2   Radius =  0.350 angstrom
                   Q00  =   0.037347
|Q1| =   0.114461  Q11c =   0.097296  Q11s =  -0.060289
|Q2| =   0.214480  Q20  =  -0.172592  Q22c =   0.063120  Q22s =  -0.110587

H          x = -3.391753  y =  0.988623  z =  0.000000 angstrom
           Maximum rank =  2   Radius =  0.350 angstrom
                   Q00  =   0.045130
|Q1| =   0.116468  Q11c =   0.114123  Q11s =   0.023255
|Q2| =   0.209883  Q20  =  -0.184295  Q22c =   0.009914  Q22s =   0.099939

H          x = -1.193214  y =  4.654994  z =  0.000000 angstrom
           Maximum rank =  2   Radius =  0.350 angstrom
                   Q00  =   0.037349
|Q1| =   0.114447  Q11c =   0.001385  Q11s =  -0.114438
|Q2| =   0.214492  Q20  =  -0.172589  Q22c =  -0.127294  Q22s =   0.003981

H          x =  2.505547  y = -2.489939  z =  0.000000 angstrom
           Maximum rank =  2   Radius =  0.350 angstrom
                   Q00  =   0.045113
|Q1| =   0.116495  Q11c =  -0.034904  Q11s =   0.111144
|Q2| =   0.209899  Q20  =  -0.184296  Q22c =  -0.089886  Q22s =   0.044865

H          x =  4.627616  y = -1.294671  z =  0.000000 angstrom
           Maximum rank =  2   Radius =  0.350 angstrom
                   Q00  =   0.037353
|Q1| =   0.114453  Q11c =  -0.099831  Q11s =   0.055974
|Q2| =   0.214485  Q20  =  -0.172585  Q22c =   0.059974  Q22s =  -0.112344

H          x =  4.650723  y =  1.208458  z =  0.000000 angstrom
           Maximum rank =  2   Radius =  0.350 angstrom
                   Q00  =   0.037347
|Q1| =   0.114460  Q11c =  -0.100865  Q11s =  -0.054104
|Q2| =   0.214486  Q20  =  -0.172597  Q22c =   0.064051  Q22s =   0.110053

H          x = -3.409177  y = -0.924765  z =  0.000000 angstrom
           Maximum rank =  2   Radius =  0.350 angstrom
                   Q00  =   0.045121
|Q1| =   0.116488  Q11c =   0.113697  Q11s =  -0.025348
|Q2| =   0.209891  Q20  =  -0.184271  Q22c =   0.006091  Q22s =  -0.100306

H          x = -3.434681  y = -3.360561  z =  0.000000 angstrom
           Maximum rank =  2   Radius =  0.350 angstrom
                   Q00  =   0.037347
|Q1| =   0.114468  Q11c =   0.098409  Q11s =   0.058469
|Q2| =   0.214470  Q20  =  -0.172585  Q22c =   0.067168  Q22s =   0.108167

H          x = -1.279275  y = -4.631832  z =  0.000000 angstrom
           Maximum rank =  2   Radius =  0.350 angstrom
                   Q00  =   0.037347
|Q1| =   0.114468  Q11c =   0.003567  Q11s =   0.114413
|Q2| =   0.214470  Q20  =  -0.172587  Q22c =  -0.127321  Q22s =   0.000633

H          x =  0.840006  y = -3.431249  z =  0.000000 angstrom
           Maximum rank =  2   Radius =  0.350 angstrom
                   Q00  =   0.045123
|Q1| =   0.116483  Q11c =  -0.077184  Q11s =   0.087241
|Q2| =   0.209891  Q20  =  -0.184279  Q22c =   0.081682  Q22s =  -0.058511

H          x =  2.551976  y =  2.442946  z =  0.000000 angstrom
           Maximum rank =  2   Radius =  0.350 angstrom
                   Q00  =   0.045132
|Q1| =   0.116478  Q11c =  -0.036937  Q11s =  -0.110467
|Q2| =   0.209869  Q20  =  -0.184299  Q22c =  -0.091493  Q22s =  -0.041330

H          x =  0.903806  y =  3.414903  z =  0.000000 angstrom
           Maximum rank =  2   Radius =  0.350 angstrom
                   Q00  =   0.045175
|Q1| =   0.116458  Q11c =  -0.078792  Q11s =  -0.085757
|Q2| =   0.209881  Q20  =  -0.184279  Q22c =   0.083786  Q22s =   0.055418

TOP1       x =  0.000000  y =  0.000000  z =  2.000000 angstrom
           Maximum rank =  2   Radius =  0.650 angstrom
                   Q00  =  -0.220261
|Q1| =   0.227658  Q10  =   0.227658  Q11c =   0.000005  Q11s =   0.000002
|Q2| =   0.108101  Q20  =   0.108101  Q21c =  -0.000012  Q21s =  -0.000005
                   Q22c =  -0.000004  Q22s =   0.000009

TOP2       x =  0.000000  y =  0.000000  z = -2.000000 angstrom
           Maximum rank =  2   Radius =  0.650 angstrom
                   Q00  =  -0.220261
|Q1| =   0.227658  Q10  =  -0.227658  Q11c =   0.000005  Q11s =   0.000002
|Q2| =   0.108101  Q20  =   0.108101  Q21c =   0.000012  Q21s =   0.000005
                   Q22c =  -0.000004  Q22s =   0.000009

Total multipoles referred to origin at
           x =   0.000000,  y =    0.000000,  z =    0.000000 angstrom
                   Q00  =  -0.000014
|Q1| =   0.000185  Q11c =  -0.000185  Q11s =  -0.000008
|Q2| =  17.010409  Q20  = -17.010409  Q22c =  -0.000427  Q22s =  -0.002632

CPU time used:     19m55.044s          Total:     19m55.044s

Finished at 10:50:42 on 08 Dec 2021 
