                                     G D M A
                                 by Anthony Stone

               Distributed Multipoles from Gaussian wavefunctions

                             version 2.3.3 (e2d289a)
              Compiled with gfortran on 05 October 2021 at 19:26:39

Starting at 13:05:46 on 06 Jan 2022 


Using MP2 density matrix from file pyramid-10.fchk


                         Distributed Multipole Analysis

Standard DMA for products of primitives with exponent greater than 4.00000
Using 80-point Euler-MacLaurin radial quadrature
Using 590-point Lebedev quadrature
Becke smoothing parameter = 3

Positions and radii in angstrom
Multipole moments in atomic units, ea_0^k for rank k

C          x = -1.208367  y =  0.697670  z = -0.026902 angstrom
           Maximum rank =  2   Radius =  0.650 angstrom
                   Q00  =   0.416199
|Q1| =   0.707934  Q10  =   0.035957  Q11c =   0.612288  Q11s =  -0.353525
|Q2| =   0.846093  Q20  =  -0.573673  Q21c =  -0.168843  Q21s =   0.097433
                   Q22c =   0.295318  Q22s =  -0.511429

C          x = -1.208367  y = -0.697670  z = -0.026902 angstrom
           Maximum rank =  2   Radius =  0.650 angstrom
                   Q00  =   0.416199
|Q1| =   0.707934  Q10  =   0.035957  Q11c =   0.612288  Q11s =   0.353525
|Q2| =   0.846093  Q20  =  -0.573673  Q21c =  -0.168843  Q21s =  -0.097433
                   Q22c =   0.295318  Q22s =   0.511429

C          x = -0.000000  y = -1.395402  z = -0.026919 angstrom
           Maximum rank =  2   Radius =  0.650 angstrom
                   Q00  =   0.416128
|Q1| =   0.707845  Q10  =   0.035943  Q11s =   0.706932
|Q2| =   0.846170  Q20  =  -0.573763  Q21s =  -0.194870  Q22c =  -0.590614

C          x =  1.208367  y = -0.697670  z = -0.026902 angstrom
           Maximum rank =  2   Radius =  0.650 angstrom
                   Q00  =   0.416199
|Q1| =   0.707934  Q10  =   0.035957  Q11c =  -0.612288  Q11s =   0.353525
|Q2| =   0.846093  Q20  =  -0.573673  Q21c =   0.168843  Q21s =  -0.097433
                   Q22c =   0.295318  Q22s =  -0.511429

C          x =  1.208367  y =  0.697670  z = -0.026902 angstrom
           Maximum rank =  2   Radius =  0.650 angstrom
                   Q00  =   0.416199
|Q1| =   0.707934  Q10  =   0.035957  Q11c =  -0.612288  Q11s =  -0.353525
|Q2| =   0.846093  Q20  =  -0.573673  Q21c =   0.168843  Q21s =   0.097433
                   Q22c =   0.295318  Q22s =   0.511429

C          x =  0.000000  y =  1.395402  z = -0.026919 angstrom
           Maximum rank =  2   Radius =  0.650 angstrom
                   Q00  =   0.416128
|Q1| =   0.707845  Q10  =   0.035943  Q11s =  -0.706932
|Q2| =   0.846170  Q20  =  -0.573763  Q21s =   0.194870  Q22c =  -0.590614

H          x = -2.133496  y =  1.231724  z =  0.161453 angstrom
           Maximum rank =  2   Radius =  0.350 angstrom
                   Q00  =   0.064833
|Q1| =   0.134285  Q10  =  -0.000299  Q11c =   0.116297  Q11s =  -0.067138
|Q2| =   0.167088  Q20  =  -0.110244  Q21c =  -0.048244  Q21s =   0.027849
                   Q22c =   0.056257  Q22s =  -0.097450

H          x = -2.133496  y = -1.231724  z =  0.161453 angstrom
           Maximum rank =  2   Radius =  0.350 angstrom
                   Q00  =   0.064833
|Q1| =   0.134285  Q10  =  -0.000299  Q11c =   0.116297  Q11s =   0.067138
|Q2| =   0.167088  Q20  =  -0.110244  Q21c =  -0.048244  Q21s =  -0.027849
                   Q22c =   0.056257  Q22s =   0.097450

H          x = -0.000000  y = -2.463608  z =  0.161435 angstrom
           Maximum rank =  2   Radius =  0.350 angstrom
                   Q00  =   0.064840
|Q1| =   0.134268  Q10  =  -0.000302  Q11s =   0.134268
|Q2| =   0.167112  Q20  =  -0.110251  Q21s =  -0.055692  Q22c =  -0.112558

H          x =  2.133496  y = -1.231724  z =  0.161453 angstrom
           Maximum rank =  2   Radius =  0.350 angstrom
                   Q00  =   0.064833
|Q1| =   0.134285  Q10  =  -0.000299  Q11c =  -0.116297  Q11s =   0.067138
|Q2| =   0.167088  Q20  =  -0.110244  Q21c =   0.048244  Q21s =  -0.027849
                   Q22c =   0.056257  Q22s =  -0.097450

H          x =  2.133496  y =  1.231724  z =  0.161453 angstrom
           Maximum rank =  2   Radius =  0.350 angstrom
                   Q00  =   0.064833
|Q1| =   0.134285  Q10  =  -0.000299  Q11c =  -0.116297  Q11s =  -0.067138
|Q2| =   0.167088  Q20  =  -0.110244  Q21c =   0.048244  Q21s =   0.027849
                   Q22c =   0.056257  Q22s =   0.097450

H          x =  0.000000  y =  2.463608  z =  0.161435 angstrom
           Maximum rank =  2   Radius =  0.350 angstrom
                   Q00  =   0.064840
|Q1| =   0.134268  Q10  =  -0.000302  Q11s =  -0.134268
|Q2| =   0.167112  Q20  =  -0.110251  Q21s =   0.055692  Q22c =  -0.112558

TOP(2)     x =  0.000000  y =  0.000000  z =  2.000000 angstrom
           Maximum rank =  2   Radius =  0.650 angstrom
                   Q00  =  -0.103829
|Q1| =   0.025323  Q10  =   0.025323
|Q2| =   0.346615  Q20  =   0.346615  Q22c =  -0.000005

TOP(1)     x =  0.000000  y =  0.000000  z =  1.000000 angstrom
           Maximum rank =  2   Radius =  0.650 angstrom
                   Q00  =  -0.422354
|Q1| =   0.052700  Q10  =  -0.052700
|Q2| =   0.695872  Q20  =   0.695872  Q22c =   0.000006

TOP(0)     x =  0.000000  y =  0.000000  z =  0.000000 angstrom
           Maximum rank =  2   Radius =  0.650 angstrom
                   Q00  =  -0.651878
|Q1| =   0.003194  Q10  =  -0.003194
|Q2| =   0.457672  Q20  =   0.457672  Q22c =   0.000030

TOP(ao)    x =  0.000000  y =  0.000000  z =  0.529000 angstrom
           Maximum rank =  2   Radius =  0.650 angstrom
                   Q00  =  -0.575821
|Q1| =   0.012742  Q10  =   0.012742
|Q2| =   0.554336  Q20  =   0.554336  Q22c =   0.000021

TOP(-a0)   x =  0.000000  y =  0.000000  z = -0.529000 angstrom
           Maximum rank =  2   Radius =  0.650 angstrom
                   Q00  =  -0.566736
|Q1| =   0.009688  Q10  =  -0.009688
|Q2| =   0.525298  Q20  =   0.525298  Q22c =   0.000013

TOP(-1)    x =  0.000000  y =  0.000000  z = -1.000000 angstrom
           Maximum rank =  2   Radius =  0.650 angstrom
                   Q00  =  -0.449664
|Q1| =   0.063213  Q10  =   0.063213
|Q2| =   0.715610  Q20  =   0.715610  Q22c =   0.000003

TOP(-2)    x =  0.000000  y =  0.000000  z = -2.000000 angstrom
           Maximum rank =  2   Radius =  0.650 angstrom
                   Q00  =  -0.115776
|Q1| =   0.027859  Q10  =  -0.027859
|Q2| =   0.366071  Q20  =   0.366071  Q22c =   0.000003

Total multipoles referred to origin at
           x =   0.000000,  y =    0.000000,  z =    0.000000 angstrom
                   Q00  =   0.000010
|Q1| =   0.301144  Q10  =   0.301144
|Q2| =   5.766896  Q20  =  -5.766896  Q22c =  -0.000622

CPU time used:      1m55.166s          Total:      1m55.166s

Finished at 13:07:41 on 06 Jan 2022 
