                                     G D M A
                                 by Anthony Stone

               Distributed Multipoles from Gaussian wavefunctions

                             version 2.3.3 (e2d289a)
              Compiled with gfortran on 05 October 2021 at 19:26:39

Starting at 09:31:21 on 08 Dec 2021 


Using MP2 density matrix from file ch+.fchk


                         Distributed Multipole Analysis

Standard DMA for products of primitives with exponent greater than 4.00000
Using 80-point Euler-MacLaurin radial quadrature
Using 590-point Lebedev quadrature
Becke smoothing parameter = 3

Positions and radii in angstrom
Multipole moments in atomic units, ea_0^k for rank k

C          x = -1.199545  y =  0.348803  z = -0.000000 angstrom
           Maximum rank =  2   Radius =  0.650 angstrom
                   Q00  =   0.076945
|Q1| =   0.144152  Q11c =   0.140005  Q11s =  -0.034327
|Q2| =   0.599520  Q20  =  -0.514662  Q22c =   0.203499  Q22s =  -0.230513

H          x = -2.209841  y =  0.728029  z = -0.000000 angstrom
           Maximum rank =  2   Radius =  0.350 angstrom
                   Q00  =   0.106480
|Q1| =   0.064932  Q11c =   0.059724  Q11s =  -0.025480
|Q2| =   0.198180  Q20  =  -0.127202  Q22c =   0.115464  Q22s =  -0.098808

C          x = -0.787183  y = -0.932269  z = -0.000000 angstrom
           Maximum rank =  2   Radius =  0.650 angstrom
                   Q00  =   0.205451
|Q1| =   0.114877  Q11c =   0.073091  Q11s =   0.088625
|Q2| =   0.403741  Q20  =  -0.195260  Q22c =  -0.226442  Q22s =   0.271301

H          x = -1.390093  y = -1.831539  z = -0.000000 angstrom
           Maximum rank =  2   Radius =  0.350 angstrom
                   Q00  =   0.110994
|Q1| =   0.059721  Q11c =   0.031772  Q11s =   0.050568
|Q2| =   0.184967  Q20  =  -0.108765  Q22c =  -0.058448  Q22s =   0.137719

C          x =  1.199544  y =  0.348812  z =  0.000000 angstrom
           Maximum rank =  2   Radius =  0.650 angstrom
                   Q00  =   0.076945
|Q1| =   0.144151  Q11c =  -0.140004  Q11s =  -0.034328
|Q2| =   0.599520  Q20  =  -0.514661  Q22c =   0.203504  Q22s =   0.230509

H          x =  2.209840  y =  0.728037  z =  0.000000 angstrom
           Maximum rank =  2   Radius =  0.350 angstrom
                   Q00  =   0.106481
|Q1| =   0.064932  Q11c =  -0.059724  Q11s =  -0.025480
|Q2| =   0.198180  Q20  =  -0.127202  Q22c =   0.115464  Q22s =   0.098808

C          x =  0.787184  y = -0.932265  z =  0.000000 angstrom
           Maximum rank =  2   Radius =  0.650 angstrom
                   Q00  =   0.205461
|Q1| =   0.114874  Q11c =  -0.073090  Q11s =   0.088623
|Q2| =   0.403729  Q20  =  -0.195236  Q22c =  -0.226436  Q22s =  -0.271306

H          x =  1.390101  y = -1.831530  z =  0.000000 angstrom
           Maximum rank =  2   Radius =  0.350 angstrom
                   Q00  =   0.110994
|Q1| =   0.059720  Q11c =  -0.031772  Q11s =   0.050567
|Q2| =   0.184966  Q20  =  -0.108764  Q22c =  -0.058446  Q22s =  -0.137720

C          x = -0.000000  y =  1.160087  z =  0.000000 angstrom
           Maximum rank =  2   Radius =  0.650 angstrom
                   Q00  =   0.337519
|Q1| =   0.092090  Q11s =  -0.092090
|Q2| =   0.304638  Q20  =   0.098045  Q22c =  -0.288429  Q22s =  -0.000005

H          x = -0.000004  y =  2.247993  z =  0.000000 angstrom
           Maximum rank =  2   Radius =  0.350 angstrom
                   Q00  =   0.123508
|Q1| =   0.053079  Q11s =  -0.053079
|Q2| =   0.167784  Q20  =  -0.088515  Q22c =  -0.142536  Q22s =  -0.000001

TOP1       x =  0.000000  y =  0.000000  z =  2.000000 angstrom
           Maximum rank =  2   Radius =  0.650 angstrom
                   Q00  =  -0.230390
|Q1| =   0.278229  Q10  =   0.278216  Q11c =   0.000001  Q11s =   0.002689
|Q2| =   0.136345  Q20  =   0.036363  Q21c =  -0.000001  Q21s =  -0.005363
                   Q22c =  -0.131297  Q22s =  -0.000004

TOP2       x =  0.000000  y =  0.000000  z = -2.000000 angstrom
           Maximum rank =  2   Radius =  0.650 angstrom
                   Q00  =  -0.230390
|Q1| =   0.278229  Q10  =  -0.278216  Q11c =   0.000001  Q11s =   0.002689
|Q2| =   0.136345  Q20  =   0.036363  Q21c =   0.000001  Q21s =   0.005363
                   Q22c =  -0.131297  Q22s =  -0.000004

Total multipoles referred to origin at
           x =   0.000000,  y =    0.000000,  z =    0.000000 angstrom
                   Q00  =   0.999999
|Q1| =   0.185761  Q11c =   0.000022  Q11s =   0.185761
|Q2| =   9.350713  Q20  =  -9.063018  Q22c =  -2.301637  Q22s =  -0.000084

CPU time used:      0m51.109s          Total:      0m51.109s

Finished at 09:32:12 on 08 Dec 2021 
