                                     G D M A
                                 by Anthony Stone

               Distributed Multipoles from Gaussian wavefunctions

                             version 2.3.3 (6b8e81e)
              Compiled with gfortran on 14 January 2024 at 08:13:23

Starting at 15:09:41 on 04 Feb 2025 


Using SCF density matrix from file Penta-BH2m.fchk


                         Distributed Multipole Analysis

Standard DMA for products of primitives with exponent greater than 4.00000
Using 80-point Euler-MacLaurin radial quadrature
Using 590-point Lebedev quadrature
Becke smoothing parameter = 3

Positions and radii in angstrom
Multipole moments in atomic units, ea_0^k for rank k

C          x = -0.794095  y =  0.000005  z =  0.000000 angstrom
           Maximum rank =  2   Radius =  0.650 angstrom
                   Q00  =   0.481390
|Q1| =   0.787010  Q11c =   0.787010  Q11s =  -0.000006
|Q2| =   0.692320  Q20  =   0.273071  Q22c =   0.636191  Q22s =   0.000013

C          x =  0.087739  y =  1.148802  z =  0.000000 angstrom
           Maximum rank =  2   Radius =  0.650 angstrom
                   Q00  =   0.338428
|Q1| =   0.572234  Q11c =  -0.030315  Q11s =  -0.571431
|Q2| =   0.697405  Q20  =  -0.424893  Q22c =  -0.509318  Q22s =  -0.215488

H          x = -0.250384  y =  2.179551  z =  0.000000 angstrom
           Maximum rank =  2   Radius =  0.350 angstrom
                   Q00  =   0.007791
|Q1| =   0.152159  Q11c =   0.029133  Q11s =  -0.149344
|Q2| =   0.222699  Q20  =  -0.178418  Q22c =  -0.111788  Q22s =  -0.072561

C          x =  1.404805  y =  0.720193  z =  0.000000 angstrom
           Maximum rank =  2   Radius =  0.650 angstrom
                   Q00  =   0.058861
|Q1| =   0.385968  Q11c =  -0.325900  Q11s =  -0.206786
|Q2| =   1.315112  Q20  =  -1.164362  Q22c =   0.286853  Q22s =   0.539904

H          x =  2.289224  y =  1.349735  z =  0.000000 angstrom
           Maximum rank =  2   Radius =  0.350 angstrom
                   Q00  =  -0.013200
|Q1| =   0.147243  Q11c =  -0.121126  Q11s =  -0.083719
|Q2| =   0.267513  Q20  =  -0.223117  Q22c =   0.051854  Q22s =   0.138176

C          x =  0.087739  y = -1.148798  z =  0.000000 angstrom
           Maximum rank =  2   Radius =  0.650 angstrom
                   Q00  =   0.338431
|Q1| =   0.572236  Q11c =  -0.030312  Q11s =   0.571432
|Q2| =   0.697401  Q20  =  -0.424883  Q22c =  -0.509322  Q22s =   0.215486

H          x = -0.250384  y = -2.179547  z =  0.000000 angstrom
           Maximum rank =  2   Radius =  0.350 angstrom
                   Q00  =   0.007791
|Q1| =   0.152159  Q11c =   0.029134  Q11s =   0.149343
|Q2| =   0.222699  Q20  =  -0.178418  Q22c =  -0.111788  Q22s =   0.072560

C          x =  1.404805  y = -0.720191  z =  0.000000 angstrom
           Maximum rank =  2   Radius =  0.650 angstrom
                   Q00  =   0.058861
|Q1| =   0.385967  Q11c =  -0.325900  Q11s =   0.206785
|Q2| =   1.315110  Q20  =  -1.164359  Q22c =   0.286853  Q22s =  -0.539905

H          x =  2.289223  y = -1.349734  z =  0.000000 angstrom
           Maximum rank =  2   Radius =  0.350 angstrom
                   Q00  =  -0.013200
|Q1| =   0.147243  Q11c =  -0.121126  Q11s =   0.083719
|Q2| =   0.267512  Q20  =  -0.223117  Q22c =   0.051854  Q22s =  -0.138177

B          x = -2.278570  y = -0.000008  z =  0.000000 angstrom
           Maximum rank =  2   Radius =  0.650 angstrom
                   Q00  =   0.162368
|Q1| =   0.170054  Q11c =   0.170054  Q11s =   0.000001
|Q2| =   0.651315  Q20  =  -0.578132  Q22c =   0.299956  Q22s =  -0.000006

H          x = -2.915409  y =  1.029267  z =  0.000000 angstrom
           Maximum rank =  2   Radius =  0.350 angstrom
                   Q00  =  -0.134074
|Q1| =   0.239757  Q11c =   0.176253  Q11s =  -0.162537
|Q2| =   0.225248  Q20  =  -0.168768  Q22c =  -0.063491  Q22s =  -0.134992

H          x = -2.915380  y = -1.029303  z =  0.000000 angstrom
           Maximum rank =  2   Radius =  0.350 angstrom
                   Q00  =  -0.134074
|Q1| =   0.239758  Q11c =   0.176251  Q11s =   0.162541
|Q2| =   0.225247  Q20  =  -0.168770  Q22c =  -0.063500  Q22s =   0.134984

TOP(1)     x =  0.000000  y =  0.000000  z =  1.000000 angstrom
           Maximum rank =  2   Radius =  0.650 angstrom
                   Q00  =  -1.079682
|Q1| =   0.130193  Q10  =   0.124545  Q11c =   0.037930  Q11s =   0.000001
|Q2| =   0.618246  Q20  =   0.601912  Q21c =   0.140858  Q21s =   0.000001
                   Q22c =   0.009485  Q22s =  -0.000002

TOP(-1)    x =  0.000000  y =  0.000000  z = -1.000000 angstrom
           Maximum rank =  2   Radius =  0.650 angstrom
                   Q00  =  -1.079682
|Q1| =   0.130193  Q10  =  -0.124545  Q11c =   0.037930  Q11s =   0.000001
|Q2| =   0.618246  Q20  =   0.601912  Q21c =  -0.140858  Q21s =  -0.000001
                   Q22c =   0.009485  Q22s =  -0.000002

Total multipoles referred to origin at
           x =   0.000000,  y =    0.000000,  z =    0.000000 angstrom
                   Q00  =  -0.999989
|Q1| =   0.847968  Q11c =   0.847968  Q11s =   0.000005
|Q2| =   7.783702  Q20  =   2.414926  Q22c =  -7.399604  Q22s =  -0.000087

CPU time used:      0m14.558s          Total:      0m14.558s

Finished at 15:09:55 on 04 Feb 2025 
