                                     G D M A
                                 by Anthony Stone

               Distributed Multipoles from Gaussian wavefunctions

                             version 2.3.3 (e2d289a)
              Compiled with gfortran on 05 October 2021 at 19:26:39

Starting at 17:44:42 on 14 Jan 2022 


Using MP2 density matrix from file oh.fchk


                         Distributed Multipole Analysis

Standard DMA for products of primitives with exponent greater than 4.00000
Using 80-point Euler-MacLaurin radial quadrature
Using 590-point Lebedev quadrature
Becke smoothing parameter = 3

Positions and radii in angstrom
Multipole moments in atomic units, ea_0^k for rank k

C          x = -1.203937  y =  0.231932  z =  0.000000 angstrom
           Maximum rank =  2   Radius =  0.650 angstrom
                   Q00  =   0.543275
|Q1| =   0.857322  Q11c =   0.833487  Q11s =  -0.200753
|Q2| =   0.725974  Q20  =  -0.447738  Q22c =   0.480962  Q22s =  -0.308617

C          x = -1.187890  y = -1.162126  z =  0.000000 angstrom
           Maximum rank =  2   Radius =  0.650 angstrom
                   Q00  =   0.237054
|Q1| =   0.502633  Q11c =   0.367653  Q11s =   0.342740
|Q2| =   0.986345  Q20  =  -0.863200  Q22c =   0.099372  Q22s =   0.466785

C          x =  0.020269  y = -1.855253  z =  0.000000 angstrom
           Maximum rank =  2   Radius =  0.650 angstrom
                   Q00  =   0.141853
|Q1| =   0.394596  Q11c =  -0.003799  Q11s =   0.394578
|Q2| =   1.101941  Q20  =  -1.011626  Q22c =  -0.436775  Q22s =  -0.010680

C          x =  1.218336  y = -1.138884  z =  0.000000 angstrom
           Maximum rank =  2   Radius =  0.650 angstrom
                   Q00  =   0.236606
|Q1| =   0.496792  Q11c =  -0.369891  Q11s =   0.331637
|Q2| =   0.982492  Q20  =  -0.861675  Q22c =   0.117073  Q22s =  -0.457275

C          x =  1.215468  y =  0.252074  z =  0.000000 angstrom
           Maximum rank =  2   Radius =  0.650 angstrom
                   Q00  =   0.551974
|Q1| =   0.829422  Q11c =  -0.812366  Q11s =  -0.167338
|Q2| =   0.699042  Q20  =  -0.464771  Q22c =   0.382010  Q22s =   0.355973

C          x =  0.000000  y =  0.938451  z =  0.000000 angstrom
           Maximum rank =  2   Radius =  0.650 angstrom
                   Q00  =   0.998304
|Q1| =   0.973579  Q11c =   0.035653  Q11s =  -0.972926
|Q2| =   0.662723  Q20  =   0.068356  Q22c =  -0.655925  Q22s =   0.065514

H          x =  0.029635  y = -2.938553  z =  0.000000 angstrom
           Maximum rank =  2   Radius =  0.350 angstrom
                   Q00  =   0.049701
|Q1| =   0.123880  Q11c =  -0.000889  Q11s =   0.123876
|Q2| =   0.190781  Q20  =  -0.143971  Q22c =  -0.125154  Q22s =  -0.002490

H          x =  2.165288  y = -1.667106  z =  0.000000 angstrom
           Maximum rank =  2   Radius =  0.350 angstrom
                   Q00  =   0.057384
|Q1| =   0.126274  Q11c =  -0.106185  Q11s =   0.068336
|Q2| =   0.177908  Q20  =  -0.132618  Q22c =   0.060076  Q22s =  -0.102248

H          x =  2.138563  y =  0.819051  z =  0.000000 angstrom
           Maximum rank =  2   Radius =  0.350 angstrom
                   Q00  =   0.093446
|Q1| =   0.130282  Q11c =  -0.123702  Q11s =  -0.040879
|Q2| =   0.149895  Q20  =  -0.116110  Q22c =   0.033738  Q22s =   0.088593

H          x = -2.148683  y =  0.768176  z =  0.000000 angstrom
           Maximum rank =  2   Radius =  0.350 angstrom
                   Q00  =   0.076021
|Q1| =   0.142188  Q11c =   0.128857  Q11s =  -0.060110
|Q2| =   0.149776  Q20  =  -0.115202  Q22c =   0.054752  Q22s =  -0.078508

H          x = -2.127082  y = -1.703895  z =  0.000000 angstrom
           Maximum rank =  2   Radius =  0.350 angstrom
                   Q00  =   0.057087
|Q1| =   0.126753  Q11c =   0.106090  Q11s =   0.069362
|Q2| =   0.178165  Q20  =  -0.132451  Q22c =   0.056603  Q22s =   0.104859

O          x =  0.051348  y =  2.307369  z =  0.000000 angstrom
           Maximum rank =  2   Radius =  0.650 angstrom
                   Q00  =  -0.192118
|Q1| =   0.581306  Q11c =  -0.418747  Q11s =  -0.403197
|Q2| =   1.154479  Q20  =  -0.909144  Q22c =  -0.345397  Q22s =  -0.622078

H          x = -0.841975  y =  2.666215  z =  0.000000 angstrom
           Maximum rank =  2   Radius =  0.350 angstrom
                   Q00  =   0.203035
|Q1| =   0.052603  Q11c =   0.018151  Q11s =  -0.049372
|Q2| =   0.149942  Q20  =  -0.112882  Q22c =   0.032898  Q22s =  -0.093047

TOP(2)     x =  0.000000  y =  0.000000  z =  2.000000 angstrom
           Maximum rank =  2   Radius =  0.650 angstrom
                   Q00  =  -0.102608
|Q1| =   0.034495  Q10  =   0.026059  Q11c =   0.002181  Q11s =   0.022496
|Q2| =   0.321096  Q20  =   0.318305  Q21c =  -0.000667  Q21s =   0.017058
                   Q22c =  -0.038414  Q22s =   0.004178

TOP(1)     x =  0.000000  y =  0.000000  z =  1.000000 angstrom
           Maximum rank =  2   Radius =  0.650 angstrom
                   Q00  =  -0.452643
|Q1| =   0.062952  Q10  =  -0.052883  Q11c =   0.004887  Q11s =  -0.033800
|Q2| =   0.692832  Q20  =   0.690383  Q21c =   0.002758  Q21s =   0.006749
                   Q22c =  -0.057475  Q22s =   0.005518

TOP(0)     x =  0.000000  y =  0.000000  z =  0.000000 angstrom
           Maximum rank =  2   Radius =  0.650 angstrom
                   Q00  =  -0.694094
|Q1| =   0.030484  Q11c =  -0.001548  Q11s =   0.030445
|Q2| =   0.415653  Q20  =   0.414541  Q22c =  -0.030372  Q22s =   0.000564

TOP(ao)    x =  0.000000  y =  0.000000  z =  0.529000 angstrom
           Maximum rank =  2   Radius =  0.650 angstrom
                   Q00  =  -0.624508
|Q1| =   0.030082  Q10  =   0.010946  Q11c =   0.001370  Q11s =  -0.027987
|Q2| =   0.526110  Q20  =   0.524717  Q21c =   0.001127  Q21s =  -0.014741
                   Q22c =  -0.035254  Q22s =   0.001649

TOP(-a0)   x =  0.000000  y =  0.000000  z = -0.529000 angstrom
           Maximum rank =  2   Radius =  0.650 angstrom
                   Q00  =  -0.624508
|Q1| =   0.030082  Q10  =  -0.010946  Q11c =   0.001370  Q11s =  -0.027987
|Q2| =   0.526110  Q20  =   0.524717  Q21c =  -0.001127  Q21s =   0.014741
                   Q22c =  -0.035254  Q22s =   0.001649

TOP(-1)    x =  0.000000  y =  0.000000  z = -1.000000 angstrom
           Maximum rank =  2   Radius =  0.650 angstrom
                   Q00  =  -0.452643
|Q1| =   0.062952  Q10  =   0.052883  Q11c =   0.004887  Q11s =  -0.033800
|Q2| =   0.692832  Q20  =   0.690383  Q21c =  -0.002758  Q21s =  -0.006749
                   Q22c =  -0.057475  Q22s =   0.005518

TOP(-2)    x =  0.000000  y =  0.000000  z = -2.000000 angstrom
           Maximum rank =  2   Radius =  0.650 angstrom
                   Q00  =  -0.102608
|Q1| =   0.034495  Q10  =  -0.026059  Q11c =   0.002181  Q11s =   0.022496
|Q2| =   0.321096  Q20  =   0.318305  Q21c =   0.000667  Q21s =  -0.017058
                   Q22c =  -0.038414  Q22s =   0.004178

Total multipoles referred to origin at
           x =   0.000000,  y =    0.000000,  z =    0.000000 angstrom
                   Q00  =   0.000008
|Q1| =   0.549355  Q11c =  -0.545107  Q11s =  -0.068188
|Q2| =   8.810694  Q20  =  -6.356357  Q22c =   1.786075  Q22s =  -5.833951

CPU time used:      2m18.916s          Total:      2m18.916s

Finished at 17:47:01 on 14 Jan 2022 
