                                     G D M A
                                 by Anthony Stone

               Distributed Multipoles from Gaussian wavefunctions

                             version 2.3.3 (6b8e81e)
              Compiled with gfortran on 14 January 2024 at 08:13:23

Starting at 15:09:41 on 04 Feb 2025 


Using SCF density matrix from file Penta-NH.fchk


                         Distributed Multipole Analysis

Standard DMA for products of primitives with exponent greater than 4.00000
Using 80-point Euler-MacLaurin radial quadrature
Using 590-point Lebedev quadrature
Becke smoothing parameter = 3

Positions and radii in angstrom
Multipole moments in atomic units, ea_0^k for rank k

C          x =  0.000000  y =  0.793915  z =  0.000000 angstrom
           Maximum rank =  2   Radius =  0.650 angstrom
                   Q00  =   0.674997
|Q1| =   0.599521  Q11c =   0.036518  Q11s =  -0.598407
|Q2| =   0.763717  Q20  =   0.404751  Q22c =  -0.644566  Q22s =   0.063040

C          x = -1.181577  y = -0.117759  z =  0.000000 angstrom
           Maximum rank =  2   Radius =  0.650 angstrom
                   Q00  =   0.333506
|Q1| =   0.520434  Q11c =   0.517462  Q11s =   0.055541
|Q2| =   0.636451  Q20  =  -0.393032  Q22c =   0.463839  Q22s =  -0.188279

H          x = -2.210238  y =  0.214166  z =  0.000000 angstrom
           Maximum rank =  2   Radius =  0.350 angstrom
                   Q00  =   0.059194
|Q1| =   0.103070  Q11c =   0.101150  Q11s =  -0.019802
|Q2| =   0.208532  Q20  =  -0.155455  Q22c =   0.116011  Q22s =  -0.076557

C          x = -0.718416  y = -1.379562  z =  0.000000 angstrom
           Maximum rank =  2   Radius =  0.650 angstrom
                   Q00  =   0.189004
|Q1| =   0.321127  Q11c =   0.188139  Q11s =   0.260242
|Q2| =   0.894922  Q20  =  -0.702126  Q22c =  -0.325189  Q22s =   0.449620

H          x = -1.312983  y = -2.283572  z =  0.000000 angstrom
           Maximum rank =  2   Radius =  0.350 angstrom
                   Q00  =   0.049385
|Q1| =   0.093091  Q11c =   0.049630  Q11s =   0.078758
|Q2| =   0.217603  Q20  =  -0.156143  Q22c =  -0.063762  Q22s =   0.137496

C          x =  1.198611  y = -0.088275  z =  0.000000 angstrom
           Maximum rank =  2   Radius =  0.650 angstrom
                   Q00  =   0.348545
|Q1| =   0.506268  Q11c =  -0.501056  Q11s =   0.072459
|Q2| =   0.612269  Q20  =  -0.394422  Q22c =   0.396587  Q22s =   0.249046

H          x =  2.211627  y =  0.284532  z =  0.000000 angstrom
           Maximum rank =  2   Radius =  0.350 angstrom
                   Q00  =   0.071108
|Q1| =   0.096641  Q11c =  -0.096082  Q11s =  -0.010379
|Q2| =   0.203642  Q20  =  -0.150869  Q22c =   0.102363  Q22s =   0.090722

C          x =  0.770496  y = -1.361757  z =  0.000000 angstrom
           Maximum rank =  2   Radius =  0.650 angstrom
                   Q00  =   0.171645
|Q1| =   0.321204  Q11c =  -0.196679  Q11s =   0.253948
|Q2| =   0.928629  Q20  =  -0.749140  Q22c =  -0.294238  Q22s =  -0.463211

H          x =  1.385413  y = -2.251489  z =  0.000000 angstrom
           Maximum rank =  2   Radius =  0.350 angstrom
                   Q00  =   0.047475
|Q1| =   0.093927  Q11c =  -0.050904  Q11s =   0.078936
|Q2| =   0.220557  Q20  =  -0.159966  Q22c =  -0.056400  Q22s =  -0.140979

N          x =  0.056508  y =  2.069109  z =  0.000000 angstrom
           Maximum rank =  2   Radius =  0.650 angstrom
                   Q00  =  -0.187342
|Q1| =   0.719770  Q11c =  -0.546777  Q11s =  -0.468084
|Q2| =   1.144029  Q20  =  -0.591706  Q22c =  -0.469077  Q22s =  -0.859449

H          x = -0.884059  y =  2.473230  z =  0.000000 angstrom
           Maximum rank =  2   Radius =  0.350 angstrom
                   Q00  =   0.113614
|Q1| =   0.066236  Q11c =   0.033244  Q11s =  -0.057289
|Q2| =   0.177742  Q20  =  -0.121781  Q22c =   0.045891  Q22s =  -0.121059

TOP(1)     x =  0.000000  y =  0.000000  z =  1.000000 angstrom
           Maximum rank =  2   Radius =  0.650 angstrom
                   Q00  =  -0.935564
|Q1| =   0.240527  Q10  =   0.230927  Q11c =   0.007024  Q11s =   0.066906
|Q2| =   0.554100  Q20  =   0.543353  Q21c =   0.007451  Q21s =  -0.041333
                   Q22c =  -0.099959  Q22s =   0.006197

TOP(-1)    x =  0.000000  y =  0.000000  z = -1.000000 angstrom
           Maximum rank =  2   Radius =  0.650 angstrom
                   Q00  =  -0.935564
|Q1| =   0.240527  Q10  =  -0.230927  Q11c =   0.007024  Q11s =   0.066906
|Q2| =   0.554100  Q20  =   0.543353  Q21c =  -0.007451  Q21s =   0.041333
                   Q22c =  -0.099959  Q22s =   0.006197

Total multipoles referred to origin at
           x =   0.000000,  y =    0.000000,  z =    0.000000 angstrom
                   Q00  =   0.000002
|Q1| =   1.006618  Q11c =  -0.571283  Q11s =  -0.828804
|Q2| =   7.403419  Q20  =  -4.339522  Q22c =   2.551747  Q22s =  -5.428420

CPU time used:      0m12.256s          Total:      0m12.256s

Finished at 15:09:53 on 04 Feb 2025 
