                                     G D M A
                                 by Anthony Stone

               Distributed Multipoles from Gaussian wavefunctions

                             version 2.3.3 (e2d289a)
              Compiled with gfortran on 05 October 2021 at 19:26:39

Starting at 10:40:42 on 08 Dec 2021 


Using MP2 density matrix from file penta-ch2.fchk


                         Distributed Multipole Analysis

Standard DMA for products of primitives with exponent greater than 4.00000
Using 80-point Euler-MacLaurin radial quadrature
Using 590-point Lebedev quadrature
Becke smoothing parameter = 3

Positions and radii in angstrom
Multipole moments in atomic units, ea_0^k for rank k

C          x =  0.000000  y =  0.759956  z =  0.000000 angstrom
           Maximum rank =  2   Radius =  0.650 angstrom
                   Q00  =   0.076540
|Q1| =   0.196043  Q11s =  -0.196043
|Q2| =   0.469274  Q20  =  -0.175047  Q22c =  -0.435404  Q22s =  -0.000005

C          x = -1.178320  y = -0.125629  z =  0.000000 angstrom
           Maximum rank =  2   Radius =  0.650 angstrom
                   Q00  =   0.053734
|Q1| =   0.200621  Q11c =   0.200124  Q11s =   0.014108
|Q2| =   0.657347  Q20  =  -0.584948  Q22c =   0.230122  Q22s =  -0.192313

H          x = -2.202957  y =  0.217754  z =  0.000000 angstrom
           Maximum rank =  2   Radius =  0.350 angstrom
                   Q00  =   0.050147
|Q1| =   0.117596  Q11c =   0.114424  Q11s =  -0.027126
|Q2| =   0.189318  Q20  =  -0.135851  Q22c =   0.106569  Q22s =  -0.077645

C          x = -0.737261  y = -1.403679  z =  0.000000 angstrom
           Maximum rank =  2   Radius =  0.650 angstrom
                   Q00  =   0.026335
|Q1| =   0.152639  Q11c =   0.089601  Q11s =   0.123573
|Q2| =   0.886778  Q20  =  -0.802889  Q22c =  -0.217714  Q22s =   0.307156

H          x = -1.350344  y = -2.294931  z =  0.000000 angstrom
           Maximum rank =  2   Radius =  0.350 angstrom
                   Q00  =   0.041139
|Q1| =   0.111753  Q11c =   0.062520  Q11s =   0.092628
|Q2| =   0.207381  Q20  =  -0.146208  Q22c =  -0.056722  Q22s =   0.135693

C          x =  1.178321  y = -0.125625  z =  0.000000 angstrom
           Maximum rank =  2   Radius =  0.650 angstrom
                   Q00  =   0.053735
|Q1| =   0.200620  Q11c =  -0.200124  Q11s =   0.014109
|Q2| =   0.657349  Q20  =  -0.584949  Q22c =   0.230123  Q22s =   0.192315

H          x =  2.202956  y =  0.217760  z =  0.000000 angstrom
           Maximum rank =  2   Radius =  0.350 angstrom
                   Q00  =   0.050146
|Q1| =   0.117596  Q11c =  -0.114424  Q11s =  -0.027127
|Q2| =   0.189318  Q20  =  -0.135852  Q22c =   0.106569  Q22s =   0.077646

C          x =  0.737265  y = -1.403677  z =  0.000000 angstrom
           Maximum rank =  2   Radius =  0.650 angstrom
                   Q00  =   0.026335
|Q1| =   0.152640  Q11c =  -0.089601  Q11s =   0.123574
|Q2| =   0.886776  Q20  =  -0.802888  Q22c =  -0.217709  Q22s =  -0.307157

H          x =  1.350353  y = -2.294927  z =  0.000000 angstrom
           Maximum rank =  2   Radius =  0.350 angstrom
                   Q00  =   0.041140
|Q1| =   0.111752  Q11c =  -0.062520  Q11s =   0.092628
|Q2| =   0.207381  Q20  =  -0.146208  Q22c =  -0.056721  Q22s =  -0.135694

C          x = -0.000005  y =  2.101827  z =  0.000000 angstrom
           Maximum rank =  2   Radius =  0.650 angstrom
                   Q00  =   0.067511
|Q1| =   0.067688  Q11s =  -0.067688
|Q2| =   1.004335  Q20  =  -0.981090  Q22c =  -0.214828  Q22s =  -0.000001

H          x = -0.925181  y =  2.667650  z =  0.000000 angstrom
           Maximum rank =  2   Radius =  0.350 angstrom
                   Q00  =   0.037600
|Q1| =   0.110512  Q11c =   0.066263  Q11s =  -0.088442
|Q2| =   0.206922  Q20  =  -0.149498  Q22c =   0.049909  Q22s =  -0.134076

H          x =  0.925166  y =  2.667658  z =  0.000000 angstrom
           Maximum rank =  2   Radius =  0.350 angstrom
                   Q00  =   0.037600
|Q1| =   0.110511  Q11c =  -0.066262  Q11s =  -0.088443
|Q2| =   0.206923  Q20  =  -0.149498  Q22c =   0.049906  Q22s =   0.134077

TOP1       x =  0.000000  y =  0.000000  z =  2.000000 angstrom
           Maximum rank =  2   Radius =  0.650 angstrom
                   Q00  =  -0.280980
|Q1| =   0.293424  Q10  =   0.293370  Q11s =   0.005673
|Q2| =   0.217470  Q20  =   0.216179  Q21s =  -0.000005  Q22c =  -0.023668

TOP2       x =  0.000000  y =  0.000000  z = -2.000000 angstrom
           Maximum rank =  2   Radius =  0.650 angstrom
                   Q00  =  -0.280980
|Q1| =   0.293424  Q10  =  -0.293370  Q11s =   0.005673
|Q2| =   0.217470  Q20  =   0.216179  Q21s =   0.000005  Q22c =  -0.023668

Total multipoles referred to origin at
           x =   0.000000,  y =    0.000000,  z =    0.000000 angstrom
                   Q00  =   0.000002
|Q1| =   0.253481  Q11s =   0.253481
|Q2| =   6.694983  Q20  =  -6.487158  Q22c =  -1.655168  Q22s =  -0.000011

CPU time used:      1m42.608s          Total:      1m42.608s

Finished at 10:42:25 on 08 Dec 2021 
