                                     G D M A
                                 by Anthony Stone

               Distributed Multipoles from Gaussian wavefunctions

                             version 2.3.3 (e2d289a)
              Compiled with gfortran on 05 October 2021 at 19:26:39

Starting at 12:55:39 on 04 Jan 2022 


Using MP2 density matrix from file bla-01.fchk


                         Distributed Multipole Analysis

Standard DMA for products of primitives with exponent greater than 4.00000
Using 80-point Euler-MacLaurin radial quadrature
Using 590-point Lebedev quadrature
Becke smoothing parameter = 3

Positions and radii in angstrom
Multipole moments in atomic units, ea_0^k for rank k

C          x =  0.672332  y =  1.222247  z =  0.000000 angstrom
           Maximum rank =  2   Radius =  0.650 angstrom
                   Q00  =   0.416407
|Q1| =   0.703624  Q11c =  -0.355618  Q11s =  -0.607142
|Q2| =   0.848968  Q20  =  -0.598595  Q22c =  -0.305901  Q22s =   0.518513

C          x =  1.394663  y = -0.028867  z = -0.000000 angstrom
           Maximum rank =  2   Radius =  0.650 angstrom
                   Q00  =   0.416407
|Q1| =   0.703626  Q11c =  -0.703612  Q11s =  -0.004400
|Q2| =   0.848942  Q20  =  -0.598580  Q22c =   0.601974  Q22s =  -0.005656

C          x =  0.722331  y = -1.193381  z =  0.000000 angstrom
           Maximum rank =  2   Radius =  0.650 angstrom
                   Q00  =   0.416408
|Q1| =   0.703624  Q11c =  -0.347994  Q11s =   0.611545
|Q2| =   0.848968  Q20  =  -0.598593  Q22c =  -0.296109  Q22s =  -0.524168

C          x = -0.722331  y = -1.193381  z =  0.000000 angstrom
           Maximum rank =  2   Radius =  0.650 angstrom
                   Q00  =   0.416408
|Q1| =   0.703624  Q11c =   0.347994  Q11s =   0.611545
|Q2| =   0.848968  Q20  =  -0.598593  Q22c =  -0.296109  Q22s =   0.524168

C          x = -1.394663  y = -0.028867  z =  0.000000 angstrom
           Maximum rank =  2   Radius =  0.650 angstrom
                   Q00  =   0.416407
|Q1| =   0.703626  Q11c =   0.703612  Q11s =  -0.004400
|Q2| =   0.848942  Q20  =  -0.598580  Q22c =   0.601974  Q22s =   0.005656

C          x = -0.672332  y =  1.222247  z = -0.000000 angstrom
           Maximum rank =  2   Radius =  0.650 angstrom
                   Q00  =   0.416407
|Q1| =   0.703624  Q11c =   0.355618  Q11s =  -0.607142
|Q2| =   0.848968  Q20  =  -0.598595  Q22c =  -0.305901  Q22s =  -0.518513

H          x =  1.214544  y =  2.161387  z =  0.000000 angstrom
           Maximum rank =  2   Radius =  0.350 angstrom
                   Q00  =   0.064374
|Q1| =   0.132142  Q11c =  -0.068000  Q11s =  -0.113303
|Q2| =   0.167538  Q20  =  -0.118850  Q22c =  -0.059156  Q22s =   0.102197

H          x =  2.479088  y = -0.028868  z = -0.000000 angstrom
           Maximum rank =  2   Radius =  0.350 angstrom
                   Q00  =   0.064374
|Q1| =   0.132142  Q11c =  -0.132124  Q11s =  -0.002238
|Q2| =   0.167538  Q20  =  -0.118850  Q22c =   0.118083  Q22s =  -0.000132

H          x =  1.264544  y = -2.132520  z =  0.000000 angstrom
           Maximum rank =  2   Radius =  0.350 angstrom
                   Q00  =   0.064374
|Q1| =   0.132142  Q11c =  -0.064123  Q11s =   0.115542
|Q2| =   0.167538  Q20  =  -0.118850  Q22c =  -0.058927  Q22s =  -0.102329

H          x = -1.264544  y = -2.132520  z =  0.000000 angstrom
           Maximum rank =  2   Radius =  0.350 angstrom
                   Q00  =   0.064374
|Q1| =   0.132142  Q11c =   0.064123  Q11s =   0.115542
|Q2| =   0.167538  Q20  =  -0.118850  Q22c =  -0.058927  Q22s =   0.102329

H          x = -2.479088  y = -0.028868  z =  0.000000 angstrom
           Maximum rank =  2   Radius =  0.350 angstrom
                   Q00  =   0.064374
|Q1| =   0.132142  Q11c =   0.132124  Q11s =  -0.002238
|Q2| =   0.167538  Q20  =  -0.118850  Q22c =   0.118083  Q22s =   0.000132

H          x = -1.214544  y =  2.161387  z = -0.000000 angstrom
           Maximum rank =  2   Radius =  0.350 angstrom
                   Q00  =   0.064374
|Q1| =   0.132142  Q11c =   0.068000  Q11s =  -0.113303
|Q2| =   0.167538  Q20  =  -0.118850  Q22c =  -0.059156  Q22s =  -0.102197

TOP(2)     x =  0.000000  y =  0.000000  z =  2.000000 angstrom
           Maximum rank =  2   Radius =  0.650 angstrom
                   Q00  =  -0.109041
|Q1| =   0.026458  Q10  =   0.026458
|Q2| =   0.350861  Q20  =   0.350861

TOP(1)     x =  0.000000  y =  0.000000  z =  1.000000 angstrom
           Maximum rank =  2   Radius =  0.650 angstrom
                   Q00  =  -0.437329
|Q1| =   0.057623  Q10  =  -0.057623
|Q2| =   0.706508  Q20  =   0.706508  Q22c =  -0.000005

TOP(0)     x =  0.000000  y =  0.000000  z =  0.000000 angstrom
           Maximum rank =  2   Radius =  0.650 angstrom
                   Q00  =  -0.648457
|Q1| =   0.000000
|Q2| =   0.455153  Q20  =   0.455153  Q22c =  -0.000004

TOP(ao)    x =  0.000000  y =  0.000000  z =  0.529000 angstrom
           Maximum rank =  2   Radius =  0.650 angstrom
                   Q00  =  -0.571750
|Q1| =   0.010524  Q10  =   0.010524
|Q2| =   0.540683  Q20  =   0.540683  Q22c =  -0.000002

TOP(-a0)   x =  0.000000  y =  0.000000  z = -0.529000 angstrom
           Maximum rank =  2   Radius =  0.650 angstrom
                   Q00  =  -0.571750
|Q1| =   0.010524  Q10  =  -0.010524
|Q2| =   0.540683  Q20  =   0.540683  Q22c =  -0.000002

TOP(-1)    x =  0.000000  y =  0.000000  z = -1.000000 angstrom
           Maximum rank =  2   Radius =  0.650 angstrom
                   Q00  =  -0.437329
|Q1| =   0.057623  Q10  =   0.057623
|Q2| =   0.706508  Q20  =   0.706508  Q22c =  -0.000005

TOP(-2)    x =  0.000000  y =  0.000000  z = -2.000000 angstrom
           Maximum rank =  2   Radius =  0.650 angstrom
                   Q00  =  -0.109041
|Q1| =   0.026458  Q10  =  -0.026458
|Q2| =   0.350861  Q20  =   0.350861

Total multipoles referred to origin at
           x =   0.000000,  y =    0.000000,  z =    0.000000 angstrom
                   Q00  =  -0.000007
|Q1| =   0.000002  Q11s =   0.000002
|Q2| =   6.110169  Q20  =  -6.110169  Q22c =  -0.000128

CPU time used:      1m54.819s          Total:      1m54.819s

Finished at 12:57:34 on 04 Jan 2022 
