                                     G D M A
                                 by Anthony Stone

               Distributed Multipoles from Gaussian wavefunctions

                             version 2.3.3 (e2d289a)
              Compiled with gfortran on 05 October 2021 at 19:26:39

Starting at 11:56:26 on 06 Jan 2022 


Using MP2 density matrix from file clamp-25.fchk


                         Distributed Multipole Analysis

Standard DMA for products of primitives with exponent greater than 4.00000
Using 80-point Euler-MacLaurin radial quadrature
Using 590-point Lebedev quadrature
Becke smoothing parameter = 3

Positions and radii in angstrom
Multipole moments in atomic units, ea_0^k for rank k

C          x =  0.000000  y =  1.418750  z =  0.035068 angstrom
           Maximum rank =  2   Radius =  0.650 angstrom
                   Q00  =   0.362423
|Q1| =   0.649136  Q10  =  -0.048077  Q11s =  -0.647354
|Q2| =   1.424762  Q20  =   0.453775  Q21s =  -0.380907  Q22c =  -1.295741

C          x =  0.000000  y =  0.739706  z =  1.211085 angstrom
           Maximum rank =  2   Radius =  0.650 angstrom
                   Q00  =   1.162876
|Q1| =   1.246199  Q10  =  -0.170083  Q11s =  -1.234537
|Q2| =   1.233165  Q20  =   0.934894  Q21s =  -0.213755  Q22c =  -0.775227

C          x = -0.000000  y = -0.739706  z =  1.211085 angstrom
           Maximum rank =  2   Radius =  0.650 angstrom
                   Q00  =   1.162876
|Q1| =   1.246199  Q10  =  -0.170083  Q11s =   1.234537
|Q2| =   1.233165  Q20  =   0.934894  Q21s =   0.213755  Q22c =  -0.775227

C          x = -0.000000  y = -1.418750  z =  0.035068 angstrom
           Maximum rank =  2   Radius =  0.650 angstrom
                   Q00  =   0.362423
|Q1| =   0.649136  Q10  =  -0.048077  Q11s =   0.647354
|Q2| =   1.424762  Q20  =   0.453775  Q21s =   0.380907  Q22c =  -1.295741

C          x =  0.000000  y = -0.678985  z = -1.246143 angstrom
           Maximum rank =  2   Radius =  0.650 angstrom
                   Q00  =   1.300069
|Q1| =   1.149121  Q10  =   0.054294  Q11s =   1.147838
|Q2| =   1.271708  Q20  =   0.822315  Q21s =   0.139580  Q22c =  -0.959978

C          x =  0.000000  y =  0.678985  z = -1.246143 angstrom
           Maximum rank =  2   Radius =  0.650 angstrom
                   Q00  =   1.300069
|Q1| =   1.149121  Q10  =   0.054294  Q11s =  -1.147838
|Q2| =   1.271708  Q20  =   0.822315  Q21s =  -0.139580  Q22c =  -0.959978

H          x =  0.000000  y =  2.399504  z = -0.422303 angstrom
           Maximum rank =  2   Radius =  0.350 angstrom
                   Q00  =   0.063912
|Q1| =   0.161273  Q10  =  -0.036881  Q11s =  -0.156999
|Q2| =   0.191694  Q20  =   0.051731  Q21s =  -0.105952  Q22c =  -0.151144

H          x =  0.000000  y =  0.834025  z =  2.289132 angstrom
           Maximum rank =  2   Radius =  0.350 angstrom
                   Q00  =   0.239616
|Q1| =   0.275586  Q10  =  -0.091060  Q11s =  -0.260107
|Q2| =   0.154280  Q20  =   0.117250  Q21s =  -0.085088  Q22c =  -0.053056

H          x = -0.000000  y = -0.834025  z =  2.289132 angstrom
           Maximum rank =  2   Radius =  0.350 angstrom
                   Q00  =   0.239616
|Q1| =   0.275586  Q10  =  -0.091060  Q11s =   0.260107
|Q2| =   0.154280  Q20  =   0.117250  Q21s =   0.085088  Q22c =  -0.053056

H          x = -0.000000  y = -2.399504  z = -0.422303 angstrom
           Maximum rank =  2   Radius =  0.350 angstrom
                   Q00  =   0.063912
|Q1| =   0.161273  Q10  =  -0.036881  Q11s =   0.156999
|Q2| =   0.191694  Q20  =   0.051731  Q21s =   0.105952  Q22c =  -0.151144

H          x =  0.000000  y = -1.565428  z = -1.866882 angstrom
           Maximum rank =  2   Radius =  0.350 angstrom
                   Q00  =   0.122113
|Q1| =   0.146708  Q10  =   0.090118  Q11s =   0.115767
|Q2| =   0.168506  Q20  =   0.051145  Q21s =   0.009442  Q22c =  -0.160279

H          x =  0.000000  y =  1.565428  z = -1.866882 angstrom
           Maximum rank =  2   Radius =  0.350 angstrom
                   Q00  =   0.122113
|Q1| =   0.146708  Q10  =   0.090118  Q11s =  -0.115767
|Q2| =   0.168506  Q20  =   0.051145  Q21s =  -0.009442  Q22c =  -0.160279

TOP(2)     x =  0.000000  y =  0.000000  z =  2.000000 angstrom
           Maximum rank =  2   Radius =  0.650 angstrom
                   Q00  =  -1.089690
|Q1| =   0.030549  Q10  =  -0.030549
|Q2| =   0.651134  Q20  =   0.431090  Q22c =  -0.487992

TOP(1)     x =  0.000000  y =  0.000000  z =  1.000000 angstrom
           Maximum rank =  2   Radius =  0.650 angstrom
                   Q00  =  -1.135028
|Q1| =   0.245355  Q10  =  -0.245355
|Q2| =   0.948788  Q20  =   0.512947  Q22c =  -0.798176

TOP(0)     x =  0.000000  y =  0.000000  z =  0.000000 angstrom
           Maximum rank =  2   Radius =  0.650 angstrom
                   Q00  =  -0.536365
|Q1| =   0.005462  Q10  =   0.005462
|Q2| =   0.639646  Q20  =   0.629302  Q22c =  -0.114565

TOP(ao)    x =  0.000000  y =  0.000000  z =  0.529000 angstrom
           Maximum rank =  2   Radius =  0.650 angstrom
                   Q00  =  -0.733291
|Q1| =   0.015584  Q10  =  -0.015584
|Q2| =   0.748219  Q20  =   0.706177  Q22c =  -0.247276

TOP(-a0)   x =  0.000000  y =  0.000000  z = -0.529000 angstrom
           Maximum rank =  2   Radius =  0.650 angstrom
                   Q00  =  -0.770703
|Q1| =   0.011025  Q10  =   0.011025
|Q2| =   0.787365  Q20  =   0.763222  Q22c =  -0.193483

TOP(-1)    x =  0.000000  y =  0.000000  z = -1.000000 angstrom
           Maximum rank =  2   Radius =  0.650 angstrom
                   Q00  =  -1.163313
|Q1| =   0.256707  Q10  =   0.256707
|Q2| =   0.978610  Q20  =   0.506908  Q22c =  -0.837091

TOP(-2)    x =  0.000000  y =  0.000000  z = -2.000000 angstrom
           Maximum rank =  2   Radius =  0.650 angstrom
                   Q00  =  -1.073622
|Q1| =   0.034253  Q10  =   0.034253
|Q2| =   0.697820  Q20  =   0.688522  Q22c =  -0.113534

Total multipoles referred to origin at
           x =   0.000000,  y =    0.000000,  z =    0.000000 angstrom
                   Q00  =   0.000005
|Q1| =   0.000030  Q10  =  -0.000030
|Q2| =   5.462845  Q20  =   2.730956  Q22c =  -4.731232

CPU time used:      1m53.905s          Total:      1m53.905s

Finished at 11:58:20 on 06 Jan 2022 
