                                     G D M A
                                 by Anthony Stone

               Distributed Multipoles from Gaussian wavefunctions

                             version 2.3.3 (e2d289a)
              Compiled with gfortran on 05 October 2021 at 19:26:39

Starting at 20:06:55 on 06 Dec 2021 


Using MP2 density matrix from file clamp-25.fchk


                         Distributed Multipole Analysis

Standard DMA for products of primitives with exponent greater than 4.00000
Using 80-point Euler-MacLaurin radial quadrature
Using 590-point Lebedev quadrature
Becke smoothing parameter = 3

Positions and radii in angstrom
Multipole moments in atomic units, ea_0^k for rank k

C          x =  0.000000  y =  1.418750  z =  0.035068 angstrom
           Maximum rank =  2   Radius =  0.650 angstrom
                   Q00  =   0.008936
|Q1| =   0.111967  Q10  =  -0.037744  Q11s =  -0.105414
|Q2| =   1.365674  Q20  =   0.761202  Q21s =  -0.473706  Q22c =  -1.030165

C          x =  0.000000  y =  0.739706  z =  1.211085 angstrom
           Maximum rank =  2   Radius =  0.650 angstrom
                   Q00  =   0.400721
|Q1| =   0.658736  Q10  =   0.429649  Q11s =  -0.499334
|Q2| =   1.622421  Q20  =   1.005030  Q21s =  -0.914283  Q22c =  -0.886709

C          x = -0.000000  y = -0.739706  z =  1.211085 angstrom
           Maximum rank =  2   Radius =  0.650 angstrom
                   Q00  =   0.400721
|Q1| =   0.658736  Q10  =   0.429649  Q11s =   0.499334
|Q2| =   1.622421  Q20  =   1.005030  Q21s =   0.914283  Q22c =  -0.886709

C          x = -0.000000  y = -1.418750  z =  0.035068 angstrom
           Maximum rank =  2   Radius =  0.650 angstrom
                   Q00  =   0.008936
|Q1| =   0.111967  Q10  =  -0.037744  Q11s =   0.105414
|Q2| =   1.365674  Q20  =   0.761202  Q21s =   0.473706  Q22c =  -1.030165

C          x =  0.000000  y = -0.678985  z = -1.246143 angstrom
           Maximum rank =  2   Radius =  0.650 angstrom
                   Q00  =   0.505688
|Q1| =   0.759036  Q10  =  -0.616584  Q11s =   0.442674
|Q2| =   1.494188  Q20  =   0.724358  Q21s =  -0.508906  Q22c =  -1.203710

C          x =  0.000000  y =  0.678985  z = -1.246143 angstrom
           Maximum rank =  2   Radius =  0.650 angstrom
                   Q00  =   0.505688
|Q1| =   0.759036  Q10  =  -0.616584  Q11s =  -0.442674
|Q2| =   1.494188  Q20  =   0.724358  Q21s =   0.508906  Q22c =  -1.203710

H          x =  0.000000  y =  2.399504  z = -0.422303 angstrom
           Maximum rank =  2   Radius =  0.350 angstrom
                   Q00  =   0.041159
|Q1| =   0.148021  Q10  =  -0.038669  Q11s =  -0.142881
|Q2| =   0.214499  Q20  =   0.056179  Q21s =  -0.113562  Q22c =  -0.173082

H          x =  0.000000  y =  0.834025  z =  2.289132 angstrom
           Maximum rank =  2   Radius =  0.350 angstrom
                   Q00  =   0.219899
|Q1| =   0.276033  Q10  =  -0.077725  Q11s =  -0.264864
|Q2| =   0.163359  Q20  =   0.125790  Q21s =  -0.076745  Q22c =  -0.070520

H          x = -0.000000  y = -0.834025  z =  2.289132 angstrom
           Maximum rank =  2   Radius =  0.350 angstrom
                   Q00  =   0.219899
|Q1| =   0.276033  Q10  =  -0.077725  Q11s =   0.264864
|Q2| =   0.163359  Q20  =   0.125790  Q21s =   0.076745  Q22c =  -0.070520

H          x = -0.000000  y = -2.399504  z = -0.422303 angstrom
           Maximum rank =  2   Radius =  0.350 angstrom
                   Q00  =   0.041159
|Q1| =   0.148021  Q10  =  -0.038669  Q11s =   0.142881
|Q2| =   0.214499  Q20  =   0.056179  Q21s =   0.113562  Q22c =  -0.173082

H          x =  0.000000  y = -1.565428  z = -1.866882 angstrom
           Maximum rank =  2   Radius =  0.350 angstrom
                   Q00  =   0.096784
|Q1| =   0.129628  Q10  =   0.078509  Q11s =   0.103150
|Q2| =   0.192804  Q20  =   0.057980  Q21s =   0.009751  Q22c =  -0.183620

H          x =  0.000000  y =  1.565428  z = -1.866882 angstrom
           Maximum rank =  2   Radius =  0.350 angstrom
                   Q00  =   0.096784
|Q1| =   0.129628  Q10  =   0.078509  Q11s =  -0.103150
|Q2| =   0.192804  Q20  =   0.057980  Q21s =  -0.009751  Q22c =  -0.183620

TOP1       x =  0.000000  y =  0.000000  z =  2.000000 angstrom
           Maximum rank =  2   Radius =  0.650 angstrom
                   Q00  =  -1.289637
|Q1| =   0.213009  Q10  =   0.213009
|Q2| =   0.736509  Q20  =   0.303623  Q22c =  -0.671013

TOP2       x =  0.000000  y =  0.000000  z = -2.000000 angstrom
           Maximum rank =  2   Radius =  0.650 angstrom
                   Q00  =  -1.256735
|Q1| =   0.171202  Q10  =  -0.171202
|Q2| =   0.680680  Q20  =   0.616629  Q22c =  -0.288262

Total multipoles referred to origin at
           x =   0.000000,  y =    0.000000,  z =    0.000000 angstrom
                   Q00  =   0.000003
|Q1| =   0.000034  Q10  =  -0.000034
|Q2| =   5.462862  Q20  =   2.730962  Q22c =  -4.731248

CPU time used:      0m25.183s          Total:      0m25.183s

Finished at 20:07:20 on 06 Dec 2021 
