                                     G D M A
                                 by Anthony Stone

               Distributed Multipoles from Gaussian wavefunctions

                             version 2.3.3 (e2d289a)
              Compiled with gfortran on 05 October 2021 at 19:26:39

Starting at 13:06:50 on 06 Jan 2022 


Using MP2 density matrix from file pyramid-15.fchk


                         Distributed Multipole Analysis

Standard DMA for products of primitives with exponent greater than 4.00000
Using 80-point Euler-MacLaurin radial quadrature
Using 590-point Lebedev quadrature
Becke smoothing parameter = 3

Positions and radii in angstrom
Multipole moments in atomic units, ea_0^k for rank k

C          x = -1.209103  y =  0.698100  z = -0.040128 angstrom
           Maximum rank =  2   Radius =  0.650 angstrom
                   Q00  =   0.414927
|Q1| =   0.713290  Q10  =   0.053264  Q11c =   0.615991  Q11s =  -0.355669
|Q2| =   0.840143  Q20  =  -0.543494  Q21c =  -0.248163  Q21s =   0.143244
                   Q22c =   0.286573  Q22s =  -0.496212

C          x = -1.209103  y = -0.698100  z = -0.040128 angstrom
           Maximum rank =  2   Radius =  0.650 angstrom
                   Q00  =   0.414927
|Q1| =   0.713290  Q10  =   0.053264  Q11c =   0.615991  Q11s =   0.355669
|Q2| =   0.840143  Q20  =  -0.543494  Q21c =  -0.248163  Q21s =  -0.143244
                   Q22c =   0.286573  Q22s =   0.496212

C          x =  0.000000  y = -1.396263  z = -0.040097 angstrom
           Maximum rank =  2   Radius =  0.650 angstrom
                   Q00  =   0.414858
|Q1| =   0.713179  Q10  =   0.053279  Q11s =   0.711186
|Q2| =   0.840200  Q20  =  -0.543524  Q21s =  -0.286567  Q22c =  -0.573059

C          x =  1.209103  y = -0.698100  z = -0.040128 angstrom
           Maximum rank =  2   Radius =  0.650 angstrom
                   Q00  =   0.414927
|Q1| =   0.713290  Q10  =   0.053264  Q11c =  -0.615991  Q11s =   0.355669
|Q2| =   0.840143  Q20  =  -0.543494  Q21c =   0.248163  Q21s =  -0.143244
                   Q22c =   0.286573  Q22s =  -0.496212

C          x =  1.209103  y =  0.698100  z = -0.040128 angstrom
           Maximum rank =  2   Radius =  0.650 angstrom
                   Q00  =   0.414927
|Q1| =   0.713290  Q10  =   0.053264  Q11c =  -0.615991  Q11s =  -0.355669
|Q2| =   0.840143  Q20  =  -0.543494  Q21c =   0.248163  Q21s =   0.143244
                   Q22c =   0.286573  Q22s =   0.496212

C          x =  0.000000  y =  1.396263  z = -0.040097 angstrom
           Maximum rank =  2   Radius =  0.650 angstrom
                   Q00  =   0.414858
|Q1| =   0.713179  Q10  =   0.053279  Q11s =  -0.711186
|Q2| =   0.840200  Q20  =  -0.543524  Q21s =   0.286567  Q22c =  -0.573059

H          x = -2.116788  y =  1.222046  z =  0.240696 angstrom
           Maximum rank =  2   Radius =  0.350 angstrom
                   Q00  =   0.065521
|Q1| =   0.136947  Q10  =  -0.000928  Q11c =   0.118599  Q11s =  -0.068468
|Q2| =   0.165853  Q20  =  -0.098905  Q21c =  -0.070295  Q21s =   0.040580
                   Q22c =   0.052766  Q22s =  -0.091393

H          x = -2.116788  y = -1.222046  z =  0.240696 angstrom
           Maximum rank =  2   Radius =  0.350 angstrom
                   Q00  =   0.065521
|Q1| =   0.136947  Q10  =  -0.000928  Q11c =   0.118599  Q11s =   0.068468
|Q2| =   0.165853  Q20  =  -0.098905  Q21c =  -0.070295  Q21s =  -0.040580
                   Q22c =   0.052766  Q22s =   0.091393

H          x =  0.000000  y = -2.444307  z =  0.240726 angstrom
           Maximum rank =  2   Radius =  0.350 angstrom
                   Q00  =   0.065529
|Q1| =   0.136927  Q10  =  -0.000936  Q11s =   0.136923
|Q2| =   0.165875  Q20  =  -0.098912  Q21s =  -0.081152  Q22c =  -0.105571

H          x =  2.116788  y = -1.222046  z =  0.240696 angstrom
           Maximum rank =  2   Radius =  0.350 angstrom
                   Q00  =   0.065521
|Q1| =   0.136947  Q10  =  -0.000928  Q11c =  -0.118599  Q11s =   0.068468
|Q2| =   0.165853  Q20  =  -0.098905  Q21c =   0.070295  Q21s =  -0.040580
                   Q22c =   0.052766  Q22s =  -0.091393

H          x =  2.116788  y =  1.222046  z =  0.240696 angstrom
           Maximum rank =  2   Radius =  0.350 angstrom
                   Q00  =   0.065521
|Q1| =   0.136947  Q10  =  -0.000928  Q11c =  -0.118599  Q11s =  -0.068468
|Q2| =   0.165853  Q20  =  -0.098905  Q21c =   0.070295  Q21s =   0.040580
                   Q22c =   0.052766  Q22s =   0.091393

H          x =  0.000000  y =  2.444307  z =  0.240726 angstrom
           Maximum rank =  2   Radius =  0.350 angstrom
                   Q00  =   0.065529
|Q1| =   0.136927  Q10  =  -0.000936  Q11s =  -0.136923
|Q2| =   0.165875  Q20  =  -0.098912  Q21s =   0.081152  Q22c =  -0.105571

TOP(2)     x =  0.000000  y =  0.000000  z =  2.000000 angstrom
           Maximum rank =  2   Radius =  0.650 angstrom
                   Q00  =  -0.101511
|Q1| =   0.025169  Q10  =   0.025169
|Q2| =   0.346069  Q20  =   0.346069  Q22c =  -0.000002

TOP(1)     x =  0.000000  y =  0.000000  z =  1.000000 angstrom
           Maximum rank =  2   Radius =  0.650 angstrom
                   Q00  =  -0.413658
|Q1| =   0.050702  Q10  =  -0.050702
|Q2| =   0.690753  Q20  =   0.690753

TOP(0)     x =  0.000000  y =  0.000000  z =  0.000000 angstrom
           Maximum rank =  2   Radius =  0.650 angstrom
                   Q00  =  -0.655702
|Q1| =   0.004510  Q10  =  -0.004510
|Q2| =   0.461172  Q20  =   0.461172  Q22c =   0.000030

TOP(ao)    x =  0.000000  y =  0.000000  z =  0.529000 angstrom
           Maximum rank =  2   Radius =  0.650 angstrom
                   Q00  =  -0.576037
|Q1| =   0.014320  Q10  =   0.014320
|Q2| =   0.559464  Q20  =   0.559464  Q22c =   0.000012

TOP(-a0)   x =  0.000000  y =  0.000000  z = -0.529000 angstrom
           Maximum rank =  2   Radius =  0.650 angstrom
                   Q00  =  -0.564078
|Q1| =   0.009957  Q10  =  -0.009957
|Q2| =   0.517645  Q20  =   0.517645  Q22c =   0.000022

TOP(-1)    x =  0.000000  y =  0.000000  z = -1.000000 angstrom
           Maximum rank =  2   Radius =  0.650 angstrom
                   Q00  =  -0.453050
|Q1| =   0.065377  Q10  =   0.065377
|Q2| =   0.715925  Q20  =   0.715925  Q22c =   0.000004

TOP(-2)    x =  0.000000  y =  0.000000  z = -2.000000 angstrom
           Maximum rank =  2   Radius =  0.650 angstrom
                   Q00  =  -0.118525
|Q1| =   0.028440  Q10  =  -0.028440
|Q2| =   0.373169  Q20  =   0.373169  Q22c =  -0.000012

Total multipoles referred to origin at
           x =   0.000000,  y =    0.000000,  z =    0.000000 angstrom
                   Q00  =   0.000006
|Q1| =   0.442177  Q10  =   0.442177
|Q2| =   5.314530  Q20  =  -5.314530  Q22c =  -0.000714

CPU time used:      1m55.914s          Total:      1m55.914s

Finished at 13:08:46 on 06 Jan 2022 
