                                     G D M A
                                 by Anthony Stone

               Distributed Multipoles from Gaussian wavefunctions

                             version 2.3.3 (e2d289a)
              Compiled with gfortran on 05 October 2021 at 19:26:39

Starting at 13:01:59 on 06 Jan 2022 


Using MP2 density matrix from file chair-25.fchk


                         Distributed Multipole Analysis

Standard DMA for products of primitives with exponent greater than 4.00000
Using 80-point Euler-MacLaurin radial quadrature
Using 590-point Lebedev quadrature
Becke smoothing parameter = 3

Positions and radii in angstrom
Multipole moments in atomic units, ea_0^k for rank k

C          x =  0.100642  y =  1.363277  z =  0.000000 angstrom
           Maximum rank =  2   Radius =  0.650 angstrom
                   Q00  =   0.391746
|Q1| =   0.672499  Q11c =  -0.067419  Q11s =  -0.669111
|Q2| =   1.398533  Q20  =   0.297870  Q22c =  -1.362761  Q22s =   0.100256

C          x = -0.100642  y =  0.694758  z =  1.214164 angstrom
           Maximum rank =  2   Radius =  0.650 angstrom
                   Q00  =   1.247969
|Q1| =   1.210862  Q10  =  -0.072128  Q11c =   0.183747  Q11s =  -1.194664
|Q2| =   1.245929  Q20  =   0.968012  Q21c =  -0.075321  Q21s =   0.058484
                   Q22c =  -0.776998  Q22s =  -0.049737

C          x =  0.100642  y = -0.694758  z =  1.214164 angstrom
           Maximum rank =  2   Radius =  0.650 angstrom
                   Q00  =   1.247969
|Q1| =   1.210862  Q10  =  -0.072128  Q11c =  -0.183747  Q11s =   1.194664
|Q2| =   1.245929  Q20  =   0.968012  Q21c =   0.075321  Q21s =  -0.058484
                   Q22c =  -0.776998  Q22s =  -0.049737

C          x = -0.100642  y = -1.363277  z =  0.000000 angstrom
           Maximum rank =  2   Radius =  0.650 angstrom
                   Q00  =   0.391746
|Q1| =   0.672499  Q11c =   0.067419  Q11s =   0.669111
|Q2| =   1.398533  Q20  =   0.297870  Q22c =  -1.362761  Q22s =   0.100256

C          x =  0.100642  y = -0.694758  z = -1.214164 angstrom
           Maximum rank =  2   Radius =  0.650 angstrom
                   Q00  =   1.247969
|Q1| =   1.210862  Q10  =   0.072128  Q11c =  -0.183747  Q11s =   1.194664
|Q2| =   1.245929  Q20  =   0.968012  Q21c =  -0.075321  Q21s =   0.058484
                   Q22c =  -0.776998  Q22s =  -0.049737

C          x = -0.100642  y =  0.694758  z = -1.214164 angstrom
           Maximum rank =  2   Radius =  0.650 angstrom
                   Q00  =   1.247969
|Q1| =   1.210862  Q10  =   0.072128  Q11c =   0.183747  Q11s =  -1.194664
|Q2| =   1.245929  Q20  =   0.968012  Q21c =   0.075321  Q21s =  -0.058484
                   Q22c =  -0.776998  Q22s =  -0.049737

H          x =  0.087930  y =  2.450392  z =  0.000000 angstrom
           Maximum rank =  2   Radius =  0.350 angstrom
                   Q00  =   0.059589
|Q1| =   0.136746  Q11c =  -0.002847  Q11s =  -0.136716
|Q2| =   0.183746  Q20  =  -0.008664  Q22c =  -0.183092  Q22s =   0.012833

H          x = -0.079819  y =  1.252113  z =  2.145278 angstrom
           Maximum rank =  2   Radius =  0.350 angstrom
                   Q00  =   0.170558
|Q1| =   0.184978  Q10  =  -0.053831  Q11c =   0.012476  Q11s =  -0.176532
|Q2| =   0.151704  Q20  =   0.112877  Q21c =   0.002458  Q21s =  -0.001537
                   Q22c =  -0.100524  Q22s =  -0.012627

H          x =  0.079819  y = -1.252113  z =  2.145278 angstrom
           Maximum rank =  2   Radius =  0.350 angstrom
                   Q00  =   0.170558
|Q1| =   0.184978  Q10  =  -0.053831  Q11c =  -0.012476  Q11s =   0.176532
|Q2| =   0.151704  Q20  =   0.112877  Q21c =  -0.002458  Q21s =   0.001537
                   Q22c =  -0.100524  Q22s =  -0.012627

H          x = -0.087930  y = -2.450392  z = -0.000000 angstrom
           Maximum rank =  2   Radius =  0.350 angstrom
                   Q00  =   0.059589
|Q1| =   0.136746  Q11c =   0.002847  Q11s =   0.136716
|Q2| =   0.183746  Q20  =  -0.008664  Q22c =  -0.183092  Q22s =   0.012833

H          x =  0.079819  y = -1.252113  z = -2.145278 angstrom
           Maximum rank =  2   Radius =  0.350 angstrom
                   Q00  =   0.170558
|Q1| =   0.184978  Q10  =   0.053831  Q11c =  -0.012476  Q11s =   0.176532
|Q2| =   0.151704  Q20  =   0.112877  Q21c =   0.002458  Q21s =  -0.001537
                   Q22c =  -0.100524  Q22s =  -0.012627

H          x = -0.079819  y =  1.252113  z = -2.145278 angstrom
           Maximum rank =  2   Radius =  0.350 angstrom
                   Q00  =   0.170558
|Q1| =   0.184978  Q10  =   0.053831  Q11c =   0.012476  Q11s =  -0.176532
|Q2| =   0.151704  Q20  =   0.112877  Q21c =  -0.002458  Q21s =   0.001537
                   Q22c =  -0.100524  Q22s =  -0.012627

TOP(2)     x =  0.000000  y =  0.000000  z =  2.000000 angstrom
           Maximum rank =  2   Radius =  0.650 angstrom
                   Q00  =  -1.068838
|Q1| =   0.043310  Q10  =  -0.043310
|Q2| =   0.634839  Q20  =   0.586002  Q22c =  -0.232309  Q22s =  -0.075198

TOP(1)     x =  0.000000  y =  0.000000  z =  1.000000 angstrom
           Maximum rank =  2   Radius =  0.650 angstrom
                   Q00  =  -1.167787
|Q1| =   0.254749  Q10  =  -0.254749
|Q2| =   0.985516  Q20  =   0.510899  Q22c =  -0.807829  Q22s =  -0.240075

TOP(0)     x =  0.000000  y =  0.000000  z =  0.000000 angstrom
           Maximum rank =  2   Radius =  0.650 angstrom
                   Q00  =  -0.556111
|Q1| =   0.000000
|Q2| =   0.651540  Q20  =   0.628182  Q22c =  -0.153636  Q22s =   0.079296

TOP(ao)    x =  0.000000  y =  0.000000  z =  0.529000 angstrom
           Maximum rank =  2   Radius =  0.650 angstrom
                   Q00  =  -0.773711
|Q1| =   0.012333  Q10  =  -0.012333
|Q2| =   0.768978  Q20  =   0.728492  Q22c =  -0.238105  Q22s =  -0.062702

TOP(-a0)   x =  0.000000  y =  0.000000  z = -0.529000 angstrom
           Maximum rank =  2   Radius =  0.650 angstrom
                   Q00  =  -0.773711
|Q1| =   0.012333  Q10  =   0.012333
|Q2| =   0.768978  Q20  =   0.728492  Q22c =  -0.238105  Q22s =  -0.062702

TOP(-1)    x =  0.000000  y =  0.000000  z = -1.000000 angstrom
           Maximum rank =  2   Radius =  0.650 angstrom
                   Q00  =  -1.167787
|Q1| =   0.254749  Q10  =   0.254749
|Q2| =   0.985516  Q20  =   0.510899  Q22c =  -0.807829  Q22s =  -0.240075

TOP(-2)    x =  0.000000  y =  0.000000  z = -2.000000 angstrom
           Maximum rank =  2   Radius =  0.650 angstrom
                   Q00  =  -1.068838
|Q1| =   0.043310  Q10  =   0.043310
|Q2| =   0.634839  Q20  =   0.586002  Q22c =  -0.232309  Q22s =  -0.075198

Total multipoles referred to origin at
           x =   0.000000,  y =    0.000000,  z =    0.000000 angstrom
                   Q00  =  -0.000004
|Q1| =   0.000000
|Q2| =   5.897671  Q20  =   3.179987  Q22c =  -4.966899  Q22s =   0.010808

CPU time used:      1m55.169s          Total:      1m55.169s

Finished at 13:03:54 on 06 Jan 2022 
