                                     G D M A
                                 by Anthony Stone

               Distributed Multipoles from Gaussian wavefunctions

                             version 2.3.3 (e2d289a)
              Compiled with gfortran on 05 October 2021 at 19:26:39

Starting at 10:37:12 on 08 Dec 2021 


Using MP2 density matrix from file hepta-o.fchk


                         Distributed Multipole Analysis

Standard DMA for products of primitives with exponent greater than 4.00000
Using 80-point Euler-MacLaurin radial quadrature
Using 590-point Lebedev quadrature
Becke smoothing parameter = 3

Positions and radii in angstrom
Multipole moments in atomic units, ea_0^k for rank k

C          x =  0.680562  y = -1.846819  z =  0.000000 angstrom
           Maximum rank =  2   Radius =  0.650 angstrom
                   Q00  =   0.022313
|Q1| =   0.092939  Q11c =  -0.021830  Q11s =   0.090339
|Q2| =   0.962054  Q20  =  -0.960636  Q22c =   0.014204  Q22s =  -0.050236

C          x =  1.562598  y = -0.718338  z =  0.000000 angstrom
           Maximum rank =  2   Radius =  0.650 angstrom
                   Q00  =   0.044233
|Q1| =   0.098180  Q11c =  -0.094407  Q11s =   0.026958
|Q2| =   0.830887  Q20  =  -0.828236  Q22c =  -0.028479  Q22s =  -0.059888

C          x = -0.680532  y = -1.846844  z =  0.000000 angstrom
           Maximum rank =  2   Radius =  0.650 angstrom
                   Q00  =   0.022311
|Q1| =   0.092943  Q11c =   0.021830  Q11s =   0.090343
|Q2| =   0.962054  Q20  =  -0.960636  Q22c =   0.014201  Q22s =   0.050233

C          x = -1.562607  y = -0.718398  z = -0.000000 angstrom
           Maximum rank =  2   Radius =  0.650 angstrom
                   Q00  =   0.044232
|Q1| =   0.098180  Q11c =   0.094408  Q11s =   0.026951
|Q2| =   0.830899  Q20  =  -0.828248  Q22c =  -0.028448  Q22s =   0.059902

C          x = -1.284295  y =  0.611249  z = -0.000000 angstrom
           Maximum rank =  2   Radius =  0.650 angstrom
                   Q00  =   0.084631
|Q1| =   0.122873  Q11c =   0.122827  Q11s =   0.003376
|Q2| =   0.674802  Q20  =  -0.656518  Q22c =  -0.154717  Q22s =   0.020110

C          x = -0.000000  y =  1.327143  z = -0.000000 angstrom
           Maximum rank =  2   Radius =  0.650 angstrom
                   Q00  =   0.210350
|Q1| =   0.019517  Q11c =   0.000004  Q11s =  -0.019517
|Q2| =   0.376303  Q20  =  -0.321808  Q22c =  -0.195048  Q22s =  -0.000026

C          x =  1.284302  y =  0.611299  z =  0.000000 angstrom
           Maximum rank =  2   Radius =  0.650 angstrom
                   Q00  =   0.084629
|Q1| =   0.122871  Q11c =  -0.122825  Q11s =   0.003364
|Q2| =   0.674818  Q20  =  -0.656546  Q22c =  -0.154666  Q22s =  -0.020111

H          x = -2.125603  y =  1.297971  z = -0.000000 angstrom
           Maximum rank =  2   Radius =  0.350 angstrom
                   Q00  =   0.069342
|Q1| =   0.112177  Q11c =   0.102768  Q11s =  -0.044970
|Q2| =   0.172161  Q20  =  -0.146124  Q22c =   0.003084  Q22s =  -0.090982

H          x =  2.125631  y =  1.297991  z =  0.000000 angstrom
           Maximum rank =  2   Radius =  0.350 angstrom
                   Q00  =   0.069341
|Q1| =   0.112174  Q11c =  -0.102763  Q11s =  -0.044976
|Q2| =   0.172163  Q20  =  -0.146124  Q22c =   0.003097  Q22s =   0.090984

H          x =  2.618869  y = -0.974154  z =  0.000000 angstrom
           Maximum rank =  2   Radius =  0.350 angstrom
                   Q00  =   0.046814
|Q1| =   0.114239  Q11c =  -0.110019  Q11s =   0.030761
|Q2| =   0.189917  Q20  =  -0.151716  Q22c =   0.101975  Q22s =  -0.051494

H          x =  1.168314  y = -2.816619  z =  0.000000 angstrom
           Maximum rank =  2   Radius =  0.350 angstrom
                   Q00  =   0.043142
|Q1| =   0.113527  Q11c =  -0.050058  Q11s =   0.101894
|Q2| =   0.198803  Q20  =  -0.158974  Q22c =  -0.069900  Q22s =  -0.096768

H          x = -1.168248  y = -2.816668  z =  0.000000 angstrom
           Maximum rank =  2   Radius =  0.350 angstrom
                   Q00  =   0.043143
|Q1| =   0.113526  Q11c =   0.050054  Q11s =   0.101896
|Q2| =   0.198803  Q20  =  -0.158973  Q22c =  -0.069908  Q22s =   0.096762

H          x = -2.618873  y = -0.974232  z = -0.000000 angstrom
           Maximum rank =  2   Radius =  0.350 angstrom
                   Q00  =   0.046817
|Q1| =   0.114235  Q11c =   0.110016  Q11s =   0.030760
|Q2| =   0.189919  Q20  =  -0.151715  Q22c =   0.101978  Q22s =   0.051501

O          x = -0.000031  y =  2.558744  z = -0.000000 angstrom
           Maximum rank =  2   Radius =  0.650 angstrom
                   Q00  =  -0.379523
|Q1| =   0.510581  Q11c =   0.000016  Q11s =  -0.510581
|Q2| =   1.032428  Q20  =  -0.107370  Q22c =  -1.026830  Q22s =  -0.000050

TOP1       x =  0.000000  y =  0.000000  z =  2.000000 angstrom
           Maximum rank =  2   Radius =  0.650 angstrom
                   Q00  =  -0.225881
|Q1| =   0.245118  Q10  =   0.244522  Q11c =   0.000001  Q11s =   0.017074
|Q2| =   0.160142  Q20  =   0.136399  Q21c =  -0.000002  Q21s =  -0.006264
                   Q22c =  -0.083675  Q22s =  -0.000001

TOP2       x =  0.000000  y =  0.000000  z = -2.000000 angstrom
           Maximum rank =  2   Radius =  0.650 angstrom
                   Q00  =  -0.225881
|Q1| =   0.245118  Q10  =  -0.244522  Q11c =   0.000001  Q11s =   0.017074
|Q2| =   0.160142  Q20  =   0.136399  Q21c =   0.000002  Q21s =   0.006264
                   Q22c =  -0.083675  Q22s =  -0.000001

Total multipoles referred to origin at
           x =   0.000000,  y =    0.000000,  z =    0.000000 angstrom
                   Q00  =   0.000011
|Q1| =   1.758612  Q11c =   0.000035  Q11s =  -1.758612
|Q2| =   9.444703  Q20  =  -2.625398  Q22c =   9.072469  Q22s =   0.000402

CPU time used:      2m28.940s          Total:      2m28.940s

Finished at 10:39:41 on 08 Dec 2021 
