                                     G D M A
                                 by Anthony Stone

               Distributed Multipoles from Gaussian wavefunctions

                             version 2.3.3 (e2d289a)
              Compiled with gfortran on 05 October 2021 at 19:26:39

Starting at 11:51:22 on 07 Dec 2021 


Using MP2 density matrix from file nh2.fchk


                         Distributed Multipole Analysis

Standard DMA for products of primitives with exponent greater than 4.00000
Using 80-point Euler-MacLaurin radial quadrature
Using 590-point Lebedev quadrature
Becke smoothing parameter = 3

Positions and radii in angstrom
Multipole moments in atomic units, ea_0^k for rank k

C          x =  1.170643  y =  1.200836  z =  0.003313 angstrom
           Maximum rank =  2   Radius =  0.650 angstrom
                   Q00  =   0.019008
|Q1| =   0.136735  Q10  =  -0.000548  Q11c =  -0.088669  Q11s =  -0.104086
|Q2| =   0.917745  Q20  =  -0.903959  Q21c =   0.009093  Q21s =  -0.002174
                   Q22c =  -0.059985  Q22s =   0.146381

C          x = -0.220576  y =  1.206375  z = -0.004820 angstrom
           Maximum rank =  2   Radius =  0.650 angstrom
                   Q00  =   0.054820
|Q1| =   0.175360  Q10  =  -0.013285  Q11c =   0.021609  Q11s =  -0.173516
|Q2| =   0.649683  Q20  =  -0.643194  Q21c =   0.034541  Q21s =  -0.011781
                   Q22c =  -0.053326  Q22s =  -0.064914

C          x = -0.936894  y =  0.000140  z = -0.007529 angstrom
           Maximum rank =  2   Radius =  0.650 angstrom
                   Q00  =   0.133705
|Q1| =   0.121504  Q10  =  -0.040197  Q11c =   0.114662  Q11s =  -0.000002
|Q2| =   0.366546  Q20  =  -0.323655  Q21c =   0.070653  Q21s =   0.000013
                   Q22c =   0.156881  Q22s =   0.000149

C          x = -0.220602  y = -1.206208  z = -0.004761 angstrom
           Maximum rank =  2   Radius =  0.650 angstrom
                   Q00  =   0.054811
|Q1| =   0.175358  Q10  =  -0.013322  Q11c =   0.021661  Q11s =   0.173504
|Q2| =   0.649551  Q20  =  -0.643067  Q21c =   0.034628  Q21s =   0.011912
                   Q22c =  -0.053201  Q22s =   0.064891

C          x =  1.170605  y = -1.200952  z =  0.003338 angstrom
           Maximum rank =  2   Radius =  0.650 angstrom
                   Q00  =   0.019018
|Q1| =   0.136746  Q10  =  -0.000494  Q11c =  -0.088666  Q11s =   0.104104
|Q2| =   0.917768  Q20  =  -0.903965  Q21c =   0.009140  Q21s =   0.001973
                   Q22c =  -0.060171  Q22s =  -0.146414

C          x =  1.879603  y = -0.000076  z =  0.007653 angstrom
           Maximum rank =  2   Radius =  0.650 angstrom
                   Q00  =  -0.007108
|Q1| =   0.130726  Q10  =   0.000085  Q11c =  -0.130726  Q11s =   0.000017
|Q2| =   1.056078  Q20  =  -1.039318  Q21c =   0.009545  Q21s =  -0.000020
                   Q22c =   0.187162  Q22s =   0.000138

N          x = -2.333441  y = -0.000002  z = -0.072364 angstrom
           Maximum rank =  2   Radius =  0.650 angstrom
                   Q00  =  -0.158901
|Q1| =   0.409207  Q10  =   0.386056  Q11c =   0.135688  Q11s =  -0.000329
|Q2| =   1.540240  Q20  =  -1.397259  Q21c =  -0.646831  Q21s =   0.001637
                   Q22c =   0.040174  Q22s =   0.000286

H          x = -0.760023  y = -2.148285  z = -0.013819 angstrom
           Maximum rank =  2   Radius =  0.350 angstrom
                   Q00  =   0.046559
|Q1| =   0.125474  Q10  =  -0.002059  Q11c =   0.052874  Q11s =   0.113771
|Q2| =   0.174246  Q20  =  -0.142346  Q21c =   0.002861  Q21s =   0.003691
                   Q22c =  -0.049810  Q22s =   0.087158

H          x =  1.703683  y = -2.145555  z =  0.006840 angstrom
           Maximum rank =  2   Radius =  0.350 angstrom
                   Q00  =   0.037702
|Q1| =   0.119628  Q10  =  -0.000672  Q11c =  -0.060770  Q11s =   0.103042
|Q2| =   0.199738  Q20  =  -0.154570  Q21c =   0.001037  Q21s =  -0.000263
                   Q22c =  -0.064679  Q22s =  -0.108715

H          x =  2.962912  y =  0.000039  z =  0.014557 angstrom
           Maximum rank =  2   Radius =  0.350 angstrom
                   Q00  =   0.034938
|Q1| =   0.118940  Q10  =  -0.000757  Q11c =  -0.118937  Q11s =   0.000012
|Q2| =   0.211338  Q20  =  -0.165635  Q21c =   0.002528  Q21s =  -0.000005
                   Q22c =   0.131234  Q22s =   0.000033

H          x =  1.703933  y =  2.145321  z =  0.006657 angstrom
           Maximum rank =  2   Radius =  0.350 angstrom
                   Q00  =   0.037690
|Q1| =   0.119639  Q10  =  -0.000672  Q11c =  -0.060781  Q11s =  -0.103047
|Q2| =   0.199737  Q20  =  -0.154578  Q21c =   0.001008  Q21s =   0.000210
                   Q22c =  -0.064622  Q22s =   0.108736

H          x = -0.759799  y =  2.148559  z = -0.013725 angstrom
           Maximum rank =  2   Radius =  0.350 angstrom
                   Q00  =   0.046578
|Q1| =   0.125458  Q10  =  -0.002063  Q11c =   0.052854  Q11s =  -0.113762
|Q2| =   0.174251  Q20  =  -0.142333  Q21c =   0.002841  Q21s =  -0.003653
                   Q22c =  -0.049883  Q22s =  -0.087150

H          x = -2.786400  y = -0.838067  z =  0.260834 angstrom
           Maximum rank =  2   Radius =  0.350 angstrom
                   Q00  =   0.113058
|Q1| =   0.074342  Q10  =  -0.019407  Q11c =   0.063708  Q11s =   0.033038
|Q2| =   0.217332  Q20  =  -0.153578  Q21c =  -0.060924  Q21s =  -0.091453
                   Q22c =  -0.049274  Q22s =   0.095624

H          x = -2.786907  y =  0.837318  z =  0.262043 angstrom
           Maximum rank =  2   Radius =  0.350 angstrom
                   Q00  =   0.113079
|Q1| =   0.074310  Q10  =  -0.019441  Q11c =   0.063694  Q11s =  -0.032971
|Q2| =   0.217356  Q20  =  -0.153345  Q21c =  -0.061119  Q21s =   0.091882
                   Q22c =  -0.049048  Q22s =  -0.095631

TOP1       x =  0.000000  y =  0.000000  z =  2.000000 angstrom
           Maximum rank =  2   Radius =  0.650 angstrom
                   Q00  =  -0.275232
|Q1| =   0.287640  Q10  =   0.287600  Q11c =  -0.004827  Q11s =   0.000010
|Q2| =   0.186784  Q20  =   0.182678  Q21c =  -0.017801  Q21s =  -0.000008
                   Q22c =   0.034643  Q22s =  -0.000013

TOP2       x =  0.000000  y =  0.000000  z = -2.000000 angstrom
           Maximum rank =  2   Radius =  0.650 angstrom
                   Q00  =  -0.269745
|Q1| =   0.286104  Q10  =  -0.285891  Q11c =  -0.011047  Q11s =  -0.000002
|Q2| =   0.169606  Q20  =   0.165106  Q21c =   0.009668  Q21s =   0.000006
                   Q22c =   0.037588  Q22s =  -0.000008

Total multipoles referred to origin at
           x =   0.000000,  y =    0.000000,  z =    0.000000 angstrom
                   Q00  =  -0.000020
|Q1| =   0.589358  Q10  =   0.384386  Q11c =  -0.446755  Q11s =  -0.000262
|Q2| =   9.363318  Q20  =  -8.374863  Q21c =  -4.120580  Q21s =   0.002482
                   Q22c =   0.744451  Q22s =   0.002479

CPU time used:      3m27.496s          Total:      3m27.496s

Finished at 11:54:50 on 07 Dec 2021 
