                                     G D M A
                                 by Anthony Stone

               Distributed Multipoles from Gaussian wavefunctions

                             version 2.3.3 (e2d289a)
              Compiled with gfortran on 05 October 2021 at 19:26:39

Starting at 14:16:11 on 07 Dec 2021 


Using MP2 density matrix from file conh2.fchk


                         Distributed Multipole Analysis

Standard DMA for products of primitives with exponent greater than 4.00000
Using 80-point Euler-MacLaurin radial quadrature
Using 590-point Lebedev quadrature
Becke smoothing parameter = 3

Positions and radii in angstrom
Multipole moments in atomic units, ea_0^k for rank k

C          x =  1.851353  y =  1.226452  z = -0.139939 angstrom
           Maximum rank =  2   Radius =  0.650 angstrom
                   Q00  =  -0.002768
|Q1| =   0.100201  Q10  =  -0.011062  Q11c =  -0.067356  Q11s =  -0.073356
|Q2| =   1.116160  Q20  =  -1.076635  Q21c =   0.036647  Q21s =  -0.257018
                   Q22c =  -0.022115  Q22s =   0.137041

C          x =  0.458778  y =  1.191721  z = -0.157092 angstrom
           Maximum rank =  2   Radius =  0.650 angstrom
                   Q00  =   0.059796
|Q1| =   0.195111  Q10  =  -0.087144  Q11c =  -0.027471  Q11s =  -0.172394
|Q2| =   0.663725  Q20  =  -0.625321  Q21c =   0.112070  Q21s =  -0.189918
                   Q22c =  -0.022264  Q22s =   0.019484

C          x = -0.219649  y = -0.024785  z = -0.016842 angstrom
           Maximum rank =  2   Radius =  0.650 angstrom
                   Q00  =   0.153565
|Q1| =   0.066888  Q10  =  -0.022546  Q11c =   0.058891  Q11s =  -0.022306
|Q2| =   0.171339  Q20  =   0.034085  Q21c =   0.020199  Q21s =  -0.107496
                   Q22c =   0.107533  Q22s =   0.068326

C          x =  0.516469  y = -1.205618  z =  0.127165 angstrom
           Maximum rank =  2   Radius =  0.650 angstrom
                   Q00  =   0.078832
|Q1| =   0.175189  Q10  =   0.038089  Q11c =  -0.066991  Q11s =   0.157329
|Q2| =   0.636717  Q20  =  -0.628016  Q21c =   0.005899  Q21s =  -0.093937
                   Q22c =   0.037592  Q22s =   0.027068

C          x =  1.906512  y = -1.168583  z =  0.154592 angstrom
           Maximum rank =  2   Radius =  0.650 angstrom
                   Q00  =   0.002165
|Q1| =   0.095979  Q10  =   0.002952  Q11c =  -0.071786  Q11s =   0.063639
|Q2| =   1.099422  Q20  =  -1.069198  Q21c =   0.026056  Q21s =  -0.221550
                   Q22c =  -0.015245  Q22s =  -0.124701

C          x =  2.576961  y =  0.047675  z =  0.022338 angstrom
           Maximum rank =  2   Radius =  0.650 angstrom
                   Q00  =  -0.014243
|Q1| =   0.085853  Q10  =  -0.003263  Q11c =  -0.085738  Q11s =  -0.003003
|Q2| =   1.198887  Q20  =  -1.161778  Q21c =   0.037923  Q21s =  -0.241154
                   Q22c =   0.167038  Q22s =   0.010310

C          x = -1.718716  y = -0.136805  z = -0.037537 angstrom
           Maximum rank =  2   Radius =  0.650 angstrom
                   Q00  =   0.239781
|Q1| =   0.054008  Q10  =  -0.034412  Q11c =   0.024578  Q11s =  -0.033595
|Q2| =   0.544225  Q20  =  -0.458456  Q21c =   0.027979  Q21s =   0.278501
                   Q22c =   0.031086  Q22s =   0.081771

H          x = -0.021349  y = -2.141548  z =  0.213656 angstrom
           Maximum rank =  2   Radius =  0.350 angstrom
                   Q00  =   0.083692
|Q1| =   0.106814  Q10  =  -0.012526  Q11c =   0.004223  Q11s =   0.105993
|Q2| =   0.169695  Q20  =  -0.135461  Q21c =   0.002929  Q21s =  -0.021643
                   Q22c =  -0.009788  Q22s =   0.099367

H          x =  2.468339  y = -2.087769  z =  0.275026 angstrom
           Maximum rank =  2   Radius =  0.350 angstrom
                   Q00  =   0.042962
|Q1| =   0.112391  Q10  =  -0.011551  Q11c =  -0.063146  Q11s =   0.092254
|Q2| =   0.203086  Q20  =  -0.154390  Q21c =   0.016338  Q21s =  -0.040944
                   Q22c =  -0.057224  Q22s =  -0.110407

H          x =  3.660611  y =  0.075871  z =  0.038132 angstrom
           Maximum rank =  2   Radius =  0.350 angstrom
                   Q00  =   0.037959
|Q1| =   0.112870  Q10  =  -0.001953  Q11c =  -0.112802  Q11s =  -0.003400
|Q2| =   0.212604  Q20  =  -0.163858  Q21c =   0.006533  Q21s =  -0.019753
                   Q22c =   0.133691  Q22s =   0.006686

H          x =  2.368628  y =  2.171268  z = -0.261619 angstrom
           Maximum rank =  2   Radius =  0.350 angstrom
                   Q00  =   0.041303
|Q1| =   0.113807  Q10  =   0.010303  Q11c =  -0.057613  Q11s =  -0.097604
|Q2| =   0.204123  Q20  =  -0.154810  Q21c =  -0.009960  Q21s =  -0.045672
                   Q22c =  -0.065426  Q22s =   0.105993

H          x = -0.090656  y =  2.112739  z = -0.315911 angstrom
           Maximum rank =  2   Radius =  0.350 angstrom
                   Q00  =   0.058236
|Q1| =   0.119766  Q10  =   0.007767  Q11c =   0.031675  Q11s =  -0.115240
|Q2| =   0.158526  Q20  =  -0.124969  Q21c =   0.005945  Q21s =  -0.041054
                   Q22c =  -0.012489  Q22s =  -0.087388

O          x = -2.285185  y = -1.181193  z = -0.314109 angstrom
           Maximum rank =  2   Radius =  0.650 angstrom
                   Q00  =  -0.388625
|Q1| =   0.517414  Q10  =   0.084919  Q11c =   0.252271  Q11s =   0.443695
|Q2| =   0.981734  Q20  =  -0.151204  Q21c =   0.172662  Q21s =   0.222430
                   Q22c =  -0.487014  Q22s =   0.790234

N          x = -2.418507  y =  1.008154  z =  0.252455 angstrom
           Maximum rank =  2   Radius =  0.650 angstrom
                   Q00  =  -0.136334
|Q1| =   0.242031  Q10  =   0.191331  Q11c =  -0.006646  Q11s =  -0.148078
|Q2| =   1.617234  Q20  =  -1.169548  Q21c =   0.059100  Q21s =   1.093111
                   Q22c =   0.209743  Q22s =  -0.072287

H          x = -3.419148  y =  0.909874  z =  0.335093 angstrom
           Maximum rank =  2   Radius =  0.350 angstrom
                   Q00  =   0.139240
|Q1| =   0.063353  Q10  =  -0.014474  Q11c =   0.049156  Q11s =  -0.037252
|Q2| =   0.219514  Q20  =  -0.158182  Q21c =  -0.030158  Q21s =   0.058622
                   Q22c =   0.136231  Q22s =   0.016116

H          x = -1.985654  y =  1.771688  z =  0.745201 angstrom
           Maximum rank =  2   Radius =  0.350 angstrom
                   Q00  =   0.134426
|Q1| =   0.070722  Q10  =  -0.023700  Q11c =   0.027082  Q11s =  -0.060881
|Q2| =   0.196859  Q20  =  -0.083518  Q21c =   0.066872  Q21s =   0.149400
                   Q22c =  -0.018581  Q22s =   0.068122

TOP1       x =  0.000000  y =  0.000000  z =  2.000000 angstrom
           Maximum rank =  2   Radius =  0.650 angstrom
                   Q00  =  -0.264720
|Q1| =   0.284375  Q10  =   0.283160  Q11c =  -0.023697  Q11s =   0.011311
|Q2| =   0.150097  Q20  =   0.115978  Q21c =   0.012530  Q21s =   0.009374
                   Q22c =   0.049407  Q22s =   0.079951

TOP2       x =  0.000000  y =  0.000000  z = -2.000000 angstrom
           Maximum rank =  2   Radius =  0.650 angstrom
                   Q00  =  -0.265272
|Q1| =   0.290626  Q10  =  -0.286221  Q11c =  -0.033628  Q11s =  -0.037553
|Q2| =   0.120851  Q20  =   0.095662  Q21c =  -0.014401  Q21s =  -0.013745
                   Q22c =   0.066185  Q22s =  -0.026021

Total multipoles referred to origin at
           x =   0.000000,  y =    0.000000,  z =    0.000000 angstrom
                   Q00  =  -0.000005
|Q1| =   1.386389  Q10  =   0.538596  Q11c =   0.577761  Q11s =   1.139378
|Q2| =  12.722147  Q20  =  -5.611521  Q21c =  -4.669593  Q21s =  -0.115397
                   Q22c =   0.478319  Q22s = -10.407529

CPU time used:      0m53.405s          Total:      0m53.405s

Finished at 14:17:05 on 07 Dec 2021 
