                                     G D M A
                                 by Anthony Stone

               Distributed Multipoles from Gaussian wavefunctions

                             version 2.3.3 (e2d289a)
              Compiled with gfortran on 05 October 2021 at 19:26:39

Starting at 13:03:50 on 06 Jan 2022 


Using MP2 density matrix from file pyramid-5.fchk


                         Distributed Multipole Analysis

Standard DMA for products of primitives with exponent greater than 4.00000
Using 80-point Euler-MacLaurin radial quadrature
Using 590-point Lebedev quadrature
Becke smoothing parameter = 3

Positions and radii in angstrom
Multipole moments in atomic units, ea_0^k for rank k

C          x = -1.207935  y =  0.697413  z = -0.013488 angstrom
           Maximum rank =  2   Radius =  0.650 angstrom
                   Q00  =   0.416978
|Q1| =   0.704613  Q10  =   0.018113  Q11c =   0.610008  Q11s =  -0.352194
|Q2| =   0.849462  Q20  =  -0.591944  Q21c =  -0.085345  Q21s =   0.049275
                   Q22c =   0.300604  Q22s =  -0.520686

C          x = -1.207935  y = -0.697413  z = -0.013488 angstrom
           Maximum rank =  2   Radius =  0.650 angstrom
                   Q00  =   0.416978
|Q1| =   0.704613  Q10  =   0.018113  Q11c =   0.610008  Q11s =   0.352194
|Q2| =   0.849462  Q20  =  -0.591944  Q21c =  -0.085345  Q21s =  -0.049275
                   Q22c =   0.300604  Q22s =   0.520686

C          x =  0.000000  y = -1.394877  z = -0.013531 angstrom
           Maximum rank =  2   Radius =  0.650 angstrom
                   Q00  =   0.416928
|Q1| =   0.704539  Q10  =   0.018124  Q11s =   0.704306
|Q2| =   0.849532  Q20  =  -0.591989  Q21s =  -0.098603  Q22c =  -0.601275

C          x =  1.207935  y = -0.697413  z = -0.013488 angstrom
           Maximum rank =  2   Radius =  0.650 angstrom
                   Q00  =   0.416978
|Q1| =   0.704613  Q10  =   0.018113  Q11c =  -0.610008  Q11s =   0.352194
|Q2| =   0.849462  Q20  =  -0.591944  Q21c =   0.085345  Q21s =  -0.049275
                   Q22c =   0.300604  Q22s =  -0.520686

C          x =  1.207935  y =  0.697413  z = -0.013488 angstrom
           Maximum rank =  2   Radius =  0.650 angstrom
                   Q00  =   0.416978
|Q1| =   0.704613  Q10  =   0.018113  Q11c =  -0.610008  Q11s =  -0.352194
|Q2| =   0.849462  Q20  =  -0.591944  Q21c =   0.085345  Q21s =   0.049275
                   Q22c =   0.300604  Q22s =   0.520686

C          x =  0.000000  y =  1.394877  z = -0.013531 angstrom
           Maximum rank =  2   Radius =  0.650 angstrom
                   Q00  =   0.416928
|Q1| =   0.704539  Q10  =   0.018124  Q11s =  -0.704306
|Q2| =   0.849532  Q20  =  -0.591989  Q21s =   0.098603  Q22c =  -0.601275

H          x = -2.143570  y =  1.237573  z =  0.081031 angstrom
           Maximum rank =  2   Radius =  0.350 angstrom
                   Q00  =   0.064447
|Q1| =   0.132587  Q10  =  -0.000039  Q11c =   0.114827  Q11s =  -0.066289
|Q2| =   0.167778  Q20  =  -0.117012  Q21c =  -0.024539  Q21s =   0.014164
                   Q22c =   0.058418  Q22s =  -0.101205

H          x = -2.143570  y = -1.237573  z =  0.081031 angstrom
           Maximum rank =  2   Radius =  0.350 angstrom
                   Q00  =   0.064447
|Q1| =   0.132587  Q10  =  -0.000039  Q11c =   0.114827  Q11s =   0.066289
|Q2| =   0.167778  Q20  =  -0.117012  Q21c =  -0.024539  Q21s =  -0.014164
                   Q22c =   0.058418  Q22s =   0.101205

H          x =  0.000000  y = -2.475238  z =  0.080989 angstrom
           Maximum rank =  2   Radius =  0.350 angstrom
                   Q00  =   0.064452
|Q1| =   0.132574  Q10  =  -0.000038  Q11s =   0.132574
|Q2| =   0.167801  Q20  =  -0.117017  Q21s =  -0.028326  Q22c =  -0.116883

H          x =  2.143570  y = -1.237573  z =  0.081031 angstrom
           Maximum rank =  2   Radius =  0.350 angstrom
                   Q00  =   0.064447
|Q1| =   0.132587  Q10  =  -0.000039  Q11c =  -0.114827  Q11s =   0.066289
|Q2| =   0.167778  Q20  =  -0.117012  Q21c =   0.024539  Q21s =  -0.014164
                   Q22c =   0.058418  Q22s =  -0.101205

H          x =  2.143570  y =  1.237573  z =  0.081031 angstrom
           Maximum rank =  2   Radius =  0.350 angstrom
                   Q00  =   0.064447
|Q1| =   0.132587  Q10  =  -0.000039  Q11c =  -0.114827  Q11s =  -0.066289
|Q2| =   0.167778  Q20  =  -0.117012  Q21c =   0.024539  Q21s =   0.014164
                   Q22c =   0.058418  Q22s =   0.101205

H          x =  0.000000  y =  2.475238  z =  0.080989 angstrom
           Maximum rank =  2   Radius =  0.350 angstrom
                   Q00  =   0.064452
|Q1| =   0.132574  Q10  =  -0.000038  Q11s =  -0.132574
|Q2| =   0.167801  Q20  =  -0.117017  Q21s =   0.028326  Q22c =  -0.116883

TOP(2)     x =  0.000000  y =  0.000000  z =  2.000000 angstrom
           Maximum rank =  2   Radius =  0.650 angstrom
                   Q00  =  -0.106618
|Q1| =   0.025746  Q10  =   0.025746
|Q2| =   0.349003  Q20  =   0.349003  Q22c =  -0.000007

TOP(1)     x =  0.000000  y =  0.000000  z =  1.000000 angstrom
           Maximum rank =  2   Radius =  0.650 angstrom
                   Q00  =  -0.430760
|Q1| =   0.055206  Q10  =  -0.055206
|Q2| =   0.702157  Q20  =   0.702157  Q22c =   0.000009

TOP(0)     x =  0.000000  y =  0.000000  z =  0.000000 angstrom
           Maximum rank =  2   Radius =  0.650 angstrom
                   Q00  =  -0.649474
|Q1| =   0.001656  Q10  =  -0.001656
|Q2| =   0.455496  Q20  =   0.455496  Q22c =   0.000025

TOP(ao)    x =  0.000000  y =  0.000000  z =  0.529000 angstrom
           Maximum rank =  2   Radius =  0.650 angstrom
                   Q00  =  -0.574493
|Q1| =   0.011418  Q10  =   0.011418
|Q2| =   0.548068  Q20  =   0.548068  Q22c =   0.000024

TOP(-a0)   x =  0.000000  y =  0.000000  z = -0.529000 angstrom
           Maximum rank =  2   Radius =  0.650 angstrom
                   Q00  =  -0.569601
|Q1| =   0.009846  Q10  =  -0.009846
|Q2| =   0.533185  Q20  =   0.533185  Q22c =   0.000006

TOP(-1)    x =  0.000000  y =  0.000000  z = -1.000000 angstrom
           Maximum rank =  2   Radius =  0.650 angstrom
                   Q00  =  -0.444729
|Q1| =   0.060687  Q10  =   0.060687
|Q2| =   0.712930  Q20  =   0.712930  Q22c =   0.000004

TOP(-2)    x =  0.000000  y =  0.000000  z = -2.000000 angstrom
           Maximum rank =  2   Radius =  0.650 angstrom
                   Q00  =  -0.112784
|Q1| =   0.027134  Q10  =  -0.027134
|Q2| =   0.359313  Q20  =   0.359313  Q22c =   0.000009

Total multipoles referred to origin at
           x =   0.000000,  y =    0.000000,  z =    0.000000 angstrom
                   Q00  =   0.000002
|Q1| =   0.152652  Q10  =   0.152652
|Q2| =   6.048686  Q20  =  -6.048685  Q22c =  -0.001006

CPU time used:      1m54.856s          Total:      1m54.856s

Finished at 13:05:45 on 06 Jan 2022 
