                                     G D M A
                                 by Anthony Stone

               Distributed Multipoles from Gaussian wavefunctions

                             version 2.3.3 (e2d289a)
              Compiled with gfortran on 05 October 2021 at 19:26:39

Starting at 11:27:10 on 30 Dec 2021 


Using MP2 density matrix from file bla-005.fchk


                         Distributed Multipole Analysis

Standard DMA for products of primitives with exponent greater than 4.00000
Using 80-point Euler-MacLaurin radial quadrature
Using 590-point Lebedev quadrature
Becke smoothing parameter = 3

Positions and radii in angstrom
Multipole moments in atomic units, ea_0^k for rank k

C          x =  0.684832  y =  1.215031  z =  0.000000 angstrom
           Maximum rank =  2   Radius =  0.650 angstrom
                   Q00  =   0.334423
|Q1| =   0.583547  Q11c =  -0.295511  Q11s =  -0.503190
|Q2| =   0.915704  Q20  =  -0.705339  Q22c =  -0.290771  Q22s =   0.506422

C          x =  1.394664  y = -0.014434  z = -0.000000 angstrom
           Maximum rank =  2   Radius =  0.650 angstrom
                   Q00  =   0.334424
|Q1| =   0.583544  Q11c =  -0.583528  Q11s =  -0.004326
|Q2| =   0.915693  Q20  =  -0.705328  Q22c =   0.583955  Q22s =   0.001394

C          x =  0.709832  y = -1.200597  z =  0.000000 angstrom
           Maximum rank =  2   Radius =  0.650 angstrom
                   Q00  =   0.334423
|Q1| =   0.583547  Q11c =  -0.288018  Q11s =   0.507516
|Q2| =   0.915704  Q20  =  -0.705338  Q22c =  -0.293185  Q22s =  -0.505029

C          x = -0.709832  y = -1.200597  z =  0.000000 angstrom
           Maximum rank =  2   Radius =  0.650 angstrom
                   Q00  =   0.334423
|Q1| =   0.583547  Q11c =   0.288018  Q11s =   0.507516
|Q2| =   0.915704  Q20  =  -0.705338  Q22c =  -0.293185  Q22s =   0.505029

C          x = -1.394664  y = -0.014434  z =  0.000000 angstrom
           Maximum rank =  2   Radius =  0.650 angstrom
                   Q00  =   0.334424
|Q1| =   0.583544  Q11c =   0.583528  Q11s =  -0.004326
|Q2| =   0.915693  Q20  =  -0.705328  Q22c =   0.583955  Q22s =  -0.001394

C          x = -0.684832  y =  1.215031  z = -0.000000 angstrom
           Maximum rank =  2   Radius =  0.650 angstrom
                   Q00  =   0.334423
|Q1| =   0.583547  Q11c =   0.295511  Q11s =  -0.503190
|Q2| =   0.915704  Q20  =  -0.705339  Q22c =  -0.290771  Q22s =  -0.506422

H          x =  1.227044  y =  2.154171  z =  0.000000 angstrom
           Maximum rank =  2   Radius =  0.350 angstrom
                   Q00  =   0.051681
|Q1| =   0.124811  Q11c =  -0.063544  Q11s =  -0.107424
|Q2| =   0.182562  Q20  =  -0.133895  Q22c =  -0.061952  Q22s =   0.107531

H          x =  2.479089  y = -0.014434  z = -0.000000 angstrom
           Maximum rank =  2   Radius =  0.350 angstrom
                   Q00  =   0.051681
|Q1| =   0.124811  Q11c =  -0.124804  Q11s =  -0.001319
|Q2| =   0.182562  Q20  =  -0.133895  Q22c =   0.124101  Q22s =   0.000114

H          x =  1.252045  y = -2.139737  z =  0.000000 angstrom
           Maximum rank =  2   Radius =  0.350 angstrom
                   Q00  =   0.051681
|Q1| =   0.124811  Q11c =  -0.061260  Q11s =   0.108743
|Q2| =   0.182562  Q20  =  -0.133895  Q22c =  -0.062149  Q22s =  -0.107417

H          x = -1.252045  y = -2.139737  z =  0.000000 angstrom
           Maximum rank =  2   Radius =  0.350 angstrom
                   Q00  =   0.051681
|Q1| =   0.124811  Q11c =   0.061260  Q11s =   0.108743
|Q2| =   0.182562  Q20  =  -0.133895  Q22c =  -0.062149  Q22s =   0.107417

H          x = -2.479089  y = -0.014434  z =  0.000000 angstrom
           Maximum rank =  2   Radius =  0.350 angstrom
                   Q00  =   0.051681
|Q1| =   0.124811  Q11c =   0.124804  Q11s =  -0.001319
|Q2| =   0.182562  Q20  =  -0.133895  Q22c =   0.124101  Q22s =  -0.000114

H          x = -1.227044  y =  2.154171  z = -0.000000 angstrom
           Maximum rank =  2   Radius =  0.350 angstrom
                   Q00  =   0.051681
|Q1| =   0.124811  Q11c =   0.063544  Q11s =  -0.107424
|Q2| =   0.182562  Q20  =  -0.133895  Q22c =  -0.061952  Q22s =  -0.107531

TOP1       x =  0.000000  y =  0.000000  z =  2.000000 angstrom
           Maximum rank =  2   Radius =  0.650 angstrom
                   Q00  =  -0.172424
|Q1| =   0.103640  Q10  =   0.103640
|Q2| =   0.392318  Q20  =   0.392318

TOP2       x =  0.000000  y =  0.000000  z = -2.000000 angstrom
           Maximum rank =  2   Radius =  0.650 angstrom
                   Q00  =  -0.172424
|Q1| =   0.103640  Q10  =  -0.103640
|Q2| =   0.392318  Q20  =   0.392318

TOP3       x =  0.000000  y =  0.000000  z =  0.529000 angstrom
           Maximum rank =  2   Radius =  0.650 angstrom
                   Q00  =  -0.985892
|Q1| =   0.045960  Q10  =  -0.045960
|Q2| =   0.633476  Q20  =   0.633476  Q22c =   0.000002

TOP4       x =  0.000000  y =  0.000000  z = -0.529000 angstrom
           Maximum rank =  2   Radius =  0.650 angstrom
                   Q00  =  -0.985892
|Q1| =   0.045960  Q10  =   0.045960
|Q2| =   0.633476  Q20  =   0.633476  Q22c =   0.000002

Total multipoles referred to origin at
           x =   0.000000,  y =    0.000000,  z =    0.000000 angstrom
                   Q00  =  -0.000003
|Q1| =   0.000001  Q11s =   0.000001
|Q2| =   6.134873  Q20  =  -6.134873  Q22c =   0.000066

CPU time used:      1m32.083s          Total:      1m32.083s

Finished at 11:28:43 on 30 Dec 2021 
