                                     G D M A
                                 by Anthony Stone

               Distributed Multipoles from Gaussian wavefunctions

                             version 2.3.3 (6b8e81e)
              Compiled with gfortran on 14 January 2024 at 08:13:23

Starting at 14:51:10 on 04 Feb 2025 


Using SCF density matrix from file chair-5.fchk


                         Distributed Multipole Analysis

Standard DMA for products of primitives with exponent greater than 4.00000
Using 80-point Euler-MacLaurin radial quadrature
Using 590-point Lebedev quadrature
Becke smoothing parameter = 3

Positions and radii in angstrom
Multipole moments in atomic units, ea_0^k for rank k

C          x =  0.020274  y =  1.393465  z = -0.000000 angstrom
           Maximum rank =  2   Radius =  0.650 angstrom
                   Q00  =   0.139187
|Q1| =   0.295166  Q11c =  -0.011028  Q11s =  -0.294960
|Q2| =   1.424306  Q20  =   0.486399  Q22c =  -1.338494  Q22s =   0.022329

C          x = -0.020274  y =  0.697214  z =  1.208028 angstrom
           Maximum rank =  2   Radius =  0.650 angstrom
                   Q00  =   0.833329
|Q1| =   1.035675  Q10  =  -0.341144  Q11c =   0.036925  Q11s =  -0.977180
|Q2| =   1.324980  Q20  =   0.383027  Q21c =  -0.031861  Q21s =   0.421014
                   Q22c =  -1.195800  Q22s =  -0.025628

C          x =  0.020274  y = -0.697214  z =  1.208028 angstrom
           Maximum rank =  2   Radius =  0.650 angstrom
                   Q00  =   0.833329
|Q1| =   1.035675  Q10  =  -0.341144  Q11c =  -0.036925  Q11s =   0.977180
|Q2| =   1.324980  Q20  =   0.383027  Q21c =   0.031861  Q21s =  -0.421014
                   Q22c =  -1.195800  Q22s =  -0.025628

C          x = -0.020274  y = -1.393465  z = -0.000000 angstrom
           Maximum rank =  2   Radius =  0.650 angstrom
                   Q00  =   0.139187
|Q1| =   0.295166  Q11c =   0.011028  Q11s =   0.294960
|Q2| =   1.424306  Q20  =   0.486399  Q22c =  -1.338494  Q22s =   0.022329

C          x =  0.020274  y = -0.697214  z = -1.208028 angstrom
           Maximum rank =  2   Radius =  0.650 angstrom
                   Q00  =   0.833329
|Q1| =   1.035675  Q10  =   0.341144  Q11c =  -0.036925  Q11s =   0.977180
|Q2| =   1.324980  Q20  =   0.383027  Q21c =  -0.031861  Q21s =   0.421014
                   Q22c =  -1.195800  Q22s =  -0.025628

C          x = -0.020274  y =  0.697214  z = -1.208028 angstrom
           Maximum rank =  2   Radius =  0.650 angstrom
                   Q00  =   0.833329
|Q1| =   1.035675  Q10  =   0.341144  Q11c =   0.036925  Q11s =  -0.977180
|Q2| =   1.324980  Q20  =   0.383027  Q21c =   0.031861  Q21s =  -0.421014
                   Q22c =  -1.195800  Q22s =  -0.025628

H          x =  0.016061  y =  2.477991  z = -0.000000 angstrom
           Maximum rank =  2   Radius =  0.350 angstrom
                   Q00  =   0.039906
|Q1| =   0.106167  Q11c =  -0.000369  Q11s =  -0.106167
|Q2| =   0.220742  Q20  =  -0.022538  Q22c =  -0.219579  Q22s =   0.002038

H          x = -0.015909  y =  1.239998  z =  2.146876 angstrom
           Maximum rank =  2   Radius =  0.350 angstrom
                   Q00  =   0.056943
|Q1| =   0.119288  Q10  =  -0.096317  Q11c =   0.000565  Q11s =  -0.070373
|Q2| =   0.214652  Q20  =   0.134255  Q21c =  -0.001921  Q21s =   0.119251
                   Q22c =  -0.117582  Q22s =  -0.001128

H          x =  0.015909  y = -1.239998  z =  2.146876 angstrom
           Maximum rank =  2   Radius =  0.350 angstrom
                   Q00  =   0.056943
|Q1| =   0.119288  Q10  =  -0.096317  Q11c =  -0.000565  Q11s =   0.070373
|Q2| =   0.214652  Q20  =   0.134255  Q21c =   0.001921  Q21s =  -0.119251
                   Q22c =  -0.117582  Q22s =  -0.001128

H          x = -0.016061  y = -2.477991  z =  0.000000 angstrom
           Maximum rank =  2   Radius =  0.350 angstrom
                   Q00  =   0.039906
|Q1| =   0.106167  Q11c =   0.000369  Q11s =   0.106167
|Q2| =   0.220742  Q20  =  -0.022538  Q22c =  -0.219579  Q22s =   0.002038

H          x =  0.015909  y = -1.239998  z = -2.146876 angstrom
           Maximum rank =  2   Radius =  0.350 angstrom
                   Q00  =   0.056943
|Q1| =   0.119288  Q10  =   0.096317  Q11c =  -0.000565  Q11s =   0.070373
|Q2| =   0.214652  Q20  =   0.134255  Q21c =  -0.001921  Q21s =   0.119251
                   Q22c =  -0.117582  Q22s =  -0.001128

H          x = -0.015909  y =  1.239998  z = -2.146876 angstrom
           Maximum rank =  2   Radius =  0.350 angstrom
                   Q00  =   0.056943
|Q1| =   0.119288  Q10  =   0.096317  Q11c =   0.000565  Q11s =  -0.070373
|Q2| =   0.214652  Q20  =   0.134255  Q21c =   0.001921  Q21s =  -0.119251
                   Q22c =  -0.117582  Q22s =  -0.001128

TOP(1)     x =  0.000000  y =  0.000000  z =  1.000000 angstrom
           Maximum rank =  2   Radius =  0.650 angstrom
                   Q00  =  -1.959636
|Q1| =   0.029295  Q10  =  -0.029295
|Q2| =   1.431911  Q20  =  -0.021658  Q22c =  -1.429688  Q22s =  -0.076760

TOP(-1)    x =  0.000000  y =  0.000000  z = -1.000000 angstrom
           Maximum rank =  2   Radius =  0.650 angstrom
                   Q00  =  -1.959636
|Q1| =   0.029295  Q10  =   0.029295
|Q2| =   1.431911  Q20  =  -0.021658  Q22c =  -1.429688  Q22s =  -0.076760

Total multipoles referred to origin at
           x =   0.000000,  y =    0.000000,  z =    0.000000 angstrom
                   Q00  =   0.000000
|Q1| =   0.000000
|Q2| =   6.983689  Q20  =   3.502241  Q22c =  -6.042038  Q22s =   0.000638

CPU time used:      0m13.759s          Total:      0m13.759s

Finished at 14:51:23 on 04 Feb 2025 
