                                     G D M A
                                 by Anthony Stone

               Distributed Multipoles from Gaussian wavefunctions

                             version 2.3.3 (e2d289a)
              Compiled with gfortran on 05 October 2021 at 19:26:39

Starting at 09:56:04 on 08 Dec 2021 


Using MP2 density matrix from file pyr.fchk


                         Distributed Multipole Analysis

Standard DMA for products of primitives with exponent greater than 4.00000
Using 80-point Euler-MacLaurin radial quadrature
Using 590-point Lebedev quadrature
Becke smoothing parameter = 3

Positions and radii in angstrom
Multipole moments in atomic units, ea_0^k for rank k

C          x =  0.000127  y = -3.518966  z =  0.000000 angstrom
           Maximum rank =  2   Radius =  0.650 angstrom
                   Q00  =  -0.024108
|Q1| =   0.075330  Q11c =   0.000027  Q11s =   0.075330
|Q2| =   1.293126  Q20  =  -1.286591  Q22c =  -0.129832  Q22s =   0.000301

C          x = -1.208869  y = -2.829282  z =  0.000000 angstrom
           Maximum rank =  2   Radius =  0.650 angstrom
                   Q00  =  -0.015818
|Q1| =   0.098179  Q11c =   0.044907  Q11s =   0.087307
|Q2| =   1.284529  Q20  =  -1.283822  Q22c =   0.002880  Q22s =   0.042504

C          x = -1.234523  y = -1.427212  z =  0.000000 angstrom
           Maximum rank =  2   Radius =  0.650 angstrom
                   Q00  =  -0.012756
|Q1| =   0.150440  Q11c =   0.117072  Q11s =   0.094479
|Q2| =   1.029206  Q20  =  -1.022241  Q22c =  -0.097253  Q22s =  -0.069505

C          x = -0.000003  y = -0.712453  z =  0.000000 angstrom
           Maximum rank =  2   Radius =  0.650 angstrom
                   Q00  =   0.130288
|Q1| =   0.095268  Q11c =   0.000083  Q11s =   0.095268
|Q2| =   0.302828  Q20  =  -0.301674  Q22c =  -0.026412  Q22s =  -0.000070

C          x =  1.234397  y = -1.427026  z =  0.000000 angstrom
           Maximum rank =  2   Radius =  0.650 angstrom
                   Q00  =  -0.012759
|Q1| =   0.150524  Q11c =  -0.117105  Q11s =   0.094573
|Q2| =   1.029091  Q20  =  -1.022174  Q22c =  -0.096889  Q22s =   0.069291

C          x =  1.208893  y = -2.829318  z =  0.000000 angstrom
           Maximum rank =  2   Radius =  0.650 angstrom
                   Q00  =  -0.015807
|Q1| =   0.098131  Q11c =  -0.044962  Q11s =   0.087224
|Q2| =   1.284535  Q20  =  -1.283834  Q22c =   0.003301  Q22s =  -0.042308

C          x =  2.460928  y = -0.679538  z =  0.000000 angstrom
           Maximum rank =  2   Radius =  0.650 angstrom
                   Q00  =  -0.006447
|Q1| =   0.110860  Q11c =  -0.110860  Q11s =  -0.000253
|Q2| =   1.223460  Q20  =  -1.222013  Q22c =  -0.006633  Q22s =  -0.059133

C          x =  2.460928  y =  0.679539  z =  0.000000 angstrom
           Maximum rank =  2   Radius =  0.650 angstrom
                   Q00  =  -0.006447
|Q1| =   0.110860  Q11c =  -0.110859  Q11s =   0.000254
|Q2| =   1.223461  Q20  =  -1.222013  Q22c =  -0.006632  Q22s =   0.059132

C          x =  1.234398  y =  1.427027  z =  0.000000 angstrom
           Maximum rank =  2   Radius =  0.650 angstrom
                   Q00  =  -0.012759
|Q1| =   0.150524  Q11c =  -0.117104  Q11s =  -0.094573
|Q2| =   1.029092  Q20  =  -1.022175  Q22c =  -0.096889  Q22s =  -0.069293

C          x = -0.000003  y =  0.712453  z =  0.000000 angstrom
           Maximum rank =  2   Radius =  0.650 angstrom
                   Q00  =   0.130288
|Q1| =   0.095268  Q11c =   0.000082  Q11s =  -0.095268
|Q2| =   0.302828  Q20  =  -0.301674  Q22c =  -0.026412  Q22s =   0.000069

C          x = -1.234523  y =  1.427211  z =  0.000000 angstrom
           Maximum rank =  2   Radius =  0.650 angstrom
                   Q00  =  -0.012756
|Q1| =   0.150440  Q11c =   0.117072  Q11s =  -0.094479
|Q2| =   1.029205  Q20  =  -1.022240  Q22c =  -0.097252  Q22s =   0.069505

C          x = -2.460958  y =  0.679507  z =  0.000000 angstrom
           Maximum rank =  2   Radius =  0.650 angstrom
                   Q00  =  -0.006447
|Q1| =   0.110838  Q11c =   0.110837  Q11s =   0.000240
|Q2| =   1.223455  Q20  =  -1.222013  Q22c =  -0.006720  Q22s =  -0.059001

C          x = -2.460958  y = -0.679508  z =  0.000000 angstrom
           Maximum rank =  2   Radius =  0.650 angstrom
                   Q00  =  -0.006448
|Q1| =   0.110838  Q11c =   0.110838  Q11s =  -0.000240
|Q2| =   1.223455  Q20  =  -1.222013  Q22c =  -0.006720  Q22s =   0.059000

C          x = -1.208869  y =  2.829282  z =  0.000000 angstrom
           Maximum rank =  2   Radius =  0.650 angstrom
                   Q00  =  -0.015818
|Q1| =   0.098178  Q11c =   0.044906  Q11s =  -0.087306
|Q2| =   1.284529  Q20  =  -1.283823  Q22c =   0.002883  Q22s =  -0.042503

C          x =  0.000126  y =  3.518966  z =  0.000000 angstrom
           Maximum rank =  2   Radius =  0.650 angstrom
                   Q00  =  -0.024108
|Q1| =   0.075330  Q11c =   0.000027  Q11s =  -0.075330
|Q2| =   1.293126  Q20  =  -1.286592  Q22c =  -0.129831  Q22s =  -0.000297

C          x =  1.208893  y =  2.829319  z =  0.000000 angstrom
           Maximum rank =  2   Radius =  0.650 angstrom
                   Q00  =  -0.015807
|Q1| =   0.098130  Q11c =  -0.044962  Q11s =  -0.087224
|Q2| =   1.284535  Q20  =  -1.283834  Q22c =   0.003301  Q22s =   0.042309

H          x = -3.397792  y = -1.226925  z =  0.000000 angstrom
           Maximum rank =  2   Radius =  0.350 angstrom
                   Q00  =   0.043451
|Q1| =   0.121989  Q11c =   0.111118  Q11s =   0.050340
|Q2| =   0.195082  Q20  =  -0.166711  Q22c =   0.048645  Q22s =   0.088871

H          x = -3.397791  y =  1.226924  z =  0.000000 angstrom
           Maximum rank =  2   Radius =  0.350 angstrom
                   Q00  =   0.043451
|Q1| =   0.121989  Q11c =   0.111118  Q11s =  -0.050340
|Q2| =   0.195082  Q20  =  -0.166711  Q22c =   0.048645  Q22s =  -0.088871

H          x = -0.000033  y = -4.603162  z =  0.000000 angstrom
           Maximum rank =  2   Radius =  0.350 angstrom
                   Q00  =   0.036414
|Q1| =   0.115501  Q11c =  -0.000012  Q11s =   0.115501
|Q2| =   0.214484  Q20  =  -0.171795  Q22c =  -0.128412  Q22s =   0.000049

H          x = -2.146110  y = -3.375683  z =  0.000000 angstrom
           Maximum rank =  2   Radius =  0.350 angstrom
                   Q00  =   0.041356
|Q1| =   0.121965  Q11c =   0.097453  Q11s =   0.073337
|Q2| =   0.199858  Q20  =  -0.171635  Q22c =   0.050506  Q22s =   0.089072

H          x =  2.146302  y = -3.375426  z =  0.000000 angstrom
           Maximum rank =  2   Radius =  0.350 angstrom
                   Q00  =   0.041359
|Q1| =   0.121965  Q11c =  -0.097454  Q11s =   0.073337
|Q2| =   0.199855  Q20  =  -0.171636  Q22c =   0.050582  Q22s =  -0.089020

H          x =  3.397679  y = -1.227069  z =  0.000000 angstrom
           Maximum rank =  2   Radius =  0.350 angstrom
                   Q00  =   0.043454
|Q1| =   0.121982  Q11c =  -0.111112  Q11s =   0.050338
|Q2| =   0.195088  Q20  =  -0.166715  Q22c =   0.048617  Q22s =  -0.088893

H          x =  3.397679  y =  1.227069  z =  0.000000 angstrom
           Maximum rank =  2   Radius =  0.350 angstrom
                   Q00  =   0.043454
|Q1| =   0.121982  Q11c =  -0.111112  Q11s =  -0.050338
|Q2| =   0.195088  Q20  =  -0.166715  Q22c =   0.048617  Q22s =   0.088893

H          x = -2.146110  y =  3.375681  z =  0.000000 angstrom
           Maximum rank =  2   Radius =  0.350 angstrom
                   Q00  =   0.041355
|Q1| =   0.121965  Q11c =   0.097453  Q11s =  -0.073337
|Q2| =   0.199858  Q20  =  -0.171635  Q22c =   0.050506  Q22s =  -0.089071

H          x = -0.000032  y =  4.603162  z =  0.000000 angstrom
           Maximum rank =  2   Radius =  0.350 angstrom
                   Q00  =   0.036414
|Q1| =   0.115502  Q11c =  -0.000012  Q11s =  -0.115502
|Q2| =   0.214484  Q20  =  -0.171795  Q22c =  -0.128412  Q22s =  -0.000048

H          x =  2.146301  y =  3.375428  z =  0.000000 angstrom
           Maximum rank =  2   Radius =  0.350 angstrom
                   Q00  =   0.041359
|Q1| =   0.121965  Q11c =  -0.097454  Q11s =  -0.073337
|Q2| =   0.199855  Q20  =  -0.171636  Q22c =   0.050582  Q22s =   0.089020

TOP1       x =  0.000000  y =  0.000000  z =  2.000000 angstrom
           Maximum rank =  2   Radius =  0.650 angstrom
                   Q00  =  -0.242174
|Q1| =   0.253538  Q10  =   0.253538  Q11c =  -0.000003
|Q2| =   0.096671  Q20  =   0.096198  Q21c =  -0.000003  Q22c =  -0.009554

TOP2       x =  0.000000  y =  0.000000  z = -2.000000 angstrom
           Maximum rank =  2   Radius =  0.650 angstrom
                   Q00  =  -0.242174
|Q1| =   0.253538  Q10  =  -0.253538  Q11c =  -0.000003
|Q2| =   0.096671  Q20  =   0.096198  Q21c =   0.000003  Q22c =  -0.009554

Total multipoles referred to origin at
           x =   0.000000,  y =    0.000000,  z =    0.000000 angstrom
                   Q00  =   0.000009
|Q1| =   0.000084  Q11c =   0.000084
|Q2| =  14.398410  Q20  = -14.396389  Q22c =  -0.241262  Q22s =   0.000011

CPU time used:     17m 6.481s          Total:     17m 6.481s

Finished at 10:13:12 on 08 Dec 2021 
