                                     G D M A
                                 by Anthony Stone

               Distributed Multipoles from Gaussian wavefunctions

                             version 2.3.3 (6b8e81e)
              Compiled with gfortran on 14 January 2024 at 08:13:23

Starting at 16:25:30 on 12 Feb 2025 


Using SCF density matrix from file chair-10.fchk


                         Distributed Multipole Analysis

Standard DMA for products of primitives with exponent greater than 4.00000
Using 80-point Euler-MacLaurin radial quadrature
Using 590-point Lebedev quadrature
Becke smoothing parameter = 3

Positions and radii in angstrom
Multipole moments in atomic units, ea_0^k for rank k

C          x =  1.389740  y =  0.000000  z =  0.040519 angstrom
           Maximum rank =  2   Radius =  0.650 angstrom
                   Q00  =   0.255608
|Q1| =   0.425880  Q10  =   0.006370  Q11c =  -0.425832
|Q2| =   0.791791  Q20  =  -0.647246  Q21c =  -0.013767  Q22c =   0.455869

C          x =  0.696878  y =  1.208747  z = -0.040519 angstrom
           Maximum rank =  2   Radius =  0.650 angstrom
                   Q00  =   0.252946
|Q1| =   0.422090  Q10  =  -0.006139  Q11c =  -0.210592  Q11s =  -0.365750
|Q2| =   0.796809  Q20  =  -0.650736  Q21c =   0.006982  Q21s =   0.012018
                   Q22c =  -0.228966  Q22s =   0.398533

C          x = -0.696878  y =  1.208747  z =  0.040519 angstrom
           Maximum rank =  2   Radius =  0.650 angstrom
                   Q00  =   0.252946
|Q1| =   0.422090  Q10  =   0.006139  Q11c =   0.210592  Q11s =  -0.365750
|Q2| =   0.796809  Q20  =  -0.650736  Q21c =   0.006982  Q21s =  -0.012018
                   Q22c =  -0.228966  Q22s =  -0.398533

C          x = -1.389740  y =  0.000000  z = -0.040519 angstrom
           Maximum rank =  2   Radius =  0.650 angstrom
                   Q00  =   0.255608
|Q1| =   0.425880  Q10  =  -0.006370  Q11c =   0.425832
|Q2| =   0.791791  Q20  =  -0.647246  Q21c =  -0.013767  Q22c =   0.455869

C          x = -0.696878  y = -1.208747  z =  0.040519 angstrom
           Maximum rank =  2   Radius =  0.650 angstrom
                   Q00  =   0.252946
|Q1| =   0.422090  Q10  =   0.006139  Q11c =   0.210592  Q11s =   0.365750
|Q2| =   0.796809  Q20  =  -0.650736  Q21c =   0.006982  Q21s =   0.012018
                   Q22c =  -0.228966  Q22s =   0.398533

C          x =  0.696878  y = -1.208747  z = -0.040519 angstrom
           Maximum rank =  2   Radius =  0.650 angstrom
                   Q00  =   0.252946
|Q1| =   0.422090  Q10  =  -0.006139  Q11c =  -0.210592  Q11s =   0.365750
|Q2| =   0.796809  Q20  =  -0.650736  Q21c =   0.006982  Q21s =  -0.012018
                   Q22c =  -0.228966  Q22s =  -0.398533

H          x =  2.474583  y =  0.000000  z =  0.032636 angstrom
           Maximum rank =  2   Radius =  0.350 angstrom
                   Q00  =   0.040444
|Q1| =   0.107436  Q10  =  -0.000347  Q11c =  -0.107435
|Q2| =   0.210974  Q20  =  -0.162831  Q21c =   0.004099  Q22c =   0.134087

H          x =  1.241448  y =  2.146672  z = -0.031956 angstrom
           Maximum rank =  2   Radius =  0.350 angstrom
                   Q00  =   0.041077
|Q1| =   0.106694  Q10  =   0.000315  Q11c =  -0.053468  Q11s =  -0.092329
|Q2| =   0.211304  Q20  =  -0.162639  Q21c =  -0.001918  Q21s =  -0.003337
                   Q22c =  -0.066900  Q22s =   0.117080

H          x = -1.241448  y =  2.146672  z =  0.031956 angstrom
           Maximum rank =  2   Radius =  0.350 angstrom
                   Q00  =   0.041077
|Q1| =   0.106694  Q10  =  -0.000315  Q11c =   0.053468  Q11s =  -0.092329
|Q2| =   0.211304  Q20  =  -0.162639  Q21c =  -0.001918  Q21s =   0.003337
                   Q22c =  -0.066900  Q22s =  -0.117080

H          x = -2.474583  y =  0.000000  z = -0.032636 angstrom
           Maximum rank =  2   Radius =  0.350 angstrom
                   Q00  =   0.040444
|Q1| =   0.107436  Q10  =   0.000347  Q11c =   0.107435
|Q2| =   0.210974  Q20  =  -0.162831  Q21c =   0.004099  Q22c =   0.134087

H          x = -1.241448  y = -2.146672  z =  0.031956 angstrom
           Maximum rank =  2   Radius =  0.350 angstrom
                   Q00  =   0.041077
|Q1| =   0.106694  Q10  =  -0.000315  Q11c =   0.053468  Q11s =   0.092329
|Q2| =   0.211304  Q20  =  -0.162639  Q21c =  -0.001918  Q21s =  -0.003337
                   Q22c =  -0.066900  Q22s =   0.117080

H          x =  1.241448  y = -2.146672  z = -0.031956 angstrom
           Maximum rank =  2   Radius =  0.350 angstrom
                   Q00  =   0.041077
|Q1| =   0.106694  Q10  =   0.000315  Q11c =  -0.053468  Q11s =   0.092329
|Q2| =   0.211304  Q20  =  -0.162639  Q21c =  -0.001918  Q21s =   0.003337
                   Q22c =  -0.066900  Q22s =  -0.117080

TOP(1)     x =  0.000000  y =  0.000000  z =  1.000000 angstrom
           Maximum rank =  2   Radius =  0.650 angstrom
                   Q00  =  -0.884099
|Q1| =   0.186262  Q10  =   0.186262  Q11c =  -0.000003
|Q2| =   0.547488  Q20  =   0.547488  Q21c =  -0.000120  Q22c =   0.000466

TOP(-1)    x =  0.000000  y =  0.000000  z = -1.000000 angstrom
           Maximum rank =  2   Radius =  0.650 angstrom
                   Q00  =  -0.884099
|Q1| =   0.186262  Q10  =  -0.186262  Q11c =   0.000003
|Q2| =   0.547488  Q20  =   0.547488  Q21c =  -0.000120  Q22c =   0.000466

Total multipoles referred to origin at
           x =   0.000000,  y =    0.000000,  z =    0.000000 angstrom
                   Q00  =  -0.000002
|Q1| =   0.000000
|Q2| =   6.945806  Q20  =  -6.945628  Q21c =   0.001715  Q22c =  -0.049700

CPU time used:      0m14.291s          Total:      0m14.291s

Finished at 16:25:44 on 12 Feb 2025 
