                                     G D M A
                                 by Anthony Stone

               Distributed Multipoles from Gaussian wavefunctions

                             version 2.3.3 (e2d289a)
              Compiled with gfortran on 05 October 2021 at 19:26:39

Starting at 08:53:23 on 08 Dec 2021 


Using MP2 density matrix from file nh.fchk


                         Distributed Multipole Analysis

Standard DMA for products of primitives with exponent greater than 4.00000
Using 80-point Euler-MacLaurin radial quadrature
Using 590-point Lebedev quadrature
Becke smoothing parameter = 3

Positions and radii in angstrom
Multipole moments in atomic units, ea_0^k for rank k

C          x = -0.000000  y =  1.124886  z =  0.331177 angstrom
           Maximum rank =  2   Radius =  0.650 angstrom
                   Q00  =   0.059080
|Q1| =   0.249201  Q10  =   0.119417  Q11s =  -0.218725
|Q2| =   1.470021  Q20  =   0.694231  Q21s =   0.155520  Q22c =  -1.286397

C          x =  0.000000  y =  0.712382  z = -0.982359 angstrom
           Maximum rank =  2   Radius =  0.650 angstrom
                   Q00  =   0.289216
|Q1| =   0.578588  Q10  =  -0.443184  Q11s =  -0.371957
|Q2| =   1.712473  Q20  =   1.269623  Q21s =   0.292656  Q22c =  -1.111294

C          x =  0.000000  y = -0.712382  z = -0.982359 angstrom
           Maximum rank =  2   Radius =  0.650 angstrom
                   Q00  =   0.289216
|Q1| =   0.578588  Q10  =  -0.443184  Q11s =   0.371957
|Q2| =   1.712473  Q20  =   1.269623  Q21s =  -0.292656  Q22c =  -1.111294

C          x = -0.000000  y = -1.124886  z =  0.331177 angstrom
           Maximum rank =  2   Radius =  0.650 angstrom
                   Q00  =   0.059080
|Q1| =   0.249201  Q10  =   0.119417  Q11s =   0.218725
|Q2| =   1.470021  Q20  =   0.694231  Q21s =  -0.155520  Q22c =  -1.286397

N          x = -0.000000  y = -0.000000  z =  1.121570 angstrom
           Maximum rank =  2   Radius =  0.650 angstrom
                   Q00  =   0.574199
|Q1| =   0.774054  Q10  =   0.774054
|Q2| =   1.592339  Q20  =   1.322656  Q22c =  -0.886638

H          x = -0.000000  y = -0.000000  z =  2.127602 angstrom
           Maximum rank =  2   Radius =  0.350 angstrom
                   Q00  =   0.658598
|Q1| =   0.185422  Q10  =  -0.185422
|Q2| =   0.027255  Q20  =  -0.013648  Q22c =  -0.023592

H          x = -0.000000  y =  2.112170  z =  0.763257 angstrom
           Maximum rank =  2   Radius =  0.350 angstrom
                   Q00  =   0.055214
|Q1| =   0.108674  Q10  =  -0.026045  Q11s =  -0.105507
|Q2| =   0.228711  Q20  =   0.032894  Q21s =   0.084289  Q22c =  -0.210052

H          x =  0.000000  y =  1.359416  z = -1.845462 angstrom
           Maximum rank =  2   Radius =  0.350 angstrom
                   Q00  =   0.137851
|Q1| =   0.168725  Q10  =   0.007672  Q11s =  -0.168550
|Q2| =   0.197611  Q20  =   0.144933  Q21s =  -0.022447  Q22c =  -0.132441

H          x =  0.000000  y = -1.359416  z = -1.845462 angstrom
           Maximum rank =  2   Radius =  0.350 angstrom
                   Q00  =   0.137851
|Q1| =   0.168725  Q10  =   0.007672  Q11s =   0.168550
|Q2| =   0.197611  Q20  =   0.144933  Q21s =   0.022447  Q22c =  -0.132441

H          x = -0.000000  y = -2.112170  z =  0.763257 angstrom
           Maximum rank =  2   Radius =  0.350 angstrom
                   Q00  =   0.055214
|Q1| =   0.108674  Q10  =  -0.026045  Q11s =   0.105507
|Q2| =   0.228711  Q20  =   0.032894  Q21s =  -0.084289  Q22c =  -0.210052

TOP1       x =  0.000000  y =  0.000000  z =  2.000000 angstrom
           Maximum rank =  2   Radius =  0.650 angstrom
                   Q00  =  -1.339701
|Q1| =   0.507934  Q10  =   0.507934
|Q2| =   0.825943  Q20  =   0.824695  Q22c =  -0.045389

TOP2       x =  0.000000  y =  0.000000  z = -2.000000 angstrom
           Maximum rank =  2   Radius =  0.650 angstrom
                   Q00  =  -0.975821
|Q1| =   0.334594  Q10  =  -0.334594
|Q2| =   0.547880  Q20  =   0.514776  Q22c =  -0.187558

Total multipoles referred to origin at
           x =   0.000000,  y =    0.000000,  z =    0.000000 angstrom
                   Q00  =  -0.000001
|Q1| =   0.765303  Q10  =   0.765303
|Q2| =   7.109813  Q20  =   5.254902  Q22c =  -4.789096

CPU time used:      0m49.037s          Total:      0m49.037s

Finished at 08:54:12 on 08 Dec 2021 
