                                     G D M A
                                 by Anthony Stone

               Distributed Multipoles from Gaussian wavefunctions

                             version 2.3.3 (6b8e81e)
              Compiled with gfortran on 14 January 2024 at 08:13:23

Starting at 14:59:39 on 04 Feb 2025 


Using SCF density matrix from file cr-complex.fchk


                         Distributed Multipole Analysis

Standard DMA for products of primitives with exponent greater than 4.00000
Using 80-point Euler-MacLaurin radial quadrature
Using 590-point Lebedev quadrature
Becke smoothing parameter = 3

Positions and radii in angstrom
Multipole moments in atomic units, ea_0^k for rank k

C          x =  0.702453  y = -1.227729  z = -1.612897 angstrom
           Maximum rank =  2   Radius =  0.650 angstrom
                   Q00  =   0.113582
|Q1| =   0.355764  Q10  =   0.124912  Q11c =  -0.152180  Q11s =   0.296321
|Q2| =   1.282662  Q20  =  -1.113318  Q21c =  -0.190483  Q21s =   0.440729
                   Q22c =  -0.178276  Q22s =  -0.378731

C          x = -0.702453  y = -1.227729  z = -1.612897 angstrom
           Maximum rank =  2   Radius =  0.650 angstrom
                   Q00  =   0.113582
|Q1| =   0.355764  Q10  =   0.124912  Q11c =   0.152180  Q11s =   0.296321
|Q2| =   1.282662  Q20  =  -1.113318  Q21c =   0.190483  Q21s =   0.440729
                   Q22c =  -0.178276  Q22s =   0.378731

H          x =  2.497560  y =  0.003464  z = -1.580046 angstrom
           Maximum rank =  2   Radius =  0.350 angstrom
                   Q00  =   0.069988
|Q1| =   0.094769  Q10  =   0.028640  Q11c =  -0.090311  Q11s =  -0.002204
|Q2| =   0.176814  Q20  =  -0.119396  Q21c =   0.010549  Q21s =  -0.007830
                   Q22c =   0.129701  Q22s =  -0.003603

C          x =  1.414471  y =  0.005522  z = -1.612897 angstrom
           Maximum rank =  2   Radius =  0.650 angstrom
                   Q00  =   0.113581
|Q1| =   0.355767  Q10  =   0.124899  Q11c =  -0.332719  Q11s =  -0.016382
|Q2| =   1.282679  Q20  =  -1.113321  Q21c =  -0.476934  Q21s =  -0.055461
                   Q22c =   0.417150  Q22s =  -0.035038

C          x = -1.414471  y =  0.005522  z = -1.612897 angstrom
           Maximum rank =  2   Radius =  0.650 angstrom
                   Q00  =   0.113581
|Q1| =   0.355767  Q10  =   0.124899  Q11c =   0.332719  Q11s =  -0.016382
|Q2| =   1.282679  Q20  =  -1.113321  Q21c =   0.476934  Q21s =  -0.055461
                   Q22c =   0.417150  Q22s =   0.035038

C          x = -0.712018  y =  1.222207  z = -1.612897 angstrom
           Maximum rank =  2   Radius =  0.650 angstrom
                   Q00  =   0.113586
|Q1| =   0.355756  Q10  =   0.124921  Q11c =   0.180535  Q11s =  -0.279935
|Q2| =   1.282652  Q20  =  -1.113316  Q21c =   0.286453  Q21s =  -0.385269
                   Q22c =  -0.238903  Q22s =  -0.343745

C          x =  0.712018  y =  1.222207  z = -1.612897 angstrom
           Maximum rank =  2   Radius =  0.650 angstrom
                   Q00  =   0.113586
|Q1| =   0.355756  Q10  =   0.124921  Q11c =  -0.180535  Q11s =  -0.279935
|Q2| =   1.282652  Q20  =  -1.113316  Q21c =  -0.286453  Q21s =  -0.385269
                   Q22c =  -0.238903  Q22s =   0.343745

H          x = -2.497560  y =  0.003464  z = -1.580046 angstrom
           Maximum rank =  2   Radius =  0.350 angstrom
                   Q00  =   0.069988
|Q1| =   0.094769  Q10  =   0.028640  Q11c =   0.090311  Q11s =  -0.002204
|Q2| =   0.176814  Q20  =  -0.119396  Q21c =  -0.010549  Q21s =  -0.007830
                   Q22c =   0.129701  Q22s =   0.003603

H          x = -1.251780  y =  2.161218  z = -1.580046 angstrom
           Maximum rank =  2   Radius =  0.350 angstrom
                   Q00  =   0.069988
|Q1| =   0.094769  Q10  =   0.028640  Q11c =   0.047064  Q11s =  -0.077109
|Q2| =   0.176814  Q20  =  -0.119396  Q21c =   0.001507  Q21s =   0.013051
                   Q22c =  -0.067971  Q22s =  -0.110523

H          x =  1.251780  y =  2.161218  z = -1.580046 angstrom
           Maximum rank =  2   Radius =  0.350 angstrom
                   Q00  =   0.069988
|Q1| =   0.094769  Q10  =   0.028640  Q11c =  -0.047064  Q11s =  -0.077109
|Q2| =   0.176814  Q20  =  -0.119396  Q21c =  -0.001507  Q21s =   0.013051
                   Q22c =  -0.067971  Q22s =   0.110523

Cr         x =  0.000000  y = -0.000000  z =  0.107268 angstrom
           Maximum rank =  2   Radius =  0.650 angstrom
                   Q00  =   3.120835
|Q1| =   0.414067  Q10  =   0.414067  Q11s =  -0.000034
|Q2| =   3.437982  Q20  =   3.437982  Q21s =  -0.000009  Q22c =  -0.000099

C          x =  0.000000  y =  1.510267  z =  1.178287 angstrom
           Maximum rank =  2   Radius =  0.650 angstrom
                   Q00  =   0.324711
|Q1| =   0.389774  Q10  =   0.373089  Q11s =  -0.112820
|Q2| =   1.247010  Q20  =  -0.262445  Q21s =   0.332700  Q22c =  -1.172803

O          x =  0.000000  y =  2.475062  z =  1.823373 angstrom
           Maximum rank =  2   Radius =  0.650 angstrom
                   Q00  =  -0.270246
|Q1| =   0.422494  Q10  =  -0.219128  Q11s =  -0.361226
|Q2| =   0.799554  Q20  =  -0.030182  Q21s =   0.617736  Q22c =  -0.506734

C          x =  1.307930  y = -0.755134  z =  1.178287 angstrom
           Maximum rank =  2   Radius =  0.650 angstrom
                   Q00  =   0.324710
|Q1| =   0.389776  Q10  =   0.373091  Q11c =  -0.097697  Q11s =   0.056423
|Q2| =   1.247025  Q20  =  -0.262444  Q21c =   0.288108  Q21s =  -0.166384
                   Q22c =   0.586395  Q22s =  -1.015700

O          x =  2.143467  y = -1.237531  z =  1.823373 angstrom
           Maximum rank =  2   Radius =  0.650 angstrom
                   Q00  =  -0.270246
|Q1| =   0.422494  Q10  =  -0.219128  Q11c =  -0.312831  Q11s =   0.180613
|Q2| =   0.799554  Q20  =  -0.030182  Q21c =   0.534976  Q21s =  -0.308867
                   Q22c =   0.253366  Q22s =  -0.438843

C          x = -1.307930  y = -0.755134  z =  1.178287 angstrom
           Maximum rank =  2   Radius =  0.650 angstrom
                   Q00  =   0.324710
|Q1| =   0.389776  Q10  =   0.373091  Q11c =   0.097697  Q11s =   0.056423
|Q2| =   1.247025  Q20  =  -0.262444  Q21c =  -0.288108  Q21s =  -0.166384
                   Q22c =   0.586395  Q22s =   1.015700

O          x = -2.143467  y = -1.237531  z =  1.823373 angstrom
           Maximum rank =  2   Radius =  0.650 angstrom
                   Q00  =  -0.270246
|Q1| =   0.422494  Q10  =  -0.219128  Q11c =   0.312831  Q11s =   0.180613
|Q2| =   0.799554  Q20  =  -0.030182  Q21c =  -0.534976  Q21s =  -0.308867
                   Q22c =   0.253366  Q22s =   0.438843

H          x =  1.245780  y = -2.164682  z = -1.580046 angstrom
           Maximum rank =  2   Radius =  0.350 angstrom
                   Q00  =   0.069988
|Q1| =   0.094769  Q10  =   0.028640  Q11c =  -0.043246  Q11s =   0.079314
|Q2| =   0.176814  Q20  =  -0.119396  Q21c =   0.012055  Q21s =  -0.005221
                   Q22c =  -0.061731  Q22s =  -0.114126

H          x = -1.245780  y = -2.164682  z = -1.580046 angstrom
           Maximum rank =  2   Radius =  0.350 angstrom
                   Q00  =   0.069988
|Q1| =   0.094769  Q10  =   0.028640  Q11c =   0.043246  Q11s =   0.079314
|Q2| =   0.176814  Q20  =  -0.119396  Q21c =  -0.012055  Q21s =  -0.005221
                   Q22c =  -0.061731  Q22s =   0.114126

TOP(1)     x =  0.000000  y =  0.000000  z =  1.000000 angstrom
           Maximum rank =  2   Radius =  0.650 angstrom
                   Q00  =  -2.384599
|Q1| =   0.288215  Q10  =   0.288215  Q11s =  -0.000012
|Q2| =   0.575823  Q20  =   0.575823  Q21s =   0.000027  Q22c =  -0.000038

TOP(-1)    x =  0.000000  y =  0.000000  z = -1.000000 angstrom
           Maximum rank =  2   Radius =  0.650 angstrom
                   Q00  =  -2.001072
|Q1| =   0.323877  Q10  =  -0.323877
|Q2| =   0.099432  Q20  =   0.099432  Q21s =   0.000001  Q22c =  -0.000010

Total multipoles referred to origin at
           x =   0.000000,  y =    0.000000,  z =    0.000000 angstrom
                   Q00  =  -0.000013
|Q1| =   2.286053  Q10  =  -2.286053  Q11s =   0.000010
|Q2| =   5.356804  Q20  =  -5.356804  Q21s =  -0.000078  Q22c =  -0.000365

CPU time used:      0m53.846s          Total:      0m53.846s

Finished at 15:00:33 on 04 Feb 2025 
