                                     G D M A
                                 by Anthony Stone

               Distributed Multipoles from Gaussian wavefunctions

                             version 2.3.3 (e2d289a)
              Compiled with gfortran on 05 October 2021 at 19:26:39

Starting at 09:52:02 on 07 Dec 2021 


Using MP2 density matrix from file boat-10.fchk


                         Distributed Multipole Analysis

Standard DMA for products of primitives with exponent greater than 4.00000
Using 80-point Euler-MacLaurin radial quadrature
Using 590-point Lebedev quadrature
Becke smoothing parameter = 3

Positions and radii in angstrom
Multipole moments in atomic units, ea_0^k for rank k

C          x =  0.007277  y =  1.394112  z = -0.040580 angstrom
           Maximum rank =  2   Radius =  0.650 angstrom
                   Q00  =   0.050337
|Q1| =   0.153736  Q10  =  -0.010556  Q11c =  -0.000835  Q11s =  -0.153370
|Q2| =   0.712433  Q20  =  -0.682413  Q21c =   0.081151  Q21s =  -0.046627
                   Q22c =  -0.181929  Q22s =   0.004097

C          x = -1.204594  y =  0.701691  z = -0.040580 angstrom
           Maximum rank =  2   Radius =  0.650 angstrom
                   Q00  =   0.050337
|Q1| =   0.153743  Q10  =  -0.010621  Q11c =   0.132545  Q11s =  -0.077174
|Q2| =   0.712380  Q20  =  -0.682361  Q21c =  -0.000799  Q21s =  -0.093738
                   Q22c =   0.091681  Q22s =  -0.157086

C          x = -1.204594  y = -0.688230  z =  0.080985 angstrom
           Maximum rank =  2   Radius =  0.650 angstrom
                   Q00  =   0.051777
|Q1| =   0.156457  Q10  =   0.021472  Q11c =   0.134567  Q11s =   0.076874
|Q2| =   0.698917  Q20  =  -0.670945  Q21c =  -0.080249  Q21s =  -0.045843
                   Q22c =   0.087639  Q22s =   0.148646

C          x = -0.007277  y = -1.394112  z = -0.040580 angstrom
           Maximum rank =  2   Radius =  0.650 angstrom
                   Q00  =   0.050337
|Q1| =   0.153736  Q10  =  -0.010556  Q11c =   0.000835  Q11s =   0.153370
|Q2| =   0.712433  Q20  =  -0.682413  Q21c =  -0.081151  Q21s =   0.046627
                   Q22c =  -0.181929  Q22s =   0.004097

C          x =  1.204594  y = -0.701691  z = -0.040580 angstrom
           Maximum rank =  2   Radius =  0.650 angstrom
                   Q00  =   0.050337
|Q1| =   0.153743  Q10  =  -0.010621  Q11c =  -0.132545  Q11s =   0.077174
|Q2| =   0.712380  Q20  =  -0.682361  Q21c =   0.000799  Q21s =   0.093738
                   Q22c =   0.091681  Q22s =  -0.157086

C          x =  1.204594  y =  0.688230  z =  0.080985 angstrom
           Maximum rank =  2   Radius =  0.650 angstrom
                   Q00  =   0.051777
|Q1| =   0.156457  Q10  =   0.021472  Q11c =  -0.134567  Q11s =  -0.076874
|Q2| =   0.698917  Q20  =  -0.670945  Q21c =   0.080249  Q21s =   0.045843
                   Q22c =   0.087639  Q22s =   0.148646

H          x =  0.015047  y =  2.478030  z = -0.068802 angstrom
           Maximum rank =  2   Radius =  0.350 angstrom
                   Q00  =   0.041801
|Q1| =   0.117924  Q10  =   0.002630  Q11c =  -0.000880  Q11s =  -0.117892
|Q2| =   0.193356  Q20  =  -0.143168  Q21c =   0.011060  Q21s =  -0.012523
                   Q22c =  -0.128864  Q22s =   0.002101

H          x = -2.142318  y =  1.245396  z = -0.069050 angstrom
           Maximum rank =  2   Radius =  0.350 angstrom
                   Q00  =   0.041797
|Q1| =   0.117930  Q10  =   0.002627  Q11c =   0.102011  Q11s =  -0.059113
|Q2| =   0.193350  Q20  =  -0.143162  Q21c =   0.005252  Q21s =  -0.015930
                   Q22c =   0.064245  Q22s =  -0.111715

H          x = -2.145048  y = -1.225507  z =  0.138898 angstrom
           Maximum rank =  2   Radius =  0.350 angstrom
                   Q00  =   0.041052
|Q1| =   0.118971  Q10  =  -0.005315  Q11c =   0.103199  Q11s =   0.058956
|Q2| =   0.192401  Q20  =  -0.142616  Q21c =  -0.022099  Q21s =  -0.012629
                   Q22c =   0.064302  Q22s =   0.109070

H          x = -0.015047  y = -2.478030  z = -0.068802 angstrom
           Maximum rank =  2   Radius =  0.350 angstrom
                   Q00  =   0.041801
|Q1| =   0.117924  Q10  =   0.002630  Q11c =   0.000880  Q11s =   0.117892
|Q2| =   0.193356  Q20  =  -0.143168  Q21c =  -0.011060  Q21s =   0.012523
                   Q22c =  -0.128864  Q22s =   0.002101

H          x =  2.142318  y = -1.245396  z = -0.069050 angstrom
           Maximum rank =  2   Radius =  0.350 angstrom
                   Q00  =   0.041797
|Q1| =   0.117930  Q10  =   0.002627  Q11c =  -0.102011  Q11s =   0.059113
|Q2| =   0.193350  Q20  =  -0.143162  Q21c =  -0.005252  Q21s =   0.015930
                   Q22c =   0.064245  Q22s =  -0.111715

H          x =  2.145048  y =  1.225507  z =  0.138898 angstrom
           Maximum rank =  2   Radius =  0.350 angstrom
                   Q00  =   0.041052
|Q1| =   0.118971  Q10  =  -0.005315  Q11c =  -0.103199  Q11s =  -0.058956
|Q2| =   0.192401  Q20  =  -0.142616  Q21c =   0.022099  Q21s =   0.012629
                   Q22c =   0.064302  Q22s =   0.109070

TOP1       x =  0.000000  y =  0.000000  z =  2.000000 angstrom
           Maximum rank =  2   Radius =  0.650 angstrom
                   Q00  =  -0.277149
|Q1| =   0.291136  Q10  =   0.291136
|Q2| =   0.194955  Q20  =   0.194795  Q22c =  -0.004019  Q22s =  -0.006802

TOP2       x =  0.000000  y =  0.000000  z = -2.000000 angstrom
           Maximum rank =  2   Radius =  0.650 angstrom
                   Q00  =  -0.277055
|Q1| =   0.291126  Q10  =  -0.291126
|Q2| =   0.194730  Q20  =   0.194539  Q22c =   0.004367  Q22s =   0.007418

Total multipoles referred to origin at
           x =   0.000000,  y =    0.000000,  z =    0.000000 angstrom
                   Q00  =  -0.000001
|Q1| =   0.000306  Q10  =   0.000306
|Q2| =   6.067617  Q20  =  -6.067286  Q22c =  -0.032581  Q22s =  -0.054356

CPU time used:      2m27.505s          Total:      2m27.505s

Finished at 09:54:30 on 07 Dec 2021 
