                                     G D M A
                                 by Anthony Stone

               Distributed Multipoles from Gaussian wavefunctions

                             version 2.3.3 (6b8e81e)
              Compiled with gfortran on 14 January 2024 at 08:13:23

Starting at 14:47:21 on 04 Feb 2025 


Using SCF density matrix from file clamp-20.fchk


                         Distributed Multipole Analysis

Standard DMA for products of primitives with exponent greater than 4.00000
Using 80-point Euler-MacLaurin radial quadrature
Using 590-point Lebedev quadrature
Becke smoothing parameter = 3

Positions and radii in angstrom
Multipole moments in atomic units, ea_0^k for rank k

C          x =  0.000000  y =  1.408200  z =  0.023813 angstrom
           Maximum rank =  2   Radius =  0.650 angstrom
                   Q00  =   0.139149
|Q1| =   0.304448  Q10  =  -0.047251  Q11s =  -0.300759
|Q2| =   1.450298  Q20  =   0.588570  Q21s =  -0.362060  Q22c =  -1.275093

C          x =  0.000000  y =  0.724681  z =  1.207555 angstrom
           Maximum rank =  2   Radius =  0.650 angstrom
                   Q00  =   0.822784
|Q1| =   1.072155  Q10  =  -0.315139  Q11s =  -1.024794
|Q2| =   1.264049  Q20  =   0.589388  Q21s =   0.150906  Q22c =  -1.108002

C          x = -0.000000  y = -0.724681  z =  1.207555 angstrom
           Maximum rank =  2   Radius =  0.650 angstrom
                   Q00  =   0.822784
|Q1| =   1.072155  Q10  =  -0.315139  Q11s =   1.024794
|Q2| =   1.264049  Q20  =   0.589388  Q21s =  -0.150906  Q22c =  -1.108002

C          x = -0.000000  y = -1.408200  z =  0.023813 angstrom
           Maximum rank =  2   Radius =  0.650 angstrom
                   Q00  =   0.139149
|Q1| =   0.304448  Q10  =  -0.047251  Q11s =   0.300759
|Q2| =   1.450298  Q20  =   0.588570  Q21s =   0.362060  Q22c =  -1.275093

C          x =  0.000000  y = -0.683446  z = -1.231356 angstrom
           Maximum rank =  2   Radius =  0.650 angstrom
                   Q00  =   0.831902
|Q1| =   1.006180  Q10  =   0.406675  Q11s =   0.920333
|Q2| =   1.443249  Q20  =   0.065207  Q21s =   0.521894  Q22c =  -1.344002

C          x =  0.000000  y =  0.683446  z = -1.231356 angstrom
           Maximum rank =  2   Radius =  0.650 angstrom
                   Q00  =   0.831902
|Q1| =   1.006180  Q10  =   0.406675  Q11s =  -0.920333
|Q2| =   1.443249  Q20  =   0.065207  Q21s =  -0.521894  Q22c =  -1.344002

H          x =  0.000000  y =  2.426379  z = -0.346828 angstrom
           Maximum rank =  2   Radius =  0.350 angstrom
                   Q00  =   0.040995
|Q1| =   0.129606  Q10  =  -0.037654  Q11s =  -0.124016
|Q2| =   0.220638  Q20  =   0.019627  Q21s =  -0.099750  Q22c =  -0.195821

H          x =  0.000000  y =  0.912837  z =  2.274634 angstrom
           Maximum rank =  2   Radius =  0.350 angstrom
                   Q00  =   0.060794
|Q1| =   0.147322  Q10  =  -0.100905  Q11s =  -0.107340
|Q2| =   0.212429  Q20  =   0.192939  Q21s =   0.030100  Q22c =  -0.083635

H          x = -0.000000  y = -0.912837  z =  2.274634 angstrom
           Maximum rank =  2   Radius =  0.350 angstrom
                   Q00  =   0.060794
|Q1| =   0.147322  Q10  =  -0.100905  Q11s =   0.107340
|Q2| =   0.212429  Q20  =   0.192939  Q21s =  -0.030100  Q22c =  -0.083635

H          x = -0.000000  y = -2.426379  z = -0.346828 angstrom
           Maximum rank =  2   Radius =  0.350 angstrom
                   Q00  =   0.040995
|Q1| =   0.129606  Q10  =  -0.037654  Q11s =   0.124016
|Q2| =   0.220638  Q20  =   0.019627  Q21s =   0.099750  Q22c =  -0.195821

H          x = -0.000000  y = -1.513436  z = -1.927872 angstrom
           Maximum rank =  2   Radius =  0.350 angstrom
                   Q00  =   0.054547
|Q1| =   0.131115  Q10  =   0.121692  Q11s =   0.048806
|Q2| =   0.216107  Q20  =   0.039066  Q21s =   0.118632  Q22c =  -0.176360

H          x =  0.000000  y =  1.513436  z = -1.927872 angstrom
           Maximum rank =  2   Radius =  0.350 angstrom
                   Q00  =   0.054547
|Q1| =   0.131115  Q10  =   0.121692  Q11s =  -0.048806
|Q2| =   0.216107  Q20  =   0.039066  Q21s =  -0.118632  Q22c =  -0.176360

TOP(1)     x =  0.000000  y =  0.000000  z =  1.000000 angstrom
           Maximum rank =  2   Radius =  0.650 angstrom
                   Q00  =  -1.943328
|Q1| =   0.045458  Q10  =  -0.045458
|Q2| =   1.400993  Q20  =  -0.025258  Q22c =  -1.400765

TOP(-1)    x =  0.000000  y =  0.000000  z = -1.000000 angstrom
           Maximum rank =  2   Radius =  0.650 angstrom
                   Q00  =  -1.957042
|Q1| =   0.002970  Q10  =  -0.002970
|Q2| =   1.429002  Q20  =   0.025842  Q22c =  -1.428769

Total multipoles referred to origin at
           x =   0.000000,  y =    0.000000,  z =    0.000000 angstrom
                   Q00  =  -0.000027
|Q1| =   0.000147  Q10  =  -0.000147
|Q2| =   6.593588  Q20  =   3.295840  Q22c =  -5.710765

CPU time used:      0m13.796s          Total:      0m13.796s

Finished at 14:47:34 on 04 Feb 2025 
