                                     G D M A
                                 by Anthony Stone

               Distributed Multipoles from Gaussian wavefunctions

                             version 2.3.3 (e2d289a)
              Compiled with gfortran on 05 October 2021 at 19:26:39

Starting at 10:19:22 on 07 Dec 2021 


Using MP2 density matrix from file chair-10.fchk


                         Distributed Multipole Analysis

Standard DMA for products of primitives with exponent greater than 4.00000
Using 80-point Euler-MacLaurin radial quadrature
Using 590-point Lebedev quadrature
Becke smoothing parameter = 3

Positions and radii in angstrom
Multipole moments in atomic units, ea_0^k for rank k

C          x =  0.040519  y =  1.389740  z = -0.000000 angstrom
           Maximum rank =  2   Radius =  0.650 angstrom
                   Q00  =   0.009582
|Q1| =   0.102279  Q11c =  -0.027794  Q11s =  -0.098430
|Q2| =   1.294290  Q20  =   0.602297  Q22c =  -1.143660  Q22s =   0.066830

C          x = -0.040519  y =  0.696878  z =  1.208747 angstrom
           Maximum rank =  2   Radius =  0.650 angstrom
                   Q00  =   0.453716
|Q1| =   0.718706  Q10  =   0.542713  Q11c =   0.048510  Q11s =  -0.468667
|Q2| =   1.532084  Q20  =   0.999644  Q21c =  -0.035935  Q21s =  -0.600097
                   Q22c =  -0.992623  Q22s =  -0.035837

C          x =  0.040519  y = -0.696878  z =  1.208747 angstrom
           Maximum rank =  2   Radius =  0.650 angstrom
                   Q00  =   0.453716
|Q1| =   0.718706  Q10  =   0.542713  Q11c =  -0.048510  Q11s =   0.468667
|Q2| =   1.532084  Q20  =   0.999644  Q21c =   0.035935  Q21s =   0.600097
                   Q22c =  -0.992623  Q22s =  -0.035837

C          x = -0.040519  y = -1.389740  z =  0.000000 angstrom
           Maximum rank =  2   Radius =  0.650 angstrom
                   Q00  =   0.009582
|Q1| =   0.102279  Q11c =   0.027794  Q11s =   0.098430
|Q2| =   1.294290  Q20  =   0.602297  Q22c =  -1.143660  Q22s =   0.066830

C          x =  0.040519  y = -0.696878  z = -1.208747 angstrom
           Maximum rank =  2   Radius =  0.650 angstrom
                   Q00  =   0.453716
|Q1| =   0.718706  Q10  =  -0.542713  Q11c =  -0.048510  Q11s =   0.468667
|Q2| =   1.532084  Q20  =   0.999644  Q21c =  -0.035935  Q21s =  -0.600097
                   Q22c =  -0.992623  Q22s =  -0.035837

C          x = -0.040519  y =  0.696878  z = -1.208747 angstrom
           Maximum rank =  2   Radius =  0.650 angstrom
                   Q00  =   0.453716
|Q1| =   0.718706  Q10  =  -0.542713  Q11c =   0.048510  Q11s =  -0.468667
|Q2| =   1.532084  Q20  =   0.999644  Q21c =   0.035935  Q21s =   0.600097
                   Q22c =  -0.992623  Q22s =  -0.035837

H          x =  0.032636  y =  2.474583  z =  0.000000 angstrom
           Maximum rank =  2   Radius =  0.350 angstrom
                   Q00  =   0.039122
|Q1| =   0.118191  Q11c =  -0.000582  Q11s =  -0.118190
|Q2| =   0.210939  Q20  =  -0.014429  Q22c =  -0.210405  Q22s =   0.004106

H          x = -0.031956  y =  1.241448  z =  2.146672 angstrom
           Maximum rank =  2   Radius =  0.350 angstrom
                   Q00  =   0.149727
|Q1| =   0.178843  Q10  =  -0.038327  Q11c =   0.005056  Q11s =  -0.174615
|Q2| =   0.171824  Q20  =   0.120365  Q21c =   0.001220  Q21s =   0.001275
                   Q22c =  -0.122486  Q22s =  -0.005462

H          x =  0.031956  y = -1.241448  z =  2.146672 angstrom
           Maximum rank =  2   Radius =  0.350 angstrom
                   Q00  =   0.149727
|Q1| =   0.178843  Q10  =  -0.038327  Q11c =  -0.005056  Q11s =   0.174615
|Q2| =   0.171824  Q20  =   0.120365  Q21c =  -0.001220  Q21s =  -0.001275
                   Q22c =  -0.122486  Q22s =  -0.005462

H          x = -0.032636  y = -2.474583  z =  0.000000 angstrom
           Maximum rank =  2   Radius =  0.350 angstrom
                   Q00  =   0.039122
|Q1| =   0.118191  Q11c =   0.000582  Q11s =   0.118190
|Q2| =   0.210939  Q20  =  -0.014429  Q22c =  -0.210405  Q22s =   0.004106

H          x =  0.031956  y = -1.241448  z = -2.146672 angstrom
           Maximum rank =  2   Radius =  0.350 angstrom
                   Q00  =   0.149727
|Q1| =   0.178843  Q10  =   0.038327  Q11c =  -0.005056  Q11s =   0.174615
|Q2| =   0.171824  Q20  =   0.120365  Q21c =   0.001220  Q21s =   0.001275
                   Q22c =  -0.122486  Q22s =  -0.005462

H          x = -0.031956  y =  1.241448  z = -2.146672 angstrom
           Maximum rank =  2   Radius =  0.350 angstrom
                   Q00  =   0.149727
|Q1| =   0.178843  Q10  =   0.038327  Q11c =   0.005056  Q11s =  -0.174615
|Q2| =   0.171824  Q20  =   0.120365  Q21c =  -0.001220  Q21s =  -0.001275
                   Q22c =  -0.122486  Q22s =  -0.005462

TOP1       x =  0.000000  y =  0.000000  z =  2.000000 angstrom
           Maximum rank =  2   Radius =  0.650 angstrom
                   Q00  =  -1.255592
|Q1| =   0.181402  Q10  =   0.181402
|Q2| =   0.643061  Q20  =   0.486602  Q22c =  -0.418019  Q22s =  -0.044802

TOP2       x =  0.000000  y =  0.000000  z = -2.000000 angstrom
           Maximum rank =  2   Radius =  0.650 angstrom
                   Q00  =  -1.255592
|Q1| =   0.181402  Q10  =  -0.181402
|Q2| =   0.643061  Q20  =   0.486602  Q22c =  -0.418019  Q22s =  -0.044802

Total multipoles referred to origin at
           x =   0.000000,  y =    0.000000,  z =    0.000000 angstrom
                   Q00  =  -0.000003
|Q1| =   0.000000
|Q2| =   6.123308  Q20  =   3.099501  Q22c =  -5.280908  Q22s =   0.001714

CPU time used:      1m21.019s          Total:      1m21.019s

Finished at 10:20:43 on 07 Dec 2021 
