                                     G D M A
                                 by Anthony Stone

               Distributed Multipoles from Gaussian wavefunctions

                             version 2.3.3 (e2d289a)
              Compiled with gfortran on 05 October 2021 at 19:26:39

Starting at 17:04:06 on 06 Dec 2021 


Using MP2 density matrix from file clamp-5.fchk


                         Distributed Multipole Analysis

Standard DMA for products of primitives with exponent greater than 4.00000
Using 80-point Euler-MacLaurin radial quadrature
Using 590-point Lebedev quadrature
Becke smoothing parameter = 3

Positions and radii in angstrom
Multipole moments in atomic units, ea_0^k for rank k

C          x = -0.000000  y =  1.395370  z =  0.004571 angstrom
           Maximum rank =  2   Radius =  0.650 angstrom
                   Q00  =   0.009682
|Q1| =   0.100377  Q10  =  -0.009367  Q11s =  -0.099939
|Q2| =   1.300654  Q20  =   0.608615  Q21s =  -0.103291  Q22c =  -1.144823

C          x =  0.000000  y =  0.701622  z =  1.206105 angstrom
           Maximum rank =  2   Radius =  0.650 angstrom
                   Q00  =   0.443112
|Q1| =   0.707728  Q10  =   0.522798  Q11s =  -0.477034
|Q2| =   1.553179  Q20  =   1.025513  Q21s =  -0.653742  Q22c =  -0.966079

C          x = -0.000000  y = -0.701622  z =  1.206105 angstrom
           Maximum rank =  2   Radius =  0.650 angstrom
                   Q00  =   0.443112
|Q1| =   0.707728  Q10  =   0.522798  Q11s =   0.477034
|Q2| =   1.553179  Q20  =   1.025513  Q21s =   0.653742  Q22c =  -0.966079

C          x = -0.000000  y = -1.395370  z =  0.004571 angstrom
           Maximum rank =  2   Radius =  0.650 angstrom
                   Q00  =   0.009682
|Q1| =   0.100377  Q10  =  -0.009367  Q11s =   0.099939
|Q2| =   1.300654  Q20  =   0.608615  Q21s =   0.103291  Q22c =  -1.144823

C          x =  0.000000  y = -0.693714  z = -1.210669 angstrom
           Maximum rank =  2   Radius =  0.650 angstrom
                   Q00  =   0.461773
|Q1| =   0.723259  Q10  =  -0.558056  Q11s =   0.460084
|Q2| =   1.526955  Q20  =   0.967495  Q21s =  -0.561437  Q22c =  -1.039391

C          x =  0.000000  y =  0.693714  z = -1.210669 angstrom
           Maximum rank =  2   Radius =  0.650 angstrom
                   Q00  =   0.461773
|Q1| =   0.723259  Q10  =  -0.558056  Q11s =  -0.460084
|Q2| =   1.526955  Q20  =   0.967495  Q21s =   0.561437  Q22c =  -1.039391

H          x =  0.000000  y =  2.475661  z = -0.089965 angstrom
           Maximum rank =  2   Radius =  0.350 angstrom
                   Q00  =   0.039710
|Q1| =   0.118569  Q10  =  -0.007734  Q11s =  -0.118316
|Q2| =   0.210814  Q20  =  -0.012886  Q21s =  -0.025917  Q22c =  -0.208818

H          x =  0.000000  y =  1.159918  z =  2.188921 angstrom
           Maximum rank =  2   Radius =  0.350 angstrom
                   Q00  =   0.163628
|Q1| =   0.196859  Q10  =  -0.039530  Q11s =  -0.192849
|Q2| =   0.168295  Q20  =   0.124968  Q21s =  -0.011271  Q22c =  -0.112156

H          x = -0.000000  y = -1.159918  z =  2.188921 angstrom
           Maximum rank =  2   Radius =  0.350 angstrom
                   Q00  =   0.163628
|Q1| =   0.196859  Q10  =  -0.039530  Q11s =   0.192849
|Q2| =   0.168295  Q20  =   0.124968  Q21s =   0.011271  Q22c =  -0.112156

H          x = -0.000000  y = -2.475661  z = -0.089965 angstrom
           Maximum rank =  2   Radius =  0.350 angstrom
                   Q00  =   0.039710
|Q1| =   0.118569  Q10  =  -0.007734  Q11s =   0.118316
|Q2| =   0.210814  Q20  =  -0.012886  Q21s =   0.025917  Q22c =  -0.208818

H          x =  0.000000  y = -1.315698  z = -2.099000 angstrom
           Maximum rank =  2   Radius =  0.350 angstrom
                   Q00  =   0.137393
|Q1| =   0.162789  Q10  =   0.040197  Q11s =   0.157748
|Q2| =   0.174689  Q20  =   0.113060  Q21s =   0.011208  Q22c =  -0.132695

H          x =  0.000000  y =  1.315698  z = -2.099000 angstrom
           Maximum rank =  2   Radius =  0.350 angstrom
                   Q00  =   0.137393
|Q1| =   0.162789  Q10  =   0.040197  Q11s =  -0.157748
|Q2| =   0.174689  Q20  =   0.113060  Q21s =  -0.011208  Q22c =  -0.132695

TOP1       x =  0.000000  y =  0.000000  z =  2.000000 angstrom
           Maximum rank =  2   Radius =  0.650 angstrom
                   Q00  =  -1.262522
|Q1| =   0.182598  Q10  =   0.182598
|Q2| =   0.650598  Q20  =   0.449506  Q22c =  -0.470343

TOP2       x =  0.000000  y =  0.000000  z = -2.000000 angstrom
           Maximum rank =  2   Radius =  0.650 angstrom
                   Q00  =  -1.248076
|Q1| =   0.181998  Q10  =  -0.181998
|Q2| =   0.638924  Q20  =   0.519678  Q22c =  -0.371696

Total multipoles referred to origin at
           x =   0.000000,  y =    0.000000,  z =    0.000000 angstrom
                   Q00  =  -0.000002
|Q1| =   0.000009  Q10  =  -0.000009
|Q2| =   6.113618  Q20  =   3.056462  Q22c =  -5.294750

CPU time used:      2m25.257s          Total:      2m25.257s

Finished at 17:06:31 on 06 Dec 2021 
