                                     G D M A
                                 by Anthony Stone

               Distributed Multipoles from Gaussian wavefunctions

                             version 2.3.3 (6b8e81e)
              Compiled with gfortran on 14 January 2024 at 08:13:23

Starting at 14:51:10 on 04 Feb 2025 


Using SCF density matrix from file chair-20.fchk


                         Distributed Multipole Analysis

Standard DMA for products of primitives with exponent greater than 4.00000
Using 80-point Euler-MacLaurin radial quadrature
Using 590-point Lebedev quadrature
Becke smoothing parameter = 3

Positions and radii in angstrom
Multipole moments in atomic units, ea_0^k for rank k

C          x =  0.080748  y =  1.374707  z = -0.000000 angstrom
           Maximum rank =  2   Radius =  0.650 angstrom
                   Q00  =   0.148187
|Q1| =   0.309690  Q11c =  -0.042158  Q11s =  -0.306808
|Q2| =   1.401590  Q20  =   0.469561  Q22c =  -1.317700  Q22s =   0.087364

C          x = -0.080748  y =  0.695628  z =  1.211781 angstrom
           Maximum rank =  2   Radius =  0.650 angstrom
                   Q00  =   0.831415
|Q1| =   1.035267  Q10  =  -0.339456  Q11c =   0.145318  Q11s =  -0.967176
|Q2| =   1.304546  Q20  =   0.366728  Q21c =  -0.125165  Q21s =   0.440915
                   Q22c =  -1.160626  Q22s =  -0.101114

C          x =  0.080748  y = -0.695628  z =  1.211781 angstrom
           Maximum rank =  2   Radius =  0.650 angstrom
                   Q00  =   0.831415
|Q1| =   1.035267  Q10  =  -0.339456  Q11c =  -0.145318  Q11s =   0.967176
|Q2| =   1.304546  Q20  =   0.366728  Q21c =   0.125165  Q21s =  -0.440915
                   Q22c =  -1.160626  Q22s =  -0.101114

C          x = -0.080748  y = -1.374707  z =  0.000000 angstrom
           Maximum rank =  2   Radius =  0.650 angstrom
                   Q00  =   0.148187
|Q1| =   0.309690  Q11c =   0.042158  Q11s =   0.306808
|Q2| =   1.401590  Q20  =   0.469561  Q22c =  -1.317700  Q22s =   0.087364

C          x =  0.080748  y = -0.695628  z = -1.211781 angstrom
           Maximum rank =  2   Radius =  0.650 angstrom
                   Q00  =   0.831415
|Q1| =   1.035267  Q10  =   0.339456  Q11c =  -0.145318  Q11s =   0.967176
|Q2| =   1.304546  Q20  =   0.366728  Q21c =  -0.125165  Q21s =   0.440915
                   Q22c =  -1.160626  Q22s =  -0.101114

C          x = -0.080748  y =  0.695628  z = -1.211781 angstrom
           Maximum rank =  2   Radius =  0.650 angstrom
                   Q00  =   0.831415
|Q1| =   1.035267  Q10  =   0.339456  Q11c =   0.145318  Q11s =  -0.967176
|Q2| =   1.304546  Q20  =   0.366728  Q21c =   0.125165  Q21s =  -0.440915
                   Q22c =  -1.160626  Q22s =  -0.101114

H          x =  0.068279  y =  2.460840  z = -0.000000 angstrom
           Maximum rank =  2   Radius =  0.350 angstrom
                   Q00  =   0.037339
|Q1| =   0.109288  Q11c =  -0.001609  Q11s =  -0.109276
|Q2| =   0.219394  Q20  =  -0.019778  Q22c =  -0.218256  Q22s =   0.010341

H          x = -0.063980  y =  1.247443  z =  2.145881 angstrom
           Maximum rank =  2   Radius =  0.350 angstrom
                   Q00  =   0.056562
|Q1| =   0.119449  Q10  =  -0.096125  Q11c =   0.002063  Q11s =  -0.070879
|Q2| =   0.214387  Q20  =   0.132249  Q21c =  -0.008345  Q21s =   0.120270
                   Q22c =  -0.117957  Q22s =  -0.004852

H          x =  0.063980  y = -1.247443  z =  2.145881 angstrom
           Maximum rank =  2   Radius =  0.350 angstrom
                   Q00  =   0.056562
|Q1| =   0.119449  Q10  =  -0.096125  Q11c =  -0.002063  Q11s =   0.070879
|Q2| =   0.214387  Q20  =   0.132249  Q21c =   0.008345  Q21s =  -0.120270
                   Q22c =  -0.117957  Q22s =  -0.004852

H          x = -0.068279  y = -2.460840  z =  0.000000 angstrom
           Maximum rank =  2   Radius =  0.350 angstrom
                   Q00  =   0.037339
|Q1| =   0.109288  Q11c =   0.001609  Q11s =   0.109276
|Q2| =   0.219394  Q20  =  -0.019778  Q22c =  -0.218256  Q22s =   0.010341

H          x =  0.063980  y = -1.247443  z = -2.145881 angstrom
           Maximum rank =  2   Radius =  0.350 angstrom
                   Q00  =   0.056562
|Q1| =   0.119449  Q10  =   0.096125  Q11c =  -0.002063  Q11s =   0.070879
|Q2| =   0.214387  Q20  =   0.132249  Q21c =  -0.008345  Q21s =   0.120270
                   Q22c =  -0.117957  Q22s =  -0.004852

H          x = -0.063980  y =  1.247443  z = -2.145881 angstrom
           Maximum rank =  2   Radius =  0.350 angstrom
                   Q00  =   0.056562
|Q1| =   0.119449  Q10  =   0.096125  Q11c =   0.002063  Q11s =  -0.070879
|Q2| =   0.214387  Q20  =   0.132249  Q21c =   0.008345  Q21s =  -0.120270
                   Q22c =  -0.117957  Q22s =  -0.004852

TOP(1)     x =  0.000000  y =  0.000000  z =  1.000000 angstrom
           Maximum rank =  2   Radius =  0.650 angstrom
                   Q00  =  -1.961478
|Q1| =   0.028140  Q10  =  -0.028140
|Q2| =   1.428010  Q20  =  -0.018490  Q22c =  -1.395737  Q22s =  -0.301313

TOP(-1)    x =  0.000000  y =  0.000000  z = -1.000000 angstrom
           Maximum rank =  2   Radius =  0.650 angstrom
                   Q00  =  -1.961478
|Q1| =   0.028140  Q10  =   0.028140
|Q2| =   1.428010  Q20  =  -0.018490  Q22c =  -1.395737  Q22s =  -0.301313

Total multipoles referred to origin at
           x =   0.000000,  y =    0.000000,  z =    0.000000 angstrom
                   Q00  =   0.000001
|Q1| =   0.000000
|Q2| =   6.801785  Q20  =   3.572377  Q22c =  -5.788123  Q22s =   0.005605

CPU time used:      0m13.801s          Total:      0m13.801s

Finished at 14:51:23 on 04 Feb 2025 
