                                     G D M A
                                 by Anthony Stone

               Distributed Multipoles from Gaussian wavefunctions

                             version 2.3.3 (6b8e81e)
              Compiled with gfortran on 14 January 2024 at 08:13:23

Starting at 13:37:34 on 04 Feb 2025 


Using MP2 density matrix from file benzene.fchk


                         Distributed Multipole Analysis

Standard DMA for products of primitives with exponent greater than 4.00000
Using 80-point Euler-MacLaurin radial quadrature
Using 590-point Lebedev quadrature
Becke smoothing parameter = 3

Positions and radii in angstrom
Multipole moments in atomic units, ea_0^k for rank k

C          x = -0.000000  y =  1.394663  z =  0.000000 angstrom
           Maximum rank =  2   Radius =  0.650 angstrom
                   Q00  =  -0.032599
|Q1| =   0.063162  Q11s =  -0.063162
|Q2| =   1.262463  Q20  =  -1.256192  Q22c =  -0.125679

C          x = -1.207814  y =  0.697332  z =  0.000000 angstrom
           Maximum rank =  2   Radius =  0.650 angstrom
                   Q00  =  -0.032600
|Q1| =   0.063166  Q11c =   0.054703  Q11s =  -0.031582
|Q2| =   1.262459  Q20  =  -1.256187  Q22c =   0.062840  Q22s =  -0.108844

C          x = -1.207814  y = -0.697332  z =  0.000000 angstrom
           Maximum rank =  2   Radius =  0.650 angstrom
                   Q00  =  -0.032600
|Q1| =   0.063166  Q11c =   0.054703  Q11s =   0.031582
|Q2| =   1.262459  Q20  =  -1.256187  Q22c =   0.062840  Q22s =   0.108844

C          x = -0.000000  y = -1.394663  z =  0.000000 angstrom
           Maximum rank =  2   Radius =  0.650 angstrom
                   Q00  =  -0.032599
|Q1| =   0.063162  Q11s =   0.063162
|Q2| =   1.262463  Q20  =  -1.256192  Q22c =  -0.125679

C          x =  1.207814  y = -0.697332  z = -0.000000 angstrom
           Maximum rank =  2   Radius =  0.650 angstrom
                   Q00  =  -0.032600
|Q1| =   0.063166  Q11c =  -0.054703  Q11s =   0.031582
|Q2| =   1.262459  Q20  =  -1.256187  Q22c =   0.062840  Q22s =  -0.108844

C          x =  1.207814  y =  0.697332  z = -0.000000 angstrom
           Maximum rank =  2   Radius =  0.650 angstrom
                   Q00  =  -0.032600
|Q1| =   0.063166  Q11c =  -0.054703  Q11s =  -0.031582
|Q2| =   1.262459  Q20  =  -1.256187  Q22c =   0.062840  Q22s =   0.108844

H          x = -0.000000  y =  2.479089  z =  0.000000 angstrom
           Maximum rank =  2   Radius =  0.350 angstrom
                   Q00  =   0.034538
|Q1| =   0.114772  Q11s =  -0.114772
|Q2| =   0.209758  Q20  =  -0.163004  Q22c =  -0.132015

H          x = -2.146954  y =  1.239545  z =  0.000000 angstrom
           Maximum rank =  2   Radius =  0.350 angstrom
                   Q00  =   0.034537
|Q1| =   0.114775  Q11c =   0.099400  Q11s =  -0.057385
|Q2| =   0.209744  Q20  =  -0.162999  Q22c =   0.065987  Q22s =  -0.114321

H          x = -2.146954  y = -1.239545  z =  0.000000 angstrom
           Maximum rank =  2   Radius =  0.350 angstrom
                   Q00  =   0.034537
|Q1| =   0.114775  Q11c =   0.099400  Q11s =   0.057385
|Q2| =   0.209744  Q20  =  -0.162999  Q22c =   0.065987  Q22s =   0.114321

H          x = -0.000000  y = -2.479089  z =  0.000000 angstrom
           Maximum rank =  2   Radius =  0.350 angstrom
                   Q00  =   0.034538
|Q1| =   0.114772  Q11s =   0.114772
|Q2| =   0.209758  Q20  =  -0.163004  Q22c =  -0.132015

H          x =  2.146954  y = -1.239545  z = -0.000000 angstrom
           Maximum rank =  2   Radius =  0.350 angstrom
                   Q00  =   0.034537
|Q1| =   0.114775  Q11c =  -0.099400  Q11s =   0.057385
|Q2| =   0.209744  Q20  =  -0.162999  Q22c =   0.065987  Q22s =  -0.114321

H          x =  2.146954  y =  1.239545  z = -0.000000 angstrom
           Maximum rank =  2   Radius =  0.350 angstrom
                   Q00  =   0.034537
|Q1| =   0.114775  Q11c =  -0.099400  Q11s =  -0.057385
|Q2| =   0.209744  Q20  =  -0.162999  Q22c =   0.065987  Q22s =   0.114321

TOP-4.5    x =  0.000000  y =  0.000000  z = -4.500000 angstrom
           Maximum rank =  2   Radius =  0.650 angstrom
                   Q00  =  -0.005814
|Q1| =   0.019341  Q10  =  -0.019341
|Q2| =   0.038600  Q20  =  -0.038600

TOP-4.5    x =  0.000000  y =  0.000000  z =  4.500000 angstrom
           Maximum rank =  2   Radius =  0.650 angstrom
                   Q00  =  -0.005814
|Q1| =   0.019341  Q10  =   0.019341
|Q2| =   0.038600  Q20  =  -0.038600

Total multipoles referred to origin at
           x =   0.000000,  y =    0.000000,  z =    0.000000 angstrom
                   Q00  =  -0.000001
|Q1| =   0.000000
|Q2| =   6.145006  Q20  =  -6.145006  Q22c =  -0.000281

CPU time used:      0m11.985s          Total:      0m11.985s

Finished at 13:37:46 on 04 Feb 2025 
