                                     G D M A
                                 by Anthony Stone

               Distributed Multipoles from Gaussian wavefunctions

                             version 2.3.3 (6b8e81e)
              Compiled with gfortran on 14 January 2024 at 08:13:23

Starting at 15:59:49 on 12 Feb 2025 


Using SCF density matrix from file clamp-10.fchk


                         Distributed Multipole Analysis

Standard DMA for products of primitives with exponent greater than 4.00000
Using 80-point Euler-MacLaurin radial quadrature
Using 590-point Lebedev quadrature
Becke smoothing parameter = 3

Positions and radii in angstrom
Multipole moments in atomic units, ea_0^k for rank k

C          x =  1.397529  y =  0.009623  z =  0.000000 angstrom
           Maximum rank =  2   Radius =  0.650 angstrom
                   Q00  =   0.252488
|Q1| =   0.424569  Q11c =  -0.423810  Q11s =  -0.025383
|Q2| =   0.803451  Q20  =  -0.657682  Q22c =   0.421116  Q22s =  -0.188808

C          x =  0.707079  y =  1.205443  z =  0.000000 angstrom
           Maximum rank =  2   Radius =  0.650 angstrom
                   Q00  =   0.252521
|Q1| =   0.424579  Q11c =  -0.233895  Q11s =  -0.354345
|Q2| =   0.803432  Q20  =  -0.657663  Q22c =  -0.374059  Q22s =   0.270299

C          x = -0.707079  y =  1.205443  z =  0.000000 angstrom
           Maximum rank =  2   Radius =  0.650 angstrom
                   Q00  =   0.252521
|Q1| =   0.424579  Q11c =   0.233895  Q11s =  -0.354345
|Q2| =   0.803432  Q20  =  -0.657663  Q22c =  -0.374059  Q22s =  -0.270299

C          x = -1.397529  y =  0.009623  z =  0.000000 angstrom
           Maximum rank =  2   Radius =  0.650 angstrom
                   Q00  =   0.252488
|Q1| =   0.424569  Q11c =   0.423809  Q11s =  -0.025383
|Q2| =   0.803451  Q20  =  -0.657682  Q22c =   0.421116  Q22s =   0.188808

C          x = -0.690415  y = -1.215058  z =  0.000000 angstrom
           Maximum rank =  2   Radius =  0.650 angstrom
                   Q00  =   0.252517
|Q1| =   0.424584  Q11c =   0.189938  Q11s =   0.379730
|Q2| =   0.803426  Q20  =  -0.657653  Q22c =  -0.047080  Q22s =   0.459096

C          x =  0.690415  y = -1.215058  z =  0.000000 angstrom
           Maximum rank =  2   Radius =  0.650 angstrom
                   Q00  =   0.252517
|Q1| =   0.424584  Q11c =  -0.189938  Q11s =   0.379730
|Q2| =   0.803426  Q20  =  -0.657653  Q22c =  -0.047080  Q22s =  -0.459096

H          x =  2.465434  y = -0.178706  z =  0.000000 angstrom
           Maximum rank =  2   Radius =  0.350 angstrom
                   Q00  =   0.041173
|Q1| =   0.112321  Q11c =  -0.110959  Q11s =  -0.017433
|Q2| =   0.211160  Q20  =  -0.162799  Q22c =   0.123198  Q22s =  -0.053918

H          x =  1.077957  y =  2.224417  z =  0.000000 angstrom
           Maximum rank =  2   Radius =  0.350 angstrom
                   Q00  =   0.041162
|Q1| =   0.112326  Q11c =  -0.070574  Q11s =  -0.087386
|Q2| =   0.211158  Q20  =  -0.162803  Q22c =  -0.108283  Q22s =   0.079736

H          x = -1.077957  y =  2.224417  z =  0.000000 angstrom
           Maximum rank =  2   Radius =  0.350 angstrom
                   Q00  =   0.041162
|Q1| =   0.112326  Q11c =   0.070574  Q11s =  -0.087386
|Q2| =   0.211158  Q20  =  -0.162803  Q22c =  -0.108283  Q22s =  -0.079736

H          x = -2.465434  y = -0.178706  z =  0.000000 angstrom
           Maximum rank =  2   Radius =  0.350 angstrom
                   Q00  =   0.041173
|Q1| =   0.112321  Q11c =   0.110959  Q11s =  -0.017433
|Q2| =   0.211160  Q20  =  -0.162799  Q22c =   0.123198  Q22s =   0.053918

H          x = -1.387412  y = -2.045754  z =  0.000000 angstrom
           Maximum rank =  2   Radius =  0.350 angstrom
                   Q00  =   0.041162
|Q1| =   0.112327  Q11c =   0.040388  Q11s =   0.104815
|Q2| =   0.211158  Q20  =  -0.162802  Q22c =  -0.014917  Q22s =   0.133644

H          x =  1.387412  y = -2.045754  z =  0.000000 angstrom
           Maximum rank =  2   Radius =  0.350 angstrom
                   Q00  =   0.041162
|Q1| =   0.112327  Q11c =  -0.040388  Q11s =   0.104815
|Q2| =   0.211158  Q20  =  -0.162802  Q22c =  -0.014917  Q22s =  -0.133644

TOP(1)     x =  0.000000  y =  0.000000  z =  1.000000 angstrom
           Maximum rank =  2   Radius =  0.650 angstrom
                   Q00  =  -0.881022
|Q1| =   0.187243  Q10  =   0.187243
|Q2| =   0.545704  Q20  =   0.545704  Q21s =   0.000001  Q22c =  -0.000006

TOP(-1)    x =  0.000000  y =  0.000000  z = -1.000000 angstrom
           Maximum rank =  2   Radius =  0.650 angstrom
                   Q00  =  -0.881022
|Q1| =   0.187243  Q10  =  -0.187243
|Q2| =   0.545704  Q20  =   0.545704  Q21s =  -0.000001  Q22c =  -0.000006

Total multipoles referred to origin at
           x =   0.000000,  y =    0.000000,  z =    0.000000 angstrom
                   Q00  =   0.000002
|Q1| =   0.000004  Q11s =   0.000004
|Q2| =   6.901695  Q20  =  -6.901695  Q22c =   0.000295

CPU time used:      0m13.497s          Total:      0m13.497s

Finished at 16:00:02 on 12 Feb 2025 
