                                     G D M A
                                 by Anthony Stone

               Distributed Multipoles from Gaussian wavefunctions

                             version 2.3.3 (e2d289a)
              Compiled with gfortran on 05 October 2021 at 19:26:39

Starting at 17:29:28 on 14 Jan 2022 


Using MP2 density matrix from file h.fchk


                         Distributed Multipole Analysis

Standard DMA for products of primitives with exponent greater than 4.00000
Using 80-point Euler-MacLaurin radial quadrature
Using 590-point Lebedev quadrature
Becke smoothing parameter = 3

Positions and radii in angstrom
Multipole moments in atomic units, ea_0^k for rank k

C          x = -0.000000  y =  1.394663  z =  0.000000 angstrom
           Maximum rank =  2   Radius =  0.650 angstrom
                   Q00  =   0.417226
|Q1| =   0.703459  Q11s =  -0.703459
|Q2| =   0.850576  Q20  =  -0.598073  Q22c =  -0.604804

C          x = -1.207814  y =  0.697332  z =  0.000000 angstrom
           Maximum rank =  2   Radius =  0.650 angstrom
                   Q00  =   0.417226
|Q1| =   0.703460  Q11c =   0.609212  Q11s =  -0.351733
|Q2| =   0.850600  Q20  =  -0.598084  Q22c =   0.302419  Q22s =  -0.523793

C          x = -1.207814  y = -0.697332  z =  0.000000 angstrom
           Maximum rank =  2   Radius =  0.650 angstrom
                   Q00  =   0.417226
|Q1| =   0.703460  Q11c =   0.609212  Q11s =   0.351733
|Q2| =   0.850600  Q20  =  -0.598084  Q22c =   0.302419  Q22s =   0.523793

C          x = -0.000000  y = -1.394663  z =  0.000000 angstrom
           Maximum rank =  2   Radius =  0.650 angstrom
                   Q00  =   0.417226
|Q1| =   0.703459  Q11s =   0.703459
|Q2| =   0.850576  Q20  =  -0.598073  Q22c =  -0.604804

C          x =  1.207814  y = -0.697332  z = -0.000000 angstrom
           Maximum rank =  2   Radius =  0.650 angstrom
                   Q00  =   0.417226
|Q1| =   0.703460  Q11c =  -0.609212  Q11s =   0.351733
|Q2| =   0.850600  Q20  =  -0.598084  Q22c =   0.302419  Q22s =  -0.523793

C          x =  1.207814  y =  0.697332  z = -0.000000 angstrom
           Maximum rank =  2   Radius =  0.650 angstrom
                   Q00  =   0.417226
|Q1| =   0.703460  Q11c =  -0.609212  Q11s =  -0.351733
|Q2| =   0.850600  Q20  =  -0.598084  Q22c =   0.302419  Q22s =   0.523793

H          x = -0.000000  y =  2.479089  z =  0.000000 angstrom
           Maximum rank =  2   Radius =  0.350 angstrom
                   Q00  =   0.064327
|Q1| =   0.131988  Q11s =  -0.131988
|Q2| =   0.168025  Q20  =  -0.119264  Q22c =  -0.118358

H          x = -2.146954  y =  1.239545  z =  0.000000 angstrom
           Maximum rank =  2   Radius =  0.350 angstrom
                   Q00  =   0.064327
|Q1| =   0.131992  Q11c =   0.114310  Q11s =  -0.065993
|Q2| =   0.168010  Q20  =  -0.119259  Q22c =   0.059158  Q22s =  -0.102493

H          x = -2.146954  y = -1.239545  z =  0.000000 angstrom
           Maximum rank =  2   Radius =  0.350 angstrom
                   Q00  =   0.064327
|Q1| =   0.131992  Q11c =   0.114310  Q11s =   0.065993
|Q2| =   0.168010  Q20  =  -0.119259  Q22c =   0.059158  Q22s =   0.102493

H          x = -0.000000  y = -2.479089  z =  0.000000 angstrom
           Maximum rank =  2   Radius =  0.350 angstrom
                   Q00  =   0.064327
|Q1| =   0.131988  Q11s =   0.131988
|Q2| =   0.168025  Q20  =  -0.119264  Q22c =  -0.118358

H          x =  2.146954  y = -1.239545  z = -0.000000 angstrom
           Maximum rank =  2   Radius =  0.350 angstrom
                   Q00  =   0.064327
|Q1| =   0.131992  Q11c =  -0.114310  Q11s =   0.065993
|Q2| =   0.168010  Q20  =  -0.119259  Q22c =   0.059158  Q22s =  -0.102493

H          x =  2.146954  y =  1.239545  z = -0.000000 angstrom
           Maximum rank =  2   Radius =  0.350 angstrom
                   Q00  =   0.064327
|Q1| =   0.131992  Q11c =  -0.114310  Q11s =  -0.065993
|Q2| =   0.168010  Q20  =  -0.119259  Q22c =   0.059158  Q22s =   0.102493

TOP(2)     x =  0.000000  y =  0.000000  z =  2.000000 angstrom
           Maximum rank =  2   Radius =  0.650 angstrom
                   Q00  =  -0.109675
|Q1| =   0.026383  Q10  =   0.026383
|Q2| =   0.353396  Q20  =   0.353396  Q22c =   0.000002

TOP(1)     x =  0.000000  y =  0.000000  z =  1.000000 angstrom
           Maximum rank =  2   Radius =  0.650 angstrom
                   Q00  =  -0.438347
|Q1| =   0.057950  Q10  =  -0.057950
|Q2| =   0.708209  Q20  =   0.708209  Q22c =   0.000005

TOP(0)     x =  0.000000  y =  0.000000  z =  0.000000 angstrom
           Maximum rank =  2   Radius =  0.650 angstrom
                   Q00  =  -0.648654
|Q1| =   0.000000
|Q2| =   0.454758  Q20  =   0.454758  Q22c =   0.000004

TOP(ao)    x =  0.000000  y =  0.000000  z =  0.529000 angstrom
           Maximum rank =  2   Radius =  0.650 angstrom
                   Q00  =  -0.572309
|Q1| =   0.010433  Q10  =   0.010433
|Q2| =   0.540906  Q20  =   0.540906  Q22c =   0.000002

TOP(-a0)   x =  0.000000  y =  0.000000  z = -0.529000 angstrom
           Maximum rank =  2   Radius =  0.650 angstrom
                   Q00  =  -0.572309
|Q1| =   0.010433  Q10  =  -0.010433
|Q2| =   0.540906  Q20  =   0.540906  Q22c =   0.000002

TOP(-1)    x =  0.000000  y =  0.000000  z = -1.000000 angstrom
           Maximum rank =  2   Radius =  0.650 angstrom
                   Q00  =  -0.438347
|Q1| =   0.057950  Q10  =   0.057950
|Q2| =   0.708209  Q20  =   0.708209  Q22c =   0.000005

TOP(-2)    x =  0.000000  y =  0.000000  z = -2.000000 angstrom
           Maximum rank =  2   Radius =  0.650 angstrom
                   Q00  =  -0.109675
|Q1| =   0.026383  Q10  =  -0.026383
|Q2| =   0.353396  Q20  =   0.353396  Q22c =   0.000002

Total multipoles referred to origin at
           x =   0.000000,  y =    0.000000,  z =    0.000000 angstrom
                   Q00  =   0.000000
|Q1| =   0.000000
|Q2| =   6.145111  Q20  =  -6.145111  Q22c =  -0.000090

CPU time used:      2m 1.565s          Total:      2m 1.565s

Finished at 17:31:30 on 14 Jan 2022 
