                                     G D M A
                                 by Anthony Stone

               Distributed Multipoles from Gaussian wavefunctions

                             version 2.3.3 (e2d289a)
              Compiled with gfortran on 05 October 2021 at 19:26:39

Starting at 17:11:44 on 14 Jan 2022 


Using MP2 density matrix from file cch.fchk


                         Distributed Multipole Analysis

Standard DMA for products of primitives with exponent greater than 4.00000
Using 80-point Euler-MacLaurin radial quadrature
Using 590-point Lebedev quadrature
Becke smoothing parameter = 3

Positions and radii in angstrom
Multipole moments in atomic units, ea_0^k for rank k

C          x =  0.000609  y = -2.209655  z =  0.000000 angstrom
           Maximum rank =  2   Radius =  0.650 angstrom
                   Q00  =   0.061993
|Q1| =   0.244994  Q11c =  -0.000062  Q11s =   0.244994
|Q2| =   1.161897  Q20  =  -1.119679  Q22c =  -0.310359  Q22s =  -0.000143

C          x = -1.206111  y = -1.510255  z =  0.000000 angstrom
           Maximum rank =  2   Radius =  0.650 angstrom
                   Q00  =   0.128421
|Q1| =   0.339291  Q11c =   0.217777  Q11s =   0.260176
|Q2| =   1.059327  Q20  =  -1.001664  Q22c =   0.003079  Q22s =   0.344723

C          x = -1.210765  y = -0.119555  z = -0.000000 angstrom
           Maximum rank =  2   Radius =  0.650 angstrom
                   Q00  =   0.587193
|Q1| =   0.847657  Q11c =   0.846739  Q11s =   0.039456
|Q2| =   0.599413  Q20  =  -0.387944  Q22c =   0.449915  Q22s =  -0.079820

C          x =  0.000000  y =  0.593807  z = -0.000000 angstrom
           Maximum rank =  2   Radius =  0.650 angstrom
                   Q00  =   1.502004
|Q1| =   1.266397  Q11c =  -0.000023  Q11s =  -1.266397
|Q2| =   0.775104  Q20  =   0.595249  Q22c =  -0.496452  Q22s =  -0.000271

C          x =  1.211014  y = -0.118967  z =  0.000000 angstrom
           Maximum rank =  2   Radius =  0.650 angstrom
                   Q00  =   0.586954
|Q1| =   0.847471  Q11c =  -0.846572  Q11s =   0.039020
|Q2| =   0.599599  Q20  =  -0.388193  Q22c =   0.449878  Q22s =   0.080219

C          x =  1.206971  y = -1.509699  z =  0.000000 angstrom
           Maximum rank =  2   Radius =  0.650 angstrom
                   Q00  =   0.128391
|Q1| =   0.339252  Q11c =  -0.217890  Q11s =   0.260030
|Q2| =   1.059384  Q20  =  -1.001741  Q22c =   0.003455  Q22s =  -0.344672

C          x = -0.000485  y =  2.021987  z = -0.000000 angstrom
           Maximum rank =  2   Radius =  0.650 angstrom
                   Q00  =   0.050595
|Q1| =   0.409292  Q11c =  -0.000098  Q11s =  -0.409291
|Q2| =   1.753012  Q20  =  -0.698749  Q22c =  -1.607730  Q22s =  -0.001979

H          x =  2.146431  y =  0.427389  z =  0.000000 angstrom
           Maximum rank =  2   Radius =  0.350 angstrom
                   Q00  =   0.092905
|Q1| =   0.138104  Q11c =  -0.133177  Q11s =  -0.036561
|Q2| =   0.138273  Q20  =  -0.106290  Q22c =   0.044009  Q22s =   0.076715

H          x =  2.147733  y = -2.048484  z =  0.000000 angstrom
           Maximum rank =  2   Radius =  0.350 angstrom
                   Q00  =   0.054342
|Q1| =   0.121380  Q11c =  -0.099897  Q11s =   0.068946
|Q2| =   0.183841  Q20  =  -0.139876  Q22c =   0.057888  Q22s =  -0.104313

H          x =  0.000861  y = -3.293691  z =  0.000000 angstrom
           Maximum rank =  2   Radius =  0.350 angstrom
                   Q00  =   0.045513
|Q1| =   0.118485  Q11c =  -0.000029  Q11s =   0.118485
|Q2| =   0.197510  Q20  =  -0.150740  Q22c =  -0.127622  Q22s =  -0.000058

H          x = -2.146617  y = -2.049491  z = -0.000000 angstrom
           Maximum rank =  2   Radius =  0.350 angstrom
                   Q00  =   0.054348
|Q1| =   0.121378  Q11c =   0.099861  Q11s =   0.068995
|Q2| =   0.183839  Q20  =  -0.139871  Q22c =   0.057788  Q22s =   0.104370

H          x = -2.146381  y =  0.426446  z = -0.000000 angstrom
           Maximum rank =  2   Radius =  0.350 angstrom
                   Q00  =   0.092923
|Q1| =   0.138111  Q11c =   0.133201  Q11s =  -0.036497
|Q2| =   0.138254  Q20  =  -0.106272  Q22c =   0.044064  Q22s =  -0.076674

C          x = -0.001594  y =  3.227049  z = -0.000000 angstrom
           Maximum rank =  2   Radius =  0.650 angstrom
                   Q00  =  -0.028824
|Q1| =   0.045190  Q11c =   0.000850  Q11s =  -0.045182
|Q2| =   1.703642  Q20  =  -0.822725  Q22c =  -1.491817  Q22s =   0.000444

H          x =  0.000141  y =  4.289554  z = -0.000000 angstrom
           Maximum rank =  2   Radius =  0.350 angstrom
                   Q00  =   0.071292
|Q1| =   0.059641  Q11c =   0.000080  Q11s =  -0.059641
|Q2| =   0.274824  Q20  =  -0.136659  Q22c =  -0.238437  Q22s =   0.000687

TOP(2)     x =  0.000000  y =  0.000000  z =  2.000000 angstrom
           Maximum rank =  2   Radius =  0.650 angstrom
                   Q00  =  -0.098331
|Q1| =   0.030198  Q10  =   0.025341  Q11c =  -0.000004  Q11s =   0.016426
|Q2| =   0.307954  Q20  =   0.307617  Q21c =  -0.000002  Q21s =   0.012686
                   Q22c =  -0.006792  Q22s =  -0.000001

TOP(1)     x =  0.000000  y =  0.000000  z =  1.000000 angstrom
           Maximum rank =  2   Radius =  0.650 angstrom
                   Q00  =  -0.477423
|Q1| =   0.069604  Q10  =  -0.046059  Q11c =   0.000007  Q11s =  -0.052185
|Q2| =   0.701837  Q20  =   0.700171  Q21c =  -0.000002  Q21s =   0.000109
                   Q22c =  -0.048336  Q22s =  -0.000040

TOP(0)     x =  0.000000  y =  0.000000  z =  0.000000 angstrom
           Maximum rank =  2   Radius =  0.650 angstrom
                   Q00  =  -0.810293
|Q1| =   0.140102  Q11c =   0.000005  Q11s =   0.140102
|Q2| =   0.402390  Q20  =   0.387400  Q22c =  -0.108806  Q22s =   0.000076

TOP(ao)    x =  0.000000  y =  0.000000  z =  0.529000 angstrom
           Maximum rank =  2   Radius =  0.650 angstrom
                   Q00  =  -0.733113
|Q1| =   0.015927  Q10  =   0.015064  Q11c =   0.000011  Q11s =  -0.005170
|Q2| =   0.543398  Q20  =   0.533711  Q21c =   0.000002  Q21s =  -0.040971
                   Q22c =  -0.093565  Q22s =   0.000031

TOP(-a0)   x =  0.000000  y =  0.000000  z = -0.529000 angstrom
           Maximum rank =  2   Radius =  0.650 angstrom
                   Q00  =  -0.733113
|Q1| =   0.015927  Q10  =  -0.015064  Q11c =   0.000011  Q11s =  -0.005170
|Q2| =   0.543398  Q20  =   0.533711  Q21c =  -0.000002  Q21s =   0.040971
                   Q22c =  -0.093565  Q22s =   0.000031

TOP(-1)    x =  0.000000  y =  0.000000  z = -1.000000 angstrom
           Maximum rank =  2   Radius =  0.650 angstrom
                   Q00  =  -0.477423
|Q1| =   0.069604  Q10  =   0.046059  Q11c =   0.000007  Q11s =  -0.052185
|Q2| =   0.701837  Q20  =   0.700171  Q21c =   0.000002  Q21s =  -0.000109
                   Q22c =  -0.048336  Q22s =  -0.000040

TOP(-2)    x =  0.000000  y =  0.000000  z = -2.000000 angstrom
           Maximum rank =  2   Radius =  0.650 angstrom
                   Q00  =  -0.098331
|Q1| =   0.030198  Q10  =  -0.025341  Q11c =  -0.000004  Q11s =   0.016426
|Q2| =   0.307954  Q20  =   0.307617  Q21c =   0.000002  Q21s =  -0.012686
                   Q22c =  -0.006792  Q22s =  -0.000001

Total multipoles referred to origin at
           x =   0.000000,  y =    0.000000,  z =    0.000000 angstrom
                   Q00  =   0.000024
|Q1| =   0.224825  Q11c =   0.000889  Q11s =  -0.224823
|Q2| =   8.460528  Q20  =  -8.023953  Q22c =  -2.682648  Q22s =   0.010347

CPU time used:      2m41.941s          Total:      2m41.941s

Finished at 17:14:26 on 14 Jan 2022 
