                                     G D M A
                                 by Anthony Stone

               Distributed Multipoles from Gaussian wavefunctions

                             version 2.3.3 (e2d289a)
              Compiled with gfortran on 05 October 2021 at 19:26:39

Starting at 12:30:14 on 06 Jan 2022 


Using MP2 density matrix from file boat-15.fchk


                         Distributed Multipole Analysis

Standard DMA for products of primitives with exponent greater than 4.00000
Using 80-point Euler-MacLaurin radial quadrature
Using 590-point Lebedev quadrature
Becke smoothing parameter = 3

Positions and radii in angstrom
Multipole moments in atomic units, ea_0^k for rank k

C          x =  0.016570  y =  1.393372  z = -0.060852 angstrom
           Maximum rank =  2   Radius =  0.650 angstrom
                   Q00  =   0.417800
|Q1| =   0.705671  Q10  =  -0.010700  Q11c =  -0.008437  Q11s =  -0.705540
|Q2| =   0.858128  Q20  =  -0.584610  Q21c =   0.096569  Q21s =  -0.053366
                   Q22c =  -0.618130  Q22s =   0.018896

C          x = -1.200528  y =  0.707303  z = -0.060852 angstrom
           Maximum rank =  2   Radius =  0.650 angstrom
                   Q00  =   0.417863
|Q1| =   0.705756  Q10  =  -0.010755  Q11c =   0.608017  Q11s =  -0.358177
|Q2| =   0.858075  Q20  =  -0.584536  Q21c =  -0.004119  Q21s =  -0.110406
                   Q22c =   0.303477  Q22s =  -0.538801

C          x = -1.200528  y = -0.676700  z =  0.121222 angstrom
           Maximum rank =  2   Radius =  0.650 angstrom
                   Q00  =   0.429598
|Q1| =   0.720629  Q10  =   0.021292  Q11c =   0.627502  Q11s =   0.353685
|Q2| =   0.838170  Q20  =  -0.568932  Q21c =  -0.091810  Q21s =  -0.051737
                   Q22c =   0.313995  Q22s =   0.518793

C          x = -0.016570  y = -1.393372  z = -0.060852 angstrom
           Maximum rank =  2   Radius =  0.650 angstrom
                   Q00  =   0.417800
|Q1| =   0.705671  Q10  =  -0.010700  Q11c =   0.008437  Q11s =   0.705540
|Q2| =   0.858128  Q20  =  -0.584610  Q21c =  -0.096569  Q21s =   0.053366
                   Q22c =  -0.618130  Q22s =   0.018896

C          x =  1.200528  y = -0.707303  z = -0.060852 angstrom
           Maximum rank =  2   Radius =  0.650 angstrom
                   Q00  =   0.417863
|Q1| =   0.705756  Q10  =  -0.010755  Q11c =  -0.608017  Q11s =   0.358177
|Q2| =   0.858075  Q20  =  -0.584536  Q21c =   0.004119  Q21s =   0.110406
                   Q22c =   0.303477  Q22s =  -0.538801

C          x =  1.200528  y =  0.676700  z =  0.121222 angstrom
           Maximum rank =  2   Radius =  0.650 angstrom
                   Q00  =   0.429598
|Q1| =   0.720629  Q10  =   0.021292  Q11c =  -0.627502  Q11s =  -0.353685
|Q2| =   0.838170  Q20  =  -0.568932  Q21c =   0.091810  Q21s =   0.051737
                   Q22c =   0.313995  Q22s =   0.518793

H          x =  0.034184  y =  2.476605  z = -0.102692 angstrom
           Maximum rank =  2   Radius =  0.350 angstrom
                   Q00  =   0.065299
|Q1| =   0.131573  Q10  =   0.003709  Q11c =  -0.001998  Q11s =  -0.131506
|Q2| =   0.169130  Q20  =  -0.117534  Q21c =   0.014017  Q21s =  -0.015895
                   Q22c =  -0.119674  Q22s =   0.004423

H          x = -2.136403  y =  1.253041  z = -0.102996 angstrom
           Maximum rank =  2   Radius =  0.350 angstrom
                   Q00  =   0.065296
|Q1| =   0.131581  Q10  =   0.003704  Q11c =   0.113544  Q11s =  -0.066390
|Q2| =   0.169123  Q20  =  -0.117524  Q21c =   0.006424  Q21s =  -0.020267
                   Q22c =   0.059438  Q22s =  -0.103951

H          x = -2.142623  y = -1.207685  z =  0.208583 angstrom
           Maximum rank =  2   Radius =  0.350 angstrom
                   Q00  =   0.064086
|Q1| =   0.133953  Q10  =  -0.007608  Q11c =   0.116507  Q11s =   0.065663
|Q2| =   0.166772  Q20  =  -0.116085  Q21c =  -0.028266  Q21s =  -0.015935
                   Q22c =   0.059682  Q22s =   0.098601

H          x = -0.034184  y = -2.476605  z = -0.102692 angstrom
           Maximum rank =  2   Radius =  0.350 angstrom
                   Q00  =   0.065299
|Q1| =   0.131573  Q10  =   0.003709  Q11c =   0.001998  Q11s =   0.131506
|Q2| =   0.169130  Q20  =  -0.117534  Q21c =  -0.014017  Q21s =   0.015895
                   Q22c =  -0.119674  Q22s =   0.004423

H          x =  2.136403  y = -1.253041  z = -0.102996 angstrom
           Maximum rank =  2   Radius =  0.350 angstrom
                   Q00  =   0.065296
|Q1| =   0.131581  Q10  =   0.003704  Q11c =  -0.113544  Q11s =   0.066390
|Q2| =   0.169123  Q20  =  -0.117524  Q21c =  -0.006424  Q21s =   0.020267
                   Q22c =   0.059438  Q22s =  -0.103951

H          x =  2.142623  y =  1.207685  z =  0.208583 angstrom
           Maximum rank =  2   Radius =  0.350 angstrom
                   Q00  =   0.064086
|Q1| =   0.133953  Q10  =  -0.007608  Q11c =  -0.116507  Q11s =  -0.065663
|Q2| =   0.166772  Q20  =  -0.116085  Q21c =   0.028266  Q21s =   0.015935
                   Q22c =   0.059682  Q22s =   0.098601

TOP(2)     x =  0.000000  y =  0.000000  z =  2.000000 angstrom
           Maximum rank =  2   Radius =  0.650 angstrom
                   Q00  =  -0.112120
|Q1| =   0.027254  Q10  =   0.027254
|Q2| =   0.358720  Q20  =   0.358240  Q22c =  -0.009608  Q22s =  -0.015865

TOP(1)     x =  0.000000  y =  0.000000  z =  1.000000 angstrom
           Maximum rank =  2   Radius =  0.650 angstrom
                   Q00  =  -0.445352
|Q1| =   0.059530  Q10  =  -0.059530
|Q2| =   0.709319  Q20  =   0.708984  Q22c =   0.011276  Q22s =   0.018646

TOP(0)     x =  0.000000  y =  0.000000  z =  0.000000 angstrom
           Maximum rank =  2   Radius =  0.650 angstrom
                   Q00  =  -0.652887
|Q1| =   0.000052  Q10  =  -0.000052
|Q2| =   0.455970  Q20  =   0.455966  Q22c =   0.001008  Q22s =   0.001631

TOP(ao)    x =  0.000000  y =  0.000000  z =  0.529000 angstrom
           Maximum rank =  2   Radius =  0.650 angstrom
                   Q00  =  -0.576814
|Q1| =   0.010456  Q10  =   0.010456
|Q2| =   0.542144  Q20  =   0.540565  Q22c =   0.021414  Q22s =   0.035367

TOP(-a0)   x =  0.000000  y =  0.000000  z = -0.529000 angstrom
           Maximum rank =  2   Radius =  0.650 angstrom
                   Q00  =  -0.576129
|Q1| =   0.010427  Q10  =  -0.010427
|Q2| =   0.541697  Q20  =   0.540744  Q22c =  -0.016628  Q22s =  -0.027491

TOP(-1)    x =  0.000000  y =  0.000000  z = -1.000000 angstrom
           Maximum rank =  2   Radius =  0.650 angstrom
                   Q00  =  -0.444705
|Q1| =   0.059434  Q10  =   0.059434
|Q2| =   0.709657  Q20  =   0.709570  Q22c =  -0.005765  Q22s =  -0.009540

TOP(-2)    x =  0.000000  y =  0.000000  z = -2.000000 angstrom
           Maximum rank =  2   Radius =  0.650 angstrom
                   Q00  =  -0.111876
|Q1| =   0.027228  Q10  =  -0.027228
|Q2| =   0.357984  Q20  =   0.357558  Q22c =   0.009030  Q22s =   0.014940

Total multipoles referred to origin at
           x =   0.000000,  y =    0.000000,  z =    0.000000 angstrom
                   Q00  =   0.000000
|Q1| =   0.000746  Q10  =   0.000746
|Q2| =   5.989446  Q20  =  -5.988102  Q22c =  -0.066096  Q22s =  -0.108307

CPU time used:      1m55.198s          Total:      1m55.198s

Finished at 12:32:09 on 06 Jan 2022 
