                                     G D M A
                                 by Anthony Stone

               Distributed Multipoles from Gaussian wavefunctions

                             version 2.3.3 (e2d289a)
              Compiled with gfortran on 05 October 2021 at 19:26:39

Starting at 13:34:53 on 07 Dec 2021 


Using MP2 density matrix from file pyramid-5.fchk


                         Distributed Multipole Analysis

Standard DMA for products of primitives with exponent greater than 4.00000
Using 80-point Euler-MacLaurin radial quadrature
Using 590-point Lebedev quadrature
Becke smoothing parameter = 3

Positions and radii in angstrom
Multipole moments in atomic units, ea_0^k for rank k

C          x = -1.207935  y =  0.697413  z = -0.013488 angstrom
           Maximum rank =  2   Radius =  0.650 angstrom
                   Q00  =   0.050184
|Q1| =   0.154363  Q10  =   0.016506  Q11c =   0.132912  Q11s =  -0.076744
|Q2| =   0.712529  Q20  =  -0.681596  Q21c =  -0.102707  Q21s =   0.059265
                   Q22c =   0.085239  Q22s =  -0.147641

C          x = -1.207935  y = -0.697413  z = -0.013488 angstrom
           Maximum rank =  2   Radius =  0.650 angstrom
                   Q00  =   0.050184
|Q1| =   0.154363  Q10  =   0.016506  Q11c =   0.132912  Q11s =   0.076744
|Q2| =   0.712529  Q20  =  -0.681596  Q21c =  -0.102707  Q21s =  -0.059265
                   Q22c =   0.085239  Q22s =   0.147641

C          x =  0.000000  y = -1.394877  z = -0.013531 angstrom
           Maximum rank =  2   Radius =  0.650 angstrom
                   Q00  =   0.050185
|Q1| =   0.154366  Q10  =   0.016504  Q11s =   0.153481
|Q2| =   0.712590  Q20  =  -0.681636  Q21s =  -0.118571  Q22c =  -0.170581

C          x =  1.207935  y = -0.697413  z = -0.013488 angstrom
           Maximum rank =  2   Radius =  0.650 angstrom
                   Q00  =   0.050184
|Q1| =   0.154363  Q10  =   0.016506  Q11c =  -0.132912  Q11s =   0.076744
|Q2| =   0.712529  Q20  =  -0.681596  Q21c =   0.102707  Q21s =  -0.059265
                   Q22c =   0.085239  Q22s =  -0.147641

C          x =  1.207935  y =  0.697413  z = -0.013488 angstrom
           Maximum rank =  2   Radius =  0.650 angstrom
                   Q00  =   0.050184
|Q1| =   0.154363  Q10  =   0.016506  Q11c =  -0.132912  Q11s =  -0.076744
|Q2| =   0.712529  Q20  =  -0.681596  Q21c =   0.102707  Q21s =   0.059265
                   Q22c =   0.085239  Q22s =   0.147641

C          x =  0.000000  y =  1.394877  z = -0.013531 angstrom
           Maximum rank =  2   Radius =  0.650 angstrom
                   Q00  =   0.050185
|Q1| =   0.154366  Q10  =   0.016504  Q11s =  -0.153481
|Q2| =   0.712590  Q20  =  -0.681636  Q21s =   0.118571  Q22c =  -0.170581

H          x = -2.143570  y =  1.237573  z =  0.081031 angstrom
           Maximum rank =  2   Radius =  0.350 angstrom
                   Q00  =   0.041482
|Q1| =   0.118520  Q10  =  -0.000951  Q11c =   0.102641  Q11s =  -0.059253
|Q2| =   0.192560  Q20  =  -0.141198  Q21c =  -0.029038  Q21s =   0.016760
                   Q22c =   0.063274  Q22s =  -0.109613

H          x = -2.143570  y = -1.237573  z =  0.081031 angstrom
           Maximum rank =  2   Radius =  0.350 angstrom
                   Q00  =   0.041482
|Q1| =   0.118520  Q10  =  -0.000951  Q11c =   0.102641  Q11s =   0.059253
|Q2| =   0.192560  Q20  =  -0.141198  Q21c =  -0.029038  Q21s =  -0.016760
                   Q22c =   0.063274  Q22s =   0.109613

H          x =  0.000000  y = -2.475238  z =  0.080989 angstrom
           Maximum rank =  2   Radius =  0.350 angstrom
                   Q00  =   0.041490
|Q1| =   0.118507  Q10  =  -0.000951  Q11s =   0.118504
|Q2| =   0.192581  Q20  =  -0.141202  Q21s =  -0.033519  Q22c =  -0.126593

H          x =  2.143570  y = -1.237573  z =  0.081031 angstrom
           Maximum rank =  2   Radius =  0.350 angstrom
                   Q00  =   0.041482
|Q1| =   0.118520  Q10  =  -0.000951  Q11c =  -0.102641  Q11s =   0.059253
|Q2| =   0.192560  Q20  =  -0.141198  Q21c =   0.029038  Q21s =  -0.016760
                   Q22c =   0.063274  Q22s =  -0.109613

H          x =  2.143570  y =  1.237573  z =  0.081031 angstrom
           Maximum rank =  2   Radius =  0.350 angstrom
                   Q00  =   0.041482
|Q1| =   0.118520  Q10  =  -0.000951  Q11c =  -0.102641  Q11s =  -0.059253
|Q2| =   0.192560  Q20  =  -0.141198  Q21c =   0.029038  Q21s =   0.016760
                   Q22c =   0.063274  Q22s =   0.109613

H          x =  0.000000  y =  2.475238  z =  0.080989 angstrom
           Maximum rank =  2   Radius =  0.350 angstrom
                   Q00  =   0.041490
|Q1| =   0.118507  Q10  =  -0.000951  Q11s =  -0.118504
|Q2| =   0.192581  Q20  =  -0.141202  Q21s =   0.033519  Q22c =  -0.126593

TOP1       x =  0.000000  y =  0.000000  z =  2.000000 angstrom
           Maximum rank =  2   Radius =  0.650 angstrom
                   Q00  =  -0.270808
|Q1| =   0.287854  Q10  =   0.287854
|Q2| =   0.184708  Q20  =   0.184708  Q22c =  -0.000006

TOP2       x =  0.000000  y =  0.000000  z = -2.000000 angstrom
           Maximum rank =  2   Radius =  0.650 angstrom
                   Q00  =  -0.279203
|Q1| =   0.290652  Q10  =  -0.290652
|Q2| =   0.203413  Q20  =   0.203413  Q22c =   0.000008

Total multipoles referred to origin at
           x =   0.000000,  y =    0.000000,  z =    0.000000 angstrom
                   Q00  =   0.000004
|Q1| =   0.152680  Q10  =   0.152680
|Q2| =   6.048733  Q20  =  -6.048733  Q22c =  -0.000842

CPU time used:      0m27.752s          Total:      0m27.752s

Finished at 13:35:21 on 07 Dec 2021 
