                                     G D M A
                                 by Anthony Stone

               Distributed Multipoles from Gaussian wavefunctions

                             version 2.3.3 (6b8e81e)
              Compiled with gfortran on 14 January 2024 at 08:13:23

Starting at 13:37:04 on 04 Feb 2025 


Using MP2 density matrix from file benzene.fchk


                         Distributed Multipole Analysis

Standard DMA for products of primitives with exponent greater than 4.00000
Using 80-point Euler-MacLaurin radial quadrature
Using 590-point Lebedev quadrature
Becke smoothing parameter = 3

Positions and radii in angstrom
Multipole moments in atomic units, ea_0^k for rank k

C          x = -0.000000  y =  1.394663  z =  0.000000 angstrom
           Maximum rank =  2   Radius =  0.650 angstrom
                   Q00  =  -0.015693
|Q1| =   0.081534  Q11s =  -0.081534
|Q2| =   1.040027  Q20  =  -1.032099  Q22c =  -0.128166

C          x = -1.207814  y =  0.697332  z =  0.000000 angstrom
           Maximum rank =  2   Radius =  0.650 angstrom
                   Q00  =  -0.015692
|Q1| =   0.081542  Q11c =   0.070617  Q11s =  -0.040771
|Q2| =   1.040022  Q20  =  -1.032094  Q22c =   0.064086  Q22s =  -0.111005

C          x = -1.207814  y = -0.697332  z =  0.000000 angstrom
           Maximum rank =  2   Radius =  0.650 angstrom
                   Q00  =  -0.015692
|Q1| =   0.081542  Q11c =   0.070617  Q11s =   0.040771
|Q2| =   1.040022  Q20  =  -1.032094  Q22c =   0.064086  Q22s =   0.111005

C          x = -0.000000  y = -1.394663  z =  0.000000 angstrom
           Maximum rank =  2   Radius =  0.650 angstrom
                   Q00  =  -0.015693
|Q1| =   0.081534  Q11s =   0.081534
|Q2| =   1.040027  Q20  =  -1.032099  Q22c =  -0.128166

C          x =  1.207814  y = -0.697332  z = -0.000000 angstrom
           Maximum rank =  2   Radius =  0.650 angstrom
                   Q00  =  -0.015692
|Q1| =   0.081542  Q11c =  -0.070617  Q11s =   0.040771
|Q2| =   1.040022  Q20  =  -1.032094  Q22c =   0.064086  Q22s =  -0.111005

C          x =  1.207814  y =  0.697332  z = -0.000000 angstrom
           Maximum rank =  2   Radius =  0.650 angstrom
                   Q00  =  -0.015692
|Q1| =   0.081542  Q11c =  -0.070617  Q11s =  -0.040771
|Q2| =   1.040022  Q20  =  -1.032094  Q22c =   0.064086  Q22s =   0.111005

H          x = -0.000000  y =  2.479089  z =  0.000000 angstrom
           Maximum rank =  2   Radius =  0.350 angstrom
                   Q00  =   0.037737
|Q1| =   0.115848  Q11s =  -0.115848
|Q2| =   0.198555  Q20  =  -0.150129  Q22c =  -0.129943

H          x = -2.146954  y =  1.239545  z =  0.000000 angstrom
           Maximum rank =  2   Radius =  0.350 angstrom
                   Q00  =   0.037737
|Q1| =   0.115851  Q11c =   0.100331  Q11s =  -0.057923
|Q2| =   0.198540  Q20  =  -0.150124  Q22c =   0.064951  Q22s =  -0.112526

H          x = -2.146954  y = -1.239545  z =  0.000000 angstrom
           Maximum rank =  2   Radius =  0.350 angstrom
                   Q00  =   0.037737
|Q1| =   0.115851  Q11c =   0.100331  Q11s =   0.057923
|Q2| =   0.198540  Q20  =  -0.150124  Q22c =   0.064951  Q22s =   0.112526

H          x = -0.000000  y = -2.479089  z =  0.000000 angstrom
           Maximum rank =  2   Radius =  0.350 angstrom
                   Q00  =   0.037737
|Q1| =   0.115848  Q11s =   0.115848
|Q2| =   0.198555  Q20  =  -0.150129  Q22c =  -0.129943

H          x =  2.146954  y = -1.239545  z = -0.000000 angstrom
           Maximum rank =  2   Radius =  0.350 angstrom
                   Q00  =   0.037737
|Q1| =   0.115851  Q11c =  -0.100331  Q11s =   0.057923
|Q2| =   0.198540  Q20  =  -0.150124  Q22c =   0.064951  Q22s =  -0.112526

H          x =  2.146954  y =  1.239545  z = -0.000000 angstrom
           Maximum rank =  2   Radius =  0.350 angstrom
                   Q00  =   0.037737
|Q1| =   0.115851  Q11c =  -0.100331  Q11s =  -0.057923
|Q2| =   0.198540  Q20  =  -0.150124  Q22c =   0.064951  Q22s =   0.112526

TOP-3.0    x =  0.000000  y =  0.000000  z = -3.000000 angstrom
           Maximum rank =  2   Radius =  0.650 angstrom
                   Q00  =  -0.066133
|Q1| =   0.129927  Q10  =  -0.129927
|Q2| =   0.067568  Q20  =  -0.067568  Q22c =   0.000001

TOP-3.0    x =  0.000000  y =  0.000000  z =  3.000000 angstrom
           Maximum rank =  2   Radius =  0.650 angstrom
                   Q00  =  -0.066133
|Q1| =   0.129927  Q10  =   0.129927
|Q2| =   0.067568  Q20  =  -0.067568  Q22c =   0.000001

Total multipoles referred to origin at
           x =   0.000000,  y =    0.000000,  z =    0.000000 angstrom
                   Q00  =  -0.000002
|Q1| =   0.000000
|Q2| =   6.144989  Q20  =  -6.144989  Q22c =  -0.000281

CPU time used:      0m13.362s          Total:      0m13.362s

Finished at 13:37:18 on 04 Feb 2025 
