                                     G D M A
                                 by Anthony Stone

               Distributed Multipoles from Gaussian wavefunctions

                             version 2.3.3 (e2d289a)
              Compiled with gfortran on 05 October 2021 at 19:26:39

Starting at 13:13:55 on 05 Jan 2022 


Using MP2 density matrix from file clamp-5.fchk


                         Distributed Multipole Analysis

Standard DMA for products of primitives with exponent greater than 4.00000
Using 80-point Euler-MacLaurin radial quadrature
Using 590-point Lebedev quadrature
Becke smoothing parameter = 3

Positions and radii in angstrom
Multipole moments in atomic units, ea_0^k for rank k

C          x = -0.000000  y =  1.395370  z =  0.004571 angstrom
           Maximum rank =  2   Radius =  0.650 angstrom
                   Q00  =   0.367201
|Q1| =   0.640940  Q10  =  -0.009974  Q11s =  -0.640863
|Q2| =   1.423415  Q20  =   0.324928  Q21s =  -0.086919  Q22c =  -1.383104

C          x =  0.000000  y =  0.701622  z =  1.206105 angstrom
           Maximum rank =  2   Radius =  0.650 angstrom
                   Q00  =   1.237761
|Q1| =   1.220501  Q10  =  -0.094481  Q11s =  -1.216839
|Q2| =   1.271024  Q20  =   0.992296  Q21s =  -0.009453  Q22c =  -0.794205

C          x = -0.000000  y = -0.701622  z =  1.206105 angstrom
           Maximum rank =  2   Radius =  0.650 angstrom
                   Q00  =   1.237761
|Q1| =   1.220501  Q10  =  -0.094481  Q11s =   1.216839
|Q2| =   1.271024  Q20  =   0.992296  Q21s =   0.009453  Q22c =  -0.794205

C          x = -0.000000  y = -1.395370  z =  0.004571 angstrom
           Maximum rank =  2   Radius =  0.650 angstrom
                   Q00  =   0.367201
|Q1| =   0.640940  Q10  =  -0.009974  Q11s =   0.640863
|Q2| =   1.423415  Q20  =   0.324928  Q21s =   0.086919  Q22c =  -1.383104

C          x =  0.000000  y = -0.693714  z = -1.210669 angstrom
           Maximum rank =  2   Radius =  0.650 angstrom
                   Q00  =   1.258259
|Q1| =   1.197125  Q10  =   0.068453  Q11s =   1.195167
|Q2| =   1.284061  Q20  =   0.962785  Q21s =   0.073496  Q22c =  -0.846437

C          x =  0.000000  y =  0.693714  z = -1.210669 angstrom
           Maximum rank =  2   Radius =  0.650 angstrom
                   Q00  =   1.258259
|Q1| =   1.197125  Q10  =   0.068453  Q11s =  -1.195167
|Q2| =   1.284061  Q20  =   0.962785  Q21s =  -0.073496  Q22c =  -0.846437

H          x =  0.000000  y =  2.475661  z = -0.089965 angstrom
           Maximum rank =  2   Radius =  0.350 angstrom
                   Q00  =   0.062596
|Q1| =   0.132451  Q10  =  -0.007452  Q11s =  -0.132241
|Q2| =   0.186358  Q20  =  -0.011526  Q21s =  -0.023758  Q22c =  -0.184478

H          x =  0.000000  y =  1.159918  z =  2.188921 angstrom
           Maximum rank =  2   Radius =  0.350 angstrom
                   Q00  =   0.186625
|Q1| =   0.201949  Q10  =  -0.054916  Q11s =  -0.194339
|Q2| =   0.150468  Q20  =   0.118204  Q21s =  -0.017401  Q22c =  -0.091464

H          x = -0.000000  y = -1.159918  z =  2.188921 angstrom
           Maximum rank =  2   Radius =  0.350 angstrom
                   Q00  =   0.186625
|Q1| =   0.201949  Q10  =  -0.054916  Q11s =   0.194339
|Q2| =   0.150468  Q20  =   0.118204  Q21s =   0.017401  Q22c =  -0.091464

H          x = -0.000000  y = -2.475661  z = -0.089965 angstrom
           Maximum rank =  2   Radius =  0.350 angstrom
                   Q00  =   0.062596
|Q1| =   0.132451  Q10  =  -0.007452  Q11s =   0.132241
|Q2| =   0.186358  Q20  =  -0.011526  Q21s =   0.023758  Q22c =  -0.184478

H          x =  0.000000  y = -1.315698  z = -2.099000 angstrom
           Maximum rank =  2   Radius =  0.350 angstrom
                   Q00  =   0.161611
|Q1| =   0.172179  Q10  =   0.055236  Q11s =   0.163079
|Q2| =   0.153772  Q20  =   0.106668  Q21s =   0.006853  Q22c =  -0.110547

H          x =  0.000000  y =  1.315698  z = -2.099000 angstrom
           Maximum rank =  2   Radius =  0.350 angstrom
                   Q00  =   0.161611
|Q1| =   0.172179  Q10  =   0.055236  Q11s =  -0.163079
|Q2| =   0.153772  Q20  =   0.106668  Q21s =  -0.006853  Q22c =  -0.110547

TOP(2)     x =  0.000000  y =  0.000000  z =  2.000000 angstrom
           Maximum rank =  2   Radius =  0.650 angstrom
                   Q00  =  -1.071956
|Q1| =   0.042186  Q10  =  -0.042186
|Q2| =   0.622148  Q20  =   0.549235  Q22c =  -0.292249

TOP(1)     x =  0.000000  y =  0.000000  z =  1.000000 angstrom
           Maximum rank =  2   Radius =  0.650 angstrom
                   Q00  =  -1.168585
|Q1| =   0.254089  Q10  =  -0.254089
|Q2| =   0.974232  Q20  =   0.503178  Q22c =  -0.834230

TOP(0)     x =  0.000000  y =  0.000000  z =  0.000000 angstrom
           Maximum rank =  2   Radius =  0.650 angstrom
                   Q00  =  -0.546417
|Q1| =   0.001281  Q10  =   0.001281
|Q2| =   0.639204  Q20  =   0.625859  Q22c =  -0.129936

TOP(ao)    x =  0.000000  y =  0.000000  z =  0.529000 angstrom
           Maximum rank =  2   Radius =  0.650 angstrom
                   Q00  =  -0.763545
|Q1| =   0.012689  Q10  =  -0.012689
|Q2| =   0.763974  Q20  =   0.722442  Q22c =  -0.248461

TOP(-a0)   x =  0.000000  y =  0.000000  z = -0.529000 angstrom
           Maximum rank =  2   Radius =  0.650 angstrom
                   Q00  =  -0.770274
|Q1| =   0.011069  Q10  =   0.011069
|Q2| =   0.770526  Q20  =   0.732687  Q22c =  -0.238498

TOP(-1)    x =  0.000000  y =  0.000000  z = -1.000000 angstrom
           Maximum rank =  2   Radius =  0.650 angstrom
                   Q00  =  -1.168713
|Q1| =   0.256405  Q10  =   0.256405
|Q2| =   0.975549  Q20  =   0.500233  Q22c =  -0.837534

TOP(-2)    x =  0.000000  y =  0.000000  z = -2.000000 angstrom
           Maximum rank =  2   Radius =  0.650 angstrom
                   Q00  =  -1.058608
|Q1| =   0.038157  Q10  =   0.038157
|Q2| =   0.641175  Q20  =   0.611032  Q22c =  -0.194280

Total multipoles referred to origin at
           x =   0.000000,  y =    0.000000,  z =    0.000000 angstrom
                   Q00  =   0.000007
|Q1| =   0.000018  Q10  =  -0.000018
|Q2| =   6.113638  Q20  =   3.056415  Q22c =  -5.294799

CPU time used:      1m54.737s          Total:      1m54.737s

Finished at 13:15:49 on 05 Jan 2022 
