                                     G D M A
                                 by Anthony Stone

               Distributed Multipoles from Gaussian wavefunctions

                             version 2.3.3 (e2d289a)
              Compiled with gfortran on 05 October 2021 at 19:26:39

Starting at 08:47:01 on 08 Dec 2021 


Using MP2 density matrix from file ch-.fchk


                         Distributed Multipole Analysis

Standard DMA for products of primitives with exponent greater than 4.00000
Using 80-point Euler-MacLaurin radial quadrature
Using 590-point Lebedev quadrature
Becke smoothing parameter = 3

Positions and radii in angstrom
Multipole moments in atomic units, ea_0^k for rank k

C          x =  0.000000  y =  1.144849  z =  0.372001 angstrom
           Maximum rank =  2   Radius =  0.650 angstrom
                   Q00  =  -0.086915
|Q1| =   0.220025  Q10  =   0.050552  Q11s =  -0.214139
|Q2| =   2.020934  Q20  =   0.898798  Q21s =   0.154769  Q22c =  -1.803436

H          x =  0.000000  y =  2.177331  z =  0.707445 angstrom
           Maximum rank =  2   Radius =  0.350 angstrom
                   Q00  =  -0.016624
|Q1| =   0.176869  Q10  =  -0.036597  Q11s =  -0.173041
|Q2| =   0.286478  Q20  =   0.068740  Q21s =   0.067462  Q22c =  -0.269802

C          x =  0.000000  y =  0.707543  z = -0.973909 angstrom
           Maximum rank =  2   Radius =  0.650 angstrom
                   Q00  =   0.222535
|Q1| =   0.616217  Q10  =  -0.445240  Q11s =  -0.426009
|Q2| =   2.116206  Q20  =   1.542111  Q21s =   0.274408  Q22c =  -1.422998

H          x =  0.000000  y =  1.345710  z = -1.852134 angstrom
           Maximum rank =  2   Radius =  0.350 angstrom
                   Q00  =   0.089139
|Q1| =   0.221154  Q10  =   0.038027  Q11s =  -0.217861
|Q2| =   0.261304  Q20  =   0.197832  Q21s =   0.021654  Q22c =  -0.169332

C          x = -0.000000  y = -1.144849  z =  0.372001 angstrom
           Maximum rank =  2   Radius =  0.650 angstrom
                   Q00  =  -0.086915
|Q1| =   0.220025  Q10  =   0.050552  Q11s =   0.214139
|Q2| =   2.020934  Q20  =   0.898798  Q21s =  -0.154769  Q22c =  -1.803436

H          x = -0.000000  y = -2.177331  z =  0.707445 angstrom
           Maximum rank =  2   Radius =  0.350 angstrom
                   Q00  =  -0.016624
|Q1| =   0.176869  Q10  =  -0.036597  Q11s =   0.173041
|Q2| =   0.286478  Q20  =   0.068740  Q21s =  -0.067462  Q22c =  -0.269802

C          x = -0.000000  y = -0.707543  z = -0.973909 angstrom
           Maximum rank =  2   Radius =  0.650 angstrom
                   Q00  =   0.222535
|Q1| =   0.616217  Q10  =  -0.445240  Q11s =   0.426009
|Q2| =   2.116206  Q20  =   1.542111  Q21s =  -0.274408  Q22c =  -1.422998

H          x = -0.000000  y = -1.345710  z = -1.852134 angstrom
           Maximum rank =  2   Radius =  0.350 angstrom
                   Q00  =   0.089139
|Q1| =   0.221154  Q10  =   0.038027  Q11s =   0.217861
|Q2| =   0.261304  Q20  =   0.197832  Q21s =  -0.021654  Q22c =  -0.169332

C          x =  0.000000  y = -0.000000  z =  1.203812 angstrom
           Maximum rank =  2   Radius =  0.650 angstrom
                   Q00  =   0.653336
|Q1| =   0.887536  Q10  =   0.887536
|Q2| =   1.964394  Q20  =   1.598804  Q22c =  -1.141346

H          x =  0.000000  y =  0.000000  z =  2.289401 angstrom
           Maximum rank =  2   Radius =  0.350 angstrom
                   Q00  =   0.455128
|Q1| =   0.317265  Q10  =  -0.317265
|Q2| =   0.077157  Q20  =  -0.017343  Q22c =  -0.075183

TOP1       x =  0.000000  y =  0.000000  z =  2.000000 angstrom
           Maximum rank =  2   Radius =  0.650 angstrom
                   Q00  =  -1.472526
|Q1| =   0.258727  Q10  =   0.258727
|Q2| =   1.523505  Q20  =   1.494611  Q22c =  -0.295308

TOP2       x =  0.000000  y =  0.000000  z = -2.000000 angstrom
           Maximum rank =  2   Radius =  0.650 angstrom
                   Q00  =  -1.052207
|Q1| =   0.299461  Q10  =  -0.299461
|Q2| =   0.850428  Q20  =   0.691368  Q22c =  -0.495215

Total multipoles referred to origin at
           x =   0.000000,  y =    0.000000,  z =    0.000000 angstrom
                   Q00  =  -0.999998
|Q1| =   0.000001  Q10  =  -0.000001
|Q2| =   2.159538  Q20  =   1.080080  Q22c =  -1.870036

CPU time used:      0m50.893s          Total:      0m50.893s

Finished at 08:47:52 on 08 Dec 2021 
