                                     G D M A
                                 by Anthony Stone

               Distributed Multipoles from Gaussian wavefunctions

                             version 2.3.3 (e2d289a)
              Compiled with gfortran on 05 October 2021 at 19:26:39

Starting at 19:45:16 on 22 Dec 2021 


Using MP2 density matrix from file hept-nh2p.fchk


                         Distributed Multipole Analysis

Standard DMA for products of primitives with exponent greater than 4.00000
Using 80-point Euler-MacLaurin radial quadrature
Using 590-point Lebedev quadrature
Becke smoothing parameter = 3

Positions and radii in angstrom
Multipole moments in atomic units, ea_0^k for rank k

C          x =  0.686049  y = -1.911788  z =  0.000000 angstrom
           Maximum rank =  2   Radius =  0.650 angstrom
                   Q00  =   0.066976
|Q1| =   0.066681  Q11c =  -0.021167  Q11s =   0.063233
|Q2| =   0.824258  Q20  =  -0.823951  Q22c =   0.011070  Q22s =  -0.019556

C          x =  1.552632  y = -0.790742  z =  0.000000 angstrom
           Maximum rank =  2   Radius =  0.650 angstrom
                   Q00  =   0.088007
|Q1| =   0.079220  Q11c =  -0.070953  Q11s =   0.035233
|Q2| =   0.710814  Q20  =  -0.708507  Q22c =  -0.041155  Q22s =  -0.039750

C          x = -0.685871  y = -1.911851  z =  0.000000 angstrom
           Maximum rank =  2   Radius =  0.650 angstrom
                   Q00  =   0.066982
|Q1| =   0.066683  Q11c =   0.021166  Q11s =   0.063234
|Q2| =   0.824248  Q20  =  -0.823942  Q22c =   0.011050  Q22s =   0.019560

C          x = -1.552553  y = -0.790867  z = -0.000000 angstrom
           Maximum rank =  2   Radius =  0.650 angstrom
                   Q00  =   0.088003
|Q1| =   0.079229  Q11c =   0.070951  Q11s =   0.035259
|Q2| =   0.710821  Q20  =  -0.708514  Q22c =  -0.041155  Q22s =   0.039760

C          x = -1.266904  y =  0.549956  z = -0.000000 angstrom
           Maximum rank =  2   Radius =  0.650 angstrom
                   Q00  =   0.105186
|Q1| =   0.122945  Q11c =   0.120697  Q11s =  -0.023405
|Q2| =   0.592914  Q20  =  -0.589707  Q22c =  -0.021582  Q22s =   0.057680

C          x =  0.000000  y =  1.206614  z = -0.000000 angstrom
           Maximum rank =  2   Radius =  0.650 angstrom
                   Q00  =   0.174868
|Q1| =   0.072245  Q11c =   0.000005  Q11s =  -0.072245
|Q2| =   0.393937  Q20  =  -0.382592  Q22c =  -0.093859  Q22s =  -0.000131

C          x =  1.266909  y =  0.550104  z =  0.000000 angstrom
           Maximum rank =  2   Radius =  0.650 angstrom
                   Q00  =   0.105178
|Q1| =   0.122964  Q11c =  -0.120715  Q11s =  -0.023409
|Q2| =   0.592945  Q20  =  -0.589742  Q22c =  -0.021412  Q22s =  -0.057699

H          x = -2.126866  y =  1.213671  z = -0.000000 angstrom
           Maximum rank =  2   Radius =  0.350 angstrom
                   Q00  =   0.081585
|Q1| =   0.094979  Q11c =   0.078159  Q11s =  -0.053966
|Q2| =   0.169874  Q20  =  -0.140343  Q22c =   0.024117  Q22s =  -0.092624

H          x =  2.126886  y =  1.213799  z =  0.000000 angstrom
           Maximum rank =  2   Radius =  0.350 angstrom
                   Q00  =   0.081591
|Q1| =   0.094975  Q11c =  -0.078144  Q11s =  -0.053979
|Q2| =   0.169878  Q20  =  -0.140337  Q22c =   0.024143  Q22s =   0.092635

H          x =  2.611223  y = -1.031326  z =  0.000000 angstrom
           Maximum rank =  2   Radius =  0.350 angstrom
                   Q00  =   0.079541
|Q1| =   0.087140  Q11c =  -0.084759  Q11s =   0.020228
|Q2| =   0.184222  Q20  =  -0.139976  Q22c =   0.107053  Q22s =  -0.053704

H          x =  1.174737  y = -2.880184  z =  0.000000 angstrom
           Maximum rank =  2   Radius =  0.350 angstrom
                   Q00  =   0.076923
|Q1| =   0.085873  Q11c =  -0.038487  Q11s =   0.076765
|Q2| =   0.192226  Q20  =  -0.145876  Q22c =  -0.074298  Q22s =  -0.100751

H          x = -1.174461  y = -2.880297  z =  0.000000 angstrom
           Maximum rank =  2   Radius =  0.350 angstrom
                   Q00  =   0.076923
|Q1| =   0.085872  Q11c =   0.038481  Q11s =   0.076767
|Q2| =   0.192227  Q20  =  -0.145876  Q22c =  -0.074320  Q22s =   0.100737

H          x = -2.611128  y = -1.031515  z = -0.000000 angstrom
           Maximum rank =  2   Radius =  0.350 angstrom
                   Q00  =   0.079543
|Q1| =   0.087140  Q11c =   0.084757  Q11s =   0.020237
|Q2| =   0.184221  Q20  =  -0.139974  Q22c =   0.107048  Q22s =   0.053718

N          x = -0.000206  y =  2.547614  z = -0.000000 angstrom
           Maximum rank =  2   Radius =  0.650 angstrom
                   Q00  =  -0.065542
|Q1| =   0.017568  Q11c =   0.000032  Q11s =  -0.017568
|Q2| =   1.430561  Q20  =  -1.418962  Q22c =  -0.181800  Q22s =  -0.000085

H          x = -0.859586  y =  3.076913  z = -0.000000 angstrom
           Maximum rank =  2   Radius =  0.350 angstrom
                   Q00  =   0.165186
|Q1| =   0.037533  Q11c =   0.012452  Q11s =  -0.035407
|Q2| =   0.204135  Q20  =  -0.162391  Q22c =   0.034036  Q22s =  -0.118918

H          x =  0.859064  y =  3.077078  z = -0.000000 angstrom
           Maximum rank =  2   Radius =  0.350 angstrom
                   Q00  =   0.165170
|Q1| =   0.037544  Q11c =  -0.012447  Q11s =  -0.035420
|Q2| =   0.204136  Q20  =  -0.162392  Q22c =   0.033991  Q22s =   0.118933

TOP1       x =  0.000000  y =  0.000000  z =  2.000000 angstrom
           Maximum rank =  2   Radius =  0.650 angstrom
                   Q00  =  -0.218048
|Q1| =   0.246959  Q10  =   0.246959  Q11c =   0.000001  Q11s =   0.000397
|Q2| =   0.106386  Q20  =   0.095604  Q21c =  -0.000002  Q21s =   0.005235
                   Q22c =  -0.046373  Q22s =  -0.000004

TOP2       x =  0.000000  y =  0.000000  z = -2.000000 angstrom
           Maximum rank =  2   Radius =  0.650 angstrom
                   Q00  =  -0.218048
|Q1| =   0.246959  Q10  =  -0.246959  Q11c =   0.000001  Q11s =   0.000397
|Q2| =   0.106386  Q20  =   0.095604  Q21c =   0.000002  Q21s =  -0.005235
                   Q22c =  -0.046373  Q22s =  -0.000004

Total multipoles referred to origin at
           x =   0.000000,  y =    0.000000,  z =    0.000000 angstrom
                   Q00  =   1.000023
|Q1| =   0.778951  Q11c =  -0.000037  Q11s =   0.778951
|Q2| =  20.823295  Q20  = -19.385061  Q22c =  -7.604541  Q22s =  -0.001479

CPU time used:      2m28.669s          Total:      2m28.669s

Finished at 19:47:45 on 22 Dec 2021 
