                                     G D M A
                                 by Anthony Stone

               Distributed Multipoles from Gaussian wavefunctions

                             version 2.3.3 (e2d289a)
              Compiled with gfortran on 05 October 2021 at 19:26:39

Starting at 10:54:48 on 07 Dec 2021 


Using MP2 density matrix from file cch.fchk


                         Distributed Multipole Analysis

Standard DMA for products of primitives with exponent greater than 4.00000
Using 80-point Euler-MacLaurin radial quadrature
Using 590-point Lebedev quadrature
Becke smoothing parameter = 3

Positions and radii in angstrom
Multipole moments in atomic units, ea_0^k for rank k

C          x =  0.000609  y = -2.209655  z =  0.000000 angstrom
           Maximum rank =  2   Radius =  0.650 angstrom
                   Q00  =  -0.006806
|Q1| =   0.102218  Q11c =  -0.000021  Q11s =   0.102218
|Q2| =   1.121629  Q20  =  -1.109790  Q22c =  -0.162532  Q22s =  -0.000058

C          x = -1.206111  y = -1.510255  z =  0.000000 angstrom
           Maximum rank =  2   Radius =  0.650 angstrom
                   Q00  =   0.010405
|Q1| =   0.113360  Q11c =   0.081928  Q11s =   0.078348
|Q2| =   1.007171  Q20  =  -0.996466  Q22c =   0.043751  Q22s =   0.139770

C          x = -1.210765  y = -0.119555  z = -0.000000 angstrom
           Maximum rank =  2   Radius =  0.650 angstrom
                   Q00  =   0.084621
|Q1| =   0.166881  Q11c =   0.165505  Q11s =   0.021391
|Q2| =   0.587822  Q20  =  -0.585378  Q22c =   0.018552  Q22s =  -0.050235

C          x =  0.000000  y =  0.593807  z = -0.000000 angstrom
           Maximum rank =  2   Radius =  0.650 angstrom
                   Q00  =   0.144945
|Q1| =   0.093761  Q11c =  -0.000005  Q11s =  -0.093761
|Q2| =   0.201786  Q20  =  -0.106479  Q22c =  -0.171405  Q22s =  -0.000270

C          x =  1.211014  y = -0.118967  z =  0.000000 angstrom
           Maximum rank =  2   Radius =  0.650 angstrom
                   Q00  =   0.084589
|Q1| =   0.166899  Q11c =  -0.165533  Q11s =   0.021305
|Q2| =   0.587981  Q20  =  -0.585539  Q22c =   0.018645  Q22s =   0.050183

C          x =  1.206971  y = -1.509699  z =  0.000000 angstrom
           Maximum rank =  2   Radius =  0.650 angstrom
                   Q00  =   0.010397
|Q1| =   0.113353  Q11c =  -0.081964  Q11s =   0.078299
|Q2| =   1.007231  Q20  =  -0.996530  Q22c =   0.043914  Q22s =  -0.139688

C          x = -0.000485  y =  2.021987  z = -0.000000 angstrom
           Maximum rank =  2   Radius =  0.650 angstrom
                   Q00  =  -0.060016
|Q1| =   0.184185  Q11c =  -0.000195  Q11s =  -0.184185
|Q2| =   1.589941  Q20  =  -0.622308  Q22c =  -1.463092  Q22s =  -0.001932

H          x =  2.146431  y =  0.427389  z =  0.000000 angstrom
           Maximum rank =  2   Radius =  0.350 angstrom
                   Q00  =   0.061351
|Q1| =   0.115947  Q11c =  -0.110047  Q11s =  -0.036515
|Q2| =   0.166024  Q20  =  -0.134872  Q22c =   0.038535  Q22s =   0.088818

H          x =  2.147733  y = -2.048484  z =  0.000000 angstrom
           Maximum rank =  2   Radius =  0.350 angstrom
                   Q00  =   0.042323
|Q1| =   0.114226  Q11c =  -0.097234  Q11s =   0.059942
|Q2| =   0.200989  Q20  =  -0.155405  Q22c =   0.064454  Q22s =  -0.109963

H          x =  0.000861  y = -3.293691  z =  0.000000 angstrom
           Maximum rank =  2   Radius =  0.350 angstrom
                   Q00  =   0.038307
|Q1| =   0.114091  Q11c =  -0.000027  Q11s =   0.114091
|Q2| =   0.209652  Q20  =  -0.163107  Q22c =  -0.131720  Q22s =  -0.000060

H          x = -2.146617  y = -2.049491  z = -0.000000 angstrom
           Maximum rank =  2   Radius =  0.350 angstrom
                   Q00  =   0.042328
|Q1| =   0.114223  Q11c =   0.097203  Q11s =   0.059987
|Q2| =   0.200988  Q20  =  -0.155401  Q22c =   0.064350  Q22s =   0.110027

H          x = -2.146381  y =  0.426446  z = -0.000000 angstrom
           Maximum rank =  2   Radius =  0.350 angstrom
                   Q00  =   0.061363
|Q1| =   0.115945  Q11c =   0.110065  Q11s =  -0.036454
|Q2| =   0.166009  Q20  =  -0.134861  Q22c =   0.038589  Q22s =  -0.088783

C          x = -0.001594  y =  3.227049  z = -0.000000 angstrom
           Maximum rank =  2   Radius =  0.650 angstrom
                   Q00  =  -0.052906
|Q1| =   0.000893  Q11c =   0.000870  Q11s =  -0.000201
|Q2| =   1.713174  Q20  =  -0.827972  Q22c =  -1.499809  Q22s =   0.000397

H          x =  0.000141  y =  4.289554  z = -0.000000 angstrom
           Maximum rank =  2   Radius =  0.350 angstrom
                   Q00  =   0.068076
|Q1| =   0.057441  Q11c =   0.000068  Q11s =  -0.057441
|Q2| =   0.282520  Q20  =  -0.141568  Q22c =  -0.244490  Q22s =   0.000713

TOP1       x =  0.000000  y =  0.000000  z =  2.000000 angstrom
           Maximum rank =  2   Radius =  0.650 angstrom
                   Q00  =  -0.264493
|Q1| =   0.287370  Q10  =   0.287160  Q11c =  -0.000002  Q11s =   0.011006
|Q2| =   0.136222  Q20  =   0.128335  Q21c =  -0.000007  Q21s =   0.014327
                   Q22c =  -0.043372  Q22s =  -0.000024

TOP2       x =  0.000000  y =  0.000000  z = -2.000000 angstrom
           Maximum rank =  2   Radius =  0.650 angstrom
                   Q00  =  -0.264493
|Q1| =   0.287370  Q10  =  -0.287160  Q11c =  -0.000002  Q11s =   0.011006
|Q2| =   0.136222  Q20  =   0.128335  Q21c =   0.000007  Q21s =  -0.014327
                   Q22c =  -0.043372  Q22s =  -0.000024

Total multipoles referred to origin at
           x =   0.000000,  y =    0.000000,  z =    0.000000 angstrom
                   Q00  =  -0.000009
|Q1| =   0.224717  Q11c =   0.000889  Q11s =  -0.224715
|Q2| =   8.460491  Q20  =  -8.023918  Q22c =  -2.682636  Q22s =   0.010345

CPU time used:      3m32.367s          Total:      3m32.367s

Finished at 10:58:21 on 07 Dec 2021 
