                                     G D M A
                                 by Anthony Stone

               Distributed Multipoles from Gaussian wavefunctions

                             version 2.3.3 (6b8e81e)
              Compiled with gfortran on 14 January 2024 at 08:13:23

Starting at 16:00:24 on 12 Feb 2025 


Using SCF density matrix from file clamp-20.fchk


                         Distributed Multipole Analysis

Standard DMA for products of primitives with exponent greater than 4.00000
Using 80-point Euler-MacLaurin radial quadrature
Using 590-point Lebedev quadrature
Becke smoothing parameter = 3

Positions and radii in angstrom
Multipole moments in atomic units, ea_0^k for rank k

C          x =  1.408200  y =  0.023813  z =  0.000000 angstrom
           Maximum rank =  2   Radius =  0.650 angstrom
                   Q00  =   0.251222
|Q1| =   0.430904  Q11c =  -0.427823  Q11s =  -0.051435
|Q2| =   0.820487  Q20  =  -0.660031  Q22c =   0.331322  Q22s =  -0.357468

C          x =  0.724681  y =  1.207555  z =  0.000000 angstrom
           Maximum rank =  2   Radius =  0.650 angstrom
                   Q00  =   0.251266
|Q1| =   0.430964  Q11c =  -0.258480  Q11s =  -0.344845
|Q2| =   0.820405  Q20  =  -0.659985  Q22c =  -0.475157  Q22s =   0.108216

C          x = -0.724681  y =  1.207555  z =  0.000000 angstrom
           Maximum rank =  2   Radius =  0.650 angstrom
                   Q00  =   0.251266
|Q1| =   0.430964  Q11c =   0.258480  Q11s =  -0.344845
|Q2| =   0.820405  Q20  =  -0.659985  Q22c =  -0.475157  Q22s =  -0.108216

C          x = -1.408200  y =  0.023813  z =  0.000000 angstrom
           Maximum rank =  2   Radius =  0.650 angstrom
                   Q00  =   0.251222
|Q1| =   0.430904  Q11c =   0.427823  Q11s =  -0.051435
|Q2| =   0.820487  Q20  =  -0.660031  Q22c =   0.331322  Q22s =   0.357468

C          x = -0.683446  y = -1.231356  z =  0.000000 angstrom
           Maximum rank =  2   Radius =  0.650 angstrom
                   Q00  =   0.251270
|Q1| =   0.430935  Q11c =   0.169399  Q11s =   0.396244
|Q2| =   0.820451  Q20  =  -0.659989  Q22c =   0.143871  Q22s =   0.465677

C          x =  0.683446  y = -1.231356  z =  0.000000 angstrom
           Maximum rank =  2   Radius =  0.650 angstrom
                   Q00  =   0.251270
|Q1| =   0.430935  Q11c =  -0.169399  Q11s =   0.396244
|Q2| =   0.820451  Q20  =  -0.659989  Q22c =   0.143871  Q22s =  -0.465677

H          x =  2.426379  y = -0.346828  z =  0.000000 angstrom
           Maximum rank =  2   Radius =  0.350 angstrom
                   Q00  =   0.041798
|Q1| =   0.129028  Q11c =  -0.124116  Q11s =  -0.035262
|Q2| =   0.210858  Q20  =  -0.163568  Q22c =   0.085198  Q22s =  -0.102214

H          x =  0.912837  y =  2.274634  z =  0.000000 angstrom
           Maximum rank =  2   Radius =  0.350 angstrom
                   Q00  =   0.041781
|Q1| =   0.129032  Q11c =  -0.092591  Q11s =  -0.089867
|Q2| =   0.210853  Q20  =  -0.163573  Q22c =  -0.131105  Q22s =   0.022682

H          x = -0.912837  y =  2.274634  z =  0.000000 angstrom
           Maximum rank =  2   Radius =  0.350 angstrom
                   Q00  =   0.041781
|Q1| =   0.129032  Q11c =   0.092591  Q11s =  -0.089867
|Q2| =   0.210853  Q20  =  -0.163573  Q22c =  -0.131105  Q22s =  -0.022682

H          x = -2.426379  y = -0.346828  z =  0.000000 angstrom
           Maximum rank =  2   Radius =  0.350 angstrom
                   Q00  =   0.041798
|Q1| =   0.129028  Q11c =   0.124116  Q11s =  -0.035262
|Q2| =   0.210858  Q20  =  -0.163568  Q22c =   0.085198  Q22s =   0.102214

H          x = -1.513436  y = -1.927872  z =  0.000000 angstrom
           Maximum rank =  2   Radius =  0.350 angstrom
                   Q00  =   0.041775
|Q1| =   0.129036  Q11c =   0.031528  Q11s =   0.125125
|Q2| =   0.210856  Q20  =  -0.163574  Q22c =   0.045901  Q22s =   0.124887

H          x =  1.513436  y = -1.927872  z =  0.000000 angstrom
           Maximum rank =  2   Radius =  0.350 angstrom
                   Q00  =   0.041775
|Q1| =   0.129036  Q11c =  -0.031528  Q11s =   0.125125
|Q2| =   0.210856  Q20  =  -0.163574  Q22c =   0.045901  Q22s =  -0.124887

TOP(1)     x =  0.000000  y =  0.000000  z =  1.000000 angstrom
           Maximum rank =  2   Radius =  0.650 angstrom
                   Q00  =  -0.879119
|Q1| =   0.191386  Q10  =   0.191386  Q11s =   0.000001
|Q2| =   0.543388  Q20  =   0.543388  Q21s =   0.000004  Q22c =  -0.000015

TOP(-1)    x =  0.000000  y =  0.000000  z = -1.000000 angstrom
           Maximum rank =  2   Radius =  0.650 angstrom
                   Q00  =  -0.879119
|Q1| =   0.191386  Q10  =  -0.191386  Q11s =   0.000001
|Q2| =   0.543388  Q20  =   0.543388  Q21s =  -0.000004  Q22c =  -0.000015

Total multipoles referred to origin at
           x =   0.000000,  y =    0.000000,  z =    0.000000 angstrom
                   Q00  =  -0.000013
|Q1| =   0.000070  Q11s =  -0.000070
|Q2| =   6.593741  Q20  =  -6.593741  Q22c =   0.000792

CPU time used:      0m13.445s          Total:      0m13.445s

Finished at 16:00:38 on 12 Feb 2025 
