                                     G D M A
                                 by Anthony Stone

               Distributed Multipoles from Gaussian wavefunctions

                             version 2.3.3 (e2d289a)
              Compiled with gfortran on 05 October 2021 at 19:26:39

Starting at 17:15:40 on 14 Jan 2022 


Using MP2 density matrix from file cho.fchk


                         Distributed Multipole Analysis

Standard DMA for products of primitives with exponent greater than 4.00000
Using 80-point Euler-MacLaurin radial quadrature
Using 590-point Lebedev quadrature
Becke smoothing parameter = 3

Positions and radii in angstrom
Multipole moments in atomic units, ea_0^k for rank k

C          x =  1.614935  y = -1.230301  z =  0.000000 angstrom
           Maximum rank =  2   Radius =  0.650 angstrom
                   Q00  =   0.105224
|Q1| =   0.299275  Q11c =  -0.241773  Q11s =   0.176383
|Q2| =   1.083970  Q20  =  -1.032143  Q22c =   0.150112  Q22s =  -0.295194

C          x =  1.327875  y =  0.132276  z =  0.000000 angstrom
           Maximum rank =  2   Radius =  0.650 angstrom
                   Q00  =   0.456010
|Q1| =   0.740855  Q11c =  -0.728495  Q11s =  -0.134764
|Q2| =   0.693095  Q20  =  -0.513477  Q22c =   0.409155  Q22s =   0.222067

C          x =  0.000000  y =  0.572246  z = -0.000000 angstrom
           Maximum rank =  2   Radius =  0.650 angstrom
                   Q00  =   1.507490
|Q1| =   1.324603  Q11c =  -0.009356  Q11s =  -1.324570
|Q2| =   0.750875  Q20  =   0.638883  Q22c =  -0.367106  Q22s =  -0.144478

C          x = -1.044507  y = -0.362437  z = -0.000000 angstrom
           Maximum rank =  2   Radius =  0.650 angstrom
                   Q00  =   0.724358
|Q1| =   0.948828  Q11c =   0.909817  Q11s =   0.269273
|Q2| =   0.489020  Q20  =  -0.211627  Q22c =   0.426713  Q22s =   0.110771

C          x = -0.757154  y = -1.720847  z =  0.000000 angstrom
           Maximum rank =  2   Radius =  0.650 angstrom
                   Q00  =   0.150410
|Q1| =   0.358256  Q11c =   0.151887  Q11s =   0.324465
|Q2| =   1.014170  Q20  =  -0.951754  Q22c =  -0.168419  Q22s =   0.307147

C          x =  0.571914  y = -2.155168  z =  0.000000 angstrom
           Maximum rank =  2   Radius =  0.650 angstrom
                   Q00  =   0.066073
|Q1| =   0.235042  Q11c =  -0.059954  Q11s =   0.227267
|Q2| =   1.139469  Q20  =  -1.099751  Q22c =  -0.265919  Q22s =  -0.134996

C          x = -0.284706  y =  2.025369  z = -0.000000 angstrom
           Maximum rank =  2   Radius =  0.650 angstrom
                   Q00  =   0.336935
|Q1| =   0.242371  Q11c =  -0.048374  Q11s =  -0.237495
|Q2| =   0.651708  Q20  =  -0.573663  Q22c =  -0.226882  Q22s =  -0.210137

H          x = -2.066389  y = -0.001933  z = -0.000000 angstrom
           Maximum rank =  2   Radius =  0.350 angstrom
                   Q00  =   0.114032
|Q1| =   0.133361  Q11c =   0.133242  Q11s =   0.005621
|Q2| =   0.136454  Q20  =  -0.102560  Q22c =   0.056717  Q22s =  -0.069888

H          x = -1.562659  y = -2.446195  z =  0.000000 angstrom
           Maximum rank =  2   Radius =  0.350 angstrom
                   Q00  =   0.058906
|Q1| =   0.119735  Q11c =   0.079868  Q11s =   0.089205
|Q2| =   0.180286  Q20  =  -0.136437  Q22c =   0.009983  Q22s =   0.117424

H          x =  0.792117  y = -3.216826  z =  0.000000 angstrom
           Maximum rank =  2   Radius =  0.350 angstrom
                   Q00  =   0.047559
|Q1| =   0.116191  Q11c =  -0.024849  Q11s =   0.113503
|Q2| =   0.196288  Q20  =  -0.148955  Q22c =  -0.117310  Q22s =  -0.050789

H          x =  2.643889  y = -1.570591  z =  0.000000 angstrom
           Maximum rank =  2   Radius =  0.350 angstrom
                   Q00  =   0.053690
|Q1| =   0.117994  Q11c =  -0.109388  Q11s =   0.044237
|Q2| =   0.187953  Q20  =  -0.142572  Q22c =   0.096758  Q22s =  -0.075084

H          x =  2.132755  y =  0.860849  z =  0.000000 angstrom
           Maximum rank =  2   Radius =  0.350 angstrom
                   Q00  =   0.078703
|Q1| =   0.141107  Q11c =  -0.118321  Q11s =  -0.076884
|Q2| =   0.145213  Q20  =  -0.110486  Q22c =   0.028798  Q22s =   0.089724

O          x = -1.391038  y =  2.516976  z = -0.000000 angstrom
           Maximum rank =  2   Radius =  0.650 angstrom
                   Q00  =  -0.290698
|Q1| =   0.501119  Q11c =   0.437106  Q11s =  -0.245068
|Q2| =   0.892137  Q20  =  -0.098795  Q22c =   0.454543  Q22s =  -0.761274

H          x =  0.618450  y =  2.672059  z = -0.000000 angstrom
           Maximum rank =  2   Radius =  0.350 angstrom
                   Q00  =   0.059207
|Q1| =   0.141332  Q11c =  -0.100697  Q11s =  -0.099171
|Q2| =   0.123286  Q20  =  -0.114295  Q22c =  -0.002015  Q22s =   0.046173

TOP(2)     x =  0.000000  y =  0.000000  z =  2.000000 angstrom
           Maximum rank =  2   Radius =  0.650 angstrom
                   Q00  =  -0.095977
|Q1| =   0.034748  Q10  =   0.025978  Q11c =  -0.010995  Q11s =   0.020291
|Q2| =   0.290374  Q20  =   0.287990  Q21c =  -0.006771  Q21s =   0.015019
                   Q22c =  -0.018282  Q22s =  -0.027807

TOP(1)     x =  0.000000  y =  0.000000  z =  1.000000 angstrom
           Maximum rank =  2   Radius =  0.650 angstrom
                   Q00  =  -0.479442
|Q1| =   0.066657  Q10  =  -0.044598  Q11c =   0.006352  Q11s =  -0.049131
|Q2| =   0.698254  Q20  =   0.696057  Q21c =  -0.005936  Q21s =   0.003385
                   Q22c =  -0.037096  Q22s =  -0.040504

TOP(0)     x =  0.000000  y =  0.000000  z =  0.000000 angstrom
           Maximum rank =  2   Radius =  0.650 angstrom
                   Q00  =  -0.827670
|Q1| =   0.152918  Q11c =  -0.006021  Q11s =   0.152800
|Q2| =   0.415334  Q20  =   0.388440  Q22c =  -0.128639  Q22s =   0.071192

TOP(ao)    x =  0.000000  y =  0.000000  z =  0.529000 angstrom
           Maximum rank =  2   Radius =  0.650 angstrom
                   Q00  =  -0.744705
|Q1| =   0.017758  Q10  =   0.015691  Q11c =   0.008278  Q11s =   0.000784
|Q2| =   0.548885  Q20  =   0.537209  Q21c =   0.003966  Q21s =  -0.043345
                   Q22c =  -0.099405  Q22s =   0.030103

TOP(-a0)   x =  0.000000  y =  0.000000  z = -0.529000 angstrom
           Maximum rank =  2   Radius =  0.650 angstrom
                   Q00  =  -0.744705
|Q1| =   0.017758  Q10  =  -0.015691  Q11c =   0.008278  Q11s =   0.000784
|Q2| =   0.548885  Q20  =   0.537209  Q21c =  -0.003966  Q21s =   0.043345
                   Q22c =  -0.099405  Q22s =   0.030103

TOP(-1)    x =  0.000000  y =  0.000000  z = -1.000000 angstrom
           Maximum rank =  2   Radius =  0.650 angstrom
                   Q00  =  -0.479442
|Q1| =   0.066657  Q10  =   0.044598  Q11c =   0.006352  Q11s =  -0.049131
|Q2| =   0.698254  Q20  =   0.696057  Q21c =   0.005936  Q21s =  -0.003385
                   Q22c =  -0.037096  Q22s =  -0.040504

TOP(-2)    x =  0.000000  y =  0.000000  z = -2.000000 angstrom
           Maximum rank =  2   Radius =  0.650 angstrom
                   Q00  =  -0.095977
|Q1| =   0.034748  Q10  =  -0.025978  Q11c =  -0.010995  Q11s =   0.020291
|Q2| =   0.290374  Q20  =   0.287990  Q21c =   0.006771  Q21s =  -0.015019
                   Q22c =  -0.018282  Q22s =  -0.027807

Total multipoles referred to origin at
           x =   0.000000,  y =    0.000000,  z =    0.000000 angstrom
                   Q00  =  -0.000019
|Q1| =   1.249936  Q11c =   0.853267  Q11s =  -0.913387
|Q2| =   8.398953  Q20  =  -2.605564  Q22c =   1.607099  Q22s =   7.821168

CPU time used:      2m43.001s          Total:      2m43.001s

Finished at 17:18:23 on 14 Jan 2022 
