                                     G D M A
                                 by Anthony Stone

               Distributed Multipoles from Gaussian wavefunctions

                             version 2.3.3 (6b8e81e)
              Compiled with gfortran on 14 January 2024 at 08:13:23

Starting at 13:37:04 on 04 Feb 2025 


Using MP2 density matrix from file benzene.fchk


                         Distributed Multipole Analysis

Standard DMA for products of primitives with exponent greater than 4.00000
Using 80-point Euler-MacLaurin radial quadrature
Using 590-point Lebedev quadrature
Becke smoothing parameter = 3

Positions and radii in angstrom
Multipole moments in atomic units, ea_0^k for rank k

C          x = -0.000000  y =  1.394663  z =  0.000000 angstrom
           Maximum rank =  2   Radius =  0.650 angstrom
                   Q00  =   0.006411
|Q1| =   0.103778  Q11s =  -0.103778
|Q2| =   0.884441  Q20  =  -0.873305  Q22c =  -0.139909

C          x = -1.207814  y =  0.697332  z =  0.000000 angstrom
           Maximum rank =  2   Radius =  0.650 angstrom
                   Q00  =   0.006408
|Q1| =   0.103777  Q11c =   0.089873  Q11s =  -0.051889
|Q2| =   0.884438  Q20  =  -0.873303  Q22c =   0.069946  Q22s =  -0.121160

C          x = -1.207814  y = -0.697332  z =  0.000000 angstrom
           Maximum rank =  2   Radius =  0.650 angstrom
                   Q00  =   0.006408
|Q1| =   0.103777  Q11c =   0.089873  Q11s =   0.051889
|Q2| =   0.884438  Q20  =  -0.873303  Q22c =   0.069946  Q22s =   0.121160

C          x = -0.000000  y = -1.394663  z =  0.000000 angstrom
           Maximum rank =  2   Radius =  0.650 angstrom
                   Q00  =   0.006411
|Q1| =   0.103778  Q11s =   0.103778
|Q2| =   0.884441  Q20  =  -0.873305  Q22c =  -0.139909

C          x =  1.207814  y = -0.697332  z = -0.000000 angstrom
           Maximum rank =  2   Radius =  0.650 angstrom
                   Q00  =   0.006408
|Q1| =   0.103777  Q11c =  -0.089873  Q11s =   0.051889
|Q2| =   0.884438  Q20  =  -0.873303  Q22c =   0.069946  Q22s =  -0.121160

C          x =  1.207814  y =  0.697332  z = -0.000000 angstrom
           Maximum rank =  2   Radius =  0.650 angstrom
                   Q00  =   0.006408
|Q1| =   0.103777  Q11c =  -0.089873  Q11s =  -0.051889
|Q2| =   0.884438  Q20  =  -0.873303  Q22c =   0.069946  Q22s =   0.121160

H          x = -0.000000  y =  2.479089  z =  0.000000 angstrom
           Maximum rank =  2   Radius =  0.350 angstrom
                   Q00  =   0.039469
|Q1| =   0.116741  Q11s =  -0.116741
|Q2| =   0.194878  Q20  =  -0.146002  Q22c =  -0.129077

H          x = -2.146954  y =  1.239545  z =  0.000000 angstrom
           Maximum rank =  2   Radius =  0.350 angstrom
                   Q00  =   0.039469
|Q1| =   0.116744  Q11c =   0.101105  Q11s =  -0.058370
|Q2| =   0.194863  Q20  =  -0.145997  Q22c =   0.064518  Q22s =  -0.111776

H          x = -2.146954  y = -1.239545  z =  0.000000 angstrom
           Maximum rank =  2   Radius =  0.350 angstrom
                   Q00  =   0.039469
|Q1| =   0.116744  Q11c =   0.101105  Q11s =   0.058370
|Q2| =   0.194863  Q20  =  -0.145997  Q22c =   0.064518  Q22s =   0.111776

H          x = -0.000000  y = -2.479089  z =  0.000000 angstrom
           Maximum rank =  2   Radius =  0.350 angstrom
                   Q00  =   0.039469
|Q1| =   0.116741  Q11s =   0.116741
|Q2| =   0.194878  Q20  =  -0.146002  Q22c =  -0.129077

H          x =  2.146954  y = -1.239545  z = -0.000000 angstrom
           Maximum rank =  2   Radius =  0.350 angstrom
                   Q00  =   0.039469
|Q1| =   0.116744  Q11c =  -0.101105  Q11s =   0.058370
|Q2| =   0.194863  Q20  =  -0.145997  Q22c =   0.064518  Q22s =  -0.111776

H          x =  2.146954  y =  1.239545  z = -0.000000 angstrom
           Maximum rank =  2   Radius =  0.350 angstrom
                   Q00  =   0.039469
|Q1| =   0.116744  Q11c =  -0.101105  Q11s =  -0.058370
|Q2| =   0.194863  Q20  =  -0.145997  Q22c =   0.064518  Q22s =   0.111776

TOP-2.5    x =  0.000000  y =  0.000000  z = -2.500000 angstrom
           Maximum rank =  2   Radius =  0.650 angstrom
                   Q00  =  -0.137632
|Q1| =   0.205996  Q10  =  -0.205996
|Q2| =   0.015707  Q20  =   0.015707  Q22c =   0.000002

TOP-2.5    x =  0.000000  y =  0.000000  z =  2.500000 angstrom
           Maximum rank =  2   Radius =  0.650 angstrom
                   Q00  =  -0.137632
|Q1| =   0.205996  Q10  =   0.205996
|Q2| =   0.015707  Q20  =   0.015707  Q22c =   0.000002

Total multipoles referred to origin at
           x =   0.000000,  y =    0.000000,  z =    0.000000 angstrom
                   Q00  =   0.000003
|Q1| =   0.000000
|Q2| =   6.144979  Q20  =  -6.144979  Q22c =  -0.000282

CPU time used:      0m13.844s          Total:      0m13.844s

Finished at 13:37:18 on 04 Feb 2025 
