                                     G D M A
                                 by Anthony Stone

               Distributed Multipoles from Gaussian wavefunctions

                             version 2.3.3 (e2d289a)
              Compiled with gfortran on 05 October 2021 at 19:26:39

Starting at 13:08:43 on 06 Jan 2022 


Using MP2 density matrix from file pyramid-20.fchk


                         Distributed Multipole Analysis

Standard DMA for products of primitives with exponent greater than 4.00000
Using 80-point Euler-MacLaurin radial quadrature
Using 590-point Lebedev quadrature
Becke smoothing parameter = 3

Positions and radii in angstrom
Multipole moments in atomic units, ea_0^k for rank k

C          x = -1.210156  y =  0.698711  z = -0.053047 angstrom
           Maximum rank =  2   Radius =  0.650 angstrom
                   Q00  =   0.413230
|Q1| =   0.720525  Q10  =   0.069911  Q11c =   0.621049  Q11s =  -0.358561
|Q2| =   0.831125  Q20  =  -0.501714  Q21c =  -0.321422  Q21s =   0.185665
                   Q22c =   0.274446  Q22s =  -0.475340

C          x = -1.210156  y = -0.698711  z = -0.053047 angstrom
           Maximum rank =  2   Radius =  0.650 angstrom
                   Q00  =   0.413230
|Q1| =   0.720525  Q10  =   0.069911  Q11c =   0.621049  Q11s =   0.358561
|Q2| =   0.831125  Q20  =  -0.501714  Q21c =  -0.321422  Q21s =  -0.185665
                   Q22c =   0.274446  Q22s =   0.475340

C          x =  0.000000  y = -1.397479  z = -0.053014 angstrom
           Maximum rank =  2   Radius =  0.650 angstrom
                   Q00  =   0.413159
|Q1| =   0.720417  Q10  =   0.069914  Q11s =   0.717017
|Q2| =   0.831216  Q20  =  -0.501806  Q21s =  -0.371205  Q22c =  -0.548923

C          x =  1.210156  y = -0.698711  z = -0.053047 angstrom
           Maximum rank =  2   Radius =  0.650 angstrom
                   Q00  =   0.413230
|Q1| =   0.720525  Q10  =   0.069911  Q11c =  -0.621049  Q11s =   0.358561
|Q2| =   0.831125  Q20  =  -0.501714  Q21c =   0.321422  Q21s =  -0.185665
                   Q22c =   0.274446  Q22s =  -0.475340

C          x =  1.210156  y =  0.698711  z = -0.053047 angstrom
           Maximum rank =  2   Radius =  0.650 angstrom
                   Q00  =   0.413230
|Q1| =   0.720525  Q10  =   0.069911  Q11c =  -0.621049  Q11s =  -0.358561
|Q2| =   0.831125  Q20  =  -0.501714  Q21c =   0.321422  Q21s =   0.185665
                   Q22c =   0.274446  Q22s =   0.475340

C          x =  0.000000  y =  1.397479  z = -0.053014 angstrom
           Maximum rank =  2   Radius =  0.650 angstrom
                   Q00  =   0.413159
|Q1| =   0.720417  Q10  =   0.069914  Q11s =  -0.717017
|Q2| =   0.831216  Q20  =  -0.501806  Q21s =   0.371205  Q22c =  -0.548923

H          x = -2.093563  y =  1.208626  z =  0.318206 angstrom
           Maximum rank =  2   Radius =  0.350 angstrom
                   Q00  =   0.066535
|Q1| =   0.140537  Q10  =  -0.001895  Q11c =   0.121697  Q11s =  -0.070262
|Q2| =   0.163839  Q20  =  -0.082771  Q21c =  -0.090038  Q21s =   0.051974
                   Q22c =   0.047937  Q22s =  -0.082983

H          x = -2.093563  y = -1.208626  z =  0.318206 angstrom
           Maximum rank =  2   Radius =  0.350 angstrom
                   Q00  =   0.066535
|Q1| =   0.140537  Q10  =  -0.001895  Q11c =   0.121697  Q11s =   0.070262
|Q2| =   0.163839  Q20  =  -0.082771  Q21c =  -0.090038  Q21s =  -0.051974
                   Q22c =   0.047937  Q22s =   0.082983

H          x =  0.000000  y = -2.417483  z =  0.318237 angstrom
           Maximum rank =  2   Radius =  0.350 angstrom
                   Q00  =   0.066542
|Q1| =   0.140522  Q10  =  -0.001896  Q11s =   0.140509
|Q2| =   0.163849  Q20  =  -0.082771  Q21s =  -0.103963  Q22c =  -0.095849

H          x =  2.093563  y = -1.208626  z =  0.318206 angstrom
           Maximum rank =  2   Radius =  0.350 angstrom
                   Q00  =   0.066535
|Q1| =   0.140537  Q10  =  -0.001895  Q11c =  -0.121697  Q11s =   0.070262
|Q2| =   0.163839  Q20  =  -0.082771  Q21c =   0.090038  Q21s =  -0.051974
                   Q22c =   0.047937  Q22s =  -0.082983

H          x =  2.093563  y =  1.208626  z =  0.318206 angstrom
           Maximum rank =  2   Radius =  0.350 angstrom
                   Q00  =   0.066535
|Q1| =   0.140537  Q10  =  -0.001895  Q11c =  -0.121697  Q11s =  -0.070262
|Q2| =   0.163839  Q20  =  -0.082771  Q21c =   0.090038  Q21s =   0.051974
                   Q22c =   0.047937  Q22s =   0.082983

H          x =  0.000000  y =  2.417483  z =  0.318237 angstrom
           Maximum rank =  2   Radius =  0.350 angstrom
                   Q00  =   0.066542
|Q1| =   0.140522  Q10  =  -0.001896  Q11s =  -0.140509
|Q2| =   0.163849  Q20  =  -0.082771  Q21s =   0.103963  Q22c =  -0.095849

TOP(2)     x =  0.000000  y =  0.000000  z =  2.000000 angstrom
           Maximum rank =  2   Radius =  0.650 angstrom
                   Q00  =  -0.099756
|Q1| =   0.025331  Q10  =   0.025331
|Q2| =   0.346440  Q20  =   0.346440  Q22c =  -0.000002

TOP(1)     x =  0.000000  y =  0.000000  z =  1.000000 angstrom
           Maximum rank =  2   Radius =  0.650 angstrom
                   Q00  =  -0.405332
|Q1| =   0.049468  Q10  =  -0.049468
|Q2| =   0.688354  Q20  =   0.688354  Q22c =  -0.000005

TOP(0)     x =  0.000000  y =  0.000000  z =  0.000000 angstrom
           Maximum rank =  2   Radius =  0.650 angstrom
                   Q00  =  -0.660681
|Q1| =   0.005511  Q10  =  -0.005511
|Q2| =   0.465814  Q20  =   0.465814  Q22c =   0.000028

TOP(ao)    x =  0.000000  y =  0.000000  z =  0.529000 angstrom
           Maximum rank =  2   Radius =  0.650 angstrom
                   Q00  =  -0.574964
|Q1| =   0.016043  Q10  =   0.016043
|Q2| =   0.563309  Q20  =   0.563309  Q22c =   0.000011

TOP(-a0)   x =  0.000000  y =  0.000000  z = -0.529000 angstrom
           Maximum rank =  2   Radius =  0.650 angstrom
                   Q00  =  -0.561960
|Q1| =   0.010629  Q10  =  -0.010629
|Q2| =   0.510606  Q20  =   0.510606  Q22c =   0.000020

TOP(-1)    x =  0.000000  y =  0.000000  z = -1.000000 angstrom
           Maximum rank =  2   Radius =  0.650 angstrom
                   Q00  =  -0.454887
|Q1| =   0.067057  Q10  =   0.067057
|Q2| =   0.713804  Q20  =   0.713804  Q22c =   0.000002

TOP(-2)    x =  0.000000  y =  0.000000  z = -2.000000 angstrom
           Maximum rank =  2   Radius =  0.650 angstrom
                   Q00  =  -0.120888
|Q1| =   0.028820  Q10  =  -0.028820
|Q2| =   0.379979  Q20  =   0.379979  Q22c =  -0.000008

Total multipoles referred to origin at
           x =   0.000000,  y =    0.000000,  z =    0.000000 angstrom
                   Q00  =  -0.000004
|Q1| =   0.574209  Q10  =   0.574209
|Q2| =   4.701564  Q20  =  -4.701564  Q22c =  -0.000892

CPU time used:      1m55.176s          Total:      1m55.176s

Finished at 13:10:38 on 06 Jan 2022 
