                                     G D M A
                                 by Anthony Stone

               Distributed Multipoles from Gaussian wavefunctions

                             version 2.3.3 (e2d289a)
              Compiled with gfortran on 05 October 2021 at 19:26:39

Starting at 19:47:53 on 22 Dec 2021 


Using MP2 density matrix from file hept-nh.fchk


                         Distributed Multipole Analysis

Standard DMA for products of primitives with exponent greater than 4.00000
Using 80-point Euler-MacLaurin radial quadrature
Using 590-point Lebedev quadrature
Becke smoothing parameter = 3

Positions and radii in angstrom
Multipole moments in atomic units, ea_0^k for rank k

C          x =  0.693060  y = -1.861329  z =  0.000000 angstrom
           Maximum rank =  2   Radius =  0.650 angstrom
                   Q00  =   0.017183
|Q1| =   0.094374  Q11c =  -0.019790  Q11s =   0.092276
|Q2| =   0.986093  Q20  =  -0.984180  Q22c =   0.021303  Q22s =  -0.057593

C          x =  1.571649  y = -0.720618  z =  0.000000 angstrom
           Maximum rank =  2   Radius =  0.650 angstrom
                   Q00  =   0.033547
|Q1| =   0.099323  Q11c =  -0.095953  Q11s =   0.025652
|Q2| =   0.865148  Q20  =  -0.862104  Q22c =  -0.031534  Q22s =  -0.065291

C          x = -0.663122  y = -1.870968  z =  0.000000 angstrom
           Maximum rank =  2   Radius =  0.650 angstrom
                   Q00  =   0.014466
|Q1| =   0.096337  Q11c =   0.018619  Q11s =   0.094520
|Q2| =   0.994290  Q20  =  -0.992346  Q22c =   0.018279  Q22s =   0.059383

C          x = -1.552205  y = -0.739001  z =  0.000000 angstrom
           Maximum rank =  2   Radius =  0.650 angstrom
                   Q00  =   0.035654
|Q1| =   0.102271  Q11c =   0.099213  Q11s =   0.024822
|Q2| =   0.857229  Q20  =  -0.853725  Q22c =  -0.032117  Q22s =   0.070456

C          x = -1.279660  y =  0.587909  z =  0.000000 angstrom
           Maximum rank =  2   Radius =  0.650 angstrom
                   Q00  =   0.069221
|Q1| =   0.132853  Q11c =   0.129147  Q11s =  -0.031160
|Q2| =   0.675066  Q20  =  -0.671211  Q22c =  -0.067301  Q22s =   0.025712

C          x =  0.000000  y =  1.310197  z =  0.000000 angstrom
           Maximum rank =  2   Radius =  0.650 angstrom
                   Q00  =   0.107630
|Q1| =   0.117584  Q11c =   0.039338  Q11s =  -0.110808
|Q2| =   0.496513  Q20  =  -0.457286  Q22c =  -0.177156  Q22s =   0.077661

C          x =  1.285199  y =  0.602816  z =  0.000000 angstrom
           Maximum rank =  2   Radius =  0.650 angstrom
                   Q00  =   0.086154
|Q1| =   0.131253  Q11c =  -0.131222  Q11s =   0.002848
|Q2| =   0.682375  Q20  =  -0.666341  Q22c =  -0.145673  Q22s =  -0.020122

H          x = -2.142883  y =  1.250040  z =  0.000000 angstrom
           Maximum rank =  2   Radius =  0.350 angstrom
                   Q00  =   0.047169
|Q1| =   0.125156  Q11c =   0.105506  Q11s =  -0.067325
|Q2| =   0.172238  Q20  =  -0.148206  Q22c =   0.020092  Q22s =  -0.085424

H          x =  2.123236  y =  1.292580  z =  0.000000 angstrom
           Maximum rank =  2   Radius =  0.350 angstrom
                   Q00  =   0.068004
|Q1| =   0.114697  Q11c =  -0.104416  Q11s =  -0.047463
|Q2| =   0.169256  Q20  =  -0.144999  Q22c =   0.006501  Q22s =   0.087068

H          x =  2.629386  y = -0.968425  z =  0.000000 angstrom
           Maximum rank =  2   Radius =  0.350 angstrom
                   Q00  =   0.043618
|Q1| =   0.116748  Q11c =  -0.112649  Q11s =   0.030665
|Q2| =   0.191807  Q20  =  -0.154838  Q22c =   0.101466  Q22s =  -0.050196

H          x =  1.189120  y = -2.827162  z =  0.000000 angstrom
           Maximum rank =  2   Radius =  0.350 angstrom
                   Q00  =   0.040180
|Q1| =   0.116025  Q11c =  -0.051709  Q11s =   0.103866
|Q2| =   0.199996  Q20  =  -0.160886  Q22c =  -0.067263  Q22s =  -0.097928

H          x = -1.148829  y = -2.841707  z =  0.000000 angstrom
           Maximum rank =  2   Radius =  0.350 angstrom
                   Q00  =   0.040127
|Q1| =   0.116121  Q11c =   0.051109  Q11s =   0.104269
|Q2| =   0.201269  Q20  =  -0.162479  Q22c =  -0.069647  Q22s =   0.096224

H          x = -2.607779  y = -0.997335  z =  0.000000 angstrom
           Maximum rank =  2   Radius =  0.350 angstrom
                   Q00  =   0.042937
|Q1| =   0.117521  Q11c =   0.113498  Q11s =   0.030487
|Q2| =   0.191859  Q20  =  -0.155139  Q22c =   0.099647  Q22s =   0.053030

N          x =  0.070144  y =  2.602784  z =  0.000000 angstrom
           Maximum rank =  2   Radius =  0.650 angstrom
                   Q00  =  -0.273167
|Q1| =   0.736868  Q11c =  -0.593331  Q11s =  -0.436958
|Q2| =   1.258366  Q20  =  -0.698235  Q22c =  -0.455402  Q22s =  -0.942635

H          x = -0.862791  y =  3.018479  z =  0.000000 angstrom
           Maximum rank =  2   Radius =  0.350 angstrom
                   Q00  =   0.089067
|Q1| =   0.088242  Q11c =   0.058511  Q11s =  -0.066054
|Q2| =   0.176114  Q20  =  -0.126261  Q22c =   0.043358  Q22s =  -0.114866

TOP1       x =  0.000000  y =  0.000000  z =  2.000000 angstrom
           Maximum rank =  2   Radius =  0.650 angstrom
                   Q00  =  -0.230890
|Q1| =   0.246370  Q10  =   0.246240  Q11c =   0.001968  Q11s =   0.007742
|Q2| =   0.170807  Q20  =   0.158021  Q21c =  -0.002775  Q21s =  -0.001652
                   Q22c =  -0.064697  Q22s =   0.002848

TOP2       x =  0.000000  y =  0.000000  z = -2.000000 angstrom
           Maximum rank =  2   Radius =  0.650 angstrom
                   Q00  =  -0.230890
|Q1| =   0.246370  Q10  =  -0.246240  Q11c =   0.001968  Q11s =   0.007742
|Q2| =   0.170807  Q20  =   0.158021  Q21c =   0.002775  Q21s =   0.001652
                   Q22c =  -0.064697  Q22s =   0.002848

Total multipoles referred to origin at
           x =   0.000000,  y =    0.000000,  z =    0.000000 angstrom
                   Q00  =   0.000011
|Q1| =   1.269935  Q11c =  -0.540189  Q11s =  -1.149317
|Q2| =   9.923828  Q20  =  -4.671090  Q22c =   6.165541  Q22s =  -6.216863

CPU time used:      2m11.259s          Total:      2m11.259s

Finished at 19:50:04 on 22 Dec 2021 
