                                     G D M A
                                 by Anthony Stone

               Distributed Multipoles from Gaussian wavefunctions

                             version 2.3.3 (e2d289a)
              Compiled with gfortran on 05 October 2021 at 19:26:39

Starting at 18:42:23 on 05 Jan 2022 


Using MP2 density matrix from file clamp-10.fchk


                         Distributed Multipole Analysis

Standard DMA for products of primitives with exponent greater than 4.00000
Using 80-point Euler-MacLaurin radial quadrature
Using 590-point Lebedev quadrature
Becke smoothing parameter = 3

Positions and radii in angstrom
Multipole moments in atomic units, ea_0^k for rank k

C          x = -0.000000  y =  1.397529  z =  0.009623 angstrom
           Maximum rank =  2   Radius =  0.650 angstrom
                   Q00  =   0.367052
|Q1| =   0.642276  Q10  =  -0.019920  Q11s =  -0.641967
|Q2| =   1.424234  Q20  =   0.343992  Q21s =  -0.170842  Q22c =  -1.371468

C          x =  0.000000  y =  0.707079  z =  1.205443 angstrom
           Maximum rank =  2   Radius =  0.650 angstrom
                   Q00  =   1.225200
|Q1| =   1.230236  Q10  =  -0.111316  Q11s =  -1.225190
|Q2| =   1.261655  Q20  =   0.992079  Q21s =  -0.058494  Q22c =  -0.777259

C          x = -0.000000  y = -0.707079  z =  1.205443 angstrom
           Maximum rank =  2   Radius =  0.650 angstrom
                   Q00  =   1.225200
|Q1| =   1.230236  Q10  =  -0.111316  Q11s =   1.225190
|Q2| =   1.261655  Q20  =   0.992079  Q21s =   0.058494  Q22c =  -0.777259

C          x = -0.000000  y = -1.397529  z =  0.009623 angstrom
           Maximum rank =  2   Radius =  0.650 angstrom
                   Q00  =   0.367052
|Q1| =   0.642276  Q10  =  -0.019920  Q11s =   0.641967
|Q2| =   1.424234  Q20  =   0.343992  Q21s =   0.170842  Q22c =  -1.371468

C          x =  0.000000  y = -0.690415  z = -1.215058 angstrom
           Maximum rank =  2   Radius =  0.650 angstrom
                   Q00  =   1.267639
|Q1| =   1.184281  Q10  =   0.060000  Q11s =   1.182760
|Q2| =   1.286844  Q20  =   0.934755  Q21s =   0.103706  Q22c =  -0.878319

C          x =  0.000000  y =  0.690415  z = -1.215058 angstrom
           Maximum rank =  2   Radius =  0.650 angstrom
                   Q00  =   1.267639
|Q1| =   1.184281  Q10  =   0.060000  Q11s =  -1.182760
|Q2| =   1.286844  Q20  =   0.934755  Q21s =  -0.103706  Q22c =  -0.878319

H          x =  0.000000  y =  2.465434  z = -0.178706 angstrom
           Maximum rank =  2   Radius =  0.350 angstrom
                   Q00  =   0.062615
|Q1| =   0.136279  Q10  =  -0.014967  Q11s =  -0.135455
|Q2| =   0.186845  Q20  =  -0.003916  Q21s =  -0.047239  Q22c =  -0.180732

H          x =  0.000000  y =  1.077957  z =  2.224417 angstrom
           Maximum rank =  2   Radius =  0.350 angstrom
                   Q00  =   0.199832
|Q1| =   0.219418  Q10  =  -0.059324  Q11s =  -0.211246
|Q2| =   0.149524  Q20  =   0.120912  Q21s =  -0.031836  Q22c =  -0.082001

H          x = -0.000000  y = -1.077957  z =  2.224417 angstrom
           Maximum rank =  2   Radius =  0.350 angstrom
                   Q00  =   0.199832
|Q1| =   0.219418  Q10  =  -0.059324  Q11s =   0.211246
|Q2| =   0.149524  Q20  =   0.120912  Q21s =   0.031836  Q22c =  -0.082001

H          x = -0.000000  y = -2.465434  z = -0.178706 angstrom
           Maximum rank =  2   Radius =  0.350 angstrom
                   Q00  =   0.062615
|Q1| =   0.136279  Q10  =  -0.014967  Q11s =   0.135455
|Q2| =   0.186845  Q20  =  -0.003916  Q21s =   0.047239  Q22c =  -0.180732

H          x =  0.000000  y = -1.387412  z = -2.045754 angstrom
           Maximum rank =  2   Radius =  0.350 angstrom
                   Q00  =   0.150097
|Q1| =   0.160763  Q10  =   0.059801  Q11s =   0.149227
|Q2| =   0.156110  Q20  =   0.096941  Q21s =   0.015217  Q22c =  -0.121414

H          x =  0.000000  y =  1.387412  z = -2.045754 angstrom
           Maximum rank =  2   Radius =  0.350 angstrom
                   Q00  =   0.150097
|Q1| =   0.160763  Q10  =   0.059801  Q11s =  -0.149227
|Q2| =   0.156110  Q20  =   0.096941  Q21s =  -0.015217  Q22c =  -0.121414

TOP(2)     x =  0.000000  y =  0.000000  z =  2.000000 angstrom
           Maximum rank =  2   Radius =  0.650 angstrom
                   Q00  =  -1.079201
|Q1| =   0.042389  Q10  =  -0.042389
|Q2| =   0.622085  Q20  =   0.516813  Q22c =  -0.346257

TOP(1)     x =  0.000000  y =  0.000000  z =  1.000000 angstrom
           Maximum rank =  2   Radius =  0.650 angstrom
                   Q00  =  -1.166053
|Q1| =   0.252478  Q10  =  -0.252478
|Q2| =   0.972039  Q20  =   0.505191  Q22c =  -0.830447

TOP(0)     x =  0.000000  y =  0.000000  z =  0.000000 angstrom
           Maximum rank =  2   Radius =  0.650 angstrom
                   Q00  =  -0.545826
|Q1| =   0.002520  Q10  =   0.002520
|Q2| =   0.639406  Q20  =   0.626375  Q22c =  -0.128430

TOP(ao)    x =  0.000000  y =  0.000000  z =  0.529000 angstrom
           Maximum rank =  2   Radius =  0.650 angstrom
                   Q00  =  -0.759073
|Q1| =   0.013531  Q10  =  -0.013531
|Q2| =   0.760735  Q20  =   0.718009  Q22c =  -0.251357

TOP(-a0)   x =  0.000000  y =  0.000000  z = -0.529000 angstrom
           Maximum rank =  2   Radius =  0.650 angstrom
                   Q00  =  -0.772697
|Q1| =   0.010443  Q10  =   0.010443
|Q2| =   0.774094  Q20  =   0.738726  Q22c =  -0.231313

TOP(-1)    x =  0.000000  y =  0.000000  z = -1.000000 angstrom
           Maximum rank =  2   Radius =  0.650 angstrom
                   Q00  =  -1.167445
|Q1| =   0.257065  Q10  =   0.257065
|Q2| =   0.975579  Q20  =   0.499626  Q22c =  -0.837931

TOP(-2)    x =  0.000000  y =  0.000000  z = -2.000000 angstrom
           Maximum rank =  2   Radius =  0.650 angstrom
                   Q00  =  -1.054576
|Q1| =   0.035512  Q10  =   0.035512
|Q2| =   0.656309  Q20  =   0.637623  Q22c =  -0.155498

Total multipoles referred to origin at
           x =   0.000000,  y =    0.000000,  z =    0.000000 angstrom
                   Q00  =  -0.000003
|Q1| =   0.000005  Q10  =  -0.000005
|Q2| =   6.026878  Q20  =   3.013181  Q22c =  -5.219579

CPU time used:      1m54.021s          Total:      1m54.021s

Finished at 18:44:17 on 05 Jan 2022 
