                                     G D M A
                                 by Anthony Stone

               Distributed Multipoles from Gaussian wavefunctions

                             version 2.3.3 (e2d289a)
              Compiled with gfortran on 05 October 2021 at 19:26:39

Starting at 17:23:27 on 14 Jan 2022 


Using MP2 density matrix from file cocl.fchk


                         Distributed Multipole Analysis

Standard DMA for products of primitives with exponent greater than 4.00000
Using 80-point Euler-MacLaurin radial quadrature
Using 590-point Lebedev quadrature
Becke smoothing parameter = 3

Positions and radii in angstrom
Multipole moments in atomic units, ea_0^k for rank k

C          x =  2.594516  y =  1.266902  z =  0.000000 angstrom
           Maximum rank =  2   Radius =  0.650 angstrom
                   Q00  =   0.011804
|Q1| =   0.119066  Q11c =  -0.108297  Q11s =  -0.049482
|Q2| =   1.206713  Q20  =  -1.192730  Q22c =   0.121946  Q22s =   0.136675

C          x =  1.503343  y =  2.137280  z =  0.000000 angstrom
           Maximum rank =  2   Radius =  0.650 angstrom
                   Q00  =   0.032632
|Q1| =   0.151989  Q11c =  -0.084123  Q11s =  -0.126585
|Q2| =   1.169964  Q20  =  -1.155380  Q22c =  -0.108652  Q22s =   0.148685

C          x =  0.210882  y =  1.630118  z =  0.000000 angstrom
           Maximum rank =  2   Radius =  0.650 angstrom
                   Q00  =   0.217588
|Q1| =   0.470233  Q11c =  -0.053628  Q11s =  -0.467165
|Q2| =   0.852157  Q20  =  -0.804993  Q22c =  -0.258911  Q22s =   0.105465

C          x = -0.000000  y =  0.241608  z =  0.000000 angstrom
           Maximum rank =  2   Radius =  0.650 angstrom
                   Q00  =   2.304638
|Q1| =   1.136896  Q11c =   0.009016  Q11s =  -1.136860
|Q2| =   0.872031  Q20  =   0.859916  Q22c =  -0.103733  Q22s =   0.101101

C          x =  1.097026  y = -0.627421  z =  0.000000 angstrom
           Maximum rank =  2   Radius =  0.650 angstrom
                   Q00  =   0.529489
|Q1| =   0.785168  Q11c =  -0.706370  Q11s =   0.342827
|Q2| =   0.550354  Q20  =  -0.418820  Q22c =   0.298256  Q22s =  -0.196273

C          x =  2.389263  y = -0.111751  z =  0.000000 angstrom
           Maximum rank =  2   Radius =  0.650 angstrom
                   Q00  =   0.053305
|Q1| =   0.191853  Q11c =  -0.191456  Q11s =   0.012325
|Q2| =   1.140593  Q20  =  -1.125074  Q22c =   0.175237  Q22s =  -0.066739

H          x =  0.938262  y = -1.696660  z =  0.000000 angstrom
           Maximum rank =  2   Radius =  0.350 angstrom
                   Q00  =   0.110157
|Q1| =   0.150350  Q11c =  -0.030250  Q11s =   0.147276
|Q2| =   0.100299  Q20  =  -0.079891  Q22c =  -0.060563  Q22s =  -0.003043

H          x =  3.236054  y = -0.787720  z =  0.000000 angstrom
           Maximum rank =  2   Radius =  0.350 angstrom
                   Q00  =   0.055318
|Q1| =   0.113353  Q11c =  -0.096345  Q11s =   0.059721
|Q2| =   0.189605  Q20  =  -0.149096  Q22c =   0.027664  Q22s =  -0.113822

H          x =  3.603378  y =  1.663658  z =  0.000000 angstrom
           Maximum rank =  2   Radius =  0.350 angstrom
                   Q00  =   0.044535
|Q1| =   0.110669  Q11c =  -0.102725  Q11s =  -0.041175
|Q2| =   0.206327  Q20  =  -0.159097  Q22c =   0.095931  Q22s =   0.089756

H          x =  1.661540  y =  3.209273  z =  0.000000 angstrom
           Maximum rank =  2   Radius =  0.350 angstrom
                   Q00  =   0.051519
|Q1| =   0.111107  Q11c =  -0.024790  Q11s =  -0.108306
|Q2| =   0.196656  Q20  =  -0.153312  Q22c =  -0.117640  Q22s =   0.036470

H          x = -0.645890  y =  2.291773  z =  0.000000 angstrom
           Maximum rank =  2   Radius =  0.350 angstrom
                   Q00  =   0.103404
|Q1| =   0.122016  Q11c =   0.045605  Q11s =  -0.113172
|Q2| =   0.158433  Q20  =  -0.132356  Q22c =   0.049988  Q22s =  -0.071303

C          x = -1.412284  y = -0.212076  z =  0.000000 angstrom
           Maximum rank =  2   Radius =  0.650 angstrom
                   Q00  =   0.335486
|Q1| =   0.890290  Q11c =   0.628820  Q11s =   0.630239
|Q2| =   1.318060  Q20  =   0.040320  Q22c =   1.221247  Q22s =  -0.494178

Cl         x = -1.652515  y = -2.028579  z =  0.000000 angstrom
           Maximum rank =  2   Radius =  0.650 angstrom
                   Q00  =   0.314914
|Q1| =   0.962409  Q11c =   0.242337  Q11s =   0.931399
|Q2| =   1.884587  Q20  =  -1.043600  Q22c =  -1.411077  Q22s =   0.686607

O          x = -2.374633  y =  0.482195  z =  0.000000 angstrom
           Maximum rank =  2   Radius =  0.650 angstrom
                   Q00  =  -0.224744
|Q1| =   0.516539  Q11c =   0.460641  Q11s =  -0.233714
|Q2| =   1.020285  Q20  =  -0.053473  Q22c =   0.524155  Q22s =  -0.873719

TOP(2)     x =  0.000000  y =  0.000000  z =  2.000000 angstrom
           Maximum rank =  2   Radius =  0.650 angstrom
                   Q00  =  -0.089424
|Q1| =   0.030413  Q10  =   0.023793  Q11c =  -0.018448  Q11s =   0.004305
|Q2| =   0.296873  Q20  =   0.287911  Q21c =  -0.002616  Q21s =  -0.002196
                   Q22c =   0.027686  Q22s =  -0.066803

TOP(1)     x =  0.000000  y =  0.000000  z =  1.000000 angstrom
           Maximum rank =  2   Radius =  0.650 angstrom
                   Q00  =  -0.486879
|Q1| =   0.055668  Q10  =  -0.030662  Q11c =  -0.034758  Q11s =  -0.030833
|Q2| =   0.740313  Q20  =   0.730420  Q21c =  -0.018690  Q21s =   0.004452
                   Q22c =   0.110982  Q22s =  -0.043173

TOP(0)     x =  0.000000  y =  0.000000  z =  0.000000 angstrom
           Maximum rank =  2   Radius =  0.650 angstrom
                   Q00  =  -0.949588
|Q1| =   0.461059  Q11c =   0.017378  Q11s =   0.460732
|Q2| =   0.547491  Q20  =   0.534957  Q22c =  -0.055179  Q22s =  -0.102580

TOP(ao)    x =  0.000000  y =  0.000000  z =  0.529000 angstrom
           Maximum rank =  2   Radius =  0.650 angstrom
                   Q00  =  -0.918902
|Q1| =   0.050455  Q10  =   0.021270  Q11c =  -0.013111  Q11s =   0.043834
|Q2| =   0.749145  Q20  =   0.740638  Q21c =  -0.009401  Q21s =  -0.086612
                   Q22c =   0.026651  Q22s =  -0.066133

TOP(-a0)   x =  0.000000  y =  0.000000  z = -0.529000 angstrom
           Maximum rank =  2   Radius =  0.650 angstrom
                   Q00  =  -0.918902
|Q1| =   0.050455  Q10  =  -0.021270  Q11c =  -0.013111  Q11s =   0.043834
|Q2| =   0.749145  Q20  =   0.740638  Q21c =   0.009401  Q21s =   0.086612
                   Q22c =   0.026651  Q22s =  -0.066133

TOP(-1)    x =  0.000000  y =  0.000000  z = -1.000000 angstrom
           Maximum rank =  2   Radius =  0.650 angstrom
                   Q00  =  -0.486879
|Q1| =   0.055668  Q10  =   0.030662  Q11c =  -0.034758  Q11s =  -0.030833
|Q2| =   0.740313  Q20  =   0.730420  Q21c =   0.018690  Q21s =  -0.004452
                   Q22c =   0.110982  Q22s =  -0.043173

TOP(-2)    x =  0.000000  y =  0.000000  z = -2.000000 angstrom
           Maximum rank =  2   Radius =  0.650 angstrom
                   Q00  =  -0.089424
|Q1| =   0.030413  Q10  =  -0.023793  Q11c =  -0.018448  Q11s =   0.004305
|Q2| =   0.296873  Q20  =   0.287911  Q21c =   0.002616  Q21s =   0.002196
                   Q22c =   0.027686  Q22s =  -0.066803

Total multipoles referred to origin at
           x =   0.000000,  y =    0.000000,  z =    0.000000 angstrom
                   Q00  =   0.000048
|Q1| =   1.536170  Q11c =   1.450969  Q11s =   0.504486
|Q2| =   4.393317  Q20  =  -3.170471  Q22c =  -3.038471  Q22s =   0.130564

CPU time used:      2m59.898s          Total:      2m59.898s

Finished at 17:26:27 on 14 Jan 2022 
