                                     G D M A
                                 by Anthony Stone

               Distributed Multipoles from Gaussian wavefunctions

                             version 2.3.3 (6b8e81e)
              Compiled with gfortran on 14 January 2024 at 08:13:23

Starting at 13:37:34 on 04 Feb 2025 


Using MP2 density matrix from file benzene.fchk


                         Distributed Multipole Analysis

Standard DMA for products of primitives with exponent greater than 4.00000
Using 80-point Euler-MacLaurin radial quadrature
Using 590-point Lebedev quadrature
Becke smoothing parameter = 3

Positions and radii in angstrom
Multipole moments in atomic units, ea_0^k for rank k

C          x = -0.000000  y =  1.394663  z =  0.000000 angstrom
           Maximum rank =  2   Radius =  0.650 angstrom
                   Q00  =  -0.026201
|Q1| =   0.071047  Q11s =  -0.071047
|Q2| =   1.152244  Q20  =  -1.145442  Q22c =  -0.125014

C          x = -1.207814  y =  0.697332  z =  0.000000 angstrom
           Maximum rank =  2   Radius =  0.650 angstrom
                   Q00  =  -0.026203
|Q1| =   0.071049  Q11c =   0.061530  Q11s =  -0.035524
|Q2| =   1.152248  Q20  =  -1.145446  Q22c =   0.062505  Q22s =  -0.108265

C          x = -1.207814  y = -0.697332  z =  0.000000 angstrom
           Maximum rank =  2   Radius =  0.650 angstrom
                   Q00  =  -0.026203
|Q1| =   0.071049  Q11c =   0.061530  Q11s =   0.035524
|Q2| =   1.152248  Q20  =  -1.145446  Q22c =   0.062505  Q22s =   0.108265

C          x = -0.000000  y = -1.394663  z =  0.000000 angstrom
           Maximum rank =  2   Radius =  0.650 angstrom
                   Q00  =  -0.026201
|Q1| =   0.071047  Q11s =   0.071047
|Q2| =   1.152244  Q20  =  -1.145442  Q22c =  -0.125014

C          x =  1.207814  y = -0.697332  z = -0.000000 angstrom
           Maximum rank =  2   Radius =  0.650 angstrom
                   Q00  =  -0.026203
|Q1| =   0.071049  Q11c =  -0.061530  Q11s =   0.035524
|Q2| =   1.152248  Q20  =  -1.145446  Q22c =   0.062505  Q22s =  -0.108265

C          x =  1.207814  y =  0.697332  z = -0.000000 angstrom
           Maximum rank =  2   Radius =  0.650 angstrom
                   Q00  =  -0.026203
|Q1| =   0.071049  Q11c =  -0.061530  Q11s =  -0.035524
|Q2| =   1.152248  Q20  =  -1.145446  Q22c =   0.062505  Q22s =   0.108265

H          x = -0.000000  y =  2.479089  z =  0.000000 angstrom
           Maximum rank =  2   Radius =  0.350 angstrom
                   Q00  =   0.036349
|Q1| =   0.115291  Q11s =  -0.115291
|Q2| =   0.202658  Q20  =  -0.154829  Q22c =  -0.130760

H          x = -2.146954  y =  1.239545  z =  0.000000 angstrom
           Maximum rank =  2   Radius =  0.350 angstrom
                   Q00  =   0.036349
|Q1| =   0.115294  Q11c =   0.099849  Q11s =  -0.057645
|Q2| =   0.202643  Q20  =  -0.154824  Q22c =   0.065360  Q22s =  -0.113234

H          x = -2.146954  y = -1.239545  z =  0.000000 angstrom
           Maximum rank =  2   Radius =  0.350 angstrom
                   Q00  =   0.036349
|Q1| =   0.115294  Q11c =   0.099849  Q11s =   0.057645
|Q2| =   0.202643  Q20  =  -0.154824  Q22c =   0.065360  Q22s =   0.113234

H          x = -0.000000  y = -2.479089  z =  0.000000 angstrom
           Maximum rank =  2   Radius =  0.350 angstrom
                   Q00  =   0.036349
|Q1| =   0.115291  Q11s =   0.115291
|Q2| =   0.202658  Q20  =  -0.154829  Q22c =  -0.130760

H          x =  2.146954  y = -1.239545  z = -0.000000 angstrom
           Maximum rank =  2   Radius =  0.350 angstrom
                   Q00  =   0.036349
|Q1| =   0.115294  Q11c =  -0.099849  Q11s =   0.057645
|Q2| =   0.202643  Q20  =  -0.154824  Q22c =   0.065360  Q22s =  -0.113234

H          x =  2.146954  y =  1.239545  z = -0.000000 angstrom
           Maximum rank =  2   Radius =  0.350 angstrom
                   Q00  =   0.036349
|Q1| =   0.115294  Q11c =  -0.099849  Q11s =  -0.057645
|Q2| =   0.202643  Q20  =  -0.154824  Q22c =   0.065360  Q22s =   0.113234

TOP-3.5    x =  0.000000  y =  0.000000  z = -3.500000 angstrom
           Maximum rank =  2   Radius =  0.650 angstrom
                   Q00  =  -0.030438
|Q1| =   0.074260  Q10  =  -0.074260
|Q2| =   0.080949  Q20  =  -0.080949  Q22c =   0.000001

TOP-3.5    x =  0.000000  y =  0.000000  z =  3.500000 angstrom
           Maximum rank =  2   Radius =  0.650 angstrom
                   Q00  =  -0.030438
|Q1| =   0.074260  Q10  =   0.074260
|Q2| =   0.080949  Q20  =  -0.080949  Q22c =   0.000001

Total multipoles referred to origin at
           x =   0.000000,  y =    0.000000,  z =    0.000000 angstrom
                   Q00  =   0.000003
|Q1| =   0.000000
|Q2| =   6.144966  Q20  =  -6.144966  Q22c =  -0.000286

CPU time used:      0m12.545s          Total:      0m12.545s

Finished at 13:37:47 on 04 Feb 2025 
