                                     G D M A
                                 by Anthony Stone

               Distributed Multipoles from Gaussian wavefunctions

                             version 2.3.3 (e2d289a)
              Compiled with gfortran on 05 October 2021 at 19:26:39

Starting at 12:00:13 on 07 Dec 2021 


Using MP2 density matrix from file nn+.fchk


                         Distributed Multipole Analysis

Standard DMA for products of primitives with exponent greater than 4.00000
Using 80-point Euler-MacLaurin radial quadrature
Using 590-point Lebedev quadrature
Becke smoothing parameter = 3

Positions and radii in angstrom
Multipole moments in atomic units, ea_0^k for rank k

C          x =  1.221019  y = -1.480463  z =  0.000000 angstrom
           Maximum rank =  2   Radius =  0.650 angstrom
                   Q00  =   0.061659
|Q1| =   0.090424  Q11c =  -0.059218  Q11s =   0.068335
|Q2| =   0.843044  Q20  =  -0.833990  Q22c =   0.016403  Q22s =  -0.122132

C          x =  1.243137  y = -0.096667  z =  0.000000 angstrom
           Maximum rank =  2   Radius =  0.650 angstrom
                   Q00  =   0.113430
|Q1| =   0.162230  Q11c =  -0.162111  Q11s =   0.006226
|Q2| =   0.564975  Q20  =  -0.559107  Q22c =   0.065452  Q22s =   0.048090

C          x =  0.000000  y =  0.562626  z =  0.000000 angstrom
           Maximum rank =  2   Radius =  0.650 angstrom
                   Q00  =   0.202612
|Q1| =   0.009470  Q11c =  -0.000011  Q11s =   0.009470
|Q2| =   0.302085  Q20  =  -0.196121  Q22c =  -0.229764  Q22s =  -0.000095

C          x = -1.243049  y = -0.096888  z =  0.000000 angstrom
           Maximum rank =  2   Radius =  0.650 angstrom
                   Q00  =   0.113436
|Q1| =   0.162230  Q11c =   0.162110  Q11s =   0.006250
|Q2| =   0.564942  Q20  =  -0.559076  Q22c =   0.065419  Q22s =  -0.048095

C          x = -1.220685  y = -1.480660  z =  0.000000 angstrom
           Maximum rank =  2   Radius =  0.650 angstrom
                   Q00  =   0.061660
|Q1| =   0.090429  Q11c =   0.059203  Q11s =   0.068355
|Q2| =   0.843023  Q20  =  -0.833965  Q22c =   0.016306  Q22s =   0.122159

C          x =  0.000235  y = -2.165545  z =  0.000000 angstrom
           Maximum rank =  2   Radius =  0.650 angstrom
                   Q00  =   0.058284
|Q1| =   0.070217  Q11c =  -0.000004  Q11s =   0.070217
|Q2| =   0.890174  Q20  =  -0.883151  Q22c =  -0.111596  Q22s =   0.000013

N          x = -0.000172  y =  1.941555  z =  0.000000 angstrom
           Maximum rank =  2   Radius =  0.650 angstrom
                   Q00  =   0.219734
|Q1| =   0.000385  Q11c =  -0.000014  Q11s =   0.000385
|Q2| =   0.995935  Q20  =  -0.383275  Q22c =  -0.919231  Q22s =  -0.000379

H          x = -2.170562  y =  0.461738  z =  0.000000 angstrom
           Maximum rank =  2   Radius =  0.350 angstrom
                   Q00  =   0.099155
|Q1| =   0.082443  Q11c =   0.075045  Q11s =  -0.034135
|Q2| =   0.170163  Q20  =  -0.134127  Q22c =   0.048122  Q22s =  -0.093004

H          x = -2.154272  y = -2.028914  z =  0.000000 angstrom
           Maximum rank =  2   Radius =  0.350 angstrom
                   Q00  =   0.084883
|Q1| =   0.080608  Q11c =   0.069292  Q11s =   0.041187
|Q2| =   0.193378  Q20  =  -0.140621  Q22c =   0.061987  Q22s =   0.117381

H          x =  0.000301  y = -3.249204  z =  0.000000 angstrom
           Maximum rank =  2   Radius =  0.350 angstrom
                   Q00  =   0.079250
|Q1| =   0.081440  Q11c =  -0.000009  Q11s =   0.081440
|Q2| =   0.197443  Q20  =  -0.144486  Q22c =  -0.134565  Q22s =  -0.000016

H          x =  2.154721  y = -2.028519  z =  0.000000 angstrom
           Maximum rank =  2   Radius =  0.350 angstrom
                   Q00  =   0.084882
|Q1| =   0.080608  Q11c =  -0.069298  Q11s =   0.041177
|Q2| =   0.193379  Q20  =  -0.140622  Q22c =   0.062038  Q22s =  -0.117355

H          x =  2.170572  y =  0.462089  z =  0.000000 angstrom
           Maximum rank =  2   Radius =  0.350 angstrom
                   Q00  =   0.099155
|Q1| =   0.082442  Q11c =  -0.075036  Q11s =  -0.034151
|Q2| =   0.170167  Q20  =  -0.134127  Q22c =   0.048103  Q22s =   0.093021

N          x = -0.000500  y =  3.048215  z =  0.000000 angstrom
           Maximum rank =  2   Radius =  0.650 angstrom
                   Q00  =   0.206841
|Q1| =   0.457746  Q11c =   0.000126  Q11s =  -0.457746
|Q2| =   0.329467  Q20  =  -0.183796  Q22c =  -0.273436  Q22s =  -0.000164

TOP1       x =  0.000000  y =  0.000000  z =  2.000000 angstrom
           Maximum rank =  2   Radius =  0.650 angstrom
                   Q00  =  -0.242497
|Q1| =   0.280754  Q10  =   0.280053  Q11c =  -0.000001  Q11s =   0.019840
|Q2| =   0.088902  Q20  =   0.049855  Q21c =  -0.000004  Q21s =   0.009607
                   Q22c =  -0.072978  Q22s =  -0.000018

TOP2       x =  0.000000  y =  0.000000  z = -2.000000 angstrom
           Maximum rank =  2   Radius =  0.650 angstrom
                   Q00  =  -0.242497
|Q1| =   0.280754  Q10  =  -0.280053  Q11c =  -0.000001  Q11s =   0.019840
|Q2| =   0.088902  Q20  =   0.049855  Q21c =   0.000004  Q21s =  -0.009607
                   Q22c =  -0.072978  Q22s =  -0.000018

Total multipoles referred to origin at
           x =   0.000000,  y =    0.000000,  z =    0.000000 angstrom
                   Q00  =   0.999988
|Q1| =   0.530415  Q11c =  -0.000017  Q11s =   0.530415
|Q2| =  15.528485  Q20  = -14.179351  Q22c =  -6.330864  Q22s =  -0.001384

CPU time used:      3m 7.551s          Total:      3m 7.551s

Finished at 12:03:21 on 07 Dec 2021 
