                                     G D M A
                                 by Anthony Stone

               Distributed Multipoles from Gaussian wavefunctions

                             version 2.3.3 (e2d289a)
              Compiled with gfortran on 05 October 2021 at 19:26:39

Starting at 10:19:06 on 07 Dec 2021 


Using MP2 density matrix from file chair-15.fchk


                         Distributed Multipole Analysis

Standard DMA for products of primitives with exponent greater than 4.00000
Using 80-point Euler-MacLaurin radial quadrature
Using 590-point Lebedev quadrature
Becke smoothing parameter = 3

Positions and radii in angstrom
Multipole moments in atomic units, ea_0^k for rank k

C          x =  0.060690  y =  1.383503  z =  0.000000 angstrom
           Maximum rank =  2   Radius =  0.650 angstrom
                   Q00  =   0.009507
|Q1| =   0.105452  Q11c =  -0.040951  Q11s =  -0.097176
|Q2| =   1.287567  Q20  =   0.601483  Q22c =  -1.134095  Q22s =   0.099377

C          x = -0.060690  y =  0.696344  z =  1.209988 angstrom
           Maximum rank =  2   Radius =  0.650 angstrom
                   Q00  =   0.455270
|Q1| =   0.721635  Q10  =   0.543962  Q11c =   0.072327  Q11s =  -0.468648
|Q2| =   1.520614  Q20  =   0.995148  Q21c =  -0.053012  Q21s =  -0.595181
                   Q22c =  -0.980844  Q22s =  -0.053317

C          x =  0.060690  y = -0.696344  z =  1.209988 angstrom
           Maximum rank =  2   Radius =  0.650 angstrom
                   Q00  =   0.455270
|Q1| =   0.721635  Q10  =   0.543962  Q11c =  -0.072327  Q11s =   0.468648
|Q2| =   1.520614  Q20  =   0.995148  Q21c =   0.053012  Q21s =   0.595181
                   Q22c =  -0.980844  Q22s =  -0.053317

C          x = -0.060690  y = -1.383503  z = -0.000000 angstrom
           Maximum rank =  2   Radius =  0.650 angstrom
                   Q00  =   0.009507
|Q1| =   0.105452  Q11c =   0.040951  Q11s =   0.097176
|Q2| =   1.287567  Q20  =   0.601483  Q22c =  -1.134095  Q22s =   0.099377

C          x =  0.060690  y = -0.696344  z = -1.209988 angstrom
           Maximum rank =  2   Radius =  0.650 angstrom
                   Q00  =   0.455270
|Q1| =   0.721635  Q10  =  -0.543962  Q11c =  -0.072327  Q11s =   0.468648
|Q2| =   1.520614  Q20  =   0.995148  Q21c =  -0.053012  Q21s =  -0.595181
                   Q22c =  -0.980844  Q22s =  -0.053317

C          x = -0.060690  y =  0.696344  z = -1.209988 angstrom
           Maximum rank =  2   Radius =  0.650 angstrom
                   Q00  =   0.455270
|Q1| =   0.721635  Q10  =  -0.543962  Q11c =   0.072327  Q11s =  -0.468648
|Q2| =   1.520614  Q20  =   0.995148  Q21c =   0.053012  Q21s =   0.595181
                   Q22c =  -0.980844  Q22s =  -0.053317

H          x =  0.049943  y =  2.468881  z = -0.000000 angstrom
           Maximum rank =  2   Radius =  0.350 angstrom
                   Q00  =   0.038339
|Q1| =   0.119194  Q11c =  -0.000913  Q11s =  -0.119190
|Q2| =   0.210508  Q20  =  -0.013404  Q22c =  -0.209971  Q22s =   0.006779

H          x = -0.048003  y =  1.243913  z =  2.146342 angstrom
           Maximum rank =  2   Radius =  0.350 angstrom
                   Q00  =   0.149082
|Q1| =   0.178591  Q10  =  -0.038361  Q11c =   0.007503  Q11s =  -0.174261
|Q2| =   0.171676  Q20  =   0.120149  Q21c =   0.001654  Q21s =   0.001905
                   Q22c =  -0.122319  Q22s =  -0.008297

H          x =  0.048003  y = -1.243913  z =  2.146342 angstrom
           Maximum rank =  2   Radius =  0.350 angstrom
                   Q00  =   0.149082
|Q1| =   0.178591  Q10  =  -0.038361  Q11c =  -0.007503  Q11s =   0.174261
|Q2| =   0.171676  Q20  =   0.120149  Q21c =  -0.001654  Q21s =  -0.001905
                   Q22c =  -0.122319  Q22s =  -0.008297

H          x = -0.049943  y = -2.468881  z = -0.000000 angstrom
           Maximum rank =  2   Radius =  0.350 angstrom
                   Q00  =   0.038339
|Q1| =   0.119194  Q11c =   0.000913  Q11s =   0.119190
|Q2| =   0.210508  Q20  =  -0.013404  Q22c =  -0.209971  Q22s =   0.006779

H          x =  0.048003  y = -1.243913  z = -2.146342 angstrom
           Maximum rank =  2   Radius =  0.350 angstrom
                   Q00  =   0.149082
|Q1| =   0.178591  Q10  =   0.038361  Q11c =  -0.007503  Q11s =   0.174261
|Q2| =   0.171676  Q20  =   0.120149  Q21c =   0.001654  Q21s =   0.001905
                   Q22c =  -0.122319  Q22s =  -0.008297

H          x = -0.048003  y =  1.243913  z = -2.146342 angstrom
           Maximum rank =  2   Radius =  0.350 angstrom
                   Q00  =   0.149082
|Q1| =   0.178591  Q10  =   0.038361  Q11c =   0.007503  Q11s =  -0.174261
|Q2| =   0.171676  Q20  =   0.120149  Q21c =  -0.001654  Q21s =  -0.001905
                   Q22c =  -0.122319  Q22s =  -0.008297

TOP1       x =  0.000000  y =  0.000000  z =  2.000000 angstrom
           Maximum rank =  2   Radius =  0.650 angstrom
                   Q00  =  -1.256552
|Q1| =   0.181185  Q10  =   0.181185
|Q2| =   0.643643  Q20  =   0.487029  Q22c =  -0.415400  Q22s =  -0.067247

TOP2       x =  0.000000  y =  0.000000  z = -2.000000 angstrom
           Maximum rank =  2   Radius =  0.650 angstrom
                   Q00  =  -1.256552
|Q1| =   0.181185  Q10  =  -0.181185
|Q2| =   0.643643  Q20  =   0.487029  Q22c =  -0.415400  Q22s =  -0.067247

Total multipoles referred to origin at
           x =   0.000000,  y =    0.000000,  z =    0.000000 angstrom
                   Q00  =  -0.000003
|Q1| =   0.000000
|Q2| =   6.073907  Q20  =   3.122115  Q22c =  -5.210061  Q22s =   0.003709

CPU time used:      1m20.065s          Total:      1m20.065s

Finished at 10:20:26 on 07 Dec 2021 
