                                     G D M A
                                 by Anthony Stone

               Distributed Multipoles from Gaussian wavefunctions

                             version 2.3.3 (e2d289a)
              Compiled with gfortran on 05 October 2021 at 19:26:39

Starting at 17:26:42 on 14 Jan 2022 


Using MP2 density matrix from file cooch3.fchk


                         Distributed Multipole Analysis

Standard DMA for products of primitives with exponent greater than 4.00000
Using 80-point Euler-MacLaurin radial quadrature
Using 590-point Lebedev quadrature
Becke smoothing parameter = 3

Positions and radii in angstrom
Multipole moments in atomic units, ea_0^k for rank k

C          x =  2.212600  y =  1.234959  z =  0.000000 angstrom
           Maximum rank =  2   Radius =  0.650 angstrom
                   Q00  =   0.034593
|Q1| =   0.171715  Q11c =  -0.154600  Q11s =  -0.074733
|Q2| =   1.190097  Q20  =  -1.176593  Q22c =   0.141055  Q22s =   0.109835

C          x =  1.391589  y =  0.110944  z =  0.000000 angstrom
           Maximum rank =  2   Radius =  0.650 angstrom
                   Q00  =   0.384827
|Q1| =   0.663269  Q11c =  -0.656396  Q11s =  -0.095234
|Q2| =   0.676786  Q20  =  -0.587032  Q22c =   0.261451  Q22s =   0.212311

C          x =  0.000000  y =  0.262493  z =  0.000000 angstrom
           Maximum rank =  2   Radius =  0.650 angstrom
                   Q00  =   2.243863
|Q1| =   1.152917  Q11c =   0.006399  Q11s =  -1.152900
|Q2| =   0.830960  Q20  =   0.822395  Q22c =  -0.063850  Q22s =  -0.100420

C          x = -0.558993  y =  1.545477  z =  0.000000 angstrom
           Maximum rank =  2   Radius =  0.650 angstrom
                   Q00  =   0.212761
|Q1| =   0.474069  Q11c =   0.171184  Q11s =  -0.442083
|Q2| =   0.858349  Q20  =  -0.811753  Q22c =  -0.245400  Q22s =  -0.132665

C          x =  0.264918  y =  2.665692  z =  0.000000 angstrom
           Maximum rank =  2   Radius =  0.650 angstrom
                   Q00  =   0.024157
|Q1| =   0.149362  Q11c =  -0.006580  Q11s =  -0.149217
|Q2| =   1.202910  Q20  =  -1.189594  Q22c =  -0.175879  Q22s =  -0.030379

C          x =  1.651568  y =  2.511784  z =  0.000000 angstrom
           Maximum rank =  2   Radius =  0.650 angstrom
                   Q00  =  -0.000525
|Q1| =   0.116403  Q11c =  -0.065837  Q11s =  -0.095996
|Q2| =   1.251130  Q20  =  -1.237503  Q22c =  -0.064144  Q22s =   0.172625

C          x = -0.928811  y = -0.903650  z =  0.000000 angstrom
           Maximum rank =  2   Radius =  0.650 angstrom
                   Q00  =   0.760067
|Q1| =   0.629237  Q11c =   0.502902  Q11s =   0.378192
|Q2| =   0.512132  Q20  =  -0.275667  Q22c =   0.158790  Q22s =   0.401338

H          x = -1.637450  y =  1.643544  z =  0.000000 angstrom
           Maximum rank =  2   Radius =  0.350 angstrom
                   Q00  =   0.104333
|Q1| =   0.127554  Q11c =   0.101209  Q11s =  -0.077632
|Q2| =   0.155374  Q20  =  -0.129280  Q22c =   0.084397  Q22s =   0.017456

H          x = -0.171787  y =  3.657705  z =  0.000000 angstrom
           Maximum rank =  2   Radius =  0.350 angstrom
                   Q00  =   0.046524
|Q1| =   0.114919  Q11c =   0.037403  Q11s =  -0.108662
|Q2| =   0.198138  Q20  =  -0.156361  Q22c =  -0.082455  Q22s =  -0.089505

H          x =  2.293835  y =  3.385379  z =  0.000000 angstrom
           Maximum rank =  2   Radius =  0.350 angstrom
                   Q00  =   0.039148
|Q1| =   0.114421  Q11c =  -0.067471  Q11s =  -0.092411
|Q2| =   0.209554  Q20  =  -0.163437  Q22c =  -0.039353  Q22s =   0.125111

H          x =  3.289940  y =  1.115423  z =  0.000000 angstrom
           Maximum rank =  2   Radius =  0.350 angstrom
                   Q00  =   0.048361
|Q1| =   0.116764  Q11c =  -0.116762  Q11s =   0.000511
|Q2| =   0.193638  Q20  =  -0.153851  Q22c =   0.114974  Q22s =  -0.024627

H          x =  1.820124  y = -0.882344  z =  0.000000 angstrom
           Maximum rank =  2   Radius =  0.350 angstrom
                   Q00  =   0.119760
|Q1| =   0.138411  Q11c =  -0.119038  Q11s =   0.070623
|Q2| =   0.141291  Q20  =  -0.111995  Q22c =  -0.081880  Q22s =  -0.026758

O          x = -2.135733  y = -0.820041  z =  0.000000 angstrom
           Maximum rank =  2   Radius =  0.650 angstrom
                   Q00  =  -0.316165
|Q1| =   0.609884  Q11c =   0.608156  Q11s =   0.045878
|Q2| =   1.036243  Q20  =  -0.188513  Q22c =   1.016853  Q22s =  -0.065352

O          x = -0.274499  y = -2.086246  z =  0.000000 angstrom
           Maximum rank =  2   Radius =  0.650 angstrom
                   Q00  =  -0.273017
|Q1| =   0.494203  Q11c =  -0.378817  Q11s =   0.317387
|Q2| =   1.118984  Q20  =  -0.732719  Q22c =  -0.825755  Q22s =   0.182692

C          x = -1.103944  y = -3.261436  z =  0.000000 angstrom
           Maximum rank =  2   Radius =  0.650 angstrom
                   Q00  =   0.211436
|Q1| =   0.164025  Q11c =   0.084119  Q11s =   0.140813
|Q2| =   0.177335  Q20  =  -0.125889  Q22c =  -0.091057  Q22s =   0.085488

H          x = -0.414342  y = -4.102650  z =  0.000000 angstrom
           Maximum rank =  2   Radius =  0.350 angstrom
                   Q00  =   0.041600
|Q1| =   0.112989  Q11c =  -0.025984  Q11s =   0.109961
|Q2| =   0.178707  Q20  =  -0.135801  Q22c =  -0.022723  Q22s =  -0.113922

H          x = -1.736017  y = -3.282166  z =  0.888720 angstrom
           Maximum rank =  2   Radius =  0.350 angstrom
                   Q00  =   0.054164
|Q1| =   0.120060  Q10  =  -0.075992  Q11c =   0.060840  Q11s =   0.070272
|Q2| =   0.155927  Q20  =   0.054065  Q21c =  -0.143201  Q21s =   0.027333
                   Q22c =   0.006983  Q22s =   0.009360

H          x = -1.736017  y = -3.282166  z = -0.888720 angstrom
           Maximum rank =  2   Radius =  0.350 angstrom
                   Q00  =   0.054164
|Q1| =   0.120060  Q10  =   0.075992  Q11c =   0.060840  Q11s =   0.070272
|Q2| =   0.155927  Q20  =   0.054065  Q21c =   0.143201  Q21s =  -0.027333
                   Q22c =   0.006983  Q22s =   0.009360

TOP(2)     x =  0.000000  y =  0.000000  z =  2.000000 angstrom
           Maximum rank =  2   Radius =  0.650 angstrom
                   Q00  =  -0.080829
|Q1| =   0.045886  Q10  =   0.022106  Q11c =  -0.019944  Q11s =  -0.034915
|Q2| =   0.234689  Q20  =   0.234223  Q21c =  -0.001078  Q21s =  -0.000999
                   Q22c =  -0.004602  Q22s =  -0.013976

TOP(1)     x =  0.000000  y =  0.000000  z =  1.000000 angstrom
           Maximum rank =  2   Radius =  0.650 angstrom
                   Q00  =  -0.466312
|Q1| =   0.106571  Q10  =  -0.026624  Q11c =  -0.029296  Q11s =  -0.098946
|Q2| =   0.659184  Q20  =   0.656903  Q21c =  -0.017979  Q21s =  -0.034158
                   Q22c =  -0.010855  Q22s =   0.037335

TOP(0)     x =  0.000000  y =  0.000000  z =  0.000000 angstrom
           Maximum rank =  2   Radius =  0.650 angstrom
                   Q00  =  -0.926953
|Q1| =   0.406010  Q11c =   0.000679  Q11s =   0.406009
|Q2| =   0.544033  Q20  =   0.492795  Q22c =  -0.208404  Q22s =   0.098454

TOP(ao)    x =  0.000000  y =  0.000000  z =  0.529000 angstrom
           Maximum rank =  2   Radius =  0.650 angstrom
                   Q00  =  -0.884495
|Q1| =   0.023830  Q10  =   0.021530  Q11c =  -0.010201  Q11s =   0.000531
|Q2| =   0.697632  Q20  =   0.676499  Q21c =  -0.003505  Q21s =  -0.094324
                   Q22c =  -0.114423  Q22s =   0.083890

TOP(-a0)   x =  0.000000  y =  0.000000  z = -0.529000 angstrom
           Maximum rank =  2   Radius =  0.650 angstrom
                   Q00  =  -0.884495
|Q1| =   0.023830  Q10  =  -0.021530  Q11c =  -0.010201  Q11s =   0.000531
|Q2| =   0.697632  Q20  =   0.676499  Q21c =   0.003505  Q21s =   0.094324
                   Q22c =  -0.114423  Q22s =   0.083890

TOP(-1)    x =  0.000000  y =  0.000000  z = -1.000000 angstrom
           Maximum rank =  2   Radius =  0.650 angstrom
                   Q00  =  -0.466312
|Q1| =   0.106571  Q10  =   0.026624  Q11c =  -0.029296  Q11s =  -0.098946
|Q2| =   0.659184  Q20  =   0.656903  Q21c =   0.017979  Q21s =   0.034158
                   Q22c =  -0.010855  Q22s =   0.037335

TOP(-2)    x =  0.000000  y =  0.000000  z = -2.000000 angstrom
           Maximum rank =  2   Radius =  0.650 angstrom
                   Q00  =  -0.080829
|Q1| =   0.045886  Q10  =  -0.022106  Q11c =  -0.019944  Q11s =  -0.034915
|Q2| =   0.234689  Q20  =   0.234223  Q21c =   0.001078  Q21s =   0.000999
                   Q22c =  -0.004602  Q22s =  -0.013976

Total multipoles referred to origin at
           x =   0.000000,  y =    0.000000,  z =    0.000000 angstrom
                   Q00  =  -0.000173
|Q1| =   0.683899  Q11c =   0.664568  Q11s =  -0.161452
|Q2| =  11.441850  Q20  =  -6.388010  Q22c =  -9.095739  Q22s =   2.716025

CPU time used:      4m25.999s          Total:      4m25.999s

Finished at 17:31:08 on 14 Jan 2022 
