                                     G D M A
                                 by Anthony Stone

               Distributed Multipoles from Gaussian wavefunctions

                             version 2.3.3 (6b8e81e)
              Compiled with gfortran on 14 January 2024 at 08:13:23

Starting at 13:37:04 on 04 Feb 2025 


Using MP2 density matrix from file benzene.fchk


                         Distributed Multipole Analysis

Standard DMA for products of primitives with exponent greater than 4.00000
Using 80-point Euler-MacLaurin radial quadrature
Using 590-point Lebedev quadrature
Becke smoothing parameter = 3

Positions and radii in angstrom
Multipole moments in atomic units, ea_0^k for rank k

C          x = -0.000000  y =  1.394663  z =  0.000000 angstrom
           Maximum rank =  2   Radius =  0.650 angstrom
                   Q00  =   0.243660
|Q1| =   0.429396  Q11s =  -0.429396
|Q2| =   0.777842  Q20  =  -0.634079  Q22c =  -0.450535

C          x = -1.207814  y =  0.697332  z =  0.000000 angstrom
           Maximum rank =  2   Radius =  0.650 angstrom
                   Q00  =   0.243659
|Q1| =   0.429400  Q11c =   0.371871  Q11s =  -0.214699
|Q2| =   0.777838  Q20  =  -0.634074  Q22c =   0.225264  Q22s =  -0.390178

C          x = -1.207814  y = -0.697332  z =  0.000000 angstrom
           Maximum rank =  2   Radius =  0.650 angstrom
                   Q00  =   0.243659
|Q1| =   0.429400  Q11c =   0.371871  Q11s =   0.214699
|Q2| =   0.777838  Q20  =  -0.634074  Q22c =   0.225264  Q22s =   0.390178

C          x = -0.000000  y = -1.394663  z =  0.000000 angstrom
           Maximum rank =  2   Radius =  0.650 angstrom
                   Q00  =   0.243660
|Q1| =   0.429396  Q11s =   0.429396
|Q2| =   0.777842  Q20  =  -0.634079  Q22c =  -0.450535

C          x =  1.207814  y = -0.697332  z = -0.000000 angstrom
           Maximum rank =  2   Radius =  0.650 angstrom
                   Q00  =   0.243659
|Q1| =   0.429400  Q11c =  -0.371871  Q11s =   0.214699
|Q2| =   0.777838  Q20  =  -0.634074  Q22c =   0.225264  Q22s =  -0.390178

C          x =  1.207814  y =  0.697332  z = -0.000000 angstrom
           Maximum rank =  2   Radius =  0.650 angstrom
                   Q00  =   0.243659
|Q1| =   0.429400  Q11c =  -0.371871  Q11s =  -0.214699
|Q2| =   0.777838  Q20  =  -0.634074  Q22c =   0.225264  Q22s =   0.390178

H          x = -0.000000  y =  2.479089  z =  0.000000 angstrom
           Maximum rank =  2   Radius =  0.350 angstrom
                   Q00  =   0.044196
|Q1| =   0.121331  Q11s =  -0.121331
|Q2| =   0.199498  Q20  =  -0.152738  Q22c =  -0.128337

H          x = -2.146954  y =  1.239545  z =  0.000000 angstrom
           Maximum rank =  2   Radius =  0.350 angstrom
                   Q00  =   0.044196
|Q1| =   0.121335  Q11c =   0.105080  Q11s =  -0.060665
|Q2| =   0.199483  Q20  =  -0.152734  Q22c =   0.064148  Q22s =  -0.111135

H          x = -2.146954  y = -1.239545  z =  0.000000 angstrom
           Maximum rank =  2   Radius =  0.350 angstrom
                   Q00  =   0.044196
|Q1| =   0.121335  Q11c =   0.105080  Q11s =   0.060665
|Q2| =   0.199483  Q20  =  -0.152734  Q22c =   0.064148  Q22s =   0.111135

H          x = -0.000000  y = -2.479089  z =  0.000000 angstrom
           Maximum rank =  2   Radius =  0.350 angstrom
                   Q00  =   0.044196
|Q1| =   0.121331  Q11s =   0.121331
|Q2| =   0.199498  Q20  =  -0.152738  Q22c =  -0.128337

H          x =  2.146954  y = -1.239545  z = -0.000000 angstrom
           Maximum rank =  2   Radius =  0.350 angstrom
                   Q00  =   0.044196
|Q1| =   0.121335  Q11c =  -0.105080  Q11s =   0.060665
|Q2| =   0.199483  Q20  =  -0.152734  Q22c =   0.064148  Q22s =  -0.111135

H          x =  2.146954  y =  1.239545  z = -0.000000 angstrom
           Maximum rank =  2   Radius =  0.350 angstrom
                   Q00  =   0.044196
|Q1| =   0.121335  Q11c =  -0.105080  Q11s =  -0.060665
|Q2| =   0.199483  Q20  =  -0.152734  Q22c =   0.064148  Q22s =   0.111135

TOP(-1)    x =  0.000000  y =  0.000000  z = -1.000000 angstrom
           Maximum rank =  2   Radius =  0.650 angstrom
                   Q00  =  -0.863568
|Q1| =   0.199553  Q10  =  -0.199553
|Q2| =   0.510915  Q20  =   0.510915  Q22c =   0.000003

TOP(1)    x =  0.000000  y =  0.000000  z =  1.000000 angstrom
           Maximum rank =  2   Radius =  0.650 angstrom
                   Q00  =  -0.863568
|Q1| =   0.199553  Q10  =   0.199553
|Q2| =   0.510915  Q20  =   0.510915  Q22c =   0.000003

Total multipoles referred to origin at
           x =   0.000000,  y =    0.000000,  z =    0.000000 angstrom
                   Q00  =  -0.000005
|Q1| =   0.000000
|Q2| =   6.145003  Q20  =  -6.145003  Q22c =  -0.000297

CPU time used:      0m14.705s          Total:      0m14.705s

Finished at 13:37:19 on 04 Feb 2025 
