                                     G D M A
                                 by Anthony Stone

               Distributed Multipoles from Gaussian wavefunctions

                             version 2.3.3 (e2d289a)
              Compiled with gfortran on 05 October 2021 at 19:26:39

Starting at 12:58:59 on 07 Dec 2021 


Using MP2 density matrix from file boat-25.fchk


                         Distributed Multipole Analysis

Standard DMA for products of primitives with exponent greater than 4.00000
Using 80-point Euler-MacLaurin radial quadrature
Using 590-point Lebedev quadrature
Becke smoothing parameter = 3

Positions and radii in angstrom
Multipole moments in atomic units, ea_0^k for rank k

C          x =  0.047573  y =  1.390860  z = -0.101287 angstrom
           Maximum rank =  2   Radius =  0.650 angstrom
                   Q00  =   0.050411
|Q1| =   0.159408  Q10  =  -0.024734  Q11c =  -0.005066  Q11s =  -0.157396
|Q2| =   0.718004  Q20  =  -0.643325  Q21c =   0.195982  Q21s =  -0.119906
                   Q22c =  -0.218958  Q22s =   0.030576

C          x = -1.187102  y =  0.726133  z = -0.101287 angstrom
           Maximum rank =  2   Radius =  0.650 angstrom
                   Q00  =   0.050415
|Q1| =   0.159424  Q10  =  -0.024827  Q11c =   0.134161  Q11s =  -0.082464
|Q2| =   0.717934  Q20  =  -0.643231  Q21c =  -0.007488  Q21s =  -0.229800
                   Q22c =   0.114402  Q22s =  -0.189029

C          x = -1.187102  y = -0.639079  z =  0.200441 angstrom
           Maximum rank =  2   Radius =  0.650 angstrom
                   Q00  =   0.059557
|Q1| =   0.174313  Q10  =   0.053775  Q11c =   0.146008  Q11s =   0.078580
|Q2| =   0.633094  Q20  =  -0.573338  Q21c =  -0.190015  Q21s =  -0.102259
                   Q22c =   0.087979  Q22s =   0.133374

C          x = -0.047573  y = -1.390860  z = -0.101287 angstrom
           Maximum rank =  2   Radius =  0.650 angstrom
                   Q00  =   0.050411
|Q1| =   0.159408  Q10  =  -0.024734  Q11c =   0.005066  Q11s =   0.157396
|Q2| =   0.718004  Q20  =  -0.643325  Q21c =  -0.195982  Q21s =   0.119906
                   Q22c =  -0.218958  Q22s =   0.030576

C          x =  1.187102  y = -0.726133  z = -0.101287 angstrom
           Maximum rank =  2   Radius =  0.650 angstrom
                   Q00  =   0.050415
|Q1| =   0.159424  Q10  =  -0.024827  Q11c =  -0.134161  Q11s =   0.082464
|Q2| =   0.717934  Q20  =  -0.643231  Q21c =   0.007488  Q21s =   0.229800
                   Q22c =   0.114402  Q22s =  -0.189029

C          x =  1.187102  y =  0.639079  z =  0.200441 angstrom
           Maximum rank =  2   Radius =  0.650 angstrom
                   Q00  =   0.059557
|Q1| =   0.174313  Q10  =   0.053775  Q11c =  -0.146008  Q11s =  -0.078580
|Q2| =   0.633094  Q20  =  -0.573338  Q21c =   0.190015  Q21s =   0.102259
                   Q22c =   0.087979  Q22s =   0.133374

H          x =  0.097287  y =  2.471514  z = -0.166814 angstrom
           Maximum rank =  2   Radius =  0.350 angstrom
                   Q00  =   0.043854
|Q1| =   0.116519  Q10  =   0.005856  Q11c =  -0.005083  Q11s =  -0.116260
|Q2| =   0.195961  Q20  =  -0.137844  Q21c =   0.025850  Q21s =  -0.030745
                   Q22c =  -0.132567  Q22s =   0.014567

H          x = -2.116617  y =  1.279535  z = -0.167134 angstrom
           Maximum rank =  2   Radius =  0.350 angstrom
                   Q00  =   0.043846
|Q1| =   0.116527  Q10  =   0.005853  Q11c =   0.099853  Q11s =  -0.059781
|Q2| =   0.195953  Q20  =  -0.137826  Q21c =   0.011534  Q21s =  -0.038563
                   Q22c =   0.065604  Q22s =  -0.116093

H          x = -2.134630  y = -1.149127  z =  0.346756 angstrom
           Maximum rank =  2   Radius =  0.350 angstrom
                   Q00  =   0.039940
|Q1| =   0.122058  Q10  =  -0.012640  Q11c =   0.106901  Q11s =   0.057539
|Q2| =   0.189017  Q20  =  -0.131557  Q21c =  -0.056059  Q21s =  -0.030181
                   Q22c =   0.066004  Q22s =   0.100052

H          x = -0.097287  y = -2.471514  z = -0.166814 angstrom
           Maximum rank =  2   Radius =  0.350 angstrom
                   Q00  =   0.043854
|Q1| =   0.116519  Q10  =   0.005856  Q11c =   0.005083  Q11s =   0.116260
|Q2| =   0.195961  Q20  =  -0.137844  Q21c =  -0.025850  Q21s =   0.030745
                   Q22c =  -0.132567  Q22s =   0.014567

H          x =  2.116617  y = -1.279535  z = -0.167134 angstrom
           Maximum rank =  2   Radius =  0.350 angstrom
                   Q00  =   0.043846
|Q1| =   0.116527  Q10  =   0.005853  Q11c =  -0.099853  Q11s =   0.059781
|Q2| =   0.195953  Q20  =  -0.137826  Q21c =  -0.011534  Q21s =   0.038563
                   Q22c =   0.065604  Q22s =  -0.116093

H          x =  2.134630  y =  1.149127  z =  0.346756 angstrom
           Maximum rank =  2   Radius =  0.350 angstrom
                   Q00  =   0.039940
|Q1| =   0.122058  Q10  =  -0.012640  Q11c =  -0.106901  Q11s =  -0.057539
|Q2| =   0.189017  Q20  =  -0.131557  Q21c =   0.056059  Q21s =   0.030181
                   Q22c =   0.066004  Q22s =   0.100052

TOP1       x =  0.000000  y =  0.000000  z =  2.000000 angstrom
           Maximum rank =  2   Radius =  0.650 angstrom
                   Q00  =  -0.288964
|Q1| =   0.298273  Q10  =   0.298273
|Q2| =   0.206241  Q20  =   0.204443  Q22c =  -0.014976  Q22s =  -0.022676

TOP2       x =  0.000000  y =  0.000000  z = -2.000000 angstrom
           Maximum rank =  2   Radius =  0.650 angstrom
                   Q00  =  -0.287087
|Q1| =   0.298032  Q10  =  -0.298032
|Q2| =   0.202542  Q20  =   0.201469  Q22c =   0.011465  Q22s =   0.017391

Total multipoles referred to origin at
           x =   0.000000,  y =    0.000000,  z =    0.000000 angstrom
                   Q00  =  -0.000007
|Q1| =   0.003231  Q10  =   0.003231
|Q2| =   5.758595  Q20  =  -5.750133  Q22c =  -0.172279  Q22s =  -0.260204

CPU time used:      0m47.921s          Total:      0m47.921s

Finished at 12:59:47 on 07 Dec 2021 
