                                     G D M A
                                 by Anthony Stone

               Distributed Multipoles from Gaussian wavefunctions

                             version 2.3.3 (6b8e81e)
              Compiled with gfortran on 14 January 2024 at 08:13:23

Starting at 14:58:09 on 04 Feb 2025 


Using SCF density matrix from file no.fchk


                         Distributed Multipole Analysis

Standard DMA for products of primitives with exponent greater than 4.00000
Using 80-point Euler-MacLaurin radial quadrature
Using 590-point Lebedev quadrature
Becke smoothing parameter = 3

Positions and radii in angstrom
Multipole moments in atomic units, ea_0^k for rank k

O          x = -1.333915  y =  2.406766  z =  0.000000 angstrom
           Maximum rank =  2   Radius =  0.650 angstrom
                   Q00  =  -0.254008
|Q1| =   0.451532  Q11c =   0.429082  Q11s =  -0.140604
|Q2| =   0.866239  Q20  =  -0.076477  Q22c =   0.563157  Q22s =  -0.653739

N          x = -0.181762  y =  2.024943  z =  0.000000 angstrom
           Maximum rank =  2   Radius =  0.650 angstrom
                   Q00  =   0.092113
|Q1| =   0.661547  Q11c =  -0.512531  Q11s =  -0.418278
|Q2| =   0.941831  Q20  =  -0.066499  Q22c =  -0.321288  Q22s =  -0.882835

H          x =  0.778755  y = -3.176570  z =  0.000000 angstrom
           Maximum rank =  2   Radius =  0.350 angstrom
                   Q00  =   0.042535
|Q1| =   0.094761  Q11c =  -0.019381  Q11s =   0.092758
|Q2| =   0.218290  Q20  =  -0.169147  Q22c =  -0.127069  Q22s =  -0.053792

C          x =  0.000000  y =  0.596317  z =  0.000000 angstrom
           Maximum rank =  2   Radius =  0.650 angstrom
                   Q00  =   0.850784
|Q1| =   0.550284  Q11c =   0.001819  Q11s =  -0.550281
|Q2| =   0.705580  Q20  =   0.618695  Q22c =  -0.326698  Q22s =  -0.091257

C          x = -1.057331  y = -0.322437  z =  0.000000 angstrom
           Maximum rank =  2   Radius =  0.650 angstrom
                   Q00  =   0.449287
|Q1| =   0.524570  Q11c =   0.501564  Q11s =   0.153646
|Q2| =   0.315251  Q20  =  -0.185978  Q22c =   0.252034  Q22s =  -0.035700

H          x = -2.075718  y =  0.046461  z =  0.000000 angstrom
           Maximum rank =  2   Radius =  0.350 angstrom
                   Q00  =   0.094672
|Q1| =   0.095449  Q11c =   0.094321  Q11s =   0.014631
|Q2| =   0.177607  Q20  =  -0.142976  Q22c =   0.060859  Q22s =  -0.086014

C          x = -0.768658  y = -1.678675  z =  0.000000 angstrom
           Maximum rank =  2   Radius =  0.650 angstrom
                   Q00  =   0.080273
|Q1| =   0.222289  Q11c =   0.108205  Q11s =   0.194176
|Q2| =   1.076472  Q20  =  -1.041075  Q22c =  -0.091390  Q22s =   0.258078

H          x = -1.572955  y = -2.405395  z =  0.000000 angstrom
           Maximum rank =  2   Radius =  0.350 angstrom
                   Q00  =   0.044883
|Q1| =   0.097704  Q11c =   0.068440  Q11s =   0.069728
|Q2| =   0.216161  Q20  =  -0.170437  Q22c =   0.012529  Q22s =   0.132362

C          x =  0.562749  y = -2.114048  z =  0.000000 angstrom
           Maximum rank =  2   Radius =  0.650 angstrom
                   Q00  =   0.051931
|Q1| =   0.140454  Q11c =  -0.036551  Q11s =   0.135615
|Q2| =   1.147810  Q20  =  -1.120842  Q22c =  -0.224696  Q22s =  -0.103410

C          x =  1.610808  y = -1.194595  z =  0.000000 angstrom
           Maximum rank =  2   Radius =  0.650 angstrom
                   Q00  =   0.046868
|Q1| =   0.185026  Q11c =  -0.153221  Q11s =   0.103720
|Q2| =   1.164791  Q20  =  -1.135367  Q22c =   0.151106  Q22s =  -0.211772

H          x =  2.637846  y = -1.539869  z =  0.000000 angstrom
           Maximum rank =  2   Radius =  0.350 angstrom
                   Q00  =   0.042584
|Q1| =   0.096733  Q11c =  -0.090567  Q11s =   0.033986
|Q2| =   0.220864  Q20  =  -0.173941  Q22c =   0.107846  Q22s =  -0.083034

C          x =  1.329223  y =  0.168655  z =  0.000000 angstrom
           Maximum rank =  2   Radius =  0.650 angstrom
                   Q00  =   0.300948
|Q1| =   0.416645  Q11c =  -0.412736  Q11s =  -0.056943
|Q2| =   0.566520  Q20  =  -0.510760  Q22c =   0.153826  Q22s =   0.190808

H          x =  2.114977  y =  0.915343  z =  0.000000 angstrom
           Maximum rank =  2   Radius =  0.350 angstrom
                   Q00  =   0.076006
|Q1| =   0.097776  Q11c =  -0.088214  Q11s =  -0.042171
|Q2| =   0.186018  Q20  =  -0.151756  Q22c =   0.000986  Q22s =   0.107571

TOP(1)     x =  0.000000  y =  0.000000  z =  1.000000 angstrom
           Maximum rank =  2   Radius =  0.650 angstrom
                   Q00  =  -0.959437
|Q1| =   0.235215  Q10  =   0.235108  Q11c =  -0.000275  Q11s =   0.007115
|Q2| =   0.540760  Q20  =   0.525531  Q21c =  -0.001182  Q21s =  -0.064103
                   Q22c =  -0.098519  Q22s =  -0.049211

TOP(-1)    x =  0.000000  y =  0.000000  z = -1.000000 angstrom
           Maximum rank =  2   Radius =  0.650 angstrom
                   Q00  =  -0.959437
|Q1| =   0.235215  Q10  =  -0.235108  Q11c =  -0.000275  Q11s =   0.007115
|Q2| =   0.540760  Q20  =   0.525531  Q21c =   0.001182  Q21s =   0.064103
                   Q22c =  -0.098519  Q22s =  -0.049211

Total multipoles referred to origin at
           x =   0.000000,  y =    0.000000,  z =    0.000000 angstrom
                   Q00  =   0.000002
|Q1| =   1.517933  Q11c =   0.511729  Q11s =  -1.429075
|Q2| =   6.714096  Q20  =  -2.562667  Q22c =   4.745596  Q22s =   3.998893

CPU time used:      0m18.482s          Total:      0m18.482s

Finished at 14:58:27 on 04 Feb 2025 
