                                     G D M A
                                 by Anthony Stone

               Distributed Multipoles from Gaussian wavefunctions

                             version 2.3.3 (e2d289a)
              Compiled with gfortran on 05 October 2021 at 19:26:39

Starting at 10:42:39 on 08 Dec 2021 


Using MP2 density matrix from file penta-nh.fchk


                         Distributed Multipole Analysis

Standard DMA for products of primitives with exponent greater than 4.00000
Using 80-point Euler-MacLaurin radial quadrature
Using 590-point Lebedev quadrature
Becke smoothing parameter = 3

Positions and radii in angstrom
Multipole moments in atomic units, ea_0^k for rank k

C          x =  0.000000  y =  0.793915  z =  0.000000 angstrom
           Maximum rank =  2   Radius =  0.650 angstrom
                   Q00  =   0.165041
|Q1| =   0.133183  Q11c =   0.043291  Q11s =  -0.125950
|Q2| =   0.455498  Q20  =  -0.064229  Q22c =  -0.446091  Q22s =   0.066001

C          x = -1.181577  y = -0.117759  z =  0.000000 angstrom
           Maximum rank =  2   Radius =  0.650 angstrom
                   Q00  =   0.050826
|Q1| =   0.193363  Q11c =   0.193210  Q11s =   0.007692
|Q2| =   0.641295  Q20  =  -0.562633  Q22c =   0.234794  Q22s =  -0.198936

H          x = -2.210238  y =  0.214166  z =  0.000000 angstrom
           Maximum rank =  2   Radius =  0.350 angstrom
                   Q00  =   0.055276
|Q1| =   0.112931  Q11c =   0.109880  Q11s =  -0.026075
|Q2| =   0.189228  Q20  =  -0.133693  Q22c =   0.111136  Q22s =  -0.074714

C          x = -0.718416  y = -1.379562  z =  0.000000 angstrom
           Maximum rank =  2   Radius =  0.650 angstrom
                   Q00  =   0.044622
|Q1| =   0.147338  Q11c =   0.087187  Q11s =   0.118773
|Q2| =   0.821313  Q20  =  -0.732278  Q22c =  -0.239090  Q22s =   0.284884

H          x = -1.312983  y = -2.283572  z =  0.000000 angstrom
           Maximum rank =  2   Radius =  0.350 angstrom
                   Q00  =   0.047353
|Q1| =   0.106567  Q11c =   0.057913  Q11s =   0.089457
|Q2| =   0.204143  Q20  =  -0.141437  Q22c =  -0.062087  Q22s =   0.133473

C          x =  1.198611  y = -0.088275  z =  0.000000 angstrom
           Maximum rank =  2   Radius =  0.650 angstrom
                   Q00  =   0.068518
|Q1| =   0.189482  Q11c =  -0.185899  Q11s =   0.036670
|Q2| =   0.644246  Q20  =  -0.573413  Q22c =   0.160413  Q22s =   0.246003

H          x =  2.211627  y =  0.284532  z =  0.000000 angstrom
           Maximum rank =  2   Radius =  0.350 angstrom
                   Q00  =   0.065994
|Q1| =   0.106548  Q11c =  -0.105237  Q11s =  -0.016663
|Q2| =   0.187176  Q20  =  -0.132891  Q22c =   0.096988  Q22s =   0.089264

C          x =  0.770496  y = -1.361757  z =  0.000000 angstrom
           Maximum rank =  2   Radius =  0.650 angstrom
                   Q00  =   0.040153
|Q1| =   0.146764  Q11c =  -0.089596  Q11s =   0.116242
|Q2| =   0.835352  Q20  =  -0.748535  Q22c =  -0.221782  Q22s =  -0.297187

H          x =  1.385413  y = -2.251489  z =  0.000000 angstrom
           Maximum rank =  2   Radius =  0.350 angstrom
                   Q00  =   0.047285
|Q1| =   0.106252  Q11c =  -0.058987  Q11s =   0.088374
|Q2| =   0.204902  Q20  =  -0.142356  Q22c =  -0.055160  Q22s =  -0.136663

N          x =  0.056508  y =  2.069109  z =  0.000000 angstrom
           Maximum rank =  2   Radius =  0.650 angstrom
                   Q00  =  -0.172830
|Q1| =   0.705527  Q11c =  -0.553797  Q11s =  -0.437124
|Q2| =   1.066748  Q20  =  -0.423372  Q22c =  -0.423643  Q22s =  -0.882742

H          x = -0.884059  y =  2.473230  z =  0.000000 angstrom
           Maximum rank =  2   Radius =  0.350 angstrom
                   Q00  =   0.111139
|Q1| =   0.079085  Q11c =   0.050676  Q11s =  -0.060716
|Q2| =   0.160116  Q20  =  -0.098795  Q22c =   0.042473  Q22s =  -0.118628

TOP1       x =  0.000000  y =  0.000000  z =  2.000000 angstrom
           Maximum rank =  2   Radius =  0.650 angstrom
                   Q00  =  -0.261689
|Q1| =   0.284387  Q10  =   0.282634  Q11c =   0.003267  Q11s =   0.031354
|Q2| =   0.181209  Q20  =   0.168147  Q21c =  -0.004597  Q21s =  -0.024291
                   Q22c =  -0.062860  Q22s =  -0.000877

TOP2       x =  0.000000  y =  0.000000  z = -2.000000 angstrom
           Maximum rank =  2   Radius =  0.650 angstrom
                   Q00  =  -0.261689
|Q1| =   0.284387  Q10  =  -0.282634  Q11c =   0.003267  Q11s =   0.031354
|Q2| =   0.181209  Q20  =   0.168147  Q21c =   0.004597  Q21s =   0.024291
                   Q22c =  -0.062860  Q22s =  -0.000877

Total multipoles referred to origin at
           x =   0.000000,  y =    0.000000,  z =    0.000000 angstrom
                   Q00  =  -0.000000
|Q1| =   0.853258  Q11c =  -0.558114  Q11s =  -0.645413
|Q2| =   6.930322  Q20  =  -3.753324  Q22c =   2.183806  Q22s =  -5.401196

CPU time used:      1m18.003s          Total:      1m18.003s

Finished at 10:43:57 on 08 Dec 2021 
