                                     G D M A
                                 by Anthony Stone

               Distributed Multipoles from Gaussian wavefunctions

                             version 2.3.3 (e2d289a)
              Compiled with gfortran on 05 October 2021 at 19:26:39

Starting at 20:08:14 on 03 Dec 2021 


Using MP2 density matrix from file bla-01.fchk


                         Distributed Multipole Analysis

Standard DMA for products of primitives with exponent greater than 4.00000
Using 80-point Euler-MacLaurin radial quadrature
Using 590-point Lebedev quadrature
Becke smoothing parameter = 3

Positions and radii in angstrom
Multipole moments in atomic units, ea_0^k for rank k

C          x =  0.672332  y =  1.222247  z =  0.000000 angstrom
           Maximum rank =  2   Radius =  0.650 angstrom
                   Q00  =   0.049922
|Q1| =   0.155236  Q11c =  -0.098110  Q11s =  -0.120302
|Q2| =   0.711553  Q20  =  -0.688746  Q22c =  -0.050428  Q22s =   0.171446

C          x =  1.394663  y = -0.028867  z = -0.000000 angstrom
           Maximum rank =  2   Radius =  0.650 angstrom
                   Q00  =   0.049924
|Q1| =   0.155235  Q11c =  -0.153239  Q11s =  -0.024816
|Q2| =   0.711549  Q20  =  -0.688742  Q22c =   0.173691  Q22s =   0.042049

C          x =  0.722331  y = -1.193381  z =  0.000000 angstrom
           Maximum rank =  2   Radius =  0.650 angstrom
                   Q00  =   0.049922
|Q1| =   0.155237  Q11c =  -0.055129  Q11s =   0.145118
|Q2| =   0.711550  Q20  =  -0.688743  Q22c =  -0.123254  Q22s =  -0.129399

C          x = -0.722331  y = -1.193381  z =  0.000000 angstrom
           Maximum rank =  2   Radius =  0.650 angstrom
                   Q00  =   0.049922
|Q1| =   0.155237  Q11c =   0.055129  Q11s =   0.145118
|Q2| =   0.711550  Q20  =  -0.688743  Q22c =  -0.123254  Q22s =   0.129399

C          x = -1.394663  y = -0.028867  z =  0.000000 angstrom
           Maximum rank =  2   Radius =  0.650 angstrom
                   Q00  =   0.049924
|Q1| =   0.155235  Q11c =   0.153239  Q11s =  -0.024816
|Q2| =   0.711549  Q20  =  -0.688742  Q22c =   0.173691  Q22s =  -0.042049

C          x = -0.672332  y =  1.222247  z = -0.000000 angstrom
           Maximum rank =  2   Radius =  0.650 angstrom
                   Q00  =   0.049922
|Q1| =   0.155236  Q11c =   0.098110  Q11s =  -0.120302
|Q2| =   0.711553  Q20  =  -0.688746  Q22c =  -0.050428  Q22s =  -0.171446

H          x =  1.214544  y =  2.161387  z =  0.000000 angstrom
           Maximum rank =  2   Radius =  0.350 angstrom
                   Q00  =   0.041467
|Q1| =   0.118243  Q11c =  -0.061770  Q11s =  -0.100826
|Q2| =   0.192371  Q20  =  -0.143539  Q22c =  -0.063526  Q22s =   0.111211

H          x =  2.479088  y = -0.028868  z = -0.000000 angstrom
           Maximum rank =  2   Radius =  0.350 angstrom
                   Q00  =   0.041467
|Q1| =   0.118243  Q11c =  -0.118203  Q11s =  -0.003081
|Q2| =   0.192371  Q20  =  -0.143539  Q22c =   0.128074  Q22s =   0.000591

H          x =  1.264544  y = -2.132520  z =  0.000000 angstrom
           Maximum rank =  2   Radius =  0.350 angstrom
                   Q00  =   0.041467
|Q1| =   0.118243  Q11c =  -0.056433  Q11s =   0.103907
|Q2| =   0.192371  Q20  =  -0.143539  Q22c =  -0.064549  Q22s =  -0.110620

H          x = -1.264544  y = -2.132520  z =  0.000000 angstrom
           Maximum rank =  2   Radius =  0.350 angstrom
                   Q00  =   0.041467
|Q1| =   0.118243  Q11c =   0.056433  Q11s =   0.103907
|Q2| =   0.192371  Q20  =  -0.143539  Q22c =  -0.064549  Q22s =   0.110620

H          x = -2.479088  y = -0.028868  z =  0.000000 angstrom
           Maximum rank =  2   Radius =  0.350 angstrom
                   Q00  =   0.041467
|Q1| =   0.118243  Q11c =   0.118203  Q11s =  -0.003081
|Q2| =   0.192371  Q20  =  -0.143539  Q22c =   0.128074  Q22s =  -0.000591

H          x = -1.214544  y =  2.161387  z = -0.000000 angstrom
           Maximum rank =  2   Radius =  0.350 angstrom
                   Q00  =   0.041467
|Q1| =   0.118243  Q11c =   0.061770  Q11s =  -0.100826
|Q2| =   0.192371  Q20  =  -0.143539  Q22c =  -0.063526  Q22s =  -0.111211

TOP1       x =  0.000000  y =  0.000000  z =  2.000000 angstrom
           Maximum rank =  2   Radius =  0.650 angstrom
                   Q00  =  -0.274168
|Q1| =   0.289076  Q10  =   0.289076
|Q2| =   0.190378  Q20  =   0.190378

TOP2       x =  0.000000  y =  0.000000  z = -2.000000 angstrom
           Maximum rank =  2   Radius =  0.650 angstrom
                   Q00  =  -0.274168
|Q1| =   0.289076  Q10  =  -0.289076
|Q2| =   0.190378  Q20  =   0.190378

Total multipoles referred to origin at
           x =   0.000000,  y =    0.000000,  z =    0.000000 angstrom
                   Q00  =   0.000002
|Q1| =   0.000001  Q11s =  -0.000001
|Q2| =   6.110060  Q20  =  -6.110060  Q22c =   0.000055

CPU time used:      1m17.497s          Total:      1m17.497s

Finished at 20:09:31 on 03 Dec 2021 
