                                     G D M A
                                 by Anthony Stone

               Distributed Multipoles from Gaussian wavefunctions

                             version 2.3.3 (e2d289a)
              Compiled with gfortran on 05 October 2021 at 19:26:39

Starting at 10:20:06 on 07 Dec 2021 


Using MP2 density matrix from file chair-25.fchk


                         Distributed Multipole Analysis

Standard DMA for products of primitives with exponent greater than 4.00000
Using 80-point Euler-MacLaurin radial quadrature
Using 590-point Lebedev quadrature
Becke smoothing parameter = 3

Positions and radii in angstrom
Multipole moments in atomic units, ea_0^k for rank k

C          x =  0.100642  y =  1.363277  z =  0.000000 angstrom
           Maximum rank =  2   Radius =  0.650 angstrom
                   Q00  =   0.009221
|Q1| =   0.114769  Q11c =  -0.065366  Q11s =  -0.094336
|Q2| =   1.266143  Q20  =   0.597262  Q22c =  -1.104832  Q22s =   0.160442

C          x = -0.100642  y =  0.694758  z =  1.214164 angstrom
           Maximum rank =  2   Radius =  0.650 angstrom
                   Q00  =   0.460519
|Q1| =   0.730587  Q10  =   0.547073  Q11c =   0.119184  Q11s =  -0.469323
|Q2| =   1.483387  Q20  =   0.981111  Q21c =  -0.083380  Q21s =  -0.577618
                   Q22c =  -0.943303  Q22s =  -0.086276

C          x =  0.100642  y = -0.694758  z =  1.214164 angstrom
           Maximum rank =  2   Radius =  0.650 angstrom
                   Q00  =   0.460519
|Q1| =   0.730587  Q10  =   0.547073  Q11c =  -0.119184  Q11s =   0.469323
|Q2| =   1.483387  Q20  =   0.981111  Q21c =   0.083380  Q21s =   0.577618
                   Q22c =  -0.943303  Q22s =  -0.086276

C          x = -0.100642  y = -1.363277  z =  0.000000 angstrom
           Maximum rank =  2   Radius =  0.650 angstrom
                   Q00  =   0.009221
|Q1| =   0.114769  Q11c =   0.065366  Q11s =   0.094336
|Q2| =   1.266143  Q20  =   0.597262  Q22c =  -1.104832  Q22s =   0.160442

C          x =  0.100642  y = -0.694758  z = -1.214164 angstrom
           Maximum rank =  2   Radius =  0.650 angstrom
                   Q00  =   0.460519
|Q1| =   0.730587  Q10  =  -0.547073  Q11c =  -0.119184  Q11s =   0.469323
|Q2| =   1.483387  Q20  =   0.981111  Q21c =  -0.083380  Q21s =  -0.577618
                   Q22c =  -0.943303  Q22s =  -0.086276

C          x = -0.100642  y =  0.694758  z = -1.214164 angstrom
           Maximum rank =  2   Radius =  0.650 angstrom
                   Q00  =   0.460519
|Q1| =   0.730587  Q10  =  -0.547073  Q11c =   0.119184  Q11s =  -0.469323
|Q2| =   1.483387  Q20  =   0.981111  Q21c =   0.083380  Q21s =   0.577618
                   Q22c =  -0.943303  Q22s =  -0.086276

H          x =  0.087930  y =  2.450392  z =  0.000000 angstrom
           Maximum rank =  2   Radius =  0.350 angstrom
                   Q00  =   0.035834
|Q1| =   0.122348  Q11c =  -0.001888  Q11s =  -0.122333
|Q2| =   0.208808  Q20  =  -0.010229  Q22c =  -0.208119  Q22s =   0.013502

H          x = -0.079819  y =  1.252113  z =  2.145278 angstrom
           Maximum rank =  2   Radius =  0.350 angstrom
                   Q00  =   0.146909
|Q1| =   0.177707  Q10  =  -0.038474  Q11c =   0.012122  Q11s =  -0.173068
|Q2| =   0.170911  Q20  =   0.119212  Q21c =   0.002430  Q21s =   0.003994
                   Q22c =  -0.121594  Q22s =  -0.013861

H          x =  0.079819  y = -1.252113  z =  2.145278 angstrom
           Maximum rank =  2   Radius =  0.350 angstrom
                   Q00  =   0.146909
|Q1| =   0.177707  Q10  =  -0.038474  Q11c =  -0.012122  Q11s =   0.173068
|Q2| =   0.170911  Q20  =   0.119212  Q21c =  -0.002430  Q21s =  -0.003994
                   Q22c =  -0.121594  Q22s =  -0.013861

H          x = -0.087930  y = -2.450392  z = -0.000000 angstrom
           Maximum rank =  2   Radius =  0.350 angstrom
                   Q00  =   0.035834
|Q1| =   0.122348  Q11c =   0.001888  Q11s =   0.122333
|Q2| =   0.208808  Q20  =  -0.010229  Q22c =  -0.208119  Q22s =   0.013502

H          x =  0.079819  y = -1.252113  z = -2.145278 angstrom
           Maximum rank =  2   Radius =  0.350 angstrom
                   Q00  =   0.146909
|Q1| =   0.177707  Q10  =   0.038474  Q11c =  -0.012122  Q11s =   0.173068
|Q2| =   0.170911  Q20  =   0.119212  Q21c =   0.002430  Q21s =   0.003994
                   Q22c =  -0.121594  Q22s =  -0.013861

H          x = -0.079819  y =  1.252113  z = -2.145278 angstrom
           Maximum rank =  2   Radius =  0.350 angstrom
                   Q00  =   0.146909
|Q1| =   0.177707  Q10  =   0.038474  Q11c =   0.012122  Q11s =  -0.173068
|Q2| =   0.170911  Q20  =   0.119212  Q21c =  -0.002430  Q21s =  -0.003994
                   Q22c =  -0.121594  Q22s =  -0.013861

TOP1       x =  0.000000  y =  0.000000  z =  2.000000 angstrom
           Maximum rank =  2   Radius =  0.650 angstrom
                   Q00  =  -1.259913
|Q1| =   0.180636  Q10  =   0.180636
|Q2| =   0.645409  Q20  =   0.488364  Q22c =  -0.406865  Q22s =  -0.111867

TOP2       x =  0.000000  y =  0.000000  z = -2.000000 angstrom
           Maximum rank =  2   Radius =  0.650 angstrom
                   Q00  =  -1.259913
|Q1| =   0.180636  Q10  =  -0.180636
|Q2| =   0.645409  Q20  =   0.488364  Q22c =  -0.406865  Q22s =  -0.111867

Total multipoles referred to origin at
           x =   0.000000,  y =    0.000000,  z =    0.000000 angstrom
                   Q00  =  -0.000004
|Q1| =   0.000000
|Q2| =   5.897776  Q20  =   3.179977  Q22c =  -4.967031  Q22s =   0.010726

CPU time used:      1m20.630s          Total:      1m20.630s

Finished at 10:21:27 on 07 Dec 2021 
