                                     G D M A
                                 by Anthony Stone

               Distributed Multipoles from Gaussian wavefunctions

                             version 2.3.3 (e2d289a)
              Compiled with gfortran on 05 October 2021 at 19:26:39

Starting at 12:31:17 on 06 Jan 2022 


Using MP2 density matrix from file boat-20.fchk


                         Distributed Multipole Analysis

Standard DMA for products of primitives with exponent greater than 4.00000
Using 80-point Euler-MacLaurin radial quadrature
Using 590-point Lebedev quadrature
Becke smoothing parameter = 3

Positions and radii in angstrom
Multipole moments in atomic units, ea_0^k for rank k

C          x =  0.029892  y =  1.392300  z = -0.081098 angstrom
           Maximum rank =  2   Radius =  0.650 angstrom
                   Q00  =   0.418184
|Q1| =   0.707082  Q10  =  -0.014093  Q11c =  -0.015110  Q11s =  -0.706780
|Q2| =   0.863938  Q20  =  -0.573682  Q21c =   0.127152  Q21s =  -0.071405
                   Q22c =  -0.628330  Q22s =   0.034811

C          x = -1.194732  y =  0.715372  z = -0.081098 angstrom
           Maximum rank =  2   Radius =  0.650 angstrom
                   Q00  =   0.418258
|Q1| =   0.707182  Q10  =  -0.014157  Q11c =   0.606569  Q11s =  -0.363291
|Q2| =   0.863868  Q20  =  -0.573591  Q21c =  -0.006912  Q21s =  -0.145816
                   Q22c =   0.304136  Q22s =  -0.550865

C          x = -1.194732  y = -0.660375  z =  0.161103 angstrom
           Maximum rank =  2   Radius =  0.650 angstrom
                   Q00  =   0.439555
|Q1| =   0.733565  Q10  =   0.027798  Q11c =   0.641565  Q11s =   0.354597
|Q2| =   0.828182  Q20  =  -0.545587  Q21c =  -0.121389  Q21s =  -0.067062
                   Q22c =   0.323147  Q22s =   0.514357

C          x = -0.029892  y = -1.392300  z = -0.081098 angstrom
           Maximum rank =  2   Radius =  0.650 angstrom
                   Q00  =   0.418184
|Q1| =   0.707082  Q10  =  -0.014093  Q11c =   0.015110  Q11s =   0.706780
|Q2| =   0.863938  Q20  =  -0.573682  Q21c =  -0.127152  Q21s =   0.071405
                   Q22c =  -0.628330  Q22s =   0.034811

C          x =  1.194732  y = -0.715372  z = -0.081098 angstrom
           Maximum rank =  2   Radius =  0.650 angstrom
                   Q00  =   0.418258
|Q1| =   0.707182  Q10  =  -0.014157  Q11c =  -0.606569  Q11s =   0.363291
|Q2| =   0.863868  Q20  =  -0.573591  Q21c =   0.006912  Q21s =   0.145816
                   Q22c =   0.304136  Q22s =  -0.550865

C          x =  1.194732  y =  0.660375  z =  0.161103 angstrom
           Maximum rank =  2   Radius =  0.650 angstrom
                   Q00  =   0.439555
|Q1| =   0.733565  Q10  =   0.027798  Q11c =  -0.641565  Q11s =  -0.354597
|Q2| =   0.828182  Q20  =  -0.545587  Q21c =   0.121389  Q21s =   0.067062
                   Q22c =   0.323147  Q22s =   0.514357

H          x =  0.061432  y =  2.474478  z = -0.135515 angstrom
           Maximum rank =  2   Radius =  0.350 angstrom
                   Q00  =   0.066034
|Q1| =   0.131127  Q10  =   0.004777  Q11c =  -0.003479  Q11s =  -0.130994
|Q2| =   0.170020  Q20  =  -0.116032  Q21c =   0.018263  Q21s =  -0.021097
                   Q22c =  -0.120823  Q22s =   0.008161

H          x = -2.127911  y =  1.264244  z = -0.135841 angstrom
           Maximum rank =  2   Radius =  0.350 angstrom
                   Q00  =   0.066030
|Q1| =   0.131136  Q10  =   0.004772  Q11c =   0.112776  Q11s =  -0.066749
|Q2| =   0.170013  Q20  =  -0.116018  Q21c =   0.008238  Q21s =  -0.026735
                   Q22c =   0.059813  Q22s =  -0.105279

H          x = -2.139168  y = -1.182351  z =  0.277922 angstrom
           Maximum rank =  2   Radius =  0.350 angstrom
                   Q00  =   0.064026
|Q1| =   0.135181  Q10  =  -0.010024  Q11c =   0.117989  Q11s =   0.065207
|Q2| =   0.165660  Q20  =  -0.112934  Q21c =  -0.037900  Q21s =  -0.020950
                   Q22c =   0.060223  Q22s =   0.095850

H          x = -0.061432  y = -2.474478  z = -0.135515 angstrom
           Maximum rank =  2   Radius =  0.350 angstrom
                   Q00  =   0.066034
|Q1| =   0.131127  Q10  =   0.004777  Q11c =   0.003479  Q11s =   0.130994
|Q2| =   0.170020  Q20  =  -0.116032  Q21c =  -0.018263  Q21s =   0.021097
                   Q22c =  -0.120823  Q22s =   0.008161

H          x =  2.127911  y = -1.264244  z = -0.135841 angstrom
           Maximum rank =  2   Radius =  0.350 angstrom
                   Q00  =   0.066030
|Q1| =   0.131136  Q10  =   0.004772  Q11c =  -0.112776  Q11s =   0.066749
|Q2| =   0.170013  Q20  =  -0.116018  Q21c =  -0.008238  Q21s =   0.026735
                   Q22c =   0.059813  Q22s =  -0.105279

H          x =  2.139168  y =  1.182351  z =  0.277922 angstrom
           Maximum rank =  2   Radius =  0.350 angstrom
                   Q00  =   0.064026
|Q1| =   0.135181  Q10  =  -0.010024  Q11c =  -0.117989  Q11s =  -0.065207
|Q2| =   0.165660  Q20  =  -0.112934  Q21c =   0.037900  Q21s =   0.020950
                   Q22c =   0.060223  Q22s =   0.095850

TOP(2)     x =  0.000000  y =  0.000000  z =  2.000000 angstrom
           Maximum rank =  2   Radius =  0.650 angstrom
                   Q00  =  -0.114346
|Q1| =   0.027787  Q10  =   0.027787
|Q2| =   0.362884  Q20  =   0.361849  Q22c =  -0.014575  Q22s =  -0.023185

TOP(1)     x =  0.000000  y =  0.000000  z =  1.000000 angstrom
           Maximum rank =  2   Radius =  0.650 angstrom
                   Q00  =  -0.451032
|Q1| =   0.060819  Q10  =  -0.060819
|Q2| =   0.710070  Q20  =   0.709331  Q22c =   0.017215  Q22s =   0.027422

TOP(0)     x =  0.000000  y =  0.000000  z =  0.000000 angstrom
           Maximum rank =  2   Radius =  0.650 angstrom
                   Q00  =  -0.656242
|Q1| =   0.000120  Q10  =  -0.000120
|Q2| =   0.456978  Q20  =   0.456965  Q22c =   0.001904  Q22s =   0.002996

TOP(ao)    x =  0.000000  y =  0.000000  z =  0.529000 angstrom
           Maximum rank =  2   Radius =  0.650 angstrom
                   Q00  =  -0.580525
|Q1| =   0.010490  Q10  =   0.010490
|Q2| =   0.543385  Q20  =   0.540264  Q22c =   0.030944  Q22s =   0.049243

TOP(-a0)   x =  0.000000  y =  0.000000  z = -0.529000 angstrom
           Maximum rank =  2   Radius =  0.650 angstrom
                   Q00  =  -0.578895
|Q1| =   0.010425  Q10  =  -0.010425
|Q2| =   0.542336  Q20  =   0.540735  Q22c =  -0.022145  Q22s =  -0.035273

TOP(-1)    x =  0.000000  y =  0.000000  z = -1.000000 angstrom
           Maximum rank =  2   Radius =  0.650 angstrom
                   Q00  =  -0.449429
|Q1| =   0.060575  Q10  =   0.060575
|Q2| =   0.710892  Q20  =   0.710756  Q22c =  -0.007377  Q22s =  -0.011765

TOP(-2)    x =  0.000000  y =  0.000000  z = -2.000000 angstrom
           Maximum rank =  2   Radius =  0.650 angstrom
                   Q00  =  -0.113710
|Q1| =   0.027706  Q10  =  -0.027706
|Q2| =   0.361183  Q20  =   0.360435  Q22c =   0.012353  Q22s =   0.019685

Total multipoles referred to origin at
           x =   0.000000,  y =    0.000000,  z =    0.000000 angstrom
                   Q00  =  -0.000006
|Q1| =   0.001659  Q10  =   0.001659
|Q2| =   5.886445  Q20  =  -5.882730  Q22c =  -0.111670  Q22s =  -0.176781

CPU time used:      1m56.186s          Total:      1m56.186s

Finished at 12:33:13 on 06 Jan 2022 
