                                     G D M A
                                 by Anthony Stone

               Distributed Multipoles from Gaussian wavefunctions

                             version 2.3.3 (e2d289a)
              Compiled with gfortran on 05 October 2021 at 19:26:39

Starting at 12:59:17 on 07 Dec 2021 


Using MP2 density matrix from file boat-5.fchk


                         Distributed Multipole Analysis

Standard DMA for products of primitives with exponent greater than 4.00000
Using 80-point Euler-MacLaurin radial quadrature
Using 590-point Lebedev quadrature
Becke smoothing parameter = 3

Positions and radii in angstrom
Multipole moments in atomic units, ea_0^k for rank k

C          x =  0.001800  y =  1.394552  z = -0.020293 angstrom
           Maximum rank =  2   Radius =  0.650 angstrom
                   Q00  =   0.050353
|Q1| =   0.152709  Q10  =  -0.005211  Q11c =  -0.000189  Q11s =  -0.152620
|Q2| =   0.711651  Q20  =  -0.687778  Q21c =   0.040668  Q21s =  -0.022839
                   Q22c =  -0.176727  Q22s =   0.001068

C          x = -1.207000  y =  0.698398  z = -0.020293 angstrom
           Maximum rank =  2   Radius =  0.650 angstrom
                   Q00  =   0.050350
|Q1| =   0.152714  Q10  =  -0.005247  Q11c =   0.132097  Q11s =  -0.076449
|Q2| =   0.711603  Q20  =  -0.687747  Q21c =  -0.000520  Q21s =  -0.046725
                   Q22c =   0.088565  Q22s =  -0.152827

C          x = -1.207000  y = -0.695073  z =  0.040536 angstrom
           Maximum rank =  2   Radius =  0.650 angstrom
                   Q00  =   0.050726
|Q1| =   0.153329  Q10  =   0.010529  Q11c =   0.132558  Q11s =   0.076338
|Q2| =   0.708281  Q20  =  -0.684941  Q21c =  -0.039817  Q21s =  -0.022931
                   Q22c =   0.087524  Q22s =   0.150820

C          x = -0.001800  y = -1.394552  z = -0.020293 angstrom
           Maximum rank =  2   Radius =  0.650 angstrom
                   Q00  =   0.050353
|Q1| =   0.152709  Q10  =  -0.005211  Q11c =   0.000189  Q11s =   0.152620
|Q2| =   0.711651  Q20  =  -0.687778  Q21c =  -0.040668  Q21s =   0.022839
                   Q22c =  -0.176727  Q22s =   0.001068

C          x =  1.207000  y = -0.698398  z = -0.020293 angstrom
           Maximum rank =  2   Radius =  0.650 angstrom
                   Q00  =   0.050350
|Q1| =   0.152714  Q10  =  -0.005247  Q11c =  -0.132097  Q11s =   0.076449
|Q2| =   0.711603  Q20  =  -0.687747  Q21c =   0.000520  Q21s =   0.046725
                   Q22c =   0.088565  Q22s =  -0.152827

C          x =  1.207000  y =  0.695073  z =  0.040536 angstrom
           Maximum rank =  2   Radius =  0.650 angstrom
                   Q00  =   0.050726
|Q1| =   0.153329  Q10  =   0.010529  Q11c =  -0.132558  Q11s =  -0.076338
|Q2| =   0.708281  Q20  =  -0.684941  Q21c =   0.039817  Q21s =   0.022931
                   Q22c =   0.087524  Q22s =   0.150820

H          x =  0.003723  y =  2.478850  z = -0.034388 angstrom
           Maximum rank =  2   Radius =  0.350 angstrom
                   Q00  =   0.041513
|Q1| =   0.118010  Q10  =   0.001356  Q11c =  -0.000201  Q11s =  -0.118002
|Q2| =   0.193036  Q20  =  -0.143833  Q21c =   0.005505  Q21s =  -0.006147
                   Q22c =  -0.128477  Q22s =   0.000596

H          x = -2.145800  y =  1.240961  z = -0.034529 angstrom
           Maximum rank =  2   Radius =  0.350 angstrom
                   Q00  =   0.041508
|Q1| =   0.118017  Q10  =   0.001354  Q11c =   0.102169  Q11s =  -0.059057
|Q2| =   0.193030  Q20  =  -0.143832  Q21c =   0.002599  Q21s =  -0.007872
                   Q22c =   0.064259  Q22s =  -0.111243

H          x = -2.146476  y = -1.236055  z =  0.069218 angstrom
           Maximum rank =  2   Radius =  0.350 angstrom
                   Q00  =   0.041348
|Q1| =   0.118244  Q10  =  -0.002721  Q11c =   0.102442  Q11s =   0.058989
|Q2| =   0.192645  Q20  =  -0.143547  Q21c =  -0.010774  Q21s =  -0.006206
                   Q22c =   0.064188  Q22s =   0.110596

H          x = -0.003723  y = -2.478850  z = -0.034388 angstrom
           Maximum rank =  2   Radius =  0.350 angstrom
                   Q00  =   0.041513
|Q1| =   0.118010  Q10  =   0.001356  Q11c =   0.000201  Q11s =   0.118002
|Q2| =   0.193036  Q20  =  -0.143833  Q21c =  -0.005505  Q21s =   0.006147
                   Q22c =  -0.128477  Q22s =   0.000596

H          x =  2.145800  y = -1.240961  z = -0.034529 angstrom
           Maximum rank =  2   Radius =  0.350 angstrom
                   Q00  =   0.041508
|Q1| =   0.118017  Q10  =   0.001354  Q11c =  -0.102169  Q11s =   0.059057
|Q2| =   0.193030  Q20  =  -0.143832  Q21c =  -0.002599  Q21s =   0.007872
                   Q22c =   0.064259  Q22s =  -0.111243

H          x =  2.146476  y =  1.236055  z =  0.069218 angstrom
           Maximum rank =  2   Radius =  0.350 angstrom
                   Q00  =   0.041348
|Q1| =   0.118244  Q10  =  -0.002721  Q11c =  -0.102442  Q11s =  -0.058989
|Q2| =   0.192645  Q20  =  -0.143547  Q21c =   0.010774  Q21s =   0.006206
                   Q22c =   0.064188  Q22s =   0.110596

TOP1       x =  0.000000  y =  0.000000  z =  2.000000 angstrom
           Maximum rank =  2   Radius =  0.650 angstrom
                   Q00  =  -0.275804
|Q1| =   0.289879  Q10  =   0.289879
|Q2| =   0.193773  Q20  =   0.193698  Q22c =  -0.002697  Q22s =  -0.004642

TOP2       x =  0.000000  y =  0.000000  z = -2.000000 angstrom
           Maximum rank =  2   Radius =  0.650 angstrom
                   Q00  =  -0.275792
|Q1| =   0.289878  Q10  =  -0.289878
|Q2| =   0.193746  Q20  =   0.193682  Q22c =   0.002495  Q22s =   0.004298

Total multipoles referred to origin at
           x =   0.000000,  y =    0.000000,  z =    0.000000 angstrom
                   Q00  =  -0.000000
|Q1| =   0.000126  Q10  =   0.000126
|Q2| =   6.133684  Q20  =  -6.133670  Q22c =  -0.007012  Q22s =  -0.011095

CPU time used:      0m47.882s          Total:      0m47.882s

Finished at 13:00:05 on 07 Dec 2021 
