                                     G D M A
                                 by Anthony Stone

               Distributed Multipoles from Gaussian wavefunctions

                             version 2.3.3 (6b8e81e)
              Compiled with gfortran on 14 January 2024 at 08:13:23

Starting at 14:51:10 on 04 Feb 2025 


Using SCF density matrix from file chair-15.fchk


                         Distributed Multipole Analysis

Standard DMA for products of primitives with exponent greater than 4.00000
Using 80-point Euler-MacLaurin radial quadrature
Using 590-point Lebedev quadrature
Becke smoothing parameter = 3

Positions and radii in angstrom
Multipole moments in atomic units, ea_0^k for rank k

C          x =  0.060690  y =  1.383503  z =  0.000000 angstrom
           Maximum rank =  2   Radius =  0.650 angstrom
                   Q00  =   0.144024
|Q1| =   0.302803  Q11c =  -0.032167  Q11s =  -0.301090
|Q2| =   1.411399  Q20  =   0.477080  Q22c =  -1.326675  Q22s =   0.066142

C          x = -0.060690  y =  0.696344  z =  1.209988 angstrom
           Maximum rank =  2   Radius =  0.650 angstrom
                   Q00  =   0.832420
|Q1| =   1.035438  Q10  =  -0.340119  Q11c =   0.109752  Q11s =  -0.971805
|Q2| =   1.313484  Q20  =   0.374027  Q21c =  -0.094665  Q21s =   0.431448
                   Q22c =  -1.176609  Q22s =  -0.076333

C          x =  0.060690  y = -0.696344  z =  1.209988 angstrom
           Maximum rank =  2   Radius =  0.650 angstrom
                   Q00  =   0.832420
|Q1| =   1.035438  Q10  =  -0.340119  Q11c =  -0.109752  Q11s =   0.971805
|Q2| =   1.313484  Q20  =   0.374027  Q21c =   0.094665  Q21s =  -0.431448
                   Q22c =  -1.176609  Q22s =  -0.076333

C          x = -0.060690  y = -1.383503  z = -0.000000 angstrom
           Maximum rank =  2   Radius =  0.650 angstrom
                   Q00  =   0.144024
|Q1| =   0.302803  Q11c =   0.032167  Q11s =   0.301090
|Q2| =   1.411399  Q20  =   0.477080  Q22c =  -1.326675  Q22s =   0.066142

C          x =  0.060690  y = -0.696344  z = -1.209988 angstrom
           Maximum rank =  2   Radius =  0.650 angstrom
                   Q00  =   0.832420
|Q1| =   1.035438  Q10  =   0.340119  Q11c =  -0.109752  Q11s =   0.971805
|Q2| =   1.313484  Q20  =   0.374027  Q21c =  -0.094665  Q21s =   0.431448
                   Q22c =  -1.176609  Q22s =  -0.076333

C          x = -0.060690  y =  0.696344  z = -1.209988 angstrom
           Maximum rank =  2   Radius =  0.650 angstrom
                   Q00  =   0.832420
|Q1| =   1.035438  Q10  =   0.340119  Q11c =   0.109752  Q11s =  -0.971805
|Q2| =   1.313484  Q20  =   0.374027  Q21c =   0.094665  Q21s =  -0.431448
                   Q22c =  -1.176609  Q22s =  -0.076333

H          x =  0.049943  y =  2.468881  z = -0.000000 angstrom
           Maximum rank =  2   Radius =  0.350 angstrom
                   Q00  =   0.038511
|Q1| =   0.107868  Q11c =  -0.001102  Q11s =  -0.107862
|Q2| =   0.220065  Q20  =  -0.021020  Q22c =  -0.218940  Q22s =   0.007213

H          x = -0.048003  y =  1.243913  z =  2.146342 angstrom
           Maximum rank =  2   Radius =  0.350 angstrom
                   Q00  =   0.056718
|Q1| =   0.119414  Q10  =  -0.096251  Q11c =   0.001562  Q11s =  -0.070660
|Q2| =   0.214556  Q20  =   0.133224  Q21c =  -0.006214  Q21s =   0.119770
                   Q22c =  -0.117852  Q22s =  -0.003630

H          x =  0.048003  y = -1.243913  z =  2.146342 angstrom
           Maximum rank =  2   Radius =  0.350 angstrom
                   Q00  =   0.056718
|Q1| =   0.119414  Q10  =  -0.096251  Q11c =  -0.001562  Q11s =   0.070660
|Q2| =   0.214556  Q20  =   0.133224  Q21c =   0.006214  Q21s =  -0.119770
                   Q22c =  -0.117852  Q22s =  -0.003630

H          x = -0.049943  y = -2.468881  z = -0.000000 angstrom
           Maximum rank =  2   Radius =  0.350 angstrom
                   Q00  =   0.038511
|Q1| =   0.107868  Q11c =   0.001102  Q11s =   0.107862
|Q2| =   0.220065  Q20  =  -0.021020  Q22c =  -0.218940  Q22s =   0.007213

H          x =  0.048003  y = -1.243913  z = -2.146342 angstrom
           Maximum rank =  2   Radius =  0.350 angstrom
                   Q00  =   0.056718
|Q1| =   0.119414  Q10  =   0.096251  Q11c =  -0.001562  Q11s =   0.070660
|Q2| =   0.214556  Q20  =   0.133224  Q21c =  -0.006214  Q21s =   0.119770
                   Q22c =  -0.117852  Q22s =  -0.003630

H          x = -0.048003  y =  1.243913  z = -2.146342 angstrom
           Maximum rank =  2   Radius =  0.350 angstrom
                   Q00  =   0.056718
|Q1| =   0.119414  Q10  =   0.096251  Q11c =   0.001562  Q11s =  -0.070660
|Q2| =   0.214556  Q20  =   0.133224  Q21c =   0.006214  Q21s =  -0.119770
                   Q22c =  -0.117852  Q22s =  -0.003630

TOP(1)     x =  0.000000  y =  0.000000  z =  1.000000 angstrom
           Maximum rank =  2   Radius =  0.650 angstrom
                   Q00  =  -1.960809
|Q1| =   0.028381  Q10  =  -0.028381
|Q2| =   1.430250  Q20  =  -0.020077  Q22c =  -1.411797  Q22s =  -0.228123

TOP(-1)    x =  0.000000  y =  0.000000  z = -1.000000 angstrom
           Maximum rank =  2   Radius =  0.650 angstrom
                   Q00  =  -1.960809
|Q1| =   0.028381  Q10  =   0.028381
|Q2| =   1.430250  Q20  =  -0.020077  Q22c =  -1.411797  Q22s =  -0.228123

Total multipoles referred to origin at
           x =   0.000000,  y =    0.000000,  z =    0.000000 angstrom
                   Q00  =   0.000001
|Q1| =   0.000000
|Q2| =   6.885322  Q20  =   3.539671  Q22c =  -5.905791  Q22s =   0.003383

CPU time used:      0m13.760s          Total:      0m13.760s

Finished at 14:51:23 on 04 Feb 2025 
