                                     G D M A
                                 by Anthony Stone

               Distributed Multipoles from Gaussian wavefunctions

                             version 2.3.3 (e2d289a)
              Compiled with gfortran on 05 October 2021 at 19:26:39

Starting at 10:20:27 on 07 Dec 2021 


Using MP2 density matrix from file chair-5.fchk


                         Distributed Multipole Analysis

Standard DMA for products of primitives with exponent greater than 4.00000
Using 80-point Euler-MacLaurin radial quadrature
Using 590-point Lebedev quadrature
Becke smoothing parameter = 3

Positions and radii in angstrom
Multipole moments in atomic units, ea_0^k for rank k

C          x =  0.020274  y =  1.393465  z = -0.000000 angstrom
           Maximum rank =  2   Radius =  0.650 angstrom
                   Q00  =   0.009631
|Q1| =   0.100425  Q11c =  -0.014098  Q11s =  -0.099431
|Q2| =   1.297779  Q20  =   0.602100  Q22c =  -1.149167  Q22s =   0.033476

C          x = -0.020274  y =  0.697214  z =  1.208028 angstrom
           Maximum rank =  2   Radius =  0.650 angstrom
                   Q00  =   0.452827
|Q1| =   0.716843  Q10  =   0.541727  Q11c =   0.024384  Q11s =  -0.468828
|Q2| =   1.538341  Q20  =   1.002203  Q21c =  -0.018074  Q21s =  -0.602581
                   Q22c =  -0.999165  Q22s =  -0.017945

C          x =  0.020274  y = -0.697214  z =  1.208028 angstrom
           Maximum rank =  2   Radius =  0.650 angstrom
                   Q00  =   0.452827
|Q1| =   0.716843  Q10  =   0.541727  Q11c =  -0.024384  Q11s =   0.468828
|Q2| =   1.538341  Q20  =   1.002203  Q21c =   0.018074  Q21s =   0.602581
                   Q22c =  -0.999165  Q22s =  -0.017945

C          x = -0.020274  y = -1.393465  z = -0.000000 angstrom
           Maximum rank =  2   Radius =  0.650 angstrom
                   Q00  =   0.009631
|Q1| =   0.100425  Q11c =   0.014098  Q11s =   0.099431
|Q2| =   1.297779  Q20  =   0.602100  Q22c =  -1.149167  Q22s =   0.033476

C          x =  0.020274  y = -0.697214  z = -1.208028 angstrom
           Maximum rank =  2   Radius =  0.650 angstrom
                   Q00  =   0.452827
|Q1| =   0.716843  Q10  =  -0.541727  Q11c =  -0.024384  Q11s =   0.468828
|Q2| =   1.538341  Q20  =   1.002203  Q21c =  -0.018074  Q21s =  -0.602581
                   Q22c =  -0.999165  Q22s =  -0.017945

C          x = -0.020274  y =  0.697214  z = -1.208028 angstrom
           Maximum rank =  2   Radius =  0.650 angstrom
                   Q00  =   0.452827
|Q1| =   0.716843  Q10  =  -0.541727  Q11c =   0.024384  Q11s =  -0.468828
|Q2| =   1.538341  Q20  =   1.002203  Q21c =   0.018074  Q21s =   0.602581
                   Q22c =  -0.999165  Q22s =  -0.017945

H          x =  0.016061  y =  2.477991  z = -0.000000 angstrom
           Maximum rank =  2   Radius =  0.350 angstrom
                   Q00  =   0.039576
|Q1| =   0.117578  Q11c =  -0.000325  Q11s =  -0.117578
|Q2| =   0.210988  Q20  =  -0.015044  Q22c =  -0.210443  Q22s =   0.001823

H          x = -0.015909  y =  1.239998  z =  2.146876 angstrom
           Maximum rank =  2   Radius =  0.350 angstrom
                   Q00  =   0.150086
|Q1| =   0.178978  Q10  =  -0.038311  Q11c =   0.002574  Q11s =  -0.174810
|Q2| =   0.171756  Q20  =   0.120365  Q21c =   0.000707  Q21s =   0.000843
                   Q22c =  -0.122492  Q22s =  -0.002646

H          x =  0.015909  y = -1.239998  z =  2.146876 angstrom
           Maximum rank =  2   Radius =  0.350 angstrom
                   Q00  =   0.150086
|Q1| =   0.178978  Q10  =  -0.038311  Q11c =  -0.002574  Q11s =   0.174810
|Q2| =   0.171756  Q20  =   0.120365  Q21c =  -0.000707  Q21s =  -0.000843
                   Q22c =  -0.122492  Q22s =  -0.002646

H          x = -0.016061  y = -2.477991  z =  0.000000 angstrom
           Maximum rank =  2   Radius =  0.350 angstrom
                   Q00  =   0.039577
|Q1| =   0.117578  Q11c =   0.000325  Q11s =   0.117578
|Q2| =   0.210988  Q20  =  -0.015044  Q22c =  -0.210443  Q22s =   0.001823

H          x =  0.015909  y = -1.239998  z = -2.146876 angstrom
           Maximum rank =  2   Radius =  0.350 angstrom
                   Q00  =   0.150086
|Q1| =   0.178978  Q10  =   0.038311  Q11c =  -0.002574  Q11s =   0.174810
|Q2| =   0.171756  Q20  =   0.120365  Q21c =   0.000707  Q21s =   0.000843
                   Q22c =  -0.122492  Q22s =  -0.002646

H          x = -0.015909  y =  1.239998  z = -2.146876 angstrom
           Maximum rank =  2   Radius =  0.350 angstrom
                   Q00  =   0.150086
|Q1| =   0.178978  Q10  =   0.038311  Q11c =   0.002574  Q11s =  -0.174810
|Q2| =   0.171756  Q20  =   0.120365  Q21c =  -0.000707  Q21s =  -0.000843
                   Q22c =  -0.122492  Q22s =  -0.002646

TOP1       x =  0.000000  y =  0.000000  z =  2.000000 angstrom
           Maximum rank =  2   Radius =  0.650 angstrom
                   Q00  =  -1.255036
|Q1| =   0.181598  Q10  =   0.181598
|Q2| =   0.642500  Q20  =   0.486255  Q22c =  -0.419360  Q22s =  -0.022337

TOP2       x =  0.000000  y =  0.000000  z = -2.000000 angstrom
           Maximum rank =  2   Radius =  0.650 angstrom
                   Q00  =  -1.255036
|Q1| =   0.181598  Q10  =  -0.181598
|Q2| =   0.642500  Q20  =   0.486255  Q22c =  -0.419360  Q22s =  -0.022337

Total multipoles referred to origin at
           x =   0.000000,  y =    0.000000,  z =    0.000000 angstrom
                   Q00  =  -0.000003
|Q1| =   0.000000
|Q2| =   6.143831  Q20  =   3.081073  Q22c =  -5.315416  Q22s =   0.000588

CPU time used:      1m19.799s          Total:      1m19.799s

Finished at 10:21:47 on 07 Dec 2021 
