                                     G D M A
                                 by Anthony Stone

               Distributed Multipoles from Gaussian wavefunctions

                             version 2.3.3 (e2d289a)
              Compiled with gfortran on 05 October 2021 at 19:26:39

Starting at 11:38:05 on 07 Dec 2021 


Using MP2 density matrix from file f.fchk


                         Distributed Multipole Analysis

Standard DMA for products of primitives with exponent greater than 4.00000
Using 80-point Euler-MacLaurin radial quadrature
Using 590-point Lebedev quadrature
Becke smoothing parameter = 3

Positions and radii in angstrom
Multipole moments in atomic units, ea_0^k for rank k

C          x = -0.000000  y =  1.215806  z =  0.259980 angstrom
           Maximum rank =  2   Radius =  0.650 angstrom
                   Q00  =   0.024850
|Q1| =   0.148216  Q10  =   0.063491  Q11s =  -0.133929
|Q2| =   1.343890  Q20  =   0.762408  Q21s =   0.017212  Q22c =  -1.106561

C          x =  0.000000  y =  1.206760  z = -1.134311 angstrom
           Maximum rank =  2   Radius =  0.650 angstrom
                   Q00  =   0.118182
|Q1| =   0.265677  Q10  =  -0.129036  Q11s =  -0.232236
|Q2| =   1.343775  Q20  =   0.648806  Q21s =   0.147960  Q22c =  -1.167429

C          x =  0.000000  y =  0.000000  z = -1.833153 angstrom
           Maximum rank =  2   Radius =  0.650 angstrom
                   Q00  =   1.501608
|Q1| =   1.434585  Q10  =  -1.434585
|Q2| =   0.952485  Q20  =   0.537661  Q22c =  -0.786224

C          x = -0.000000  y = -1.206760  z = -1.134311 angstrom
           Maximum rank =  2   Radius =  0.650 angstrom
                   Q00  =   0.118182
|Q1| =   0.265677  Q10  =  -0.129036  Q11s =   0.232236
|Q2| =   1.343775  Q20  =   0.648806  Q21s =  -0.147960  Q22c =  -1.167429

C          x = -0.000000  y = -1.215806  z =  0.259980 angstrom
           Maximum rank =  2   Radius =  0.650 angstrom
                   Q00  =   0.024850
|Q1| =   0.148216  Q10  =   0.063491  Q11s =   0.133929
|Q2| =   1.343890  Q20  =   0.762408  Q21s =  -0.017212  Q22c =  -1.106561

C          x = -0.000000  y = -0.000000  z =  0.925809 angstrom
           Maximum rank =  2   Radius =  0.650 angstrom
                   Q00  =   0.540633
|Q1| =   0.714569  Q10  =   0.714569
|Q2| =   1.406393  Q20  =   1.130405  Q22c =  -0.836735

F          x = -0.000000  y = -0.000000  z =  2.282918 angstrom
           Maximum rank =  2   Radius =  0.650 angstrom
                   Q00  =   1.733500
|Q1| =   1.571614  Q10  =  -1.571614
|Q2| =   0.658782  Q20  =   0.654076  Q22c =   0.078602

H          x =  0.000000  y =  0.000000  z = -2.916547 angstrom
           Maximum rank =  2   Radius =  0.350 angstrom
                   Q00  =   0.189711
|Q1| =   0.196062  Q10  =   0.196062
|Q2| =   0.156369  Q20  =   0.148379  Q22c =  -0.049344

H          x = -0.000000  y =  2.138829  z =  0.826056 angstrom
           Maximum rank =  2   Radius =  0.350 angstrom
                   Q00  =   0.071707
|Q1| =   0.109002  Q10  =  -0.025380  Q11s =  -0.106006
|Q2| =   0.199238  Q20  =   0.064085  Q21s =   0.087681  Q22c =  -0.167035

H          x = -0.000000  y = -2.138829  z =  0.826056 angstrom
           Maximum rank =  2   Radius =  0.350 angstrom
                   Q00  =   0.071707
|Q1| =   0.109002  Q10  =  -0.025380  Q11s =   0.106006
|Q2| =   0.199238  Q20  =   0.064085  Q21s =  -0.087681  Q22c =  -0.167035

H          x =  0.000000  y =  2.147289  z = -1.672892 angstrom
           Maximum rank =  2   Radius =  0.350 angstrom
                   Q00  =   0.053875
|Q1| =   0.118268  Q10  =   0.044697  Q11s =  -0.109497
|Q2| =   0.202480  Q20  =   0.032786  Q21s =  -0.093121  Q22c =  -0.176782

H          x = -0.000000  y = -2.147289  z = -1.672892 angstrom
           Maximum rank =  2   Radius =  0.350 angstrom
                   Q00  =   0.053875
|Q1| =   0.118268  Q10  =   0.044697  Q11s =   0.109497
|Q2| =   0.202480  Q20  =   0.032786  Q21s =   0.093121  Q22c =  -0.176782

TOP1       x =  0.000000  y =  0.000000  z =  2.000000 angstrom
           Maximum rank =  2   Radius =  0.650 angstrom
                   Q00  =  -2.473452
|Q1| =   0.606630  Q10  =   0.606630
|Q2| =   1.151288  Q20  =   1.147623  Q22c =   0.091785

TOP2       x =  0.000000  y =  0.000000  z = -2.000000 angstrom
           Maximum rank =  2   Radius =  0.650 angstrom
                   Q00  =  -2.029238
|Q1| =   1.009768  Q10  =   1.009768
|Q2| =   1.100852  Q20  =   1.080385  Q22c =  -0.211289

Total multipoles referred to origin at
           x =   0.000000,  y =    0.000000,  z =    0.000000 angstrom
                   Q00  =  -0.000009
|Q1| =   0.672576  Q10  =  -0.672576
|Q2| =   6.091665  Q20  =  -1.584078  Q22c =  -5.882098

CPU time used:      2m31.867s          Total:      2m31.867s

Finished at 11:40:37 on 07 Dec 2021 
