                                     G D M A
                                 by Anthony Stone

               Distributed Multipoles from Gaussian wavefunctions

                             version 2.3.3 (6b8e81e)
              Compiled with gfortran on 14 January 2024 at 08:13:23

Starting at 14:52:10 on 04 Feb 2025 


Using SCF density matrix from file pyramid-10.fchk


                         Distributed Multipole Analysis

Standard DMA for products of primitives with exponent greater than 4.00000
Using 80-point Euler-MacLaurin radial quadrature
Using 590-point Lebedev quadrature
Becke smoothing parameter = 3

Positions and radii in angstrom
Multipole moments in atomic units, ea_0^k for rank k

C          x = -1.208367  y =  0.697670  z = -0.026902 angstrom
           Maximum rank =  2   Radius =  0.650 angstrom
                   Q00  =   0.251281
|Q1| =   0.428394  Q10  =   0.041353  Q11c =   0.369263  Q11s =  -0.213206
|Q2| =   0.798091  Q20  =  -0.626237  Q21c =  -0.199283  Q21s =   0.115031
                   Q22c =   0.219027  Q22s =  -0.379286

C          x = -1.208367  y = -0.697670  z = -0.026902 angstrom
           Maximum rank =  2   Radius =  0.650 angstrom
                   Q00  =   0.251281
|Q1| =   0.428394  Q10  =   0.041353  Q11c =   0.369263  Q11s =   0.213206
|Q2| =   0.798091  Q20  =  -0.626237  Q21c =  -0.199283  Q21s =  -0.115031
                   Q22c =   0.219027  Q22s =   0.379286

C          x = -0.000000  y = -1.395402  z = -0.026919 angstrom
           Maximum rank =  2   Radius =  0.650 angstrom
                   Q00  =   0.251239
|Q1| =   0.428329  Q10  =   0.041350  Q11s =   0.426328
|Q2| =   0.798174  Q20  =  -0.626305  Q21s =  -0.230088  Q22c =  -0.438046

C          x =  1.208367  y = -0.697670  z = -0.026902 angstrom
           Maximum rank =  2   Radius =  0.650 angstrom
                   Q00  =   0.251281
|Q1| =   0.428394  Q10  =   0.041353  Q11c =  -0.369263  Q11s =   0.213206
|Q2| =   0.798091  Q20  =  -0.626237  Q21c =   0.199283  Q21s =  -0.115031
                   Q22c =   0.219027  Q22s =  -0.379286

C          x =  1.208367  y =  0.697670  z = -0.026902 angstrom
           Maximum rank =  2   Radius =  0.650 angstrom
                   Q00  =   0.251281
|Q1| =   0.428394  Q10  =   0.041353  Q11c =  -0.369263  Q11s =  -0.213206
|Q2| =   0.798091  Q20  =  -0.626237  Q21c =   0.199283  Q21s =   0.115031
                   Q22c =   0.219027  Q22s =   0.379286

C          x =  0.000000  y =  1.395402  z = -0.026919 angstrom
           Maximum rank =  2   Radius =  0.650 angstrom
                   Q00  =   0.251239
|Q1| =   0.428329  Q10  =   0.041350  Q11s =  -0.426328
|Q2| =   0.798174  Q20  =  -0.626305  Q21s =   0.230088  Q22c =  -0.438046

H          x = -2.133496  y =  1.231724  z =  0.161453 angstrom
           Maximum rank =  2   Radius =  0.350 angstrom
                   Q00  =   0.041587
|Q1| =   0.108537  Q10  =   0.000123  Q11c =   0.093998  Q11s =  -0.054264
|Q2| =   0.210286  Q20  =  -0.151931  Q21c =  -0.059387  Q21s =   0.034281
                   Q22c =   0.064096  Q22s =  -0.111026

H          x = -2.133496  y = -1.231724  z =  0.161453 angstrom
           Maximum rank =  2   Radius =  0.350 angstrom
                   Q00  =   0.041587
|Q1| =   0.108537  Q10  =   0.000123  Q11c =   0.093998  Q11s =   0.054264
|Q2| =   0.210286  Q20  =  -0.151931  Q21c =  -0.059387  Q21s =  -0.034281
                   Q22c =   0.064096  Q22s =   0.111026

H          x = -0.000000  y = -2.463608  z =  0.161435 angstrom
           Maximum rank =  2   Radius =  0.350 angstrom
                   Q00  =   0.041597
|Q1| =   0.108521  Q10  =   0.000120  Q11s =   0.108521
|Q2| =   0.210303  Q20  =  -0.151933  Q21s =  -0.068556  Q22c =  -0.128233

H          x =  2.133496  y = -1.231724  z =  0.161453 angstrom
           Maximum rank =  2   Radius =  0.350 angstrom
                   Q00  =   0.041587
|Q1| =   0.108537  Q10  =   0.000123  Q11c =  -0.093998  Q11s =   0.054264
|Q2| =   0.210286  Q20  =  -0.151931  Q21c =   0.059387  Q21s =  -0.034281
                   Q22c =   0.064096  Q22s =  -0.111026

H          x =  2.133496  y =  1.231724  z =  0.161453 angstrom
           Maximum rank =  2   Radius =  0.350 angstrom
                   Q00  =   0.041587
|Q1| =   0.108537  Q10  =   0.000123  Q11c =  -0.093998  Q11s =  -0.054264
|Q2| =   0.210286  Q20  =  -0.151931  Q21c =   0.059387  Q21s =   0.034281
                   Q22c =   0.064096  Q22s =   0.111026

H          x =  0.000000  y =  2.463608  z =  0.161435 angstrom
           Maximum rank =  2   Radius =  0.350 angstrom
                   Q00  =   0.041597
|Q1| =   0.108521  Q10  =   0.000120  Q11s =  -0.108521
|Q2| =   0.210303  Q20  =  -0.151933  Q21s =   0.068556  Q22c =  -0.128233

TOP(1)     x =  0.000000  y =  0.000000  z =  1.000000 angstrom
           Maximum rank =  2   Radius =  0.650 angstrom
                   Q00  =  -0.869255
|Q1| =   0.208516  Q10  =   0.208516
|Q2| =   0.538172  Q20  =   0.538172  Q22c =   0.000010

TOP(-1)    x =  0.000000  y =  0.000000  z = -1.000000 angstrom
           Maximum rank =  2   Radius =  0.650 angstrom
                   Q00  =  -0.887890
|Q1| =   0.166072  Q10  =  -0.166072
|Q2| =   0.546539  Q20  =   0.546539  Q22c =   0.000001

Total multipoles referred to origin at
           x =   0.000000,  y =    0.000000,  z =    0.000000 angstrom
                   Q00  =   0.000001
|Q1| =   0.325976  Q10  =   0.325976
|Q2| =   6.609290  Q20  =  -6.609290  Q22c =  -0.000919

CPU time used:      0m14.139s          Total:      0m14.139s

Finished at 14:52:24 on 04 Feb 2025 
