RING 1
members: 1C, 2C, 3C, 4C, 5C, 6C
|Q2| = 1.341321 + 1.358304 + 0.899243 + 0.571668 + 1.273505 + 1.355535 = 6.799576
Q20  = -1.334679 -1.357268 -0.846040 -0.422745 -1.271842 -1.354315     =-6.586889


RING 2
members: 4C, 5C, 7C, 8C, 9C, 10C
|Q2| = 0.571668 + 1.273505 + 1.340856 + 1.340855 + 1.273506 + 0.571665 = 6.372055
Q20  = -0.422745 - 1.271842 - 1.339387 - 1.339386 - 1.271843 - 0.422743=-6.067946


RING 3
members: 9C, 10C, 11C, 14C, 15C, 16C
|Q2| = 1.273506 + 0.571665 + 0.899242 + 1.358304 + 1.341322 + 1.355534 = 6.799573
Q20  = -1.271843 - 0.422743 - 0.846039 - 1.357267 - 1.334679 - 1.354314=-6.586885 


RING 4
members:12C, 13C, 17C, 18C, 19C, 20C
|Q2| = 1.107063 + 1.107062 + 1.348255 + 1.339916 + 1.339915 + 1.348255 = 7.590466
Q20  = -1.072291 - 1.072291 - 1.348109 - 1.332398 - 1.332398 - 1.348109=-7.505596


CENTRAL RING
members:3C, 4C, 10C, 11C, 12C, 13C
|Q2| = 0.899243 + 0.571668 + 0.571665 + 0.899242 + 1.107063 + 1.107062 = 5.155943
Q20  = -0.846040 - 0.422745 - 0.422743 - 0.846039 - 1.072291 - 1.072291=-4.682149
	

TOP(1)
|Q2| =   0.381824
Q20  =   0.374541


TOP(-1)
|Q2| =   0.381824
Q20  =   0.374541



Origin
|Q2| =  20.713598
Q20  = -20.713143