                                     G D M A
                                 by Anthony Stone

               Distributed Multipoles from Gaussian wavefunctions

                             version 2.3.3 (6b8e81e)
              Compiled with gfortran on 14 January 2024 at 08:13:23

Starting at 14:51:10 on 04 Feb 2025 


Using SCF density matrix from file chair-25.fchk


                         Distributed Multipole Analysis

Standard DMA for products of primitives with exponent greater than 4.00000
Using 80-point Euler-MacLaurin radial quadrature
Using 590-point Lebedev quadrature
Becke smoothing parameter = 3

Positions and radii in angstrom
Multipole moments in atomic units, ea_0^k for rank k

C          x =  0.100642  y =  1.363277  z =  0.000000 angstrom
           Maximum rank =  2   Radius =  0.650 angstrom
                   Q00  =   0.153561
|Q1| =   0.318595  Q11c =  -0.051750  Q11s =  -0.314364
|Q2| =   1.390159  Q20  =   0.460682  Q22c =  -1.307138  Q22s =   0.108184

C          x = -0.100642  y =  0.694758  z =  1.214164 angstrom
           Maximum rank =  2   Radius =  0.650 angstrom
                   Q00  =   0.830013
|Q1| =   1.034962  Q10  =  -0.338756  Q11c =   0.180088  Q11s =  -0.961227
|Q2| =   1.293887  Q20  =   0.357650  Q21c =  -0.154912  Q21s =   0.453330
                   Q22c =  -1.140615  Q22s =  -0.125390

C          x =  0.100642  y = -0.694758  z =  1.214164 angstrom
           Maximum rank =  2   Radius =  0.650 angstrom
                   Q00  =   0.830013
|Q1| =   1.034962  Q10  =  -0.338756  Q11c =  -0.180088  Q11s =   0.961227
|Q2| =   1.293887  Q20  =   0.357650  Q21c =   0.154912  Q21s =  -0.453330
                   Q22c =  -1.140615  Q22s =  -0.125390

C          x = -0.100642  y = -1.363277  z =  0.000000 angstrom
           Maximum rank =  2   Radius =  0.650 angstrom
                   Q00  =   0.153561
|Q1| =   0.318595  Q11c =   0.051750  Q11s =   0.314364
|Q2| =   1.390159  Q20  =   0.460682  Q22c =  -1.307138  Q22s =   0.108184

C          x =  0.100642  y = -0.694758  z = -1.214164 angstrom
           Maximum rank =  2   Radius =  0.650 angstrom
                   Q00  =   0.830013
|Q1| =   1.034962  Q10  =   0.338756  Q11c =  -0.180088  Q11s =   0.961227
|Q2| =   1.293887  Q20  =   0.357650  Q21c =  -0.154912  Q21s =   0.453330
                   Q22c =  -1.140615  Q22s =  -0.125390

C          x = -0.100642  y =  0.694758  z = -1.214164 angstrom
           Maximum rank =  2   Radius =  0.650 angstrom
                   Q00  =   0.830013
|Q1| =   1.034962  Q10  =   0.338756  Q11c =   0.180088  Q11s =  -0.961227
|Q2| =   1.293887  Q20  =   0.357650  Q21c =   0.154912  Q21s =  -0.453330
                   Q22c =  -1.140615  Q22s =  -0.125390

H          x =  0.087930  y =  2.450392  z =  0.000000 angstrom
           Maximum rank =  2   Radius =  0.350 angstrom
                   Q00  =   0.035860
|Q1| =   0.111085  Q11c =  -0.002204  Q11s =  -0.111063
|Q2| =   0.218523  Q20  =  -0.018204  Q22c =  -0.217311  Q22s =   0.014032

H          x = -0.079819  y =  1.252113  z =  2.145278 angstrom
           Maximum rank =  2   Radius =  0.350 angstrom
                   Q00  =   0.056375
|Q1| =   0.119462  Q10  =  -0.095931  Q11c =   0.002506  Q11s =  -0.071149
|Q2| =   0.214143  Q20  =   0.130949  Q21c =  -0.010501  Q21s =   0.120942
                   Q22c =  -0.118048  Q22s =  -0.006070

H          x =  0.079819  y = -1.252113  z =  2.145278 angstrom
           Maximum rank =  2   Radius =  0.350 angstrom
                   Q00  =   0.056375
|Q1| =   0.119462  Q10  =  -0.095931  Q11c =  -0.002506  Q11s =   0.071149
|Q2| =   0.214143  Q20  =   0.130949  Q21c =   0.010501  Q21s =  -0.120942
                   Q22c =  -0.118048  Q22s =  -0.006070

H          x = -0.087930  y = -2.450392  z = -0.000000 angstrom
           Maximum rank =  2   Radius =  0.350 angstrom
                   Q00  =   0.035860
|Q1| =   0.111085  Q11c =   0.002204  Q11s =   0.111063
|Q2| =   0.218523  Q20  =  -0.018204  Q22c =  -0.217311  Q22s =   0.014032

H          x =  0.079819  y = -1.252113  z = -2.145278 angstrom
           Maximum rank =  2   Radius =  0.350 angstrom
                   Q00  =   0.056375
|Q1| =   0.119462  Q10  =   0.095931  Q11c =  -0.002506  Q11s =   0.071149
|Q2| =   0.214143  Q20  =   0.130949  Q21c =  -0.010501  Q21s =   0.120942
                   Q22c =  -0.118048  Q22s =  -0.006070

H          x = -0.079819  y =  1.252113  z = -2.145278 angstrom
           Maximum rank =  2   Radius =  0.350 angstrom
                   Q00  =   0.056375
|Q1| =   0.119462  Q10  =   0.095931  Q11c =   0.002506  Q11s =  -0.071149
|Q2| =   0.214143  Q20  =   0.130949  Q21c =   0.010501  Q21s =  -0.120942
                   Q22c =  -0.118048  Q22s =  -0.006070

TOP(1)     x =  0.000000  y =  0.000000  z =  1.000000 angstrom
           Maximum rank =  2   Radius =  0.650 angstrom
                   Q00  =  -1.962196
|Q1| =   0.028020  Q10  =  -0.028020
|Q2| =   1.424558  Q20  =  -0.016471  Q22c =  -1.375104  Q22s =  -0.371728

TOP(-1)    x =  0.000000  y =  0.000000  z = -1.000000 angstrom
           Maximum rank =  2   Radius =  0.650 angstrom
                   Q00  =  -1.962196
|Q1| =   0.028020  Q10  =   0.028020
|Q2| =   1.424558  Q20  =  -0.016471  Q22c =  -1.375104  Q22s =  -0.371728

Total multipoles referred to origin at
           x =   0.000000,  y =    0.000000,  z =    0.000000 angstrom
                   Q00  =   0.000002
|Q1| =   0.000000
|Q2| =   6.697807  Q20  =   3.614090  Q22c =  -5.639052  Q22s =   0.007932

CPU time used:      0m13.960s          Total:      0m13.960s

Finished at 14:51:24 on 04 Feb 2025 
