                                     G D M A
                                 by Anthony Stone

               Distributed Multipoles from Gaussian wavefunctions

                             version 2.3.3 (e2d289a)
              Compiled with gfortran on 05 October 2021 at 19:26:39

Starting at 17:00:49 on 06 Dec 2021 


Using MP2 density matrix from file clamp-20.fchk


                         Distributed Multipole Analysis

Standard DMA for products of primitives with exponent greater than 4.00000
Using 80-point Euler-MacLaurin radial quadrature
Using 590-point Lebedev quadrature
Becke smoothing parameter = 3

Positions and radii in angstrom
Multipole moments in atomic units, ea_0^k for rank k

C          x =  0.000000  y =  1.408200  z =  0.023813 angstrom
           Maximum rank =  2   Radius =  0.650 angstrom
                   Q00  =   0.009578
|Q1| =   0.109210  Q10  =  -0.033276  Q11s =  -0.104017
|Q2| =   1.343284  Q20  =   0.709816  Q21s =  -0.389650  Q22c =  -1.071795

C          x =  0.000000  y =  0.724681  z =  1.207555 angstrom
           Maximum rank =  2   Radius =  0.650 angstrom
                   Q00  =   0.412417
|Q1| =   0.673122  Q10  =   0.455698  Q11s =  -0.495412
|Q2| =   1.602476  Q20  =   1.025734  Q21s =  -0.842816  Q22c =  -0.897474

C          x = -0.000000  y = -0.724681  z =  1.207555 angstrom
           Maximum rank =  2   Radius =  0.650 angstrom
                   Q00  =   0.412417
|Q1| =   0.673122  Q10  =   0.455698  Q11s =   0.495412
|Q2| =   1.602476  Q20  =   1.025734  Q21s =   0.842816  Q22c =  -0.897474

C          x = -0.000000  y = -1.408200  z =  0.023813 angstrom
           Maximum rank =  2   Radius =  0.650 angstrom
                   Q00  =   0.009578
|Q1| =   0.109210  Q10  =  -0.033276  Q11s =   0.104017
|Q2| =   1.343284  Q20  =   0.709816  Q21s =   0.389650  Q22c =  -1.071795

C          x =  0.000000  y = -0.683446  z = -1.231356 angstrom
           Maximum rank =  2   Radius =  0.650 angstrom
                   Q00  =   0.492186
|Q1| =   0.745395  Q10  =  -0.600845  Q11s =   0.441134
|Q2| =   1.501415  Q20  =   0.800168  Q21s =  -0.504543  Q22c =  -1.165939

C          x =  0.000000  y =  0.683446  z = -1.231356 angstrom
           Maximum rank =  2   Radius =  0.650 angstrom
                   Q00  =   0.492186
|Q1| =   0.745395  Q10  =  -0.600845  Q11s =  -0.441134
|Q2| =   1.501415  Q20  =   0.800168  Q21s =   0.504543  Q22c =  -1.165939

H          x =  0.000000  y =  2.426379  z = -0.346828 angstrom
           Maximum rank =  2   Radius =  0.350 angstrom
                   Q00  =   0.040276
|Q1| =   0.137542  Q10  =  -0.031386  Q11s =  -0.133913
|Q2| =   0.212882  Q20  =   0.030582  Q21s =  -0.096679  Q22c =  -0.187180

H          x =  0.000000  y =  0.912837  z =  2.274634 angstrom
           Maximum rank =  2   Radius =  0.350 angstrom
                   Q00  =   0.205988
|Q1| =   0.256360  Q10  =  -0.063366  Q11s =  -0.248406
|Q2| =   0.162501  Q20  =   0.128755  Q21s =  -0.057399  Q22c =  -0.080834

H          x = -0.000000  y = -0.912837  z =  2.274634 angstrom
           Maximum rank =  2   Radius =  0.350 angstrom
                   Q00  =   0.205988
|Q1| =   0.256360  Q10  =  -0.063366  Q11s =   0.248406
|Q2| =   0.162501  Q20  =   0.128755  Q21s =   0.057399  Q22c =  -0.080834

H          x = -0.000000  y = -2.426379  z = -0.346828 angstrom
           Maximum rank =  2   Radius =  0.350 angstrom
                   Q00  =   0.040276
|Q1| =   0.137542  Q10  =  -0.031386  Q11s =   0.133913
|Q2| =   0.212882  Q20  =   0.030582  Q21s =   0.096679  Q22c =  -0.187180

H          x = -0.000000  y = -1.513436  z = -1.927872 angstrom
           Maximum rank =  2   Radius =  0.350 angstrom
                   Q00  =   0.104834
|Q1| =   0.131400  Q10  =   0.064791  Q11s =   0.114315
|Q2| =   0.187378  Q20  =   0.075329  Q21s =   0.018761  Q22c =  -0.170541

H          x =  0.000000  y =  1.513436  z = -1.927872 angstrom
           Maximum rank =  2   Radius =  0.350 angstrom
                   Q00  =   0.104834
|Q1| =   0.131400  Q10  =   0.064791  Q11s =  -0.114315
|Q2| =   0.187378  Q20  =   0.075329  Q21s =  -0.018761  Q22c =  -0.170541

TOP1       x =  0.000000  y =  0.000000  z =  2.000000 angstrom
           Maximum rank =  2   Radius =  0.650 angstrom
                   Q00  =  -1.285270
|Q1| =   0.199337  Q10  =   0.199337
|Q2| =   0.714596  Q20  =   0.339438  Q22c =  -0.628831

TOP2       x =  0.000000  y =  0.000000  z = -2.000000 angstrom
           Maximum rank =  2   Radius =  0.650 angstrom
                   Q00  =  -1.245291
|Q1| =   0.178239  Q10  =  -0.178239
|Q2| =   0.664658  Q20  =   0.599588  Q22c =  -0.286817

Total multipoles referred to origin at
           x =   0.000000,  y =    0.000000,  z =    0.000000 angstrom
                   Q00  =  -0.000004
|Q1| =   0.000038  Q10  =  -0.000038
|Q2| =   5.691381  Q20  =   2.845199  Q22c =  -4.929165

CPU time used:      2m23.895s          Total:      2m23.895s

Finished at 17:03:13 on 06 Dec 2021 
