                                     G D M A
                                 by Anthony Stone

               Distributed Multipoles from Gaussian wavefunctions

                             version 2.3.3 (e2d289a)
              Compiled with gfortran on 05 October 2021 at 19:26:39

Starting at 17:43:35 on 14 Jan 2022 


Using MP2 density matrix from file och3.fchk


                         Distributed Multipole Analysis

Standard DMA for products of primitives with exponent greater than 4.00000
Using 80-point Euler-MacLaurin radial quadrature
Using 590-point Lebedev quadrature
Becke smoothing parameter = 3

Positions and radii in angstrom
Multipole moments in atomic units, ea_0^k for rank k

C          x = -0.891747  y = -2.126216  z =  0.000000 angstrom
           Maximum rank =  2   Radius =  0.650 angstrom
                   Q00  =   0.032025
|Q1| =   0.222284  Q11c =   0.082183  Q11s =   0.206534
|Q2| =   1.230324  Q20  =  -1.195254  Q22c =  -0.211640  Q22s =   0.200681

C          x =  0.468599  y = -1.840275  z =  0.000000 angstrom
           Maximum rank =  2   Radius =  0.650 angstrom
                   Q00  =   0.129409
|Q1| =   0.357695  Q11c =  -0.094730  Q11s =   0.344923
|Q2| =   1.072390  Q20  =  -1.022756  Q22c =  -0.233240  Q22s =  -0.222687

C          x =  0.925254  y = -0.519450  z =  0.000000 angstrom
           Maximum rank =  2   Radius =  0.650 angstrom
                   Q00  =   0.745061
|Q1| =   0.998050  Q11c =  -0.903327  Q11s =   0.424388
|Q2| =   0.522286  Q20  =  -0.197031  Q22c =   0.367023  Q22s =  -0.315049

C          x =  0.000000  y =  0.527751  z =  0.000000 angstrom
           Maximum rank =  2   Radius =  0.650 angstrom
                   Q00  =   1.744674
|Q1| =   1.171884  Q11c =   0.013654  Q11s =  -1.171805
|Q2| =   0.736766  Q20  =   0.624159  Q22c =  -0.373440  Q22s =   0.117438

C          x = -1.371931  y =  0.245310  z =  0.000000 angstrom
           Maximum rank =  2   Radius =  0.650 angstrom
                   Q00  =   0.393225
|Q1| =   0.687345  Q11c =   0.673081  Q11s =  -0.139301
|Q2| =   0.732402  Q20  =  -0.641221  Q22c =   0.254554  Q22s =  -0.245867

C          x = -1.809324  y = -1.071731  z =  0.000000 angstrom
           Maximum rank =  2   Radius =  0.650 angstrom
                   Q00  =   0.079869
|Q1| =   0.275515  Q11c =   0.238086  Q11s =   0.138649
|Q2| =   1.142808  Q20  =  -1.102704  Q22c =   0.193297  Q22s =   0.229543

O          x =  0.332320  y =  1.852754  z =  0.000000 angstrom
           Maximum rank =  2   Radius =  0.650 angstrom
                   Q00  =  -0.230977
|Q1| =   0.615196  Q11c =   0.175849  Q11s =  -0.589528
|Q2| =   1.089506  Q20  =  -0.700296  Q22c =  -0.261848  Q22s =   0.792493

C          x =  1.707650  y =  2.208356  z =  0.000000 angstrom
           Maximum rank =  2   Radius =  0.650 angstrom
                   Q00  =   0.195374
|Q1| =   0.188916  Q11c =  -0.187690  Q11s =  -0.021488
|Q2| =   0.256271  Q20  =  -0.084359  Q22c =   0.112301  Q22s =   0.214352

H          x = -2.071031  y =  1.072903  z =  0.000000 angstrom
           Maximum rank =  2   Radius =  0.350 angstrom
                   Q00  =   0.092603
|Q1| =   0.132678  Q11c =   0.114600  Q11s =  -0.066861
|Q2| =   0.149786  Q20  =  -0.121842  Q22c =  -0.024703  Q22s =  -0.083547

H          x = -2.873785  y = -1.278387  z =  0.000000 angstrom
           Maximum rank =  2   Radius =  0.350 angstrom
                   Q00  =   0.047323
|Q1| =   0.122110  Q11c =   0.118044  Q11s =   0.031247
|Q2| =   0.191069  Q20  =  -0.147877  Q22c =   0.111094  Q22s =   0.047937

H          x = -1.236608  y = -3.153266  z =  0.000000 angstrom
           Maximum rank =  2   Radius =  0.350 angstrom
                   Q00  =   0.040925
|Q1| =   0.120736  Q11c =   0.039326  Q11s =   0.114152
|Q2| =   0.203683  Q20  =  -0.158017  Q22c =  -0.101769  Q22s =   0.078489

H          x =  1.193111  y = -2.647148  z =  0.000000 angstrom
           Maximum rank =  2   Radius =  0.350 angstrom
                   Q00  =   0.052155
|Q1| =   0.126163  Q11c =  -0.073929  Q11s =   0.102234
|Q2| =   0.182029  Q20  =  -0.141685  Q22c =  -0.015730  Q22s =  -0.113192

H          x =  1.989151  y = -0.324512  z =  0.000000 angstrom
           Maximum rank =  2   Radius =  0.350 angstrom
                   Q00  =   0.092995
|Q1| =   0.152327  Q11c =  -0.152125  Q11s =   0.007838
|Q2| =   0.132401  Q20  =  -0.109008  Q22c =   0.069135  Q22s =   0.029453

H          x =  1.733203  y =  3.296808  z =  0.000000 angstrom
           Maximum rank =  2   Radius =  0.350 angstrom
                   Q00  =   0.043429
|Q1| =   0.114216  Q11c =  -0.050538  Q11s =  -0.102427
|Q2| =   0.176697  Q20  =  -0.128804  Q22c =  -0.120805  Q22s =   0.006103

H          x =  2.218193  y =  1.834549  z =  0.894252 angstrom
           Maximum rank =  2   Radius =  0.350 angstrom
                   Q00  =   0.047529
|Q1| =   0.132533  Q10  =  -0.078789  Q11c =  -0.105578  Q11s =  -0.014511
|Q2| =   0.150812  Q20  =   0.064073  Q21c =   0.080429  Q21s =  -0.109957
                   Q22c =   0.004317  Q22s =   0.007786

H          x =  2.218193  y =  1.834549  z = -0.894252 angstrom
           Maximum rank =  2   Radius =  0.350 angstrom
                   Q00  =   0.047529
|Q1| =   0.132533  Q10  =   0.078789  Q11c =  -0.105578  Q11s =  -0.014511
|Q2| =   0.150812  Q20  =   0.064073  Q21c =  -0.080429  Q21s =   0.109957
                   Q22c =   0.004317  Q22s =   0.007786

TOP(2)     x =  0.000000  y =  0.000000  z =  2.000000 angstrom
           Maximum rank =  2   Radius =  0.650 angstrom
                   Q00  =  -0.098528
|Q1| =   0.036158  Q10  =   0.023853  Q11c =  -0.002047  Q11s =   0.027097
|Q2| =   0.314992  Q20  =   0.310085  Q21c =   0.005243  Q21s =   0.011214
                   Q22c =  -0.053606  Q22s =  -0.006328

TOP(1)     x =  0.000000  y =  0.000000  z =  1.000000 angstrom
           Maximum rank =  2   Radius =  0.650 angstrom
                   Q00  =  -0.485415
|Q1| =   0.056099  Q10  =  -0.043914  Q11c =  -0.025148  Q11s =  -0.024213
|Q2| =   0.712678  Q20  =   0.707674  Q21c =  -0.008512  Q21s =   0.014229
                   Q22c =  -0.077432  Q22s =   0.028934

TOP(0)     x =  0.000000  y =  0.000000  z =  0.000000 angstrom
           Maximum rank =  2   Radius =  0.650 angstrom
                   Q00  =  -0.842671
|Q1| =   0.169059  Q11c =   0.001863  Q11s =   0.169049
|Q2| =   0.438843  Q20  =   0.388632  Q22c =  -0.170360  Q22s =  -0.111921

TOP(ao)    x =  0.000000  y =  0.000000  z =  0.529000 angstrom
           Maximum rank =  2   Radius =  0.650 angstrom
                   Q00  =  -0.771341
|Q1| =   0.025655  Q10  =   0.015839  Q11c =  -0.015709  Q11s =   0.012669
|Q2| =   0.568695  Q20  =   0.548975  Q21c =  -0.006643  Q21s =  -0.041883
                   Q22c =  -0.133490  Q22s =  -0.049222

TOP(-a0)   x =  0.000000  y =  0.000000  z = -0.529000 angstrom
           Maximum rank =  2   Radius =  0.650 angstrom
                   Q00  =  -0.771341
|Q1| =   0.025655  Q10  =  -0.015839  Q11c =  -0.015709  Q11s =   0.012669
|Q2| =   0.568695  Q20  =   0.548975  Q21c =   0.006643  Q21s =   0.041883
                   Q22c =  -0.133490  Q22s =  -0.049222

TOP(-1)    x =  0.000000  y =  0.000000  z = -1.000000 angstrom
           Maximum rank =  2   Radius =  0.650 angstrom
                   Q00  =  -0.485415
|Q1| =   0.056099  Q10  =   0.043914  Q11c =  -0.025148  Q11s =  -0.024213
|Q2| =   0.712678  Q20  =   0.707674  Q21c =   0.008512  Q21s =  -0.014229
                   Q22c =  -0.077432  Q22s =   0.028934

TOP(-2)    x =  0.000000  y =  0.000000  z = -2.000000 angstrom
           Maximum rank =  2   Radius =  0.650 angstrom
                   Q00  =  -0.098528
|Q1| =   0.036158  Q10  =  -0.023853  Q11c =  -0.002047  Q11s =   0.027097
|Q2| =   0.314992  Q20  =   0.310085  Q21c =  -0.005243  Q21s =  -0.011214
                   Q22c =  -0.053606  Q22s =  -0.006328

Total multipoles referred to origin at
           x =   0.000000,  y =    0.000000,  z =    0.000000 angstrom
                   Q00  =  -0.000092
|Q1| =   0.546725  Q11c =   0.546412  Q11s =   0.018498
|Q2| =   8.256875  Q20  =  -6.652126  Q22c =   2.375435  Q22s =   4.275805

CPU time used:      3m26.825s          Total:      3m26.825s

Finished at 17:47:02 on 14 Jan 2022 
