                                     G D M A
                                 by Anthony Stone

               Distributed Multipoles from Gaussian wavefunctions

                             version 2.3.3 (6b8e81e)
              Compiled with gfortran on 14 January 2024 at 08:13:23

Starting at 13:37:04 on 04 Feb 2025 


Using MP2 density matrix from file benzene.fchk


                         Distributed Multipole Analysis

Standard DMA for products of primitives with exponent greater than 4.00000
Using 80-point Euler-MacLaurin radial quadrature
Using 590-point Lebedev quadrature
Becke smoothing parameter = 3

Positions and radii in angstrom
Multipole moments in atomic units, ea_0^k for rank k

C          x = -0.000000  y =  1.394663  z =  0.000000 angstrom
           Maximum rank =  2   Radius =  0.650 angstrom
                   Q00  =   0.311953
|Q1| =   0.569162  Q11s =  -0.569162
|Q2| =   1.149762  Q20  =  -0.970801  Q22c =  -0.616035

C          x = -1.207814  y =  0.697332  z =  0.000000 angstrom
           Maximum rank =  2   Radius =  0.650 angstrom
                   Q00  =   0.311952
|Q1| =   0.569164  Q11c =   0.492911  Q11s =  -0.284582
|Q2| =   1.149757  Q20  =  -0.970794  Q22c =   0.308016  Q22s =  -0.533504

C          x = -1.207814  y = -0.697332  z =  0.000000 angstrom
           Maximum rank =  2   Radius =  0.650 angstrom
                   Q00  =   0.311952
|Q1| =   0.569164  Q11c =   0.492911  Q11s =   0.284582
|Q2| =   1.149757  Q20  =  -0.970794  Q22c =   0.308016  Q22s =   0.533504

C          x = -0.000000  y = -1.394663  z =  0.000000 angstrom
           Maximum rank =  2   Radius =  0.650 angstrom
                   Q00  =   0.311953
|Q1| =   0.569162  Q11s =   0.569162
|Q2| =   1.149762  Q20  =  -0.970801  Q22c =  -0.616035

C          x =  1.207814  y = -0.697332  z = -0.000000 angstrom
           Maximum rank =  2   Radius =  0.650 angstrom
                   Q00  =   0.311952
|Q1| =   0.569164  Q11c =  -0.492911  Q11s =   0.284582
|Q2| =   1.149757  Q20  =  -0.970794  Q22c =   0.308016  Q22s =  -0.533504

C          x =  1.207814  y =  0.697332  z = -0.000000 angstrom
           Maximum rank =  2   Radius =  0.650 angstrom
                   Q00  =   0.311952
|Q1| =   0.569164  Q11c =  -0.492911  Q11s =  -0.284582
|Q2| =   1.149757  Q20  =  -0.970794  Q22c =   0.308016  Q22s =   0.533504

H          x = -0.000000  y =  2.479089  z =  0.000000 angstrom
           Maximum rank =  2   Radius =  0.350 angstrom
                   Q00  =   0.044272
|Q1| =   0.122359  Q11s =  -0.122359
|Q2| =   0.206319  Q20  =  -0.160913  Q22c =  -0.129130

H          x = -2.146954  y =  1.239545  z =  0.000000 angstrom
           Maximum rank =  2   Radius =  0.350 angstrom
                   Q00  =   0.044272
|Q1| =   0.122363  Q11c =   0.105971  Q11s =  -0.061179
|Q2| =   0.206304  Q20  =  -0.160908  Q22c =   0.064544  Q22s =  -0.111822

H          x = -2.146954  y = -1.239545  z =  0.000000 angstrom
           Maximum rank =  2   Radius =  0.350 angstrom
                   Q00  =   0.044272
|Q1| =   0.122363  Q11c =   0.105971  Q11s =   0.061179
|Q2| =   0.206304  Q20  =  -0.160908  Q22c =   0.064544  Q22s =   0.111822

H          x = -0.000000  y = -2.479089  z =  0.000000 angstrom
           Maximum rank =  2   Radius =  0.350 angstrom
                   Q00  =   0.044272
|Q1| =   0.122359  Q11s =   0.122359
|Q2| =   0.206319  Q20  =  -0.160913  Q22c =  -0.129130

H          x =  2.146954  y = -1.239545  z = -0.000000 angstrom
           Maximum rank =  2   Radius =  0.350 angstrom
                   Q00  =   0.044272
|Q1| =   0.122363  Q11c =  -0.105971  Q11s =   0.061179
|Q2| =   0.206304  Q20  =  -0.160908  Q22c =   0.064544  Q22s =  -0.111822

H          x =  2.146954  y =  1.239545  z = -0.000000 angstrom
           Maximum rank =  2   Radius =  0.350 angstrom
                   Q00  =   0.044272
|Q1| =   0.122363  Q11c =  -0.105971  Q11s =  -0.061179
|Q2| =   0.206304  Q20  =  -0.160908  Q22c =   0.064544  Q22s =   0.111822

TOP-0.5    x =  0.000000  y =  0.000000  z = -0.500000 angstrom
           Maximum rank =  2   Radius =  0.650 angstrom
                   Q00  =  -1.068672
|Q1| =   0.280229  Q10  =   0.280229
|Q2| =   0.294090  Q20  =   0.294090  Q22c =   0.000001

TOP-0.5    x =  0.000000  y =  0.000000  z =  0.500000 angstrom
           Maximum rank =  2   Radius =  0.650 angstrom
                   Q00  =  -1.068672
|Q1| =   0.280229  Q10  =  -0.280229
|Q2| =   0.294090  Q20  =   0.294090  Q22c =   0.000001

Total multipoles referred to origin at
           x =   0.000000,  y =    0.000000,  z =    0.000000 angstrom
                   Q00  =  -0.000000
|Q1| =   0.000000
|Q2| =   6.145008  Q20  =  -6.145008  Q22c =  -0.000278

CPU time used:      0m14.683s          Total:      0m14.683s

Finished at 13:37:19 on 04 Feb 2025 
