                                     G D M A
                                 by Anthony Stone

               Distributed Multipoles from Gaussian wavefunctions

                             version 2.3.3 (e2d289a)
              Compiled with gfortran on 05 October 2021 at 19:26:39

Starting at 20:18:05 on 03 Dec 2021 


Using MP2 density matrix from file bla-015.fchk


                         Distributed Multipole Analysis

Standard DMA for products of primitives with exponent greater than 4.00000
Using 80-point Euler-MacLaurin radial quadrature
Using 590-point Lebedev quadrature
Becke smoothing parameter = 3

Positions and radii in angstrom
Multipole moments in atomic units, ea_0^k for rank k

C          x =  0.659832  y =  1.229464  z =  0.000000 angstrom
           Maximum rank =  2   Radius =  0.650 angstrom
                   Q00  =   0.049410
|Q1| =   0.158653  Q11c =  -0.109134  Q11s =  -0.115154
|Q2| =   0.711897  Q20  =  -0.687917  Q22c =  -0.031521  Q22s =   0.180481

C          x =  1.394663  y = -0.043301  z = -0.000000 angstrom
           Maximum rank =  2   Radius =  0.650 angstrom
                   Q00  =   0.049411
|Q1| =   0.158650  Q11c =  -0.154290  Q11s =  -0.036937
|Q2| =   0.711888  Q20  =  -0.687909  Q22c =   0.172057  Q22s =   0.062943

C          x =  0.734831  y = -1.186163  z =  0.000000 angstrom
           Maximum rank =  2   Radius =  0.650 angstrom
                   Q00  =   0.049410
|Q1| =   0.158653  Q11c =  -0.045158  Q11s =   0.152090
|Q2| =   0.711891  Q20  =  -0.687913  Q22c =  -0.140533  Q22s =  -0.117541

C          x = -0.734831  y = -1.186163  z =  0.000000 angstrom
           Maximum rank =  2   Radius =  0.650 angstrom
                   Q00  =   0.049410
|Q1| =   0.158653  Q11c =   0.045158  Q11s =   0.152090
|Q2| =   0.711891  Q20  =  -0.687913  Q22c =  -0.140533  Q22s =   0.117541

C          x = -1.394663  y = -0.043301  z =  0.000000 angstrom
           Maximum rank =  2   Radius =  0.650 angstrom
                   Q00  =   0.049411
|Q1| =   0.158650  Q11c =   0.154290  Q11s =  -0.036937
|Q2| =   0.711888  Q20  =  -0.687909  Q22c =   0.172057  Q22s =  -0.062943

C          x = -0.659832  y =  1.229464  z = -0.000000 angstrom
           Maximum rank =  2   Radius =  0.650 angstrom
                   Q00  =   0.049410
|Q1| =   0.158653  Q11c =   0.109134  Q11s =  -0.115154
|Q2| =   0.711897  Q20  =  -0.687917  Q22c =  -0.031521  Q22s =  -0.180481

H          x =  1.202044  y =  2.168604  z =  0.000000 angstrom
           Maximum rank =  2   Radius =  0.350 angstrom
                   Q00  =   0.041543
|Q1| =   0.118472  Q11c =  -0.063248  Q11s =  -0.100176
|Q2| =   0.191891  Q20  =  -0.143082  Q22c =  -0.063225  Q22s =   0.111141

H          x =  2.479088  y = -0.043301  z = -0.000000 angstrom
           Maximum rank =  2   Radius =  0.350 angstrom
                   Q00  =   0.041543
|Q1| =   0.118472  Q11c =  -0.118379  Q11s =  -0.004686
|Q2| =   0.191891  Q20  =  -0.143082  Q22c =   0.127863  Q22s =   0.000816

H          x =  1.277044  y = -2.125303  z =  0.000000 angstrom
           Maximum rank =  2   Radius =  0.350 angstrom
                   Q00  =   0.041543
|Q1| =   0.118472  Q11c =  -0.055131  Q11s =   0.104862
|Q2| =   0.191891  Q20  =  -0.143082  Q22c =  -0.064639  Q22s =  -0.110325

H          x = -1.277044  y = -2.125303  z =  0.000000 angstrom
           Maximum rank =  2   Radius =  0.350 angstrom
                   Q00  =   0.041543
|Q1| =   0.118472  Q11c =   0.055131  Q11s =   0.104862
|Q2| =   0.191891  Q20  =  -0.143082  Q22c =  -0.064639  Q22s =   0.110325

H          x = -2.479088  y = -0.043301  z =  0.000000 angstrom
           Maximum rank =  2   Radius =  0.350 angstrom
                   Q00  =   0.041543
|Q1| =   0.118472  Q11c =   0.118379  Q11s =  -0.004686
|Q2| =   0.191891  Q20  =  -0.143082  Q22c =   0.127863  Q22s =  -0.000816

H          x = -1.202044  y =  2.168604  z = -0.000000 angstrom
           Maximum rank =  2   Radius =  0.350 angstrom
                   Q00  =   0.041543
|Q1| =   0.118472  Q11c =   0.063248  Q11s =  -0.100176
|Q2| =   0.191891  Q20  =  -0.143082  Q22c =  -0.063225  Q22s =  -0.111141

TOP1       x =  0.000000  y =  0.000000  z =  2.000000 angstrom
           Maximum rank =  2   Radius =  0.650 angstrom
                   Q00  =  -0.272858
|Q1| =   0.288453  Q10  =   0.288453
|Q2| =   0.187245  Q20  =   0.187245

TOP2       x =  0.000000  y =  0.000000  z = -2.000000 angstrom
           Maximum rank =  2   Radius =  0.650 angstrom
                   Q00  =  -0.272858
|Q1| =   0.288453  Q10  =  -0.288453
|Q2| =   0.187245  Q20  =   0.187245

Total multipoles referred to origin at
           x =   0.000000,  y =    0.000000,  z =    0.000000 angstrom
                   Q00  =   0.000003
|Q1| =   0.000000
|Q2| =   6.065643  Q20  =  -6.065643  Q22c =   0.000054

CPU time used:      1m17.133s          Total:      1m17.133s

Finished at 20:19:22 on 03 Dec 2021 
