                                     G D M A
                                 by Anthony Stone

               Distributed Multipoles from Gaussian wavefunctions

                             version 2.3.3 (e2d289a)
              Compiled with gfortran on 05 October 2021 at 19:26:39

Starting at 11:12:07 on 23 Dec 2021 


Using MP2 density matrix from file hepta-ch2.fchk


                         Distributed Multipole Analysis

Standard DMA for products of primitives with exponent greater than 4.00000
Using 80-point Euler-MacLaurin radial quadrature
Using 590-point Lebedev quadrature
Becke smoothing parameter = 3

Positions and radii in angstrom
Multipole moments in atomic units, ea_0^k for rank k

C          x =  0.676294  y = -1.889034  z =  0.000000 angstrom
           Maximum rank =  2   Radius =  0.650 angstrom
                   Q00  =   0.008688
|Q1| =   0.097524  Q11c =  -0.017114  Q11s =   0.096011
|Q2| =   1.021807  Q20  =  -1.019319  Q22c =   0.025920  Q22s =  -0.066384

C          x =  1.564903  y = -0.746685  z =  0.000000 angstrom
           Maximum rank =  2   Radius =  0.650 angstrom
                   Q00  =   0.022198
|Q1| =   0.104866  Q11c =  -0.102162  Q11s =   0.023659
|Q2| =   0.900254  Q20  =  -0.896160  Q22c =  -0.033355  Q22s =  -0.079010

C          x = -0.675913  y = -1.889272  z =  0.000000 angstrom
           Maximum rank =  2   Radius =  0.650 angstrom
                   Q00  =   0.008696
|Q1| =   0.097515  Q11c =   0.017114  Q11s =   0.096002
|Q2| =   1.021819  Q20  =  -1.019326  Q22c =   0.025802  Q22s =   0.066505

C          x = -1.564793  y = -0.747065  z = -0.000000 angstrom
           Maximum rank =  2   Radius =  0.650 angstrom
                   Q00  =   0.022191
|Q1| =   0.104856  Q11c =   0.102138  Q11s =   0.023721
|Q2| =   0.900289  Q20  =  -0.896195  Q22c =  -0.033303  Q22s =   0.079029

C          x = -1.281978  y =  0.574934  z = -0.000000 angstrom
           Maximum rank =  2   Radius =  0.650 angstrom
                   Q00  =   0.074741
|Q1| =   0.136162  Q11c =   0.134372  Q11s =  -0.022008
|Q2| =   0.686862  Q20  =  -0.682441  Q22c =  -0.074069  Q22s =   0.023820

C          x = -0.000000  y =  1.284964  z = -0.000000 angstrom
           Maximum rank =  2   Radius =  0.650 angstrom
                   Q00  =   0.021187
|Q1| =   0.184765  Q11c =   0.000075  Q11s =  -0.184765
|Q2| =   0.633799  Q20  =  -0.615945  Q22c =  -0.149371  Q22s =  -0.000344

C          x =  1.281919  y =  0.575328  z =  0.000000 angstrom
           Maximum rank =  2   Radius =  0.650 angstrom
                   Q00  =   0.074736
|Q1| =   0.136195  Q11c =  -0.134403  Q11s =  -0.022019
|Q2| =   0.686935  Q20  =  -0.682557  Q22c =  -0.073628  Q22s =  -0.023960

H          x = -2.141778  y =  1.240127  z = -0.000000 angstrom
           Maximum rank =  2   Radius =  0.350 angstrom
                   Q00  =   0.045229
|Q1| =   0.127700  Q11c =   0.108443  Q11s =  -0.067434
|Q2| =   0.171574  Q20  =  -0.147918  Q22c =   0.018622  Q22s =  -0.084917

H          x =  2.141798  y =  1.240404  z =  0.000000 angstrom
           Maximum rank =  2   Radius =  0.350 angstrom
                   Q00  =   0.045231
|Q1| =   0.127694  Q11c =  -0.108413  Q11s =  -0.067471
|Q2| =   0.171580  Q20  =  -0.147911  Q22c =   0.018698  Q22s =   0.084925

H          x =  2.621465  y = -0.999615  z =  0.000000 angstrom
           Maximum rank =  2   Radius =  0.350 angstrom
                   Q00  =   0.037931
|Q1| =   0.121452  Q11c =  -0.117496  Q11s =   0.030744
|Q2| =   0.194384  Q20  =  -0.159181  Q22c =   0.098622  Q22s =  -0.052153

H          x =  1.169078  y = -2.856600  z =  0.000000 angstrom
           Maximum rank =  2   Radius =  0.350 angstrom
                   Q00  =   0.036179
|Q1| =   0.119565  Q11c =  -0.052914  Q11s =   0.107219
|Q2| =   0.202648  Q20  =  -0.164815  Q22c =  -0.066929  Q22s =  -0.097071

H          x = -1.168393  y = -2.856985  z =  0.000000 angstrom
           Maximum rank =  2   Radius =  0.350 angstrom
                   Q00  =   0.036184
|Q1| =   0.119554  Q11c =   0.052884  Q11s =   0.107222
|Q2| =   0.202658  Q20  =  -0.164815  Q22c =  -0.067002  Q22s =   0.097041

H          x = -2.621317  y = -1.000132  z = -0.000000 angstrom
           Maximum rank =  2   Radius =  0.350 angstrom
                   Q00  =   0.037936
|Q1| =   0.121448  Q11c =   0.117486  Q11s =   0.030771
|Q2| =   0.194385  Q20  =  -0.159176  Q22c =   0.098620  Q22s =   0.052180

C          x = -0.000382  y =  2.640357  z = -0.000000 angstrom
           Maximum rank =  2   Radius =  0.650 angstrom
                   Q00  =  -0.035245
|Q1| =   0.056839  Q11c =   0.000050  Q11s =  -0.056839
|Q2| =   1.425617  Q20  =  -1.408179  Q22c =  -0.222291  Q22s =  -0.000030

H          x =  0.923143  y =  3.206099  z = -0.000000 angstrom
           Maximum rank =  2   Radius =  0.350 angstrom
                   Q00  =   0.020155
|Q1| =   0.120369  Q11c =  -0.073121  Q11s =  -0.095614
|Q2| =   0.232915  Q20  =  -0.188301  Q22c =   0.054972  Q22s =   0.125579

H          x = -0.924302  y =  3.205544  z = -0.000000 angstrom
           Maximum rank =  2   Radius =  0.350 angstrom
                   Q00  =   0.020178
|Q1| =   0.120365  Q11c =   0.073158  Q11s =  -0.095580
|Q2| =   0.232898  Q20  =  -0.188307  Q22c =   0.055141  Q22s =  -0.125466

TOP1       x =  0.000000  y =  0.000000  z =  2.000000 angstrom
           Maximum rank =  2   Radius =  0.650 angstrom
                   Q00  =  -0.238098
|Q1| =   0.248301  Q10  =   0.248212  Q11c =   0.000006  Q11s =  -0.006628
|Q2| =   0.190360  Q20  =   0.187385  Q21c =  -0.000012  Q21s =   0.000058
                   Q22c =  -0.033521  Q22s =   0.000001

TOP2       x =  0.000000  y =  0.000000  z = -2.000000 angstrom
           Maximum rank =  2   Radius =  0.650 angstrom
                   Q00  =  -0.238098
|Q1| =   0.248301  Q10  =  -0.248212  Q11c =   0.000006  Q11s =  -0.006628
|Q2| =   0.190360  Q20  =   0.187385  Q21c =   0.000012  Q21s =  -0.000058
                   Q22c =  -0.033521  Q22s =   0.000001

Total multipoles referred to origin at
           x =   0.000000,  y =    0.000000,  z =    0.000000 angstrom
                   Q00  =   0.000019
|Q1| =   0.273947  Q11c =   0.000083  Q11s =  -0.273947
|Q2| =   7.811965  Q20  =  -7.707056  Q22c =   1.275962  Q22s =   0.000399

CPU time used:      2m31.159s          Total:      2m31.159s

Finished at 11:14:38 on 23 Dec 2021 
