                                     G D M A
                                 by Anthony Stone

               Distributed Multipoles from Gaussian wavefunctions

                             version 2.3.3 (6b8e81e)
              Compiled with gfortran on 14 January 2024 at 08:13:23

Starting at 14:46:21 on 04 Feb 2025 


Using SCF density matrix from file bla-025.fchk


                         Distributed Multipole Analysis

Standard DMA for products of primitives with exponent greater than 4.00000
Using 80-point Euler-MacLaurin radial quadrature
Using 590-point Lebedev quadrature
Becke smoothing parameter = 3

Positions and radii in angstrom
Multipole moments in atomic units, ea_0^k for rank k

C          x =  0.634832  y =  1.243898  z =  0.000000 angstrom
           Maximum rank =  2   Radius =  0.650 angstrom
                   Q00  =   0.247048
|Q1| =   0.424122  Q11c =  -0.226533  Q11s =  -0.358556
|Q2| =   0.781534  Q20  =  -0.644110  Q22c =  -0.171503  Q22s =   0.408049

C          x =  1.394663  y = -0.072168  z = -0.000000 angstrom
           Maximum rank =  2   Radius =  0.650 angstrom
                   Q00  =   0.247049
|Q1| =   0.424121  Q11c =  -0.423784  Q11s =  -0.016906
|Q2| =   0.781534  Q20  =  -0.644111  Q22c =   0.439133  Q22s =   0.055497

C          x =  0.759831  y = -1.171730  z =  0.000000 angstrom
           Maximum rank =  2   Radius =  0.650 angstrom
                   Q00  =   0.247049
|Q1| =   0.424124  Q11c =  -0.197251  Q11s =   0.375464
|Q2| =   0.781536  Q20  =  -0.644111  Q22c =  -0.267621  Q22s =  -0.352560

C          x = -0.759831  y = -1.171730  z =  0.000000 angstrom
           Maximum rank =  2   Radius =  0.650 angstrom
                   Q00  =   0.247049
|Q1| =   0.424124  Q11c =   0.197251  Q11s =   0.375464
|Q2| =   0.781536  Q20  =  -0.644111  Q22c =  -0.267621  Q22s =   0.352560

C          x = -1.394663  y = -0.072168  z =  0.000000 angstrom
           Maximum rank =  2   Radius =  0.650 angstrom
                   Q00  =   0.247049
|Q1| =   0.424121  Q11c =   0.423784  Q11s =  -0.016906
|Q2| =   0.781534  Q20  =  -0.644111  Q22c =   0.439133  Q22s =  -0.055497

C          x = -0.634832  y =  1.243898  z = -0.000000 angstrom
           Maximum rank =  2   Radius =  0.650 angstrom
                   Q00  =   0.247048
|Q1| =   0.424122  Q11c =   0.226533  Q11s =  -0.358556
|Q2| =   0.781534  Q20  =  -0.644110  Q22c =  -0.171503  Q22s =  -0.408049

H          x =  1.177044  y =  2.183038  z =  0.000000 angstrom
           Maximum rank =  2   Radius =  0.350 angstrom
                   Q00  =   0.040578
|Q1| =   0.108741  Q11c =  -0.060769  Q11s =  -0.090176
|Q2| =   0.206945  Q20  =  -0.158136  Q22c =  -0.065790  Q22s =   0.116151

H          x =  2.479088  y = -0.072169  z = -0.000000 angstrom
           Maximum rank =  2   Radius =  0.350 angstrom
                   Q00  =   0.040578
|Q1| =   0.108741  Q11c =  -0.108480  Q11s =  -0.007539
|Q2| =   0.206945  Q20  =  -0.158136  Q22c =   0.133484  Q22s =   0.001100

H          x =  1.302044  y = -2.110869  z =  0.000000 angstrom
           Maximum rank =  2   Radius =  0.350 angstrom
                   Q00  =   0.040578
|Q1| =   0.108741  Q11c =  -0.047711  Q11s =   0.097716
|Q2| =   0.206945  Q20  =  -0.158136  Q22c =  -0.067694  Q22s =  -0.115051

H          x = -1.302044  y = -2.110869  z =  0.000000 angstrom
           Maximum rank =  2   Radius =  0.350 angstrom
                   Q00  =   0.040578
|Q1| =   0.108741  Q11c =   0.047711  Q11s =   0.097716
|Q2| =   0.206945  Q20  =  -0.158136  Q22c =  -0.067694  Q22s =   0.115051

H          x = -2.479088  y = -0.072169  z =  0.000000 angstrom
           Maximum rank =  2   Radius =  0.350 angstrom
                   Q00  =   0.040578
|Q1| =   0.108741  Q11c =   0.108480  Q11s =  -0.007539
|Q2| =   0.206945  Q20  =  -0.158136  Q22c =   0.133484  Q22s =  -0.001100

H          x = -1.177044  y =  2.183038  z = -0.000000 angstrom
           Maximum rank =  2   Radius =  0.350 angstrom
                   Q00  =   0.040578
|Q1| =   0.108741  Q11c =   0.060769  Q11s =  -0.090176
|Q2| =   0.206945  Q20  =  -0.158136  Q22c =  -0.065790  Q22s =  -0.116151

TOP(1)     x =  0.000000  y =  0.000000  z =  1.000000 angstrom
           Maximum rank =  2   Radius =  0.650 angstrom
                   Q00  =  -0.862881
|Q1| =   0.200070  Q10  =   0.200070
|Q2| =   0.531547  Q20  =   0.531547  Q21s =   0.000001  Q22c =  -0.000001

TOP(-1)    x =  0.000000  y =  0.000000  z = -1.000000 angstrom
           Maximum rank =  2   Radius =  0.650 angstrom
                   Q00  =  -0.862881
|Q1| =   0.200070  Q10  =  -0.200070
|Q2| =   0.531547  Q20  =   0.531547  Q21s =  -0.000001  Q22c =  -0.000001

Total multipoles referred to origin at
           x =   0.000000,  y =    0.000000,  z =    0.000000 angstrom
                   Q00  =  -0.000002
|Q1| =   0.000000
|Q2| =   6.506073  Q20  =  -6.506073  Q22c =   0.000056

CPU time used:      0m13.973s          Total:      0m13.973s

Finished at 14:46:35 on 04 Feb 2025 
