                                     G D M A
                                 by Anthony Stone

               Distributed Multipoles from Gaussian wavefunctions

                             version 2.3.3 (e2d289a)
              Compiled with gfortran on 05 October 2021 at 19:26:39

Starting at 11:54:21 on 06 Jan 2022 


Using MP2 density matrix from file clamp-20.fchk


                         Distributed Multipole Analysis

Standard DMA for products of primitives with exponent greater than 4.00000
Using 80-point Euler-MacLaurin radial quadrature
Using 590-point Lebedev quadrature
Becke smoothing parameter = 3

Positions and radii in angstrom
Multipole moments in atomic units, ea_0^k for rank k

C          x =  0.000000  y =  1.408200  z =  0.023813 angstrom
           Maximum rank =  2   Radius =  0.650 angstrom
                   Q00  =   0.365225
|Q1| =   0.646989  Q10  =  -0.039127  Q11s =  -0.645805
|Q2| =   1.425206  Q20  =   0.411456  Q21s =  -0.319526  Q22c =  -1.326582

C          x =  0.000000  y =  0.724681  z =  1.207555 angstrom
           Maximum rank =  2   Radius =  0.650 angstrom
                   Q00  =   1.189855
|Q1| =   1.243851  Q10  =  -0.149913  Q11s =  -1.234784
|Q2| =   1.240987  Q20  =   0.962468  Q21s =  -0.162269  Q22c =  -0.766403

C          x = -0.000000  y = -0.724681  z =  1.207555 angstrom
           Maximum rank =  2   Radius =  0.650 angstrom
                   Q00  =   1.189855
|Q1| =   1.243851  Q10  =  -0.149913  Q11s =   1.234784
|Q2| =   1.240987  Q20  =   0.962468  Q21s =   0.162269  Q22c =  -0.766403

C          x = -0.000000  y = -1.408200  z =  0.023813 angstrom
           Maximum rank =  2   Radius =  0.650 angstrom
                   Q00  =   0.365225
|Q1| =   0.646989  Q10  =  -0.039127  Q11s =   0.645805
|Q2| =   1.425206  Q20  =   0.411456  Q21s =   0.319526  Q22c =  -1.326582

C          x =  0.000000  y = -0.683446  z = -1.231356 angstrom
           Maximum rank =  2   Radius =  0.650 angstrom
                   Q00  =   1.287700
|Q1| =   1.159705  Q10  =   0.053078  Q11s =   1.158490
|Q2| =   1.281706  Q20  =   0.861950  Q21s =   0.136240  Q22c =  -0.938750

C          x =  0.000000  y =  0.683446  z = -1.231356 angstrom
           Maximum rank =  2   Radius =  0.650 angstrom
                   Q00  =   1.287700
|Q1| =   1.159705  Q10  =   0.053078  Q11s =  -1.158490
|Q2| =   1.281706  Q20  =   0.861950  Q21s =  -0.136240  Q22c =  -0.938750

H          x =  0.000000  y =  2.426379  z = -0.346828 angstrom
           Maximum rank =  2   Radius =  0.350 angstrom
                   Q00  =   0.063118
|Q1| =   0.151013  Q10  =  -0.030012  Q11s =  -0.148001
|Q2| =   0.189363  Q20  =   0.028109  Q21s =  -0.089768  Q22c =  -0.164348

H          x =  0.000000  y =  0.912837  z =  2.274634 angstrom
           Maximum rank =  2   Radius =  0.350 angstrom
                   Q00  =   0.226620
|Q1| =   0.256888  Q10  =  -0.077531  Q11s =  -0.244909
|Q2| =   0.150942  Q20  =   0.120801  Q21s =  -0.065489  Q22c =  -0.062465

H          x = -0.000000  y = -0.912837  z =  2.274634 angstrom
           Maximum rank =  2   Radius =  0.350 angstrom
                   Q00  =   0.226620
|Q1| =   0.256888  Q10  =  -0.077531  Q11s =   0.244909
|Q2| =   0.150942  Q20  =   0.120801  Q21s =   0.065489  Q22c =  -0.062465

H          x = -0.000000  y = -2.426379  z = -0.346828 angstrom
           Maximum rank =  2   Radius =  0.350 angstrom
                   Q00  =   0.063118
|Q1| =   0.151013  Q10  =  -0.030012  Q11s =   0.148001
|Q2| =   0.189363  Q20  =   0.028109  Q21s =   0.089768  Q22c =  -0.164348

H          x = -0.000000  y = -1.513436  z = -1.927872 angstrom
           Maximum rank =  2   Radius =  0.350 angstrom
                   Q00  =   0.130056
|Q1| =   0.147388  Q10  =   0.077490  Q11s =   0.125374
|Q2| =   0.163318  Q20  =   0.068730  Q21s =   0.017530  Q22c =  -0.147111

H          x =  0.000000  y =  1.513436  z = -1.927872 angstrom
           Maximum rank =  2   Radius =  0.350 angstrom
                   Q00  =   0.130056
|Q1| =   0.147388  Q10  =   0.077490  Q11s =  -0.125374
|Q2| =   0.163318  Q20  =   0.068730  Q21s =  -0.017530  Q22c =  -0.147111

TOP(2)     x =  0.000000  y =  0.000000  z =  2.000000 angstrom
           Maximum rank =  2   Radius =  0.650 angstrom
                   Q00  =  -1.089581
|Q1| =   0.036727  Q10  =  -0.036727
|Q2| =   0.639829  Q20  =   0.456663  Q22c =  -0.448152

TOP(1)     x =  0.000000  y =  0.000000  z =  1.000000 angstrom
           Maximum rank =  2   Radius =  0.650 angstrom
                   Q00  =  -1.151160
|Q1| =   0.248250  Q10  =  -0.248250
|Q2| =   0.960871  Q20  =   0.510063  Q22c =  -0.814315

TOP(0)     x =  0.000000  y =  0.000000  z =  0.000000 angstrom
           Maximum rank =  2   Radius =  0.650 angstrom
                   Q00  =  -0.541663
|Q1| =   0.004681  Q10  =   0.004681
|Q2| =   0.639823  Q20  =   0.628218  Q22c =  -0.121303

TOP(ao)    x =  0.000000  y =  0.000000  z =  0.529000 angstrom
           Maximum rank =  2   Radius =  0.650 angstrom
                   Q00  =  -0.745190
|Q1| =   0.015027  Q10  =  -0.015027
|Q2| =   0.753246  Q20  =   0.710009  Q22c =  -0.251530

TOP(-a0)   x =  0.000000  y =  0.000000  z = -0.529000 angstrom
           Maximum rank =  2   Radius =  0.650 angstrom
                   Q00  =  -0.773919
|Q1| =   0.010195  Q10  =   0.010195
|Q2| =   0.782389  Q20  =   0.753661  Q22c =  -0.210065

TOP(-1)    x =  0.000000  y =  0.000000  z = -1.000000 angstrom
           Maximum rank =  2   Radius =  0.650 angstrom
                   Q00  =  -1.164381
|Q1| =   0.257249  Q10  =   0.257249
|Q2| =   0.976525  Q20  =   0.502076  Q22c =  -0.837568

TOP(-2)    x =  0.000000  y =  0.000000  z = -2.000000 angstrom
           Maximum rank =  2   Radius =  0.650 angstrom
                   Q00  =  -1.059264
|Q1| =   0.032440  Q10  =   0.032440
|Q2| =   0.686236  Q20  =   0.677151  Q22c =  -0.111297

Total multipoles referred to origin at
           x =   0.000000,  y =    0.000000,  z =    0.000000 angstrom
                   Q00  =  -0.000010
|Q1| =   0.000009  Q10  =  -0.000009
|Q2| =   5.691319  Q20  =   2.845208  Q22c =  -4.929087

CPU time used:      1m53.955s          Total:      1m53.955s

Finished at 11:56:15 on 06 Jan 2022 
