                                     G D M A
                                 by Anthony Stone

               Distributed Multipoles from Gaussian wavefunctions

                             version 2.3.3 (e2d289a)
              Compiled with gfortran on 05 October 2021 at 19:26:39

Starting at 17:03:54 on 31 Jan 2022 


Using MP2 density matrix from file boat-10.fchk


                         Distributed Multipole Analysis

Standard DMA for products of primitives with exponent greater than 4.00000
Using 80-point Euler-MacLaurin radial quadrature
Using 590-point Lebedev quadrature
Becke smoothing parameter = 3

Positions and radii in angstrom
Multipole moments in atomic units, ea_0^k for rank k

C          x =  0.007277  y =  1.394112  z = -0.040580 angstrom
           Maximum rank =  2   Radius =  0.650 angstrom
                   Q00  =   0.368266
|Q1| =   0.782838  Q10  =  -0.005372  Q11c =  -0.004365  Q11s =  -0.782807
|Q2| =   0.778490  Q20  =  -0.545690  Q21c =   0.065077  Q21s =  -0.032154
                   Q22c =  -0.550411  Q22s =   0.007025

C          x = -1.204594  y =  0.701691  z = -0.040580 angstrom
           Maximum rank =  2   Radius =  0.650 angstrom
                   Q00  =   0.368323
|Q1| =   0.782899  Q10  =  -0.005409  Q11c =   0.676618  Q11s =  -0.393816
|Q2| =   0.778442  Q20  =  -0.545626  Q21c =  -0.005139  Q21s =  -0.072520
                   Q22c =   0.272686  Q22s =  -0.478144

C          x = -1.204594  y = -0.688230  z =  0.080985 angstrom
           Maximum rank =  2   Radius =  0.650 angstrom
                   Q00  =   0.373439
|Q1| =   0.789491  Q10  =   0.010682  Q11c =   0.685439  Q11s =   0.391605
|Q2| =   0.769263  Q20  =  -0.539173  Q21c =  -0.055755  Q21s =  -0.031841
                   Q22c =   0.276717  Q22s =   0.469429

C          x = -0.007277  y = -1.394112  z = -0.040580 angstrom
           Maximum rank =  2   Radius =  0.650 angstrom
                   Q00  =   0.368266
|Q1| =   0.782838  Q10  =  -0.005372  Q11c =   0.004365  Q11s =   0.782807
|Q2| =   0.778490  Q20  =  -0.545690  Q21c =  -0.065077  Q21s =   0.032154
                   Q22c =  -0.550411  Q22s =   0.007025

C          x =  1.204594  y = -0.701691  z = -0.040580 angstrom
           Maximum rank =  2   Radius =  0.650 angstrom
                   Q00  =   0.368323
|Q1| =   0.782899  Q10  =  -0.005409  Q11c =  -0.676618  Q11s =   0.393816
|Q2| =   0.778442  Q20  =  -0.545626  Q21c =   0.005139  Q21s =   0.072520
                   Q22c =   0.272686  Q22s =  -0.478144

C          x =  1.204594  y =  0.688230  z =  0.080985 angstrom
           Maximum rank =  2   Radius =  0.650 angstrom
                   Q00  =   0.373439
|Q1| =   0.789491  Q10  =   0.010682  Q11c =  -0.685439  Q11s =  -0.391605
|Q2| =   0.769263  Q20  =  -0.539173  Q21c =   0.055755  Q21s =   0.031841
                   Q22c =   0.276717  Q22s =   0.469429

H          x =  0.015047  y =  2.478030  z = -0.068802 angstrom
           Maximum rank =  2   Radius =  0.325 angstrom
                   Q00  =   0.114732
|Q1| =   0.153932  Q10  =   0.003239  Q11c =  -0.001073  Q11s =  -0.153895
|Q2| =   0.135282  Q20  =  -0.097854  Q21c =   0.008276  Q21s =  -0.008780
                   Q22c =  -0.092617  Q22s =   0.001484

H          x = -2.142318  y =  1.245396  z = -0.069050 angstrom
           Maximum rank =  2   Radius =  0.325 angstrom
                   Q00  =   0.114730
|Q1| =   0.153940  Q10  =   0.003241  Q11c =   0.133125  Q11s =  -0.077230
|Q2| =   0.135275  Q20  =  -0.097849  Q21c =   0.003420  Q21s =  -0.011620
                   Q22c =   0.046151  Q22s =  -0.080302

H          x = -2.145048  y = -1.225507  z =  0.138898 angstrom
           Maximum rank =  2   Radius =  0.325 angstrom
                   Q00  =   0.114163
|Q1| =   0.155030  Q10  =  -0.006568  Q11c =   0.134491  Q11s =   0.076834
|Q2| =   0.134188  Q20  =  -0.097356  Q21c =  -0.015491  Q21s =  -0.008852
                   Q22c =   0.046016  Q22s =   0.078054

H          x = -0.015047  y = -2.478030  z = -0.068802 angstrom
           Maximum rank =  2   Radius =  0.325 angstrom
                   Q00  =   0.114732
|Q1| =   0.153932  Q10  =   0.003239  Q11c =   0.001073  Q11s =   0.153895
|Q2| =   0.135282  Q20  =  -0.097854  Q21c =  -0.008276  Q21s =   0.008780
                   Q22c =  -0.092617  Q22s =   0.001484

H          x =  2.142318  y = -1.245396  z = -0.069050 angstrom
           Maximum rank =  2   Radius =  0.325 angstrom
                   Q00  =   0.114730
|Q1| =   0.153940  Q10  =   0.003241  Q11c =  -0.133125  Q11s =   0.077230
|Q2| =   0.135275  Q20  =  -0.097849  Q21c =  -0.003420  Q21s =   0.011620
                   Q22c =   0.046151  Q22s =  -0.080302

H          x =  2.145048  y =  1.225507  z =  0.138898 angstrom
           Maximum rank =  2   Radius =  0.325 angstrom
                   Q00  =   0.114163
|Q1| =   0.155030  Q10  =  -0.006568  Q11c =  -0.134491  Q11s =  -0.076834
|Q2| =   0.134188  Q20  =  -0.097356  Q21c =   0.015491  Q21s =   0.008852
                   Q22c =   0.046016  Q22s =   0.078054

TOP(2)     x =  0.000000  y =  0.000000  z =  2.000000 angstrom
           Maximum rank =  2   Radius =  0.650 angstrom
                   Q00  =  -0.110889
|Q1| =   0.027084  Q10  =   0.027084
|Q2| =   0.357870  Q20  =   0.357684  Q22c =  -0.005854  Q22s =  -0.009927

TOP(1)     x =  0.000000  y =  0.000000  z =  1.000000 angstrom
           Maximum rank =  2   Radius =  0.650 angstrom
                   Q00  =  -0.442696
|Q1| =   0.058932  Q10  =  -0.058932
|Q2| =   0.714090  Q20  =   0.713974  Q22c =   0.006540  Q22s =   0.011103

TOP(0)     x =  0.000000  y =  0.000000  z =  0.000000 angstrom
           Maximum rank =  2   Radius =  0.650 angstrom
                   Q00  =  -0.650816
|Q1| =   0.000017  Q10  =  -0.000017
|Q2| =   0.455723  Q20  =   0.455722  Q22c =   0.000435  Q22s =   0.000704

TOP(ao)    x =  0.000000  y =  0.000000  z =  0.529000 angstrom
           Maximum rank =  2   Radius =  0.650 angstrom
                   Q00  =  -0.574882
|Q1| =   0.010312  Q10  =   0.010312
|Q2| =   0.542855  Q20  =   0.542215  Q22c =   0.013397  Q22s =   0.022708

TOP(-a0)   x =  0.000000  y =  0.000000  z = -0.529000 angstrom
           Maximum rank =  2   Radius =  0.650 angstrom
                   Q00  =  -0.574675
|Q1| =   0.010302  Q10  =  -0.010302
|Q2| =   0.542708  Q20  =   0.542252  Q22c =  -0.011300  Q22s =  -0.019185

TOP(-1)    x =  0.000000  y =  0.000000  z = -1.000000 angstrom
           Maximum rank =  2   Radius =  0.650 angstrom
                   Q00  =  -0.442519
|Q1| =   0.058908  Q10  =   0.058908
|Q2| =   0.714187  Q20  =   0.714142  Q22c =  -0.004047  Q22s =  -0.006876

TOP(-2)    x =  0.000000  y =  0.000000  z = -2.000000 angstrom
           Maximum rank =  2   Radius =  0.650 angstrom
                   Q00  =  -0.110827
|Q1| =   0.027081  Q10  =  -0.027081
|Q2| =   0.357610  Q20  =   0.357419  Q22c =   0.005927  Q22s =   0.010070

Total multipoles referred to origin at
           x =   0.000000,  y =    0.000000,  z =    0.000000 angstrom
                   Q00  =   0.000001
|Q1| =   0.000311  Q10  =   0.000311
|Q2| =   6.067652  Q20  =  -6.067320  Q22c =  -0.032509  Q22s =  -0.054556

CPU time used:      1m54.842s          Total:      1m54.842s

Finished at 17:05:49 on 31 Jan 2022 
