                                     G D M A
                                 by Anthony Stone

               Distributed Multipoles from Gaussian wavefunctions

                             version 2.3.3 (e2d289a)
              Compiled with gfortran on 05 October 2021 at 19:26:39

Starting at 19:08:41 on 05 Jan 2022 


Using MP2 density matrix from file clamp-15.fchk


                         Distributed Multipole Analysis

Standard DMA for products of primitives with exponent greater than 4.00000
Using 80-point Euler-MacLaurin radial quadrature
Using 590-point Lebedev quadrature
Becke smoothing parameter = 3

Positions and radii in angstrom
Multipole moments in atomic units, ea_0^k for rank k

C          x =  0.000000  y =  1.401541  z =  0.015763 angstrom
           Maximum rank =  2   Radius =  0.650 angstrom
                   Q00  =   0.366566
|Q1| =   0.644398  Q10  =  -0.029738  Q11s =  -0.643711
|Q2| =   1.425048  Q20  =   0.373739  Q21s =  -0.249180  Q22c =  -1.352401

C          x =  0.000000  y =  0.714396  z =  1.205856 angstrom
           Maximum rank =  2   Radius =  0.650 angstrom
                   Q00  =   1.209767
|Q1| =   1.238209  Q10  =  -0.130024  Q11s =  -1.231364
|Q2| =   1.251222  Q20  =   0.981915  Q21s =  -0.110019  Q22c =  -0.767654

C          x = -0.000000  y = -0.714396  z =  1.205856 angstrom
           Maximum rank =  2   Radius =  0.650 angstrom
                   Q00  =   1.209767
|Q1| =   1.238209  Q10  =  -0.130024  Q11s =   1.231364
|Q2| =   1.251222  Q20  =   0.981915  Q21s =   0.110019  Q22c =  -0.767654

C          x = -0.000000  y = -1.401541  z =  0.015763 angstrom
           Maximum rank =  2   Radius =  0.650 angstrom
                   Q00  =   0.366566
|Q1| =   0.644398  Q10  =  -0.029738  Q11s =   0.643711
|Q2| =   1.425048  Q20  =   0.373739  Q21s =   0.249180  Q22c =  -1.352401

C          x =  0.000000  y = -0.687113  z = -1.221617 angstrom
           Maximum rank =  2   Radius =  0.650 angstrom
                   Q00  =   1.277223
|Q1| =   1.171558  Q10  =   0.054885  Q11s =   1.170271
|Q2| =   1.286347  Q20  =   0.900307  Q21s =   0.124654  Q22c =  -0.910274

C          x =  0.000000  y =  0.687113  z = -1.221617 angstrom
           Maximum rank =  2   Radius =  0.650 angstrom
                   Q00  =   1.277223
|Q1| =   1.171558  Q10  =   0.054885  Q11s =  -1.170271
|Q2| =   1.286347  Q20  =   0.900307  Q21s =  -0.124654  Q22c =  -0.910274

H          x =  0.000000  y =  2.448747  z = -0.264852 angstrom
           Maximum rank =  2   Radius =  0.350 angstrom
                   Q00  =   0.062735
|Q1| =   0.142540  Q10  =  -0.022546  Q11s =  -0.140746
|Q2| =   0.187786  Q20  =   0.009292  Q21s =  -0.069679  Q22c =  -0.174133

H          x =  0.000000  y =  0.994998  z =  2.253072 angstrom
           Maximum rank =  2   Radius =  0.350 angstrom
                   Q00  =   0.213250
|Q1| =   0.237926  Q10  =  -0.066877  Q11s =  -0.228334
|Q2| =   0.149506  Q20  =   0.121851  Q21s =  -0.047782  Q22c =  -0.072259

H          x = -0.000000  y = -0.994998  z =  2.253072 angstrom
           Maximum rank =  2   Radius =  0.350 angstrom
                   Q00  =   0.213250
|Q1| =   0.237926  Q10  =  -0.066877  Q11s =   0.228334
|Q2| =   0.149506  Q20  =   0.121851  Q21s =   0.047782  Q22c =  -0.072259

H          x = -0.000000  y = -2.448747  z = -0.264852 angstrom
           Maximum rank =  2   Radius =  0.350 angstrom
                   Q00  =   0.062735
|Q1| =   0.142540  Q10  =  -0.022546  Q11s =   0.140746
|Q2| =   0.187786  Q20  =   0.009292  Q21s =   0.069679  Q22c =  -0.174133

H          x =  0.000000  y = -1.453710  z = -1.988240 angstrom
           Maximum rank =  2   Radius =  0.350 angstrom
                   Q00  =   0.139492
|Q1| =   0.152280  Q10  =   0.067256  Q11s =   0.136623
|Q2| =   0.159207  Q20  =   0.084206  Q21s =   0.019229  Q22c =  -0.133741

H          x =  0.000000  y =  1.453710  z = -1.988240 angstrom
           Maximum rank =  2   Radius =  0.350 angstrom
                   Q00  =   0.139492
|Q1| =   0.152280  Q10  =   0.067256  Q11s =  -0.136623
|Q2| =   0.159207  Q20  =   0.084206  Q21s =  -0.019229  Q22c =  -0.133741

TOP(2)     x =  0.000000  y =  0.000000  z =  2.000000 angstrom
           Maximum rank =  2   Radius =  0.650 angstrom
                   Q00  =  -1.085496
|Q1| =   0.040681  Q10  =  -0.040681
|Q2| =   0.628709  Q20  =   0.485487  Q22c =  -0.399471

TOP(1)     x =  0.000000  y =  0.000000  z =  1.000000 angstrom
           Maximum rank =  2   Radius =  0.650 angstrom
                   Q00  =  -1.160728
|Q1| =   0.250556  Q10  =  -0.250556
|Q2| =   0.967957  Q20  =   0.507482  Q22c =  -0.824259

TOP(0)     x =  0.000000  y =  0.000000  z =  0.000000 angstrom
           Maximum rank =  2   Radius =  0.650 angstrom
                   Q00  =  -0.544452
|Q1| =   0.003671  Q10  =   0.003671
|Q2| =   0.639650  Q20  =   0.627179  Q22c =  -0.125692

TOP(ao)    x =  0.000000  y =  0.000000  z =  0.529000 angstrom
           Maximum rank =  2   Radius =  0.650 angstrom
                   Q00  =  -0.753271
|Q1| =   0.014326  Q10  =  -0.014326
|Q2| =   0.757264  Q20  =   0.713907  Q22c =  -0.252557

TOP(-a0)   x =  0.000000  y =  0.000000  z = -0.529000 angstrom
           Maximum rank =  2   Radius =  0.650 angstrom
                   Q00  =  -0.774140
|Q1| =   0.010094  Q10  =   0.010094
|Q2| =   0.778009  Q20  =   0.745627  Q22c =  -0.222120

TOP(-1)    x =  0.000000  y =  0.000000  z = -1.000000 angstrom
           Maximum rank =  2   Radius =  0.650 angstrom
                   Q00  =  -1.165865
|Q1| =   0.257355  Q10  =   0.257355
|Q2| =   0.975739  Q20  =   0.500039  Q22c =  -0.837870

TOP(-2)    x =  0.000000  y =  0.000000  z = -2.000000 angstrom
           Maximum rank =  2   Radius =  0.650 angstrom
                   Q00  =  -1.054107
|Q1| =   0.033328  Q10  =   0.033328
|Q2| =   0.672001  Q20  =   0.659924  Q22c =  -0.126832

Total multipoles referred to origin at
           x =   0.000000,  y =    0.000000,  z =    0.000000 angstrom
                   Q00  =   0.000006
|Q1| =   0.000030  Q10  =  -0.000030
|Q2| =   5.884341  Q20  =   2.941845  Q22c =  -5.096176

CPU time used:      1m55.564s          Total:      1m55.564s

Finished at 19:10:36 on 05 Jan 2022 
