                                     G D M A
                                 by Anthony Stone

               Distributed Multipoles from Gaussian wavefunctions

                             version 2.3.3 (6b8e81e)
              Compiled with gfortran on 14 January 2024 at 08:13:23

Starting at 16:25:30 on 12 Feb 2025 


Using SCF density matrix from file chair-15.fchk


                         Distributed Multipole Analysis

Standard DMA for products of primitives with exponent greater than 4.00000
Using 80-point Euler-MacLaurin radial quadrature
Using 590-point Lebedev quadrature
Becke smoothing parameter = 3

Positions and radii in angstrom
Multipole moments in atomic units, ea_0^k for rank k

C          x =  1.383503  y =  0.000000  z =  0.060690 angstrom
           Maximum rank =  2   Radius =  0.650 angstrom
                   Q00  =   0.259402
|Q1| =   0.430182  Q10  =   0.009990  Q11c =  -0.430066
|Q2| =   0.784330  Q20  =  -0.636439  Q21c =  -0.020757  Q22c =   0.457917

C          x =  0.696344  y =  1.209988  z = -0.060690 angstrom
           Maximum rank =  2   Radius =  0.650 angstrom
                   Q00  =   0.253338
|Q1| =   0.421525  Q10  =  -0.009297  Q11c =  -0.209714  Q11s =  -0.365537
|Q2| =   0.795718  Q20  =  -0.644286  Q21c =   0.010493  Q21s =   0.017938
                   Q22c =  -0.231319  Q22s =   0.405120

C          x = -0.696344  y =  1.209988  z =  0.060690 angstrom
           Maximum rank =  2   Radius =  0.650 angstrom
                   Q00  =   0.253338
|Q1| =   0.421525  Q10  =   0.009297  Q11c =   0.209714  Q11s =  -0.365537
|Q2| =   0.795718  Q20  =  -0.644286  Q21c =   0.010493  Q21s =  -0.017938
                   Q22c =  -0.231319  Q22s =  -0.405120

C          x = -1.383503  y =  0.000000  z = -0.060690 angstrom
           Maximum rank =  2   Radius =  0.650 angstrom
                   Q00  =   0.259402
|Q1| =   0.430182  Q10  =  -0.009990  Q11c =   0.430066
|Q2| =   0.784330  Q20  =  -0.636439  Q21c =  -0.020757  Q22c =   0.457917

C          x = -0.696344  y = -1.209988  z =  0.060690 angstrom
           Maximum rank =  2   Radius =  0.650 angstrom
                   Q00  =   0.253338
|Q1| =   0.421525  Q10  =   0.009297  Q11c =   0.209714  Q11s =   0.365537
|Q2| =   0.795718  Q20  =  -0.644286  Q21c =   0.010493  Q21s =   0.017938
                   Q22c =  -0.231319  Q22s =   0.405120

C          x =  0.696344  y = -1.209988  z = -0.060690 angstrom
           Maximum rank =  2   Radius =  0.650 angstrom
                   Q00  =   0.253338
|Q1| =   0.421525  Q10  =  -0.009297  Q11c =  -0.209714  Q11s =   0.365537
|Q2| =   0.795718  Q20  =  -0.644286  Q21c =   0.010493  Q21s =  -0.017938
                   Q22c =  -0.231319  Q22s =  -0.405120

H          x =  2.468881  y =  0.000000  z =  0.049943 angstrom
           Maximum rank =  2   Radius =  0.350 angstrom
                   Q00  =   0.039592
|Q1| =   0.108484  Q10  =  -0.000583  Q11c =  -0.108482
|Q2| =   0.210385  Q20  =  -0.162777  Q21c =   0.006584  Q22c =   0.133124

H          x =  1.243913  y =  2.146342  z = -0.048003 angstrom
           Maximum rank =  2   Radius =  0.350 angstrom
                   Q00  =   0.041021
|Q1| =   0.106797  Q10  =   0.000472  Q11c =  -0.053676  Q11s =  -0.092328
|Q2| =   0.211141  Q20  =  -0.162350  Q21c =  -0.002916  Q21s =  -0.005100
                   Q22c =  -0.066240  Q22s =   0.117477

H          x = -1.243913  y =  2.146342  z =  0.048003 angstrom
           Maximum rank =  2   Radius =  0.350 angstrom
                   Q00  =   0.041021
|Q1| =   0.106797  Q10  =  -0.000472  Q11c =   0.053676  Q11s =  -0.092328
|Q2| =   0.211141  Q20  =  -0.162350  Q21c =  -0.002916  Q21s =   0.005100
                   Q22c =  -0.066240  Q22s =  -0.117477

H          x = -2.468881  y =  0.000000  z = -0.049943 angstrom
           Maximum rank =  2   Radius =  0.350 angstrom
                   Q00  =   0.039592
|Q1| =   0.108484  Q10  =   0.000583  Q11c =   0.108482
|Q2| =   0.210385  Q20  =  -0.162777  Q21c =   0.006584  Q22c =   0.133124

H          x = -1.243913  y = -2.146342  z =  0.048003 angstrom
           Maximum rank =  2   Radius =  0.350 angstrom
                   Q00  =   0.041021
|Q1| =   0.106797  Q10  =  -0.000472  Q11c =   0.053676  Q11s =   0.092328
|Q2| =   0.211141  Q20  =  -0.162350  Q21c =  -0.002916  Q21s =  -0.005100
                   Q22c =  -0.066240  Q22s =   0.117477

H          x =  1.243913  y = -2.146342  z = -0.048003 angstrom
           Maximum rank =  2   Radius =  0.350 angstrom
                   Q00  =   0.041021
|Q1| =   0.106797  Q10  =   0.000472  Q11c =  -0.053676  Q11s =   0.092328
|Q2| =   0.211141  Q20  =  -0.162350  Q21c =  -0.002916  Q21s =   0.005100
                   Q22c =  -0.066240  Q22s =  -0.117477

TOP(1)     x =  0.000000  y =  0.000000  z =  1.000000 angstrom
           Maximum rank =  2   Radius =  0.650 angstrom
                   Q00  =  -0.887712
|Q1| =   0.185891  Q10  =   0.185891  Q11c =  -0.000008
|Q2| =   0.547230  Q20  =   0.547228  Q21c =  -0.000447  Q22c =   0.001118

TOP(-1)    x =  0.000000  y =  0.000000  z = -1.000000 angstrom
           Maximum rank =  2   Radius =  0.650 angstrom
                   Q00  =  -0.887712
|Q1| =   0.185891  Q10  =  -0.185891  Q11c =   0.000008
|Q2| =   0.547230  Q20  =   0.547228  Q21c =  -0.000447  Q22c =   0.001118

Total multipoles referred to origin at
           x =   0.000000,  y =    0.000000,  z =    0.000000 angstrom
                   Q00  =   0.000000
|Q1| =   0.000000
|Q2| =   6.885278  Q20  =  -6.884358  Q21c =   0.003379  Q22c =  -0.112478

CPU time used:      0m14.241s          Total:      0m14.241s

Finished at 16:25:44 on 12 Feb 2025 
