                                     G D M A
                                 by Anthony Stone

               Distributed Multipoles from Gaussian wavefunctions

                             version 2.3.3 (e2d289a)
              Compiled with gfortran on 05 October 2021 at 19:26:39

Starting at 12:24:10 on 07 Dec 2021 


Using MP2 density matrix from file och3.fchk


                         Distributed Multipole Analysis

Standard DMA for products of primitives with exponent greater than 4.00000
Using 80-point Euler-MacLaurin radial quadrature
Using 590-point Lebedev quadrature
Becke smoothing parameter = 3

Positions and radii in angstrom
Multipole moments in atomic units, ea_0^k for rank k

C          x = -0.891747  y = -2.126216  z =  0.000000 angstrom
           Maximum rank =  2   Radius =  0.650 angstrom
                   Q00  =  -0.024503
|Q1| =   0.103366  Q11c =   0.033955  Q11s =   0.097630
|Q2| =   1.201820  Q20  =  -1.189575  Q22c =  -0.129333  Q22s =   0.112054

C          x =  0.468599  y = -1.840275  z =  0.000000 angstrom
           Maximum rank =  2   Radius =  0.650 angstrom
                   Q00  =   0.004065
|Q1| =   0.119515  Q11c =  -0.046847  Q11s =   0.109951
|Q2| =   1.029830  Q20  =  -1.021268  Q22c =  -0.046560  Q22s =  -0.124067

C          x =  0.925254  y = -0.519450  z =  0.000000 angstrom
           Maximum rank =  2   Radius =  0.650 angstrom
                   Q00  =   0.064418
|Q1| =   0.183281  Q11c =  -0.171163  Q11s =   0.065538
|Q2| =   0.540063  Q20  =  -0.535365  Q22c =   0.062744  Q22s =  -0.033404

C          x =  0.000000  y =  0.527751  z =  0.000000 angstrom
           Maximum rank =  2   Radius =  0.650 angstrom
                   Q00  =   0.257284
|Q1| =   0.014670  Q11c =   0.006342  Q11s =   0.013229
|Q2| =   0.189869  Q20  =  -0.087118  Q22c =  -0.156553  Q22s =   0.062865

C          x = -1.371931  y =  0.245310  z =  0.000000 angstrom
           Maximum rank =  2   Radius =  0.650 angstrom
                   Q00  =   0.052267
|Q1| =   0.172197  Q11c =   0.172022  Q11s =  -0.007773
|Q2| =   0.767508  Q20  =  -0.765381  Q22c =  -0.048654  Q22s =  -0.029906

C          x = -1.809324  y = -1.071731  z =  0.000000 angstrom
           Maximum rank =  2   Radius =  0.650 angstrom
                   Q00  =  -0.004192
|Q1| =   0.106443  Q11c =   0.096900  Q11s =   0.044051
|Q2| =   1.106928  Q20  =  -1.097437  Q22c =   0.119334  Q22s =   0.081739

O          x =  0.332320  y =  1.852754  z =  0.000000 angstrom
           Maximum rank =  2   Radius =  0.650 angstrom
                   Q00  =  -0.340875
|Q1| =   0.467129  Q11c =   0.242925  Q11s =  -0.398994
|Q2| =   1.003675  Q20  =  -0.662358  Q22c =  -0.129295  Q22s =   0.742918

C          x =  1.707650  y =  2.208356  z =  0.000000 angstrom
           Maximum rank =  2   Radius =  0.650 angstrom
                   Q00  =   0.176208
|Q1| =   0.143520  Q11c =  -0.143117  Q11s =   0.010743
|Q2| =   0.177289  Q20  =  -0.039596  Q22c =   0.107753  Q22s =   0.135103

H          x = -2.071031  y =  1.072903  z =  0.000000 angstrom
           Maximum rank =  2   Radius =  0.350 angstrom
                   Q00  =   0.066873
|Q1| =   0.114397  Q11c =   0.095593  Q11s =  -0.062839
|Q2| =   0.175192  Q20  =  -0.146420  Q22c =  -0.033687  Q22s =  -0.090102

H          x = -2.873785  y = -1.278387  z =  0.000000 angstrom
           Maximum rank =  2   Radius =  0.350 angstrom
                   Q00  =   0.037932
|Q1| =   0.116585  Q11c =   0.113799  Q11s =   0.025331
|Q2| =   0.205881  Q20  =  -0.161528  Q22c =   0.118094  Q22s =   0.048475

H          x = -1.236608  y = -3.153266  z =  0.000000 angstrom
           Maximum rank =  2   Radius =  0.350 angstrom
                   Q00  =   0.034485
|Q1| =   0.116865  Q11c =   0.037253  Q11s =   0.110769
|Q2| =   0.215405  Q20  =  -0.169882  Q22c =  -0.105138  Q22s =   0.080530

H          x =  1.193111  y = -2.647148  z =  0.000000 angstrom
           Maximum rank =  2   Radius =  0.350 angstrom
                   Q00  =   0.038592
|Q1| =   0.118231  Q11c =  -0.075497  Q11s =   0.090987
|Q2| =   0.200965  Q20  =  -0.158102  Q22c =  -0.013263  Q22s =  -0.123349

H          x =  1.989151  y = -0.324512  z =  0.000000 angstrom
           Maximum rank =  2   Radius =  0.350 angstrom
                   Q00  =   0.056302
|Q1| =   0.122892  Q11c =  -0.122826  Q11s =   0.004037
|Q2| =   0.166494  Q20  =  -0.143892  Q22c =   0.067718  Q22s =   0.049292

H          x =  1.733203  y =  3.296808  z =  0.000000 angstrom
           Maximum rank =  2   Radius =  0.350 angstrom
                   Q00  =   0.039043
|Q1| =   0.110766  Q11c =  -0.046792  Q11s =  -0.100397
|Q2| =   0.183102  Q20  =  -0.133292  Q22c =  -0.125423  Q22s =   0.005352

H          x =  2.218193  y =  1.834549  z =  0.894252 angstrom
           Maximum rank =  2   Radius =  0.350 angstrom
                   Q00  =   0.036067
|Q1| =   0.124556  Q10  =  -0.077920  Q11c =  -0.097161  Q11s =  -0.001514
|Q2| =   0.159365  Q20  =   0.071913  Q21c =   0.086723  Q21s =  -0.112137
                   Q22c =   0.011390  Q22s =   0.000558

H          x =  2.218193  y =  1.834549  z = -0.894252 angstrom
           Maximum rank =  2   Radius =  0.350 angstrom
                   Q00  =   0.036067
|Q1| =   0.124556  Q10  =   0.077920  Q11c =  -0.097161  Q11s =  -0.001514
|Q2| =   0.159365  Q20  =   0.071913  Q21c =  -0.086723  Q21s =   0.112137
                   Q22c =   0.011390  Q22s =   0.000558

TOP1       x =  0.000000  y =  0.000000  z =  2.000000 angstrom
           Maximum rank =  2   Radius =  0.650 angstrom
                   Q00  =  -0.265019
|Q1| =   0.286987  Q10  =   0.285022  Q11c =  -0.011424  Q11s =   0.031515
|Q2| =   0.165592  Q20  =   0.132573  Q21c =   0.023577  Q21s =  -0.011851
                   Q22c =  -0.094409  Q22s =   0.015350

TOP2       x =  0.000000  y =  0.000000  z = -2.000000 angstrom
           Maximum rank =  2   Radius =  0.650 angstrom
                   Q00  =  -0.265019
|Q1| =   0.286987  Q10  =  -0.285022  Q11c =  -0.011424  Q11s =   0.031515
|Q2| =   0.165592  Q20  =   0.132573  Q21c =  -0.023577  Q21s =   0.011851
                   Q22c =  -0.094409  Q22s =   0.015350

Total multipoles referred to origin at
           x =   0.000000,  y =    0.000000,  z =    0.000000 angstrom
                   Q00  =  -0.000005
|Q1| =   0.547194  Q11c =   0.546874  Q11s =   0.018727
|Q2| =   8.258510  Q20  =  -6.652974  Q22c =   2.376095  Q22s =   4.277277

CPU time used:      4m36.566s          Total:      4m36.566s

Finished at 12:28:47 on 07 Dec 2021 
