                                     G D M A
                                 by Anthony Stone

               Distributed Multipoles from Gaussian wavefunctions

                             version 2.3.3 (e2d289a)
              Compiled with gfortran on 05 October 2021 at 19:26:39

Starting at 20:26:22 on 03 Dec 2021 


Using MP2 density matrix from file bla-02.fchk


                         Distributed Multipole Analysis

Standard DMA for products of primitives with exponent greater than 4.00000
Using 80-point Euler-MacLaurin radial quadrature
Using 590-point Lebedev quadrature
Becke smoothing parameter = 3

Positions and radii in angstrom
Multipole moments in atomic units, ea_0^k for rank k

C          x =  0.647332  y =  1.236681  z =  0.000000 angstrom
           Maximum rank =  2   Radius =  0.650 angstrom
                   Q00  =   0.048672
|Q1| =   0.163451  Q11c =  -0.120731  Q11s =  -0.110182
|Q2| =   0.712235  Q20  =  -0.686630  Q22c =  -0.012602  Q22s =   0.188836

C          x =  1.394663  y = -0.057735  z = -0.000000 angstrom
           Maximum rank =  2   Radius =  0.650 angstrom
                   Q00  =   0.048672
|Q1| =   0.163446  Q11c =  -0.155781  Q11s =  -0.049466
|Q2| =   0.712222  Q20  =  -0.686619  Q22c =   0.169828  Q22s =   0.083506

C          x =  0.747331  y = -1.178946  z =  0.000000 angstrom
           Maximum rank =  2   Radius =  0.650 angstrom
                   Q00  =   0.048671
|Q1| =   0.163450  Q11c =  -0.035053  Q11s =   0.159647
|Q2| =   0.712228  Q20  =  -0.686624  Q22c =  -0.157228  Q22s =  -0.105332

C          x = -0.747331  y = -1.178946  z =  0.000000 angstrom
           Maximum rank =  2   Radius =  0.650 angstrom
                   Q00  =   0.048671
|Q1| =   0.163450  Q11c =   0.035053  Q11s =   0.159647
|Q2| =   0.712228  Q20  =  -0.686624  Q22c =  -0.157228  Q22s =   0.105332

C          x = -1.394663  y = -0.057735  z =  0.000000 angstrom
           Maximum rank =  2   Radius =  0.650 angstrom
                   Q00  =   0.048672
|Q1| =   0.163446  Q11c =   0.155781  Q11s =  -0.049466
|Q2| =   0.712222  Q20  =  -0.686619  Q22c =   0.169828  Q22s =  -0.083506

C          x = -0.647332  y =  1.236681  z = -0.000000 angstrom
           Maximum rank =  2   Radius =  0.650 angstrom
                   Q00  =   0.048672
|Q1| =   0.163451  Q11c =   0.120731  Q11s =  -0.110182
|Q2| =   0.712235  Q20  =  -0.686630  Q22c =  -0.012602  Q22s =  -0.188836

H          x =  1.189544  y =  2.175821  z =  0.000000 angstrom
           Maximum rank =  2   Radius =  0.350 angstrom
                   Q00  =   0.041658
|Q1| =   0.118813  Q11c =  -0.064829  Q11s =  -0.099567
|Q2| =   0.191214  Q20  =  -0.142437  Q22c =  -0.062959  Q22s =   0.110954

H          x =  2.479088  y = -0.057735  z = -0.000000 angstrom
           Maximum rank =  2   Radius =  0.350 angstrom
                   Q00  =   0.041658
|Q1| =   0.118813  Q11c =  -0.118642  Q11s =  -0.006360
|Q2| =   0.191214  Q20  =  -0.142437  Q22c =   0.127569  Q22s =   0.000953

H          x =  1.289544  y = -2.118086  z =  0.000000 angstrom
           Maximum rank =  2   Radius =  0.350 angstrom
                   Q00  =   0.041658
|Q1| =   0.118813  Q11c =  -0.053813  Q11s =   0.105927
|Q2| =   0.191214  Q20  =  -0.142437  Q22c =  -0.064610  Q22s =  -0.110001

H          x = -1.289544  y = -2.118086  z =  0.000000 angstrom
           Maximum rank =  2   Radius =  0.350 angstrom
                   Q00  =   0.041658
|Q1| =   0.118813  Q11c =   0.053813  Q11s =   0.105927
|Q2| =   0.191214  Q20  =  -0.142437  Q22c =  -0.064610  Q22s =   0.110001

H          x = -2.479088  y = -0.057735  z =  0.000000 angstrom
           Maximum rank =  2   Radius =  0.350 angstrom
                   Q00  =   0.041658
|Q1| =   0.118813  Q11c =   0.118642  Q11s =  -0.006360
|Q2| =   0.191214  Q20  =  -0.142437  Q22c =   0.127569  Q22s =  -0.000953

H          x = -1.189544  y =  2.175821  z = -0.000000 angstrom
           Maximum rank =  2   Radius =  0.350 angstrom
                   Q00  =   0.041658
|Q1| =   0.118813  Q11c =   0.064829  Q11s =  -0.099567
|Q2| =   0.191214  Q20  =  -0.142437  Q22c =  -0.062959  Q22s =  -0.110954

TOP1       x =  0.000000  y =  0.000000  z =  2.000000 angstrom
           Maximum rank =  2   Radius =  0.650 angstrom
                   Q00  =  -0.270988
|Q1| =   0.287543  Q10  =   0.287543
|Q2| =   0.182825  Q20  =   0.182825

TOP2       x =  0.000000  y =  0.000000  z = -2.000000 angstrom
           Maximum rank =  2   Radius =  0.650 angstrom
                   Q00  =  -0.270988
|Q1| =   0.287543  Q10  =  -0.287543
|Q2| =   0.182825  Q20  =   0.182825

Total multipoles referred to origin at
           x =   0.000000,  y =    0.000000,  z =    0.000000 angstrom
                   Q00  =   0.000004
|Q1| =   0.000000
|Q2| =   6.001934  Q20  =  -6.001934  Q22c =   0.000053

CPU time used:      1m17.134s          Total:      1m17.134s

Finished at 20:27:39 on 03 Dec 2021 
