                                     G D M A
                                 by Anthony Stone

               Distributed Multipoles from Gaussian wavefunctions

                             version 2.3.3 (e2d289a)
              Compiled with gfortran on 05 October 2021 at 19:26:39

Starting at 17:22:01 on 14 Jan 2022 


Using MP2 density matrix from file coch3.fchk


                         Distributed Multipole Analysis

Standard DMA for products of primitives with exponent greater than 4.00000
Using 80-point Euler-MacLaurin radial quadrature
Using 590-point Lebedev quadrature
Becke smoothing parameter = 3

Positions and radii in angstrom
Multipole moments in atomic units, ea_0^k for rank k

C          x = -1.966447  y = -1.134835  z =  0.000010 angstrom
           Maximum rank =  2   Radius =  0.650 angstrom
                   Q00  =   0.060850
|Q1| =   0.218555  Q10  =   0.000002  Q11c =   0.188671  Q11s =   0.110316
|Q2| =   1.131890  Q20  =  -1.106905  Q21c =  -0.000075  Q21s =   0.000026
                   Q22c =   0.070649  Q22s =   0.225711

C          x = -2.590402  y =  0.114375  z =  0.000052 angstrom
           Maximum rank =  2   Radius =  0.650 angstrom
                   Q00  =   0.019973
|Q1| =   0.155294  Q11c =   0.155086  Q11s =  -0.008038
|Q2| =   1.203831  Q20  =  -1.183452  Q21c =  -0.000085  Q21s =   0.000016
                   Q22c =   0.219684  Q22s =  -0.019716

C          x = -1.821217  y =  1.276355  z =  0.000024 angstrom
           Maximum rank =  2   Radius =  0.650 angstrom
                   Q00  =   0.063108
|Q1| =   0.232700  Q10  =   0.000002  Q11c =   0.187521  Q11s =  -0.137787
|Q2| =   1.135920  Q20  =  -1.109294  Q21c =  -0.000070  Q21s =   0.000002
                   Q22c =   0.029083  Q22s =  -0.242765

C          x = -0.430639  y =  1.191445  z = -0.000036 angstrom
           Maximum rank =  2   Radius =  0.650 angstrom
                   Q00  =   0.511803
|Q1| =   0.781738  Q10  =   0.000009  Q11c =   0.210880  Q11s =  -0.752758
|Q2| =   0.576250  Q20  =  -0.413909  Q21c =  -0.000054  Q21s =  -0.000021
                   Q22c =  -0.353440  Q22s =  -0.189273

C          x =  0.204417  y = -0.057490  z = -0.000080 angstrom
           Maximum rank =  2   Radius =  0.650 angstrom
                   Q00  =   2.375249
|Q1| =   1.122842  Q10  =  -0.000009  Q11c =  -1.082766  Q11s =   0.297309
|Q2| =   0.940864  Q20  =   0.933779  Q21c =  -0.000039  Q21s =   0.000012
                   Q22c =   0.114282  Q22s =  -0.014886

C          x = -0.579811  y = -1.219711  z = -0.000057 angstrom
           Maximum rank =  2   Radius =  0.650 angstrom
                   Q00  =   0.430635
|Q1| =   0.699324  Q10  =   0.000009  Q11c =   0.271058  Q11s =   0.644656
|Q2| =   0.584540  Q20  =  -0.496426  Q21c =  -0.000055  Q21s =   0.000033
                   Q22c =  -0.241107  Q22s =   0.192653

C          x =  1.698924  y = -0.204351  z = -0.000171 angstrom
           Maximum rank =  2   Radius =  0.650 angstrom
                   Q00  =   0.349062
|Q1| =   0.404188  Q10  =   0.000010  Q11c =  -0.391179  Q11s =  -0.101719
|Q2| =   0.605752  Q20  =  -0.455351  Q21c =   0.000138  Q21s =  -0.000002
                   Q22c =   0.318084  Q22s =  -0.241688

O          x =  2.213266  y = -1.307052  z =  0.000003 angstrom
           Maximum rank =  2   Radius =  0.650 angstrom
                   Q00  =  -0.304628
|Q1| =   0.549752  Q10  =  -0.000030  Q11c =  -0.296574  Q11s =   0.462894
|Q2| =   0.970670  Q20  =  -0.090052  Q21c =  -0.000012  Q21s =  -0.000186
                   Q22c =  -0.496932  Q22s =  -0.828944

C          x =  2.558604  y =  1.046241  z =  0.000141 angstrom
           Maximum rank =  2   Radius =  0.650 angstrom
                   Q00  =   0.041784
|Q1| =   0.106976  Q10  =  -0.000005  Q11c =  -0.038940  Q11s =  -0.099637
|Q2| =   0.191246  Q20  =  -0.088521  Q21c =   0.000010  Q21s =   0.000027
                   Q22c =   0.017944  Q22s =   0.168574

H          x = -0.076948  y = -2.179019  z = -0.000096 angstrom
           Maximum rank =  2   Radius =  0.350 angstrom
                   Q00  =   0.111111
|Q1| =   0.130985  Q10  =   0.000005  Q11c =   0.004725  Q11s =   0.130900
|Q2| =   0.146340  Q20  =  -0.116806  Q21c =  -0.000005  Q21s =   0.000005
                   Q22c =  -0.023051  Q22s =  -0.085090

H          x = -2.564095  y = -2.039405  z =  0.000029 angstrom
           Maximum rank =  2   Radius =  0.350 angstrom
                   Q00  =   0.050797
|Q1| =   0.117244  Q10  =  -0.000002  Q11c =   0.073882  Q11s =   0.091036
|Q2| =   0.190527  Q20  =  -0.148269  Q21c =  -0.000008  Q21s =  -0.000002
                   Q22c =  -0.045939  Q22s =   0.110482

H          x = -3.672716  y =  0.180872  z =  0.000102 angstrom
           Maximum rank =  2   Radius =  0.350 angstrom
                   Q00  =   0.042394
|Q1| =   0.115224  Q10  =  -0.000004  Q11c =   0.114995  Q11s =  -0.007256
|Q2| =   0.204186  Q20  =  -0.157341  Q21c =  -0.000018  Q21s =   0.000002
                   Q22c =   0.129237  Q22s =  -0.015288

H          x = -2.303073  y =  2.247445  z =  0.000052 angstrom
           Maximum rank =  2   Radius =  0.350 angstrom
                   Q00  =   0.050503
|Q1| =   0.118740  Q10  =  -0.000002  Q11c =   0.062435  Q11s =  -0.101000
|Q2| =   0.189912  Q20  =  -0.148402  Q21c =  -0.000007  Q21s =   0.000006
                   Q22c =  -0.069561  Q22s =  -0.095940

H          x =  0.153569  y =  2.103588  z = -0.000059 angstrom
           Maximum rank =  2   Radius =  0.350 angstrom
                   Q00  =   0.088047
|Q1| =   0.147919  Q10  =   0.000005  Q11c =  -0.039257  Q11s =  -0.142615
|Q2| =   0.132266  Q20  =  -0.110135  Q21c =   0.000001  Q21s =  -0.000001
                   Q22c =  -0.027322  Q22s =   0.067957

H          x =  3.606173  y =  0.750086  z =  0.000280 angstrom
           Maximum rank =  2   Radius =  0.350 angstrom
                   Q00  =   0.047293
|Q1| =   0.123013  Q10  =  -0.000015  Q11c =  -0.118576  Q11s =  -0.032739
|Q2| =   0.184390  Q20  =  -0.131948  Q21c =   0.000047  Q21s =  -0.000003
                   Q22c =   0.103625  Q22s =  -0.076495

H          x =  2.355346  y =  1.660443  z = -0.881970 angstrom
           Maximum rank =  2   Radius =  0.350 angstrom
                   Q00  =   0.054723
|Q1| =   0.132428  Q10  =   0.073365  Q11c =  -0.047280  Q11s =  -0.099596
|Q2| =   0.168577  Q20  =   0.072216  Q21c =   0.078750  Q21s =  -0.130118
                   Q22c =  -0.002712  Q22s =  -0.007966

H          x =  2.355049  y =  1.660240  z =  0.882326 angstrom
           Maximum rank =  2   Radius =  0.350 angstrom
                   Q00  =   0.054747
|Q1| =   0.132418  Q10  =  -0.073376  Q11c =  -0.047266  Q11s =  -0.099581
|Q2| =   0.168594  Q20  =   0.072238  Q21c =  -0.078830  Q21s =   0.130080
                   Q22c =  -0.002642  Q22s =  -0.007980

TOP(2)     x =  0.000000  y =  0.000000  z =  2.000000 angstrom
           Maximum rank =  2   Radius =  0.650 angstrom
                   Q00  =  -0.094004
|Q1| =   0.034870  Q10  =   0.024026  Q11c =   0.021738  Q11s =  -0.012888
|Q2| =   0.291031  Q20  =   0.287918  Q21c =   0.007754  Q21s =  -0.001889
                   Q22c =   0.011709  Q22s =  -0.040017

TOP(1)     x =  0.000000  y =  0.000000  z =  1.000000 angstrom
           Maximum rank =  2   Radius =  0.650 angstrom
                   Q00  =  -0.498539
|Q1| =   0.035691  Q10  =  -0.032971  Q11c =  -0.010529  Q11s =  -0.008710
|Q2| =   0.715615  Q20  =   0.710687  Q21c =   0.019931  Q21s =  -0.013662
                   Q22c =   0.066255  Q22s =  -0.045329

TOP(0)     x =  0.000000  y =  0.000000  z =  0.000000 angstrom
           Maximum rank =  2   Radius =  0.650 angstrom
                   Q00  =  -0.965479
|Q1| =   0.452358  Q10  =  -0.000023  Q11c =   0.434635  Q11s =  -0.125383
|Q2| =   0.501387  Q20  =   0.480111  Q21c =  -0.000027  Q21s =   0.000006
                   Q22c =   0.078572  Q22s =  -0.121281

TOP(ao)    x =  0.000000  y =  0.000000  z =  0.529000 angstrom
           Maximum rank =  2   Radius =  0.650 angstrom
                   Q00  =  -0.948376
|Q1| =   0.035794  Q10  =   0.022082  Q11c =   0.024523  Q11s =  -0.013863
|Q2| =   0.731807  Q20  =   0.721573  Q21c =  -0.074097  Q21s =   0.017770
                   Q22c =   0.060307  Q22s =  -0.073692

TOP(-a0)   x =  0.000000  y =  0.000000  z = -0.529000 angstrom
           Maximum rank =  2   Radius =  0.650 angstrom
                   Q00  =  -0.948483
|Q1| =   0.035835  Q10  =  -0.022039  Q11c =   0.024609  Q11s =  -0.013886
|Q2| =   0.731798  Q20  =   0.721555  Q21c =   0.074146  Q21s =  -0.017785
                   Q22c =   0.060326  Q22s =  -0.073710

TOP(-1)    x =  0.000000  y =  0.000000  z = -1.000000 angstrom
           Maximum rank =  2   Radius =  0.650 angstrom
                   Q00  =  -0.498688
|Q1| =   0.035702  Q10  =   0.032981  Q11c =  -0.010558  Q11s =  -0.008685
|Q2| =   0.715685  Q20  =   0.710760  Q21c =  -0.019926  Q21s =   0.013646
                   Q22c =   0.066259  Q22s =  -0.045284

TOP(-2)    x =  0.000000  y =  0.000000  z = -2.000000 angstrom
           Maximum rank =  2   Radius =  0.650 angstrom
                   Q00  =  -0.094025
|Q1| =   0.034869  Q10  =  -0.024034  Q11c =   0.021737  Q11s =  -0.012872
|Q2| =   0.291042  Q20  =   0.287933  Q21c =  -0.007757  Q21s =   0.001887
                   Q22c =   0.011743  Q22s =  -0.039979

Total multipoles referred to origin at
           x =   0.000000,  y =    0.000000,  z =    0.000000 angstrom
                   Q00  =  -0.000144
|Q1| =   1.152406  Q10  =   0.000006  Q11c =  -0.690991  Q11s =   0.922264
|Q2| =   8.801059  Q20  =  -3.454248  Q21c =  -0.000353  Q21s =   0.000286
                   Q22c =  -0.206635  Q22s =   8.092225

CPU time used:      4m 3.711s          Total:      4m 3.711s

Finished at 17:26:05 on 14 Jan 2022 
