                                     G D M A
                                 by Anthony Stone

               Distributed Multipoles from Gaussian wavefunctions

                             version 2.3.3 (e2d289a)
              Compiled with gfortran on 05 October 2021 at 19:26:39

Starting at 17:07:43 on 30 Dec 2021 


Using MP2 density matrix from file bla-005.fchk


                         Distributed Multipole Analysis

Standard DMA for products of primitives with exponent greater than 4.00000
Using 80-point Euler-MacLaurin radial quadrature
Using 590-point Lebedev quadrature
Becke smoothing parameter = 3

Positions and radii in angstrom
Multipole moments in atomic units, ea_0^k for rank k

C          x =  0.684832  y =  1.215031  z =  0.000000 angstrom
           Maximum rank =  2   Radius =  0.650 angstrom
                   Q00  =   0.417017
|Q1| =   0.703512  Q11c =  -0.353765  Q11s =  -0.608095
|Q2| =   0.850170  Q20  =  -0.598166  Q22c =  -0.304578  Q22s =   0.521746

C          x =  1.394664  y = -0.014434  z = -0.000000 angstrom
           Maximum rank =  2   Radius =  0.650 angstrom
                   Q00  =   0.417017
|Q1| =   0.703514  Q11c =  -0.703510  Q11s =  -0.002319
|Q2| =   0.850144  Q20  =  -0.598152  Q22c =   0.604112  Q22s =  -0.002895

C          x =  0.709832  y = -1.200597  z =  0.000000 angstrom
           Maximum rank =  2   Radius =  0.650 angstrom
                   Q00  =   0.417018
|Q1| =   0.703513  Q11c =  -0.349747  Q11s =   0.610416
|Q2| =   0.850171  Q20  =  -0.598165  Q22c =  -0.299567  Q22s =  -0.524641

C          x = -0.709832  y = -1.200597  z =  0.000000 angstrom
           Maximum rank =  2   Radius =  0.650 angstrom
                   Q00  =   0.417018
|Q1| =   0.703513  Q11c =   0.349747  Q11s =   0.610416
|Q2| =   0.850171  Q20  =  -0.598165  Q22c =  -0.299567  Q22s =   0.524641

C          x = -1.394664  y = -0.014434  z =  0.000000 angstrom
           Maximum rank =  2   Radius =  0.650 angstrom
                   Q00  =   0.417017
|Q1| =   0.703514  Q11c =   0.703510  Q11s =  -0.002319
|Q2| =   0.850144  Q20  =  -0.598152  Q22c =   0.604112  Q22s =   0.002895

C          x = -0.684832  y =  1.215031  z = -0.000000 angstrom
           Maximum rank =  2   Radius =  0.650 angstrom
                   Q00  =   0.417017
|Q1| =   0.703512  Q11c =   0.353765  Q11s =  -0.608095
|Q2| =   0.850170  Q20  =  -0.598166  Q22c =  -0.304578  Q22s =  -0.521746

H          x =  1.227044  y =  2.154171  z =  0.000000 angstrom
           Maximum rank =  2   Radius =  0.350 angstrom
                   Q00  =   0.064342
|Q1| =   0.132041  Q11c =  -0.066975  Q11s =  -0.113794
|Q2| =   0.167777  Q20  =  -0.119057  Q22c =  -0.059154  Q22s =   0.102350

H          x =  2.479089  y = -0.014434  z = -0.000000 angstrom
           Maximum rank =  2   Radius =  0.350 angstrom
                   Q00  =   0.064342
|Q1| =   0.132041  Q11c =  -0.132036  Q11s =  -0.001105
|Q2| =   0.167777  Q20  =  -0.119057  Q22c =   0.118214  Q22s =  -0.000054

H          x =  1.252045  y = -2.139737  z =  0.000000 angstrom
           Maximum rank =  2   Radius =  0.350 angstrom
                   Q00  =   0.064342
|Q1| =   0.132041  Q11c =  -0.065061  Q11s =   0.114899
|Q2| =   0.167777  Q20  =  -0.119057  Q22c =  -0.059061  Q22s =  -0.102403

H          x = -1.252045  y = -2.139737  z =  0.000000 angstrom
           Maximum rank =  2   Radius =  0.350 angstrom
                   Q00  =   0.064342
|Q1| =   0.132041  Q11c =   0.065061  Q11s =   0.114899
|Q2| =   0.167777  Q20  =  -0.119057  Q22c =  -0.059061  Q22s =   0.102403

H          x = -2.479089  y = -0.014434  z =  0.000000 angstrom
           Maximum rank =  2   Radius =  0.350 angstrom
                   Q00  =   0.064342
|Q1| =   0.132041  Q11c =   0.132036  Q11s =  -0.001105
|Q2| =   0.167777  Q20  =  -0.119057  Q22c =   0.118214  Q22s =   0.000054

H          x = -1.227044  y =  2.154171  z = -0.000000 angstrom
           Maximum rank =  2   Radius =  0.350 angstrom
                   Q00  =   0.064342
|Q1| =   0.132041  Q11c =   0.066975  Q11s =  -0.113794
|Q2| =   0.167777  Q20  =  -0.119057  Q22c =  -0.059154  Q22s =  -0.102350

TOP(2)     x =  0.000000  y =  0.000000  z =  2.000000 angstrom
           Maximum rank =  2   Radius =  0.650 angstrom
                   Q00  =  -0.109507
|Q1| =   0.026410  Q10  =   0.026410
|Q2| =   0.352652  Q20  =   0.352652

TOP(1)     x =  0.000000  y =  0.000000  z =  1.000000 angstrom
           Maximum rank =  2   Radius =  0.650 angstrom
                   Q00  =  -0.438098
|Q1| =   0.057869  Q10  =  -0.057869
|Q2| =   0.707789  Q20  =   0.707789  Q22c =  -0.000005

TOP(0)     x =  0.000000  y =  0.000000  z =  0.000000 angstrom
           Maximum rank =  2   Radius =  0.650 angstrom
                   Q00  =  -0.648604
|Q1| =   0.000000
|Q2| =   0.454857  Q20  =   0.454857  Q22c =  -0.000004

TOP(ao)    x =  0.000000  y =  0.000000  z =  0.529000 angstrom
           Maximum rank =  2   Radius =  0.650 angstrom
                   Q00  =  -0.572172
|Q1| =   0.010455  Q10  =   0.010455
|Q2| =   0.540854  Q20  =   0.540854  Q22c =  -0.000002

TOP(-a0)   x =  0.000000  y =  0.000000  z = -0.529000 angstrom
           Maximum rank =  2   Radius =  0.650 angstrom
                   Q00  =  -0.572172
|Q1| =   0.010455  Q10  =  -0.010455
|Q2| =   0.540854  Q20  =   0.540854  Q22c =  -0.000002

TOP(-1)    x =  0.000000  y =  0.000000  z = -1.000000 angstrom
           Maximum rank =  2   Radius =  0.650 angstrom
                   Q00  =  -0.438098
|Q1| =   0.057869  Q10  =   0.057869
|Q2| =   0.707789  Q20  =   0.707789  Q22c =  -0.000005

TOP(-2)    x =  0.000000  y =  0.000000  z = -2.000000 angstrom
           Maximum rank =  2   Radius =  0.650 angstrom
                   Q00  =  -0.109507
|Q1| =   0.026410  Q10  =  -0.026410
|Q2| =   0.352652  Q20  =   0.352652

Total multipoles referred to origin at
           x =   0.000000,  y =    0.000000,  z =    0.000000 angstrom
                   Q00  =  -0.000002
|Q1| =   0.000001  Q11s =   0.000001
|Q2| =   6.134970  Q20  =  -6.134970  Q22c =  -0.000136

CPU time used:      1m54.838s          Total:      1m54.838s

Finished at 17:09:38 on 30 Dec 2021 
