                                     G D M A
                                 by Anthony Stone

               Distributed Multipoles from Gaussian wavefunctions

                             version 2.3.3 (e2d289a)
              Compiled with gfortran on 05 October 2021 at 19:26:39

Starting at 11:19:59 on 07 Dec 2021 


Using MP2 density matrix from file cooh.fchk


                         Distributed Multipole Analysis

Standard DMA for products of primitives with exponent greater than 4.00000
Using 80-point Euler-MacLaurin radial quadrature
Using 590-point Lebedev quadrature
Becke smoothing parameter = 3

Positions and radii in angstrom
Multipole moments in atomic units, ea_0^k for rank k

C          x = -0.964164  y = -1.993456  z =  0.000000 angstrom
           Maximum rank =  2   Radius =  0.650 angstrom
                   Q00  =   0.002102
|Q1| =   0.096250  Q11c =   0.057526  Q11s =   0.077167
|Q2| =   1.095529  Q20  =  -1.087452  Q22c =   0.003333  Q22s =   0.132743

C          x = -1.125353  y = -0.611100  z = -0.000000 angstrom
           Maximum rank =  2   Radius =  0.650 angstrom
                   Q00  =   0.078335
|Q1| =   0.166762  Q11c =   0.148517  Q11s =   0.075844
|Q2| =   0.633678  Q20  =  -0.632717  Q22c =  -0.009559  Q22s =  -0.033540

C          x =  0.000000  y =  0.221743  z = -0.000000 angstrom
           Maximum rank =  2   Radius =  0.650 angstrom
                   Q00  =   0.161840
|Q1| =   0.038097  Q11c =   0.007178  Q11s =  -0.037414
|Q2| =   0.102572  Q20  =  -0.001921  Q22c =  -0.102548  Q22s =  -0.001027

C          x =  1.282596  y = -0.338849  z =  0.000000 angstrom
           Maximum rank =  2   Radius =  0.650 angstrom
                   Q00  =   0.073503
|Q1| =   0.167068  Q11c =  -0.162507  Q11s =   0.038773
|Q2| =   0.657358  Q20  =  -0.656339  Q22c =  -0.030225  Q22s =   0.020616

C          x =  1.438244  y = -1.720196  z =  0.000000 angstrom
           Maximum rank =  2   Radius =  0.650 angstrom
                   Q00  =   0.002637
|Q1| =   0.094920  Q11c =  -0.072531  Q11s =   0.061229
|Q2| =   1.099502  Q20  =  -1.091222  Q22c =   0.063077  Q22s =  -0.119003

C          x =  0.315205  y = -2.548529  z =  0.000000 angstrom
           Maximum rank =  2   Radius =  0.650 angstrom
                   Q00  =  -0.011648
|Q1| =   0.084815  Q11c =  -0.009541  Q11s =   0.084277
|Q2| =   1.185684  Q20  =  -1.176328  Q22c =  -0.144570  Q22s =  -0.034624

C          x = -0.114929  y =  1.703806  z = -0.000000 angstrom
           Maximum rank =  2   Radius =  0.650 angstrom
                   Q00  =   0.311373
|Q1| =   0.033945  Q11c =  -0.031096  Q11s =  -0.013612
|Q2| =   0.440512  Q20  =  -0.421187  Q22c =  -0.008307  Q22s =   0.128775

H          x =  2.140468  y =  0.321996  z =  0.000000 angstrom
           Maximum rank =  2   Radius =  0.350 angstrom
                   Q00  =   0.082066
|Q1| =   0.106070  Q11c =  -0.104247  Q11s =  -0.019581
|Q2| =   0.173680  Q20  =  -0.142152  Q22c =  -0.016370  Q22s =   0.098436

H          x =  2.432251  y = -2.152078  z =  0.000000 angstrom
           Maximum rank =  2   Radius =  0.350 angstrom
                   Q00  =   0.043757
|Q1| =   0.111486  Q11c =  -0.100107  Q11s =   0.049069
|Q2| =   0.203464  Q20  =  -0.158793  Q22c =   0.087436  Q22s =  -0.092397

H          x =  0.437278  y = -3.625873  z =  0.000000 angstrom
           Maximum rank =  2   Radius =  0.350 angstrom
                   Q00  =   0.038669
|Q1| =   0.112207  Q11c =  -0.012606  Q11s =   0.111497
|Q2| =   0.211687  Q20  =  -0.165029  Q22c =  -0.129179  Q22s =  -0.029829

H          x = -1.835668  y = -2.637806  z =  0.000000 angstrom
           Maximum rank =  2   Radius =  0.350 angstrom
                   Q00  =   0.043363
|Q1| =   0.112110  Q11c =   0.087058  Q11s =   0.070637
|Q2| =   0.203070  Q20  =  -0.158633  Q22c =   0.037927  Q22s =   0.120973

H          x = -2.115081  y = -0.173997  z = -0.000000 angstrom
           Maximum rank =  2   Radius =  0.350 angstrom
                   Q00  =   0.083567
|Q1| =   0.105757  Q11c =   0.105207  Q11s =   0.010769
|Q2| =   0.176857  Q20  =  -0.144510  Q22c =   0.022613  Q22s =  -0.099419

O          x =  0.817434  y =  2.473119  z = -0.000000 angstrom
           Maximum rank =  2   Radius =  0.650 angstrom
                   Q00  =  -0.361625
|Q1| =   0.501358  Q11c =  -0.378919  Q11s =  -0.328299
|Q2| =   0.973320  Q20  =  -0.180428  Q22c =   0.151983  Q22s =   0.944298

O          x = -1.402420  y =  2.137166  z = -0.000000 angstrom
           Maximum rank =  2   Radius =  0.650 angstrom
                   Q00  =  -0.255930
|Q1| =   0.541091  Q11c =   0.444909  Q11s =   0.307954
|Q2| =   1.071677  Q20  =  -0.849869  Q22c =  -0.264345  Q22s =  -0.596939

H          x = -1.368949  y =  3.104962  z = -0.000000 angstrom
           Maximum rank =  2   Radius =  0.350 angstrom
                   Q00  =   0.212854
|Q1| =   0.038948  Q11c =   0.031193  Q11s =  -0.023323
|Q2| =   0.160775  Q20  =  -0.119844  Q22c =  -0.102578  Q22s =  -0.031047

TOP1       x =  0.000000  y =  0.000000  z =  2.000000 angstrom
           Maximum rank =  2   Radius =  0.650 angstrom
                   Q00  =  -0.252434
|Q1| =   0.283522  Q10  =   0.280504  Q11c =  -0.003518  Q11s =   0.041112
|Q2| =   0.100123  Q20  =   0.071313  Q21c =  -0.000536  Q21s =  -0.017246
                   Q22c =  -0.066086  Q22s =  -0.016552

TOP2       x =  0.000000  y =  0.000000  z = -2.000000 angstrom
           Maximum rank =  2   Radius =  0.650 angstrom
                   Q00  =  -0.252434
|Q1| =   0.283522  Q10  =  -0.280504  Q11c =  -0.003518  Q11s =   0.041112
|Q2| =   0.100123  Q20  =   0.071313  Q21c =   0.000536  Q21s =   0.017246
                   Q22c =  -0.066086  Q22s =  -0.016552

Total multipoles referred to origin at
           x =   0.000000,  y =    0.000000,  z =    0.000000 angstrom
                   Q00  =  -0.000005
|Q1| =   0.718204  Q11c =  -0.407067  Q11s =  -0.591704
|Q2| =   9.303444  Q20  =  -5.431980  Q22c =  -1.994585  Q22s =  -7.284868

CPU time used:      4m12.816s          Total:      4m12.816s

Finished at 11:24:12 on 07 Dec 2021 
