                                     G D M A
                                 by Anthony Stone

               Distributed Multipoles from Gaussian wavefunctions

                             version 2.3.3 (e2d289a)
              Compiled with gfortran on 05 October 2021 at 19:26:39

Starting at 17:30:53 on 14 Jan 2022 


Using MP2 density matrix from file nh2.fchk


                         Distributed Multipole Analysis

Standard DMA for products of primitives with exponent greater than 4.00000
Using 80-point Euler-MacLaurin radial quadrature
Using 590-point Lebedev quadrature
Becke smoothing parameter = 3

Positions and radii in angstrom
Multipole moments in atomic units, ea_0^k for rank k

C          x =  1.170643  y =  1.200836  z =  0.003313 angstrom
           Maximum rank =  2   Radius =  0.650 angstrom
                   Q00  =   0.225550
|Q1| =   0.493974  Q10  =  -0.000360  Q11c =  -0.335024  Q11s =  -0.363000
|Q2| =   1.000939  Q20  =  -0.884474  Q21c =   0.006771  Q21s =  -0.002345
                   Q22c =  -0.100771  Q22s =   0.457578

C          x = -0.220576  y =  1.206375  z = -0.004820 angstrom
           Maximum rank =  2   Radius =  0.650 angstrom
                   Q00  =   0.552556
|Q1| =   0.856461  Q10  =  -0.009481  Q11c =   0.182658  Q11s =  -0.836703
|Q2| =   0.714835  Q20  =  -0.450740  Q21c =   0.030494  Q21s =  -0.016336
                   Q22c =  -0.460714  Q22s =  -0.307195

C          x = -0.936894  y =  0.000140  z = -0.007529 angstrom
           Maximum rank =  2   Radius =  0.650 angstrom
                   Q00  =   0.933068
|Q1| =   1.061762  Q10  =  -0.033702  Q11c =   1.061227  Q11s =  -0.000151
|Q2| =   0.644741  Q20  =   0.045289  Q21c =   0.080632  Q21s =   0.000029
                   Q22c =   0.638074  Q22s =  -0.000032

C          x = -0.220602  y = -1.206208  z = -0.004761 angstrom
           Maximum rank =  2   Radius =  0.650 angstrom
                   Q00  =   0.552712
|Q1| =   0.856644  Q10  =  -0.009519  Q11c =   0.182786  Q11s =   0.836862
|Q2| =   0.714709  Q20  =  -0.450537  Q21c =   0.030566  Q21s =   0.016467
                   Q22c =  -0.460679  Q22s =   0.307238

C          x =  1.170605  y = -1.200952  z =  0.003338 angstrom
           Maximum rank =  2   Radius =  0.650 angstrom
                   Q00  =   0.225525
|Q1| =   0.493923  Q10  =  -0.000316  Q11c =  -0.334967  Q11s =   0.362984
|Q2| =   1.000931  Q20  =  -0.884468  Q21c =   0.006828  Q21s =   0.002148
                   Q22c =  -0.100962  Q22s =  -0.457531

C          x =  1.879603  y = -0.000076  z =  0.007653 angstrom
           Maximum rank =  2   Radius =  0.650 angstrom
                   Q00  =   0.128872
|Q1| =   0.385571  Q10  =  -0.000255  Q11c =  -0.385571  Q11s =   0.000027
|Q2| =   1.126716  Q20  =  -1.040392  Q21c =   0.008696  Q21s =  -0.000016
                   Q22c =   0.432432  Q22s =   0.000109

N          x = -2.333441  y = -0.000002  z = -0.072364 angstrom
           Maximum rank =  2   Radius =  0.650 angstrom
                   Q00  =  -0.098763
|Q1| =   0.455788  Q10  =   0.375098  Q11c =   0.258929  Q11s =  -0.000307
|Q2| =   1.583333  Q20  =  -1.434761  Q21c =  -0.650250  Q21s =   0.001588
                   Q22c =   0.159930  Q22s =   0.000317

H          x = -0.760023  y = -2.148285  z = -0.013819 angstrom
           Maximum rank =  2   Radius =  0.350 angstrom
                   Q00  =   0.074730
|Q1| =   0.144056  Q10  =  -0.001779  Q11c =   0.057735  Q11s =   0.131968
|Q2| =   0.147357  Q20  =  -0.112930  Q21c =   0.002457  Q21s =   0.003501
                   Q22c =  -0.052125  Q22s =   0.078901

H          x =  1.703683  y = -2.145555  z =  0.006840 angstrom
           Maximum rank =  2   Radius =  0.350 angstrom
                   Q00  =   0.053801
|Q1| =   0.129278  Q10  =  -0.000612  Q11c =  -0.070116  Q11s =   0.108610
|Q2| =   0.178734  Q20  =  -0.134360  Q21c =   0.000832  Q21s =  -0.000190
                   Q22c =  -0.058124  Q22s =  -0.102537

H          x =  2.962912  y =  0.000039  z =  0.014557 angstrom
           Maximum rank =  2   Radius =  0.350 angstrom
                   Q00  =   0.046598
|Q1| =   0.125949  Q10  =  -0.000701  Q11c =  -0.125947  Q11s =   0.000012
|Q2| =   0.193507  Q20  =  -0.147676  Q21c =   0.002256  Q21s =  -0.000004
                   Q22c =   0.125027  Q22s =   0.000032

H          x =  1.703933  y =  2.145321  z =  0.006657 angstrom
           Maximum rank =  2   Radius =  0.350 angstrom
                   Q00  =   0.053789
|Q1| =   0.129288  Q10  =  -0.000613  Q11c =  -0.070128  Q11s =  -0.108614
|Q2| =   0.178732  Q20  =  -0.134367  Q21c =   0.000806  Q21s =   0.000143
                   Q22c =  -0.058071  Q22s =   0.102556

H          x = -0.759799  y =  2.148559  z = -0.013725 angstrom
           Maximum rank =  2   Radius =  0.350 angstrom
                   Q00  =   0.074743
|Q1| =   0.144034  Q10  =  -0.001782  Q11c =   0.057708  Q11s =  -0.131955
|Q2| =   0.147368  Q20  =  -0.112924  Q21c =   0.002442  Q21s =  -0.003470
                   Q22c =  -0.052189  Q22s =  -0.078891

H          x = -2.786400  y = -0.838067  z =  0.260834 angstrom
           Maximum rank =  2   Radius =  0.350 angstrom
                   Q00  =   0.126753
|Q1| =   0.085337  Q10  =  -0.017155  Q11c =   0.077554  Q11s =   0.031203
|Q2| =   0.199747  Q20  =  -0.143551  Q21c =  -0.053547  Q21s =  -0.083760
                   Q22c =  -0.042579  Q22s =   0.087155

H          x = -2.786907  y =  0.837318  z =  0.262043 angstrom
           Maximum rank =  2   Radius =  0.350 angstrom
                   Q00  =   0.126767
|Q1| =   0.085302  Q10  =  -0.017182  Q11c =   0.077534  Q11s =  -0.031139
|Q2| =   0.199775  Q20  =  -0.143343  Q21c =  -0.053723  Q21s =   0.084161
                   Q22c =  -0.042367  Q22s =  -0.087171

TOP(2)     x =  0.000000  y =  0.000000  z =  2.000000 angstrom
           Maximum rank =  2   Radius =  0.650 angstrom
                   Q00  =  -0.109285
|Q1| =   0.026684  Q10  =   0.024785  Q11c =  -0.009884  Q11s =   0.000006
|Q2| =   0.356910  Q20  =   0.356587  Q21c =  -0.014894  Q21s =   0.000001
                   Q22c =   0.002938  Q22s =  -0.000006

TOP(1)     x =  0.000000  y =  0.000000  z =  1.000000 angstrom
           Maximum rank =  2   Radius =  0.650 angstrom
                   Q00  =  -0.456103
|Q1| =   0.069280  Q10  =  -0.056021  Q11c =   0.040760  Q11s =   0.000013
|Q2| =   0.706556  Q20  =   0.704983  Q21c =   0.003191  Q21s =   0.000007
                   Q22c =   0.047012  Q22s =  -0.000004

TOP(0)     x =  0.000000  y =  0.000000  z =  0.000000 angstrom
           Maximum rank =  2   Radius =  0.650 angstrom
                   Q00  =  -0.698952
|Q1| =   0.027870  Q10  =   0.000096  Q11c =  -0.027870  Q11s =   0.000002
|Q2| =   0.414144  Q20  =   0.413373  Q21c =   0.000467  Q21s =  -0.000002
                   Q22c =   0.025260  Q22s =  -0.000027

TOP(ao)    x =  0.000000  y =  0.000000  z =  0.529000 angstrom
           Maximum rank =  2   Radius =  0.650 angstrom
                   Q00  =  -0.624448
|Q1| =   0.031366  Q10  =   0.011114  Q11c =   0.029331  Q11s =   0.000002
|Q2| =   0.526865  Q20  =   0.525631  Q21c =   0.014982  Q21s =   0.000001
                   Q22c =   0.032777  Q22s =  -0.000014

TOP(-a0)   x =  0.000000  y =  0.000000  z = -0.529000 angstrom
           Maximum rank =  2   Radius =  0.650 angstrom
                   Q00  =  -0.627140
|Q1| =   0.029503  Q10  =  -0.011424  Q11c =   0.027201  Q11s =   0.000004
|Q2| =   0.522610  Q20  =   0.521279  Q21c =  -0.013933  Q22c =   0.034566
                   Q22s =  -0.000019

TOP(-1)    x =  0.000000  y =  0.000000  z = -1.000000 angstrom
           Maximum rank =  2   Radius =  0.650 angstrom
                   Q00  =  -0.455414
|Q1| =   0.065659  Q10  =   0.054182  Q11c =   0.037087  Q11s =  -0.000004
|Q2| =   0.695616  Q20  =   0.693702  Q21c =   0.000984  Q21s =   0.000001
                   Q22c =   0.051565  Q22s =  -0.000003

TOP(-2)    x =  0.000000  y =  0.000000  z = -2.000000 angstrom
           Maximum rank =  2   Radius =  0.650 angstrom
                   Q00  =  -0.105377
|Q1| =   0.029020  Q10  =  -0.025575  Q11c =  -0.013715  Q11s =  -0.000003
|Q2| =   0.338725  Q20  =   0.338344  Q21c =   0.013605  Q21s =   0.000002
                   Q22c =   0.008559  Q22s =  -0.000005

Total multipoles referred to origin at
           x =   0.000000,  y =    0.000000,  z =    0.000000 angstrom
                   Q00  =  -0.000019
|Q1| =   0.589286  Q10  =   0.384352  Q11c =  -0.446689  Q11s =  -0.000263
|Q2| =   9.363196  Q20  =  -8.374855  Q21c =  -4.120378  Q21s =   0.002480
                   Q22c =   0.744128  Q22s =   0.002483

CPU time used:      2m37.393s          Total:      2m37.393s

Finished at 17:33:31 on 14 Jan 2022 
