                                     G D M A
                                 by Anthony Stone

               Distributed Multipoles from Gaussian wavefunctions

                             version 2.3.3 (e2d289a)
              Compiled with gfortran on 05 October 2021 at 19:26:39

Starting at 10:59:12 on 07 Dec 2021 


Using MP2 density matrix from file cho.fchk


                         Distributed Multipole Analysis

Standard DMA for products of primitives with exponent greater than 4.00000
Using 80-point Euler-MacLaurin radial quadrature
Using 590-point Lebedev quadrature
Becke smoothing parameter = 3

Positions and radii in angstrom
Multipole moments in atomic units, ea_0^k for rank k

C          x =  1.614935  y = -1.230301  z =  0.000000 angstrom
           Maximum rank =  2   Radius =  0.650 angstrom
                   Q00  =   0.008320
|Q1| =   0.108623  Q11c =  -0.094383  Q11s =   0.053767
|Q2| =   1.036354  Q20  =  -1.024364  Q22c =   0.103081  Q22s =  -0.118671

C          x =  1.327875  y =  0.132276  z =  0.000000 angstrom
           Maximum rank =  2   Radius =  0.650 angstrom
                   Q00  =   0.061848
|Q1| =   0.163730  Q11c =  -0.159979  Q11s =  -0.034845
|Q2| =   0.659501  Q20  =  -0.655848  Q22c =   0.048292  Q22s =   0.049732

C          x =  0.000000  y =  0.572246  z = -0.000000 angstrom
           Maximum rank =  2   Radius =  0.650 angstrom
                   Q00  =   0.109445
|Q1| =   0.137551  Q11c =  -0.014539  Q11s =  -0.136780
|Q2| =   0.156787  Q20  =  -0.094206  Q22c =  -0.081642  Q22s =  -0.095089

C          x = -1.044507  y = -0.362437  z = -0.000000 angstrom
           Maximum rank =  2   Radius =  0.650 angstrom
                   Q00  =   0.104829
|Q1| =   0.172310  Q11c =   0.158836  Q11s =   0.066800
|Q2| =   0.479200  Q20  =  -0.475612  Q22c =   0.012589  Q22s =  -0.057160

C          x = -0.757154  y = -1.720847  z =  0.000000 angstrom
           Maximum rank =  2   Radius =  0.650 angstrom
                   Q00  =   0.020393
|Q1| =   0.113777  Q11c =   0.060122  Q11s =   0.096595
|Q2| =   0.959618  Q20  =  -0.948706  Q22c =  -0.027609  Q22s =   0.141635

C          x =  0.571914  y = -2.155168  z =  0.000000 angstrom
           Maximum rank =  2   Radius =  0.650 angstrom
                   Q00  =  -0.000040
|Q1| =   0.096878  Q11c =  -0.022966  Q11s =   0.094117
|Q2| =   1.099823  Q20  =  -1.088950  Q22c =  -0.141344  Q22s =  -0.061823

C          x = -0.284706  y =  2.025369  z = -0.000000 angstrom
           Maximum rank =  2   Radius =  0.650 angstrom
                   Q00  =   0.236338
|Q1| =   0.083821  Q11c =  -0.076355  Q11s =  -0.034580
|Q2| =   0.529687  Q20  =  -0.511350  Q22c =  -0.019595  Q22s =  -0.136768

H          x = -2.066389  y = -0.001933  z = -0.000000 angstrom
           Maximum rank =  2   Radius =  0.350 angstrom
                   Q00  =   0.080020
|Q1| =   0.106689  Q11c =   0.106521  Q11s =   0.005979
|Q2| =   0.166279  Q20  =  -0.133426  Q22c =   0.051336  Q22s =  -0.084917

H          x = -1.562659  y = -2.446195  z =  0.000000 angstrom
           Maximum rank =  2   Radius =  0.350 angstrom
                   Q00  =   0.045683
|Q1| =   0.111759  Q11c =   0.079489  Q11s =   0.078560
|Q2| =   0.198221  Q20  =  -0.152306  Q22c =   0.014252  Q22s =   0.126061

H          x =  0.792117  y = -3.216826  z =  0.000000 angstrom
           Maximum rank =  2   Radius =  0.350 angstrom
                   Q00  =   0.040584
|Q1| =   0.111920  Q11c =  -0.023323  Q11s =   0.109463
|Q2| =   0.207882  Q20  =  -0.160752  Q22c =  -0.121097  Q22s =  -0.052050

H          x =  2.643889  y = -1.570591  z =  0.000000 angstrom
           Maximum rank =  2   Radius =  0.350 angstrom
                   Q00  =   0.043443
|Q1| =   0.111896  Q11c =  -0.105438  Q11s =   0.037462
|Q2| =   0.203206  Q20  =  -0.156665  Q22c =   0.103754  Q22s =  -0.077355

H          x =  2.132755  y =  0.860849  z =  0.000000 angstrom
           Maximum rank =  2   Radius =  0.350 angstrom
                   Q00  =   0.051102
|Q1| =   0.122660  Q11c =  -0.097694  Q11s =  -0.074172
|Q2| =   0.170568  Q20  =  -0.137460  Q22c =   0.019592  Q22s =   0.099068

O          x = -1.391038  y =  2.516976  z = -0.000000 angstrom
           Maximum rank =  2   Radius =  0.650 angstrom
                   Q00  =  -0.319741
|Q1| =   0.465246  Q11c =   0.423076  Q11s =  -0.193547
|Q2| =   0.926081  Q20  =  -0.075796  Q22c =   0.525567  Q22s =  -0.758723

H          x =  0.618450  y =  2.672059  z = -0.000000 angstrom
           Maximum rank =  2   Radius =  0.350 angstrom
                   Q00  =   0.041875
|Q1| =   0.132939  Q11c =  -0.104921  Q11s =  -0.081636
|Q2| =   0.138290  Q20  =  -0.124973  Q22c =   0.005904  Q22s =   0.058916

TOP1       x =  0.000000  y =  0.000000  z =  2.000000 angstrom
           Maximum rank =  2   Radius =  0.650 angstrom
                   Q00  =  -0.262051
|Q1| =   0.287460  Q10  =   0.286876  Q11c =  -0.009180  Q11s =   0.015844
|Q2| =   0.128261  Q20  =   0.107280  Q21c =  -0.008271  Q21s =   0.013020
                   Q22c =  -0.048902  Q22s =  -0.048090

TOP2       x =  0.000000  y =  0.000000  z = -2.000000 angstrom
           Maximum rank =  2   Radius =  0.650 angstrom
                   Q00  =  -0.262051
|Q1| =   0.287460  Q10  =  -0.286876  Q11c =  -0.009180  Q11s =   0.015844
|Q2| =   0.128261  Q20  =   0.107280  Q21c =   0.008271  Q21s =  -0.013020
                   Q22c =  -0.048902  Q22s =  -0.048090

Total multipoles referred to origin at
           x =   0.000000,  y =    0.000000,  z =    0.000000 angstrom
                   Q00  =  -0.000005
|Q1| =   1.249904  Q11c =   0.853206  Q11s =  -0.913400
|Q2| =   8.398642  Q20  =  -2.605392  Q22c =   1.607535  Q22s =   7.820802

CPU time used:      3m35.210s          Total:      3m35.210s

Finished at 11:02:47 on 07 Dec 2021 
