                                     G D M A
                                 by Anthony Stone

               Distributed Multipoles from Gaussian wavefunctions

                             version 2.3.3 (6b8e81e)
              Compiled with gfortran on 14 January 2024 at 08:13:23

Starting at 13:41:38 on 04 Feb 2025 


Using MP2 density matrix from file benzene.fchk


                         Distributed Multipole Analysis

Standard DMA for products of primitives with exponent greater than 4.00000
Using 80-point Euler-MacLaurin radial quadrature
Using 590-point Lebedev quadrature
Becke smoothing parameter = 3

Positions and radii in angstrom
Multipole moments in atomic units, ea_0^k for rank k

C          x = -0.000000  y =  1.394663  z =  0.000000 angstrom
           Maximum rank =  2   Radius =  0.650 angstrom
                   Q00  =  -0.032533
|Q1| =   0.058475  Q11s =  -0.058475
|Q2| =   1.300188  Q20  =  -1.293653  Q22c =  -0.130195

C          x = -1.207814  y =  0.697332  z =  0.000000 angstrom
           Maximum rank =  2   Radius =  0.650 angstrom
                   Q00  =  -0.032534
|Q1| =   0.058477  Q11c =   0.050642  Q11s =  -0.029239
|Q2| =   1.300183  Q20  =  -1.293648  Q22c =   0.065100  Q22s =  -0.112752

C          x = -1.207814  y = -0.697332  z =  0.000000 angstrom
           Maximum rank =  2   Radius =  0.650 angstrom
                   Q00  =  -0.032534
|Q1| =   0.058477  Q11c =   0.050642  Q11s =   0.029239
|Q2| =   1.300183  Q20  =  -1.293648  Q22c =   0.065100  Q22s =   0.112752

C          x = -0.000000  y = -1.394663  z =  0.000000 angstrom
           Maximum rank =  2   Radius =  0.650 angstrom
                   Q00  =  -0.032533
|Q1| =   0.058475  Q11s =   0.058475
|Q2| =   1.300188  Q20  =  -1.293653  Q22c =  -0.130195

C          x =  1.207814  y = -0.697332  z = -0.000000 angstrom
           Maximum rank =  2   Radius =  0.650 angstrom
                   Q00  =  -0.032534
|Q1| =   0.058477  Q11c =  -0.050642  Q11s =   0.029239
|Q2| =   1.300183  Q20  =  -1.293648  Q22c =   0.065100  Q22s =  -0.112752

C          x =  1.207814  y =  0.697332  z = -0.000000 angstrom
           Maximum rank =  2   Radius =  0.650 angstrom
                   Q00  =  -0.032534
|Q1| =   0.058477  Q11c =  -0.050642  Q11s =  -0.029239
|Q2| =   1.300183  Q20  =  -1.293648  Q22c =   0.065100  Q22s =   0.112752

H          x = -0.000000  y =  2.479089  z =  0.000000 angstrom
           Maximum rank =  2   Radius =  0.350 angstrom
                   Q00  =   0.032534
|Q1| =   0.114648  Q11s =  -0.114648
|Q2| =   0.222498  Q20  =  -0.177727  Q22c =  -0.133860

H          x = -2.146954  y =  1.239545  z =  0.000000 angstrom
           Maximum rank =  2   Radius =  0.350 angstrom
                   Q00  =   0.032534
|Q1| =   0.114651  Q11c =   0.099292  Q11s =  -0.057323
|Q2| =   0.222484  Q20  =  -0.177722  Q22c =   0.066910  Q22s =  -0.115918

H          x = -2.146954  y = -1.239545  z =  0.000000 angstrom
           Maximum rank =  2   Radius =  0.350 angstrom
                   Q00  =   0.032534
|Q1| =   0.114651  Q11c =   0.099292  Q11s =   0.057323
|Q2| =   0.222484  Q20  =  -0.177722  Q22c =   0.066910  Q22s =   0.115918

H          x = -0.000000  y = -2.479089  z =  0.000000 angstrom
           Maximum rank =  2   Radius =  0.350 angstrom
                   Q00  =   0.032534
|Q1| =   0.114648  Q11s =   0.114648
|Q2| =   0.222498  Q20  =  -0.177727  Q22c =  -0.133860

H          x =  2.146954  y = -1.239545  z = -0.000000 angstrom
           Maximum rank =  2   Radius =  0.350 angstrom
                   Q00  =   0.032534
|Q1| =   0.114651  Q11c =  -0.099292  Q11s =   0.057323
|Q2| =   0.222484  Q20  =  -0.177722  Q22c =   0.066910  Q22s =  -0.115918

H          x =  2.146954  y =  1.239545  z = -0.000000 angstrom
           Maximum rank =  2   Radius =  0.350 angstrom
                   Q00  =   0.032534
|Q1| =   0.114651  Q11c =  -0.099292  Q11s =  -0.057323
|Q2| =   0.222484  Q20  =  -0.177722  Q22c =   0.066910  Q22s =   0.115918

Total multipoles referred to origin at
           x =   0.000000,  y =    0.000000,  z =    0.000000 angstrom
                   Q00  =  -0.000000
|Q1| =   0.000000
|Q2| =   6.145023  Q20  =  -6.145023  Q22c =  -0.000239

CPU time used:      0m11.491s          Total:      0m11.491s

Finished at 13:41:50 on 04 Feb 2025 
