                                     G D M A
                                 by Anthony Stone

               Distributed Multipoles from Gaussian wavefunctions

                             version 2.3.3 (e2d289a)
              Compiled with gfortran on 05 October 2021 at 19:26:39

Starting at 17:25:21 on 14 Jan 2022 


Using MP2 density matrix from file conh2.fchk


                         Distributed Multipole Analysis

Standard DMA for products of primitives with exponent greater than 4.00000
Using 80-point Euler-MacLaurin radial quadrature
Using 590-point Lebedev quadrature
Becke smoothing parameter = 3

Positions and radii in angstrom
Multipole moments in atomic units, ea_0^k for rank k

C          x =  1.851353  y =  1.226452  z = -0.139939 angstrom
           Maximum rank =  2   Radius =  0.650 angstrom
                   Q00  =   0.063610
|Q1| =   0.234010  Q10  =  -0.005435  Q11c =  -0.191569  Q11s =  -0.134284
|Q2| =   1.138908  Q20  =  -1.081869  Q21c =   0.025119  Q21s =  -0.247574
                   Q22c =   0.058506  Q22s =   0.247639

C          x =  0.458778  y =  1.191721  z = -0.157092 angstrom
           Maximum rank =  2   Radius =  0.650 angstrom
                   Q00  =   0.491490
|Q1| =   0.778639  Q10  =  -0.050496  Q11c =  -0.219016  Q11s =  -0.745494
|Q2| =   0.614277  Q20  =  -0.424964  Q21c =   0.104831  Q21s =  -0.178375
                   Q22c =  -0.331239  Q22s =   0.210274

C          x = -0.219649  y = -0.024785  z = -0.016842 angstrom
           Maximum rank =  2   Radius =  0.650 angstrom
                   Q00  =   2.359175
|Q1| =   1.126194  Q10  =  -0.004257  Q11c =   1.120375  Q11s =   0.114257
|Q2| =   0.948585  Q20  =   0.938285  Q21c =   0.013629  Q21s =   0.003978
                   Q22c =   0.133076  Q22s =   0.039015

C          x =  0.516469  y = -1.205618  z =  0.127165 angstrom
           Maximum rank =  2   Radius =  0.650 angstrom
                   Q00  =   0.470993
|Q1| =   0.738168  Q10  =   0.023098  Q11c =  -0.256995  Q11s =   0.691601
|Q2| =   0.560373  Q20  =  -0.453004  Q21c =  -0.015378  Q21s =  -0.070544
                   Q22c =  -0.268939  Q22s =  -0.176816

C          x =  1.906512  y = -1.168583  z =  0.154592 angstrom
           Maximum rank =  2   Radius =  0.650 angstrom
                   Q00  =   0.066283
|Q1| =   0.227518  Q10  =  -0.001797  Q11c =  -0.193823  Q11s =   0.119137
|Q2| =   1.122313  Q20  =  -1.075761  Q21c =   0.030173  Q21s =  -0.210394
                   Q22c =   0.068893  Q22s =  -0.228915

C          x =  2.576961  y =  0.047675  z =  0.022338 angstrom
           Maximum rank =  2   Radius =  0.650 angstrom
                   Q00  =   0.019034
|Q1| =   0.158213  Q10  =  -0.003248  Q11c =  -0.158127  Q11s =  -0.004079
|Q2| =   1.211354  Q20  =  -1.163446  Q21c =   0.034961  Q21s =  -0.235971
                   Q22c =   0.238168  Q22s =   0.011988

C          x = -1.718716  y = -0.136805  z = -0.037537 angstrom
           Maximum rank =  2   Radius =  0.650 angstrom
                   Q00  =   0.395756
|Q1| =   0.329459  Q10  =  -0.029442  Q11c =   0.328027  Q11s =  -0.008613
|Q2| =   0.665244  Q20  =  -0.504845  Q21c =   0.040907  Q21s =   0.263754
                   Q22c =   0.311757  Q22s =   0.138742

H          x = -0.021349  y = -2.141548  z =  0.213656 angstrom
           Maximum rank =  2   Radius =  0.350 angstrom
                   Q00  =   0.113004
|Q1| =   0.131375  Q10  =  -0.012769  Q11c =   0.002862  Q11s =   0.130722
|Q2| =   0.141877  Q20  =  -0.110031  Q21c =   0.001885  Q21s =  -0.016861
                   Q22c =  -0.019663  Q22s =   0.085720

H          x =  2.468339  y = -2.087769  z =  0.275026 angstrom
           Maximum rank =  2   Radius =  0.350 angstrom
                   Q00  =   0.051560
|Q1| =   0.117442  Q10  =  -0.011128  Q11c =  -0.070849  Q11s =   0.093001
|Q2| =   0.189625  Q20  =  -0.143342  Q21c =   0.014776  Q21s =  -0.038025
                   Q22c =  -0.051747  Q22s =  -0.105208

H          x =  3.660611  y =  0.075871  z =  0.038132 angstrom
           Maximum rank =  2   Radius =  0.350 angstrom
                   Q00  =   0.042297
|Q1| =   0.115514  Q10  =  -0.001835  Q11c =  -0.115450  Q11s =  -0.003388
|Q2| =   0.204290  Q20  =  -0.155456  Q21c =   0.006166  Q21s =  -0.018547
                   Q22c =   0.130934  Q22s =   0.006490

H          x =  2.368628  y =  2.171268  z = -0.261619 angstrom
           Maximum rank =  2   Radius =  0.350 angstrom
                   Q00  =   0.050244
|Q1| =   0.118915  Q10  =   0.010011  Q11c =  -0.065666  Q11s =  -0.098633
|Q2| =   0.190136  Q20  =  -0.143437  Q21c =  -0.009070  Q21s =  -0.042314
                   Q22c =  -0.059232  Q22s =   0.100978

H          x = -0.090656  y =  2.112739  z = -0.315911 angstrom
           Maximum rank =  2   Radius =  0.350 angstrom
                   Q00  =   0.089970
|Q1| =   0.145104  Q10  =   0.009595  Q11c =   0.029707  Q11s =  -0.141706
|Q2| =   0.129399  Q20  =  -0.098950  Q21c =   0.005024  Q21s =  -0.033719
                   Q22c =  -0.024283  Q22s =  -0.072118

O          x = -2.285185  y = -1.181193  z = -0.314109 angstrom
           Maximum rank =  2   Radius =  0.650 angstrom
                   Q00  =  -0.348623
|Q1| =   0.569067  Q10  =   0.090791  Q11c =   0.319338  Q11s =   0.462188
|Q2| =   0.956322  Q20  =  -0.170455  Q21c =   0.178826  Q21s =   0.207144
                   Q22c =  -0.409009  Q22s =   0.802073

N          x = -2.418507  y =  1.008154  z =  0.252455 angstrom
           Maximum rank =  2   Radius =  0.650 angstrom
                   Q00  =  -0.111181
|Q1| =   0.255412  Q10  =   0.175800  Q11c =   0.047010  Q11s =  -0.179220
|Q2| =   1.629133  Q20  =  -1.182850  Q21c =   0.028715  Q21s =   1.080831
                   Q22c =   0.260719  Q22s =  -0.133961

H          x = -3.419148  y =  0.909874  z =  0.335093 angstrom
           Maximum rank =  2   Radius =  0.350 angstrom
                   Q00  =   0.144085
|Q1| =   0.066594  Q10  =  -0.013857  Q11c =   0.051995  Q11s =  -0.039234
|Q2| =   0.210505  Q20  =  -0.150207  Q21c =  -0.028218  Q21s =   0.055211
                   Q22c =   0.132959  Q22s =   0.015072

H          x = -1.985654  y =  1.771688  z =  0.745201 angstrom
           Maximum rank =  2   Radius =  0.350 angstrom
                   Q00  =   0.149400
|Q1| =   0.084791  Q10  =  -0.025516  Q11c =   0.042369  Q11s =  -0.068872
|Q2| =   0.183074  Q20  =  -0.081643  Q21c =   0.064435  Q21s =   0.137660
                   Q22c =  -0.010830  Q22s =   0.060259

TOP(2)     x =  0.000000  y =  0.000000  z =  2.000000 angstrom
           Maximum rank =  2   Radius =  0.650 angstrom
                   Q00  =  -0.098101
|Q1| =   0.033097  Q10  =   0.021873  Q11c =  -0.020610  Q11s =   0.013864
|Q2| =   0.308135  Q20  =   0.298224  Q21c =  -0.002339  Q21s =  -0.001533
                   Q22c =  -0.002496  Q22s =   0.077431

TOP(1)     x =  0.000000  y =  0.000000  z =  1.000000 angstrom
           Maximum rank =  2   Radius =  0.650 angstrom
                   Q00  =  -0.489102
|Q1| =   0.041233  Q10  =  -0.034516  Q11c =   0.007651  Q11s =   0.021220
|Q2| =   0.703489  Q20  =   0.699460  Q21c =  -0.021815  Q21s =   0.009161
                   Q22c =   0.066514  Q22s =   0.025858

TOP(0)     x =  0.000000  y =  0.000000  z =  0.000000 angstrom
           Maximum rank =  2   Radius =  0.650 angstrom
                   Q00  =  -0.961973
|Q1| =   0.441463  Q10  =  -0.004782  Q11c =  -0.438477  Q11s =  -0.051037
|Q2| =   0.489138  Q20  =   0.474029  Q21c =   0.005716  Q21s =  -0.010616
                   Q22c =   0.108119  Q22s =   0.052130

TOP(ao)    x =  0.000000  y =  0.000000  z =  0.529000 angstrom
           Maximum rank =  2   Radius =  0.650 angstrom
                   Q00  =  -0.931232
|Q1| =   0.032664  Q10  =   0.025661  Q11c =  -0.017527  Q11s =  -0.010063
|Q2| =   0.724109  Q20  =   0.716112  Q21c =   0.072071  Q21s =   0.006739
                   Q22c =   0.079168  Q22s =   0.003127

TOP(-a0)   x =  0.000000  y =  0.000000  z = -0.529000 angstrom
           Maximum rank =  2   Radius =  0.650 angstrom
                   Q00  =  -0.953322
|Q1| =   0.042815  Q10  =  -0.017772  Q11c =  -0.038695  Q11s =  -0.004465
|Q2| =   0.713523  Q20  =   0.701726  Q21c =  -0.080571  Q21s =  -0.006480
                   Q22c =   0.073595  Q22s =   0.068891

TOP(-1)    x =  0.000000  y =  0.000000  z = -1.000000 angstrom
           Maximum rank =  2   Radius =  0.650 angstrom
                   Q00  =  -0.516358
|Q1| =   0.050432  Q10  =   0.034321  Q11c =   0.008063  Q11s =  -0.036062
|Q2| =   0.701528  Q20  =   0.697932  Q21c =   0.024844  Q21s =   0.024647
                   Q22c =   0.059218  Q22s =   0.017365

TOP(-2)    x =  0.000000  y =  0.000000  z = -2.000000 angstrom
           Maximum rank =  2   Radius =  0.650 angstrom
                   Q00  =  -0.096998
|Q1| =   0.048243  Q10  =  -0.024980  Q11c =  -0.028149  Q11s =  -0.030184
|Q2| =   0.281855  Q20  =   0.278001  Q21c =   0.007994  Q21s =   0.001282
                   Q22c =   0.021484  Q22s =  -0.040377

Total multipoles referred to origin at
           x =   0.000000,  y =    0.000000,  z =    0.000000 angstrom
                   Q00  =   0.000013
|Q1| =   1.386395  Q10  =   0.538652  Q11c =   0.577717  Q11s =   1.139381
|Q2| =  12.722126  Q20  =  -5.611527  Q21c =  -4.669788  Q21s =  -0.115171
                   Q22c =   0.478291  Q22s = -10.407416

CPU time used:      3m38.603s          Total:      3m38.603s

Finished at 17:29:00 on 14 Jan 2022 
