                                     G D M A
                                 by Anthony Stone

               Distributed Multipoles from Gaussian wavefunctions

                             version 2.3.3 (6b8e81e)
              Compiled with gfortran on 14 January 2024 at 08:13:23

Starting at 14:47:21 on 04 Feb 2025 


Using SCF density matrix from file clamp-10.fchk


                         Distributed Multipole Analysis

Standard DMA for products of primitives with exponent greater than 4.00000
Using 80-point Euler-MacLaurin radial quadrature
Using 590-point Lebedev quadrature
Becke smoothing parameter = 3

Positions and radii in angstrom
Multipole moments in atomic units, ea_0^k for rank k

C          x = -0.000000  y =  1.397529  z =  0.009623 angstrom
           Maximum rank =  2   Radius =  0.650 angstrom
                   Q00  =   0.138884
|Q1| =   0.296623  Q10  =  -0.023575  Q11s =  -0.295685
|Q2| =   1.433593  Q20  =   0.515775  Q21s =  -0.190531  Q22c =  -1.323957

C          x =  0.000000  y =  0.707079  z =  1.205443 angstrom
           Maximum rank =  2   Radius =  0.650 angstrom
                   Q00  =   0.832008
|Q1| =   1.054057  Q10  =  -0.325079  Q11s =  -1.002677
|Q2| =   1.284786  Q20  =   0.510505  Q21s =   0.301648  Q22c =  -1.139766

C          x = -0.000000  y = -0.707079  z =  1.205443 angstrom
           Maximum rank =  2   Radius =  0.650 angstrom
                   Q00  =   0.832008
|Q1| =   1.054057  Q10  =  -0.325079  Q11s =   1.002677
|Q2| =   1.284786  Q20  =   0.510505  Q21s =  -0.301648  Q22c =  -1.139766

C          x = -0.000000  y = -1.397529  z =  0.009623 angstrom
           Maximum rank =  2   Radius =  0.650 angstrom
                   Q00  =   0.138884
|Q1| =   0.296623  Q10  =  -0.023575  Q11s =   0.295685
|Q2| =   1.433593  Q20  =   0.515775  Q21s =   0.190531  Q22c =  -1.323957

C          x =  0.000000  y = -0.690415  z = -1.215058 angstrom
           Maximum rank =  2   Radius =  0.650 angstrom
                   Q00  =   0.833161
|Q1| =   1.019112  Q10  =   0.365789  Q11s =   0.951204
|Q2| =   1.384072  Q20  =   0.228350  Q21s =   0.490376  Q22c =  -1.273987

C          x =  0.000000  y =  0.690415  z = -1.215058 angstrom
           Maximum rank =  2   Radius =  0.650 angstrom
                   Q00  =   0.833161
|Q1| =   1.019112  Q10  =   0.365789  Q11s =  -0.951204
|Q2| =   1.384072  Q20  =   0.228350  Q21s =  -0.490376  Q22c =  -1.273987

H          x =  0.000000  y =  2.465434  z = -0.178706 angstrom
           Maximum rank =  2   Radius =  0.350 angstrom
                   Q00  =   0.040186
|Q1| =   0.112064  Q10  =  -0.018739  Q11s =  -0.110486
|Q2| =   0.220654  Q20  =  -0.012800  Q21s =  -0.052567  Q22c =  -0.213918

H          x =  0.000000  y =  1.077957  z =  2.224417 angstrom
           Maximum rank =  2   Radius =  0.350 angstrom
                   Q00  =   0.058408
|Q1| =   0.128519  Q10  =  -0.095099  Q11s =  -0.086449
|Q2| =   0.213703  Q20  =   0.170959  Q21s =   0.085269  Q22c =  -0.095767

H          x = -0.000000  y = -1.077957  z =  2.224417 angstrom
           Maximum rank =  2   Radius =  0.350 angstrom
                   Q00  =   0.058408
|Q1| =   0.128519  Q10  =  -0.095099  Q11s =   0.086449
|Q2| =   0.213703  Q20  =   0.170959  Q21s =  -0.085269  Q22c =  -0.095767

H          x = -0.000000  y = -2.465434  z = -0.178706 angstrom
           Maximum rank =  2   Radius =  0.350 angstrom
                   Q00  =   0.040186
|Q1| =   0.112064  Q10  =  -0.018739  Q11s =   0.110486
|Q2| =   0.220654  Q20  =  -0.012800  Q21s =   0.052567  Q22c =  -0.213918

H          x =  0.000000  y = -1.387412  z = -2.045754 angstrom
           Maximum rank =  2   Radius =  0.350 angstrom
                   Q00  =   0.055548
|Q1| =   0.119938  Q10  =   0.104922  Q11s =   0.058107
|Q2| =   0.215177  Q20  =   0.089260  Q21s =   0.131728  Q22c =  -0.144850

H          x =  0.000000  y =  1.387412  z = -2.045754 angstrom
           Maximum rank =  2   Radius =  0.350 angstrom
                   Q00  =   0.055548
|Q1| =   0.119938  Q10  =   0.104922  Q11s =  -0.058107
|Q2| =   0.215177  Q20  =   0.089260  Q21s =  -0.131728  Q22c =  -0.144850

TOP(1)     x =  0.000000  y =  0.000000  z =  1.000000 angstrom
           Maximum rank =  2   Radius =  0.650 angstrom
                   Q00  =  -1.957807
|Q1| =   0.038558  Q10  =  -0.038558
|Q2| =   1.426321  Q20  =  -0.029070  Q22c =  -1.426025

TOP(-1)    x =  0.000000  y =  0.000000  z = -1.000000 angstrom
           Maximum rank =  2   Radius =  0.650 angstrom
                   Q00  =  -1.958579
|Q1| =   0.016742  Q10  =   0.016742
|Q2| =   1.433694  Q20  =  -0.004822  Q22c =  -1.433686

Total multipoles referred to origin at
           x =   0.000000,  y =    0.000000,  z =    0.000000 angstrom
                   Q00  =   0.000002
|Q1| =   0.000003  Q10  =   0.000003
|Q2| =   6.901653  Q20  =   3.450565  Q22c =  -5.977158

CPU time used:      0m13.778s          Total:      0m13.778s

Finished at 14:47:34 on 04 Feb 2025 
