                                     G D M A
                                 by Anthony Stone

               Distributed Multipoles from Gaussian wavefunctions

                             version 2.3.3 (6b8e81e)
              Compiled with gfortran on 14 January 2024 at 08:13:23

Starting at 14:57:39 on 04 Feb 2025 


Using SCF density matrix from file cho.fchk


                         Distributed Multipole Analysis

Standard DMA for products of primitives with exponent greater than 4.00000
Using 80-point Euler-MacLaurin radial quadrature
Using 590-point Lebedev quadrature
Becke smoothing parameter = 3

Positions and radii in angstrom
Multipole moments in atomic units, ea_0^k for rank k

C          x =  1.614935  y = -1.230301  z =  0.000000 angstrom
           Maximum rank =  2   Radius =  0.650 angstrom
                   Q00  =   0.040008
|Q1| =   0.179786  Q11c =  -0.150593  Q11s =   0.098208
|Q2| =   1.182820  Q20  =  -1.154694  Q22c =   0.146484  Q22s =  -0.210443

C          x =  1.327875  y =  0.132276  z =  0.000000 angstrom
           Maximum rank =  2   Radius =  0.650 angstrom
                   Q00  =   0.285742
|Q1| =   0.421384  Q11c =  -0.414447  Q11s =  -0.076145
|Q2| =   0.589346  Q20  =  -0.515521  Q22c =   0.227188  Q22s =   0.173070

C          x =  0.000000  y =  0.572246  z = -0.000000 angstrom
           Maximum rank =  2   Radius =  0.650 angstrom
                   Q00  =   0.807140
|Q1| =   0.614065  Q11c =  -0.008915  Q11s =  -0.614001
|Q2| =   0.753811  Q20  =   0.683402  Q22c =  -0.283866  Q22s =  -0.143576

C          x = -1.044507  y = -0.362437  z = -0.000000 angstrom
           Maximum rank =  2   Radius =  0.650 angstrom
                   Q00  =   0.449865
|Q1| =   0.521327  Q11c =   0.494159  Q11s =   0.166097
|Q2| =   0.300023  Q20  =  -0.178819  Q22c =   0.240710  Q22s =  -0.009796

C          x = -0.757154  y = -1.720847  z =  0.000000 angstrom
           Maximum rank =  2   Radius =  0.650 angstrom
                   Q00  =   0.071035
|Q1| =   0.211393  Q11c =   0.101899  Q11s =   0.185213
|Q2| =   1.095252  Q20  =  -1.063165  Q22c =  -0.086935  Q22s =   0.248390

C          x =  0.571914  y = -2.155168  z =  0.000000 angstrom
           Maximum rank =  2   Radius =  0.650 angstrom
                   Q00  =   0.043312
|Q1| =   0.134379  Q11c =  -0.034728  Q11s =   0.129814
|Q2| =   1.170515  Q20  =  -1.145251  Q22c =  -0.219124  Q22s =  -0.102420

C          x = -0.284706  y =  2.025369  z = -0.000000 angstrom
           Maximum rank =  2   Radius =  0.650 angstrom
                   Q00  =   0.333459
|Q1| =   0.110314  Q11c =  -0.050848  Q11s =  -0.097897
|Q2| =   0.477327  Q20  =  -0.448330  Q22c =  -0.105454  Q22s =  -0.125384

H          x = -2.066389  y = -0.001933  z = -0.000000 angstrom
           Maximum rank =  2   Radius =  0.350 angstrom
                   Q00  =   0.089665
|Q1| =   0.097490  Q11c =   0.096699  Q11s =   0.012390
|Q2| =   0.178241  Q20  =  -0.143343  Q22c =   0.063965  Q22s =  -0.084446

H          x = -1.562659  y = -2.446195  z =  0.000000 angstrom
           Maximum rank =  2   Radius =  0.350 angstrom
                   Q00  =   0.042717
|Q1| =   0.099037  Q11c =   0.069179  Q11s =   0.070870
|Q2| =   0.216546  Q20  =  -0.171087  Q22c =   0.013266  Q22s =   0.132081

H          x =  0.792117  y = -3.216826  z =  0.000000 angstrom
           Maximum rank =  2   Radius =  0.350 angstrom
                   Q00  =   0.040515
|Q1| =   0.096032  Q11c =  -0.020216  Q11s =   0.093880
|Q2| =   0.219442  Q20  =  -0.170459  Q22c =  -0.126928  Q22s =  -0.054661

H          x =  2.643889  y = -1.570591  z =  0.000000 angstrom
           Maximum rank =  2   Radius =  0.350 angstrom
                   Q00  =   0.039724
|Q1| =   0.098786  Q11c =  -0.092865  Q11s =   0.033686
|Q2| =   0.221511  Q20  =  -0.175085  Q22c =   0.108085  Q22s =  -0.082036

H          x =  2.132755  y =  0.860849  z =  0.000000 angstrom
           Maximum rank =  2   Radius =  0.350 angstrom
                   Q00  =   0.055068
|Q1| =   0.109331  Q11c =  -0.089655  Q11s =  -0.062572
|Q2| =   0.188920  Q20  =  -0.152928  Q22c =   0.021928  Q22s =   0.108734

O          x = -1.391038  y =  2.516976  z = -0.000000 angstrom
           Maximum rank =  2   Radius =  0.650 angstrom
                   Q00  =  -0.402075
|Q1| =   0.470808  Q11c =   0.424639  Q11s =  -0.203325
|Q2| =   0.924137  Q20  =  -0.223848  Q22c =   0.500647  Q22s =  -0.743824

H          x =  0.618450  y =  2.672059  z = -0.000000 angstrom
           Maximum rank =  2   Radius =  0.350 angstrom
                   Q00  =   0.052667
|Q1| =   0.109462  Q11c =  -0.084366  Q11s =  -0.069744
|Q2| =   0.150673  Q20  =  -0.132151  Q22c =   0.009765  Q22s =   0.071717

TOP(1)     x =  0.000000  y =  0.000000  z =  1.000000 angstrom
           Maximum rank =  2   Radius =  0.650 angstrom
                   Q00  =  -0.974420
|Q1| =   0.230708  Q10  =   0.230630  Q11c =  -0.004879  Q11s =  -0.003510
|Q2| =   0.560308  Q20  =   0.544262  Q21c =  -0.005260  Q21s =  -0.086176
                   Q22c =  -0.088589  Q22s =  -0.049208

TOP(-1)    x =  0.000000  y =  0.000000  z = -1.000000 angstrom
           Maximum rank =  2   Radius =  0.650 angstrom
                   Q00  =  -0.974420
|Q1| =   0.230708  Q10  =  -0.230630  Q11c =  -0.004879  Q11s =  -0.003510
|Q2| =   0.560308  Q20  =   0.544262  Q21c =   0.005260  Q21s =   0.086176
                   Q22c =  -0.088589  Q22s =  -0.049208

Total multipoles referred to origin at
           x =   0.000000,  y =    0.000000,  z =    0.000000 angstrom
                   Q00  =   0.000004
|Q1| =   1.497589  Q11c =   1.070361  Q11s =  -1.047424
|Q2| =  10.539295  Q20  =  -2.946980  Q22c =   1.774895  Q22s =   9.962018

CPU time used:      0m21.103s          Total:      0m21.103s

Finished at 14:58:00 on 04 Feb 2025 
