                                     G D M A
                                 by Anthony Stone

               Distributed Multipoles from Gaussian wavefunctions

                             version 2.3.3 (e2d289a)
              Compiled with gfortran on 05 October 2021 at 19:26:39

Starting at 13:42:18 on 04 Jan 2022 


Using MP2 density matrix from file bla-025.fchk


                         Distributed Multipole Analysis

Standard DMA for products of primitives with exponent greater than 4.00000
Using 80-point Euler-MacLaurin radial quadrature
Using 590-point Lebedev quadrature
Becke smoothing parameter = 3

Positions and radii in angstrom
Multipole moments in atomic units, ea_0^k for rank k

C          x =  0.634832  y =  1.243898  z =  0.000000 angstrom
           Maximum rank =  2   Radius =  0.650 angstrom
                   Q00  =   0.411944
|Q1| =   0.704537  Q11c =  -0.362892  Q11s =  -0.603888
|Q2| =   0.840603  Q20  =  -0.601141  Q22c =  -0.306452  Q22s =   0.501328

C          x =  1.394663  y = -0.072168  z = -0.000000 angstrom
           Maximum rank =  2   Radius =  0.650 angstrom
                   Q00  =   0.411944
|Q1| =   0.704539  Q11c =  -0.704432  Q11s =  -0.012328
|Q2| =   0.840576  Q20  =  -0.601123  Q22c =   0.587368  Q22s =  -0.014720

C          x =  0.759831  y = -1.171730  z =  0.000000 angstrom
           Maximum rank =  2   Radius =  0.650 angstrom
                   Q00  =   0.411944
|Q1| =   0.704536  Q11c =  -0.341538  Q11s =   0.616217
|Q2| =   0.840599  Q20  =  -0.601137  Q22c =  -0.280952  Q22s =  -0.516049

C          x = -0.759831  y = -1.171730  z =  0.000000 angstrom
           Maximum rank =  2   Radius =  0.650 angstrom
                   Q00  =   0.411944
|Q1| =   0.704536  Q11c =   0.341538  Q11s =   0.616217
|Q2| =   0.840599  Q20  =  -0.601137  Q22c =  -0.280952  Q22s =   0.516049

C          x = -1.394663  y = -0.072168  z =  0.000000 angstrom
           Maximum rank =  2   Radius =  0.650 angstrom
                   Q00  =   0.411944
|Q1| =   0.704539  Q11c =   0.704432  Q11s =  -0.012328
|Q2| =   0.840576  Q20  =  -0.601123  Q22c =   0.587368  Q22s =   0.014720

C          x = -0.634832  y =  1.243898  z = -0.000000 angstrom
           Maximum rank =  2   Radius =  0.650 angstrom
                   Q00  =   0.411944
|Q1| =   0.704537  Q11c =   0.362892  Q11s =  -0.603888
|Q2| =   0.840603  Q20  =  -0.601141  Q22c =  -0.306452  Q22s =  -0.501328

H          x =  1.177044  y =  2.183038  z =  0.000000 angstrom
           Maximum rank =  2   Radius =  0.350 angstrom
                   Q00  =   0.064640
|Q1| =   0.132968  Q11c =  -0.071602  Q11s =  -0.112043
|Q2| =   0.165977  Q20  =  -0.117491  Q22c =  -0.059252  Q22s =   0.101161

H          x =  2.479088  y = -0.072169  z = -0.000000 angstrom
           Maximum rank =  2   Radius =  0.350 angstrom
                   Q00  =   0.064640
|Q1| =   0.132968  Q11c =  -0.132833  Q11s =  -0.005988
|Q2| =   0.165977  Q20  =  -0.117491  Q22c =   0.117234  Q22s =  -0.000733

H          x =  1.302044  y = -2.110869  z =  0.000000 angstrom
           Maximum rank =  2   Radius =  0.350 angstrom
                   Q00  =   0.064640
|Q1| =   0.132968  Q11c =  -0.061231  Q11s =   0.118031
|Q2| =   0.165977  Q20  =  -0.117491  Q22c =  -0.057982  Q22s =  -0.101894

H          x = -1.302044  y = -2.110869  z =  0.000000 angstrom
           Maximum rank =  2   Radius =  0.350 angstrom
                   Q00  =   0.064640
|Q1| =   0.132968  Q11c =   0.061231  Q11s =   0.118031
|Q2| =   0.165977  Q20  =  -0.117491  Q22c =  -0.057982  Q22s =   0.101894

H          x = -2.479088  y = -0.072169  z =  0.000000 angstrom
           Maximum rank =  2   Radius =  0.350 angstrom
                   Q00  =   0.064640
|Q1| =   0.132968  Q11c =   0.132833  Q11s =  -0.005988
|Q2| =   0.165977  Q20  =  -0.117491  Q22c =   0.117234  Q22s =   0.000733

H          x = -1.177044  y =  2.183038  z = -0.000000 angstrom
           Maximum rank =  2   Radius =  0.350 angstrom
                   Q00  =   0.064640
|Q1| =   0.132968  Q11c =   0.071602  Q11s =  -0.112043
|Q2| =   0.165977  Q20  =  -0.117491  Q22c =  -0.059252  Q22s =  -0.101161

TOP(2)     x =  0.000000  y =  0.000000  z =  2.000000 angstrom
           Maximum rank =  2   Radius =  0.650 angstrom
                   Q00  =  -0.105630
|Q1| =   0.026707  Q10  =   0.026707
|Q2| =   0.338021  Q20  =   0.338021

TOP(1)     x =  0.000000  y =  0.000000  z =  1.000000 angstrom
           Maximum rank =  2   Radius =  0.650 angstrom
                   Q00  =  -0.431601
|Q1| =   0.055754  Q10  =  -0.055754
|Q2| =   0.697000  Q20  =   0.697000  Q21s =  -0.000001  Q22c =  -0.000004

TOP(0)     x =  0.000000  y =  0.000000  z =  0.000000 angstrom
           Maximum rank =  2   Radius =  0.650 angstrom
                   Q00  =  -0.647520
|Q1| =   0.000001  Q11s =  -0.000001
|Q2| =   0.457250  Q20  =   0.457250  Q22c =  -0.000005

TOP(ao)    x =  0.000000  y =  0.000000  z =  0.529000 angstrom
           Maximum rank =  2   Radius =  0.650 angstrom
                   Q00  =  -0.568764
|Q1| =   0.011042  Q10  =   0.011042
|Q2| =   0.539439  Q20  =   0.539439  Q22c =  -0.000003

TOP(-a0)   x =  0.000000  y =  0.000000  z = -0.529000 angstrom
           Maximum rank =  2   Radius =  0.650 angstrom
                   Q00  =  -0.568764
|Q1| =   0.011042  Q10  =  -0.011042
|Q2| =   0.539439  Q20  =   0.539439  Q22c =  -0.000003

TOP(-1)    x =  0.000000  y =  0.000000  z = -1.000000 angstrom
           Maximum rank =  2   Radius =  0.650 angstrom
                   Q00  =  -0.431601
|Q1| =   0.055754  Q10  =   0.055754
|Q2| =   0.697000  Q20  =   0.697000  Q21s =   0.000001  Q22c =  -0.000004

TOP(-2)    x =  0.000000  y =  0.000000  z = -2.000000 angstrom
           Maximum rank =  2   Radius =  0.650 angstrom
                   Q00  =  -0.105630
|Q1| =   0.026707  Q10  =  -0.026707
|Q2| =   0.338021  Q20  =   0.338021

Total multipoles referred to origin at
           x =   0.000000,  y =    0.000000,  z =    0.000000 angstrom
                   Q00  =  -0.000009
|Q1| =   0.000001  Q11s =   0.000001
|Q2| =   5.924760  Q20  =  -5.924760  Q22c =  -0.000129

CPU time used:      1m54.750s          Total:      1m54.750s

Finished at 13:44:13 on 04 Jan 2022 
