                                     G D M A
                                 by Anthony Stone

               Distributed Multipoles from Gaussian wavefunctions

                             version 2.3.3 (e2d289a)
              Compiled with gfortran on 05 October 2021 at 19:26:39

Starting at 08:42:53 on 08 Dec 2021 


Using MP2 density matrix from file bh.fchk


                         Distributed Multipole Analysis

Standard DMA for products of primitives with exponent greater than 4.00000
Using 80-point Euler-MacLaurin radial quadrature
Using 590-point Lebedev quadrature
Becke smoothing parameter = 3

Positions and radii in angstrom
Multipole moments in atomic units, ea_0^k for rank k

C          x =  1.182622  y =  0.540736  z =  0.000000 angstrom
           Maximum rank =  2   Radius =  0.650 angstrom
                   Q00  =  -0.024876
|Q1| =   0.179938  Q11c =  -0.178980  Q11s =   0.018547
|Q2| =   0.717393  Q20  =  -0.548688  Q22c =   0.320320  Q22s =   0.333152

H          x =  2.136922  y =  1.051625  z =  0.000000 angstrom
           Maximum rank =  2   Radius =  0.350 angstrom
                   Q00  =   0.035078
|Q1| =   0.115545  Q11c =  -0.104456  Q11s =  -0.049393
|Q2| =   0.209552  Q20  =  -0.135650  Q22c =   0.097237  Q22s =   0.126713

C          x =  0.000000  y =  1.176883  z =  0.000000 angstrom
           Maximum rank =  2   Radius =  0.650 angstrom
                   Q00  =   0.095986
|Q1| =   0.154948  Q11c =  -0.019697  Q11s =  -0.153691
|Q2| =   0.516777  Q20  =  -0.390906  Q22c =  -0.277812  Q22s =  -0.192541

H          x = -0.157401  y =  2.251517  z =  0.000000 angstrom
           Maximum rank =  2   Radius =  0.350 angstrom
                   Q00  =   0.043894
|Q1| =   0.114121  Q11c =   0.016879  Q11s =  -0.112866
|Q2| =   0.186068  Q20  =  -0.120985  Q22c =  -0.135616  Q22s =  -0.039906

C          x = -0.731578  y = -1.075074  z =  0.000000 angstrom
           Maximum rank =  2   Radius =  0.650 angstrom
                   Q00  =  -0.024873
|Q1| =   0.179940  Q11c =   0.011760  Q11s =   0.179555
|Q2| =   0.717395  Q20  =  -0.548679  Q22c =  -0.192008  Q22s =   0.420403

H          x = -1.395406  y = -1.930076  z =  0.000000 angstrom
           Maximum rank =  2   Radius =  0.350 angstrom
                   Q00  =   0.035078
|Q1| =   0.115545  Q11c =   0.066226  Q11s =   0.094683
|Q2| =   0.209552  Q20  =  -0.135650  Q22c =  -0.049822  Q22s =   0.151753

C          x = -1.160183  y =  0.197551  z =  0.000000 angstrom
           Maximum rank =  2   Radius =  0.650 angstrom
                   Q00  =   0.095985
|Q1| =   0.154947  Q11c =   0.154815  Q11s =  -0.006380
|Q2| =   0.516766  Q20  =  -0.390900  Q22c =   0.198430  Q22s =  -0.273624

H          x = -2.193148  y =  0.533107  z =  0.000000 angstrom
           Maximum rank =  2   Radius =  0.350 angstrom
                   Q00  =   0.043894
|Q1| =   0.114121  Q11c =   0.108432  Q11s =  -0.035585
|Q2| =   0.186068  Q20  =  -0.120985  Q22c =   0.114766  Q22s =  -0.082540

B          x =  0.849471  y = -1.006342  z =  0.000000 angstrom
           Maximum rank =  2   Radius =  0.650 angstrom
                   Q00  =   0.303790
|Q1| =   0.195734  Q11c =  -0.126254  Q11s =   0.149572
|Q2| =   0.590536  Q20  =   0.410340  Q22c =  -0.071278  Q22s =  -0.418657

H          x =  1.616517  y = -1.915038  z =  0.000000 angstrom
           Maximum rank =  2   Radius =  0.350 angstrom
                   Q00  =  -0.060143
|Q1| =   0.173185  Q11c =  -0.111710  Q11s =   0.132340
|Q2| =   0.205901  Q20  =  -0.103092  Q22c =  -0.029918  Q22s =  -0.175704

TOP1       x =  0.000000  y =  0.000000  z =  2.000000 angstrom
           Maximum rank =  2   Radius =  0.650 angstrom
                   Q00  =  -0.271908
|Q1| =   0.305056  Q10  =   0.304093  Q11c =   0.015616  Q11s =  -0.018500
|Q2| =   0.214394  Q20  =   0.125751  Q21c =  -0.019573  Q21s =   0.023188
                   Q22c =  -0.028699  Q22s =  -0.168545

TOP2       x =  0.000000  y =  0.000000  z = -2.000000 angstrom
           Maximum rank =  2   Radius =  0.650 angstrom
                   Q00  =  -0.271908
|Q1| =   0.305056  Q10  =  -0.304093  Q11c =   0.015616  Q11s =  -0.018500
|Q2| =   0.214394  Q20  =   0.125751  Q21c =   0.019573  Q21s =  -0.023188
                   Q22c =  -0.028699  Q22s =  -0.168545

Total multipoles referred to origin at
           x =   0.000000,  y =    0.000000,  z =    0.000000 angstrom
                   Q00  =  -0.000003
|Q1| =   0.349244  Q11c =  -0.225276  Q11s =   0.266874
|Q2| =   2.340981  Q20  =  -2.340977  Q22c =  -0.000720  Q22s =  -0.004292

CPU time used:      0m51.784s          Total:      0m51.784s

Finished at 08:43:45 on 08 Dec 2021 
