                                     G D M A
                                 by Anthony Stone

               Distributed Multipoles from Gaussian wavefunctions

                             version 2.3.3 (e2d289a)
              Compiled with gfortran on 05 October 2021 at 19:26:39

Starting at 13:11:15 on 07 Dec 2021 


Using MP2 density matrix from file c7h7+.fchk


                         Distributed Multipole Analysis

Standard DMA for products of primitives with exponent greater than 4.00000
Using 80-point Euler-MacLaurin radial quadrature
Using 590-point Lebedev quadrature
Becke smoothing parameter = 3

Positions and radii in angstrom
Multipole moments in atomic units, ea_0^k for rank k

C          x =  1.257700  y =  1.002974  z = -0.000000 angstrom
           Maximum rank =  2   Radius =  0.650 angstrom
                   Q00  =   0.116570
|Q1| =   0.087426  Q11c =  -0.068349  Q11s =  -0.054514
|Q2| =   0.578699  Q20  =  -0.578586  Q22c =   0.002561  Q22s =   0.011179

C          x =  0.000000  y =  1.608629  z = -0.000000 angstrom
           Maximum rank =  2   Radius =  0.650 angstrom
                   Q00  =   0.116568
|Q1| =   0.087424  Q11c =  -0.000002  Q11s =  -0.087424
|Q2| =   0.578676  Q20  =  -0.578563  Q22c =  -0.011427  Q22s =  -0.000010

C          x =  1.568323  y = -0.357952  z = -0.000000 angstrom
           Maximum rank =  2   Radius =  0.650 angstrom
                   Q00  =   0.116567
|Q1| =   0.087421  Q11c =  -0.085228  Q11s =   0.019458
|Q2| =   0.578702  Q20  =  -0.578588  Q22c =   0.010334  Q22s =  -0.004940

C          x =  0.697961  y = -1.449323  z =  0.000000 angstrom
           Maximum rank =  2   Radius =  0.650 angstrom
                   Q00  =   0.116569
|Q1| =   0.087431  Q11c =  -0.037932  Q11s =   0.078774
|Q2| =   0.578687  Q20  =  -0.578574  Q22c =  -0.007131  Q22s =  -0.008948

C          x = -0.697974  y = -1.449331  z =  0.000000 angstrom
           Maximum rank =  2   Radius =  0.650 angstrom
                   Q00  =   0.116568
|Q1| =   0.087433  Q11c =   0.037924  Q11s =   0.078780
|Q2| =   0.578697  Q20  =  -0.578584  Q22c =  -0.007129  Q22s =   0.008961

C          x = -1.568313  y = -0.357957  z =  0.000000 angstrom
           Maximum rank =  2   Radius =  0.650 angstrom
                   Q00  =   0.116568
|Q1| =   0.087415  Q11c =   0.085223  Q11s =   0.019455
|Q2| =   0.578711  Q20  =  -0.578598  Q22c =   0.010319  Q22s =   0.004948

C          x = -1.257695  y =  1.002961  z =  0.000000 angstrom
           Maximum rank =  2   Radius =  0.650 angstrom
                   Q00  =   0.116569
|Q1| =   0.087430  Q11c =   0.068349  Q11s =  -0.054520
|Q2| =   0.578697  Q20  =  -0.578584  Q22c =   0.002548  Q22s =  -0.011168

H          x = -1.168997  y = -2.427393  z =  0.000000 angstrom
           Maximum rank =  2   Radius =  0.350 angstrom
                   Q00  =   0.087237
|Q1| =   0.081002  Q11c =   0.035143  Q11s =   0.072982
|Q2| =   0.182342  Q20  =  -0.133569  Q22c =  -0.077390  Q22s =   0.097050

H          x = -2.626658  y = -0.599517  z =  0.000000 angstrom
           Maximum rank =  2   Radius =  0.350 angstrom
                   Q00  =   0.087231
|Q1| =   0.081006  Q11c =   0.078975  Q11s =   0.018026
|Q2| =   0.182342  Q20  =  -0.133570  Q22c =   0.111835  Q22s =   0.053857

H          x = -2.106433  y =  1.679796  z =  0.000000 angstrom
           Maximum rank =  2   Radius =  0.350 angstrom
                   Q00  =   0.087236
|Q1| =   0.081003  Q11c =   0.063329  Q11s =  -0.050506
|Q2| =   0.182342  Q20  =  -0.133569  Q22c =   0.027624  Q22s =  -0.121016

H          x = -0.000017  y =  2.694203  z = -0.000000 angstrom
           Maximum rank =  2   Radius =  0.350 angstrom
                   Q00  =   0.087236
|Q1| =   0.081003  Q11c =  -0.000001  Q11s =  -0.081003
|Q2| =   0.182341  Q20  =  -0.133569  Q22c =  -0.124128  Q22s =  -0.000004

H          x =  2.106438  y =  1.679809  z = -0.000000 angstrom
           Maximum rank =  2   Radius =  0.350 angstrom
                   Q00  =   0.087236
|Q1| =   0.081002  Q11c =  -0.063328  Q11s =  -0.050506
|Q2| =   0.182343  Q20  =  -0.133569  Q22c =   0.027624  Q22s =   0.121017

H          x =  2.626677  y = -0.599508  z = -0.000000 angstrom
           Maximum rank =  2   Radius =  0.350 angstrom
                   Q00  =   0.087237
|Q1| =   0.081002  Q11c =  -0.078971  Q11s =   0.018027
|Q2| =   0.182343  Q20  =  -0.133569  Q22c =   0.111838  Q22s =  -0.053856

H          x =  1.168971  y = -2.427394  z = -0.000000 angstrom
           Maximum rank =  2   Radius =  0.350 angstrom
                   Q00  =   0.087236
|Q1| =   0.081003  Q11c =  -0.035145  Q11s =   0.072981
|Q2| =   0.182341  Q20  =  -0.133569  Q22c =  -0.077393  Q22s =  -0.097046

TOP1       x =  0.000000  y =  0.000000  z =  2.000000 angstrom
           Maximum rank =  2   Radius =  0.650 angstrom
                   Q00  =  -0.213315
|Q1| =   0.245336  Q10  =   0.245336  Q11c =  -0.000001
|Q2| =   0.095930  Q20  =   0.095930  Q21c =   0.000001  Q22c =   0.000002
                   Q22s =   0.000001

TOP2       x =  0.000000  y =  0.000000  z = -2.000000 angstrom
           Maximum rank =  2   Radius =  0.650 angstrom
                   Q00  =  -0.213315
|Q1| =   0.245336  Q10  =  -0.245336  Q11c =  -0.000001
|Q2| =   0.095930  Q20  =   0.095930  Q21c =  -0.000001  Q22c =   0.000002
                   Q22s =   0.000001

Total multipoles referred to origin at
           x =   0.000000,  y =    0.000000,  z =    0.000000 angstrom
                   Q00  =   1.000000
|Q1| =   0.000011  Q11c =   0.000006  Q11s =   0.000010
|Q2| =  14.115822  Q20  = -14.115822  Q22c =   0.000456  Q22s =   0.000125

CPU time used:      3m28.574s          Total:      3m28.574s

Finished at 13:14:44 on 07 Dec 2021 
