                                     G D M A
                                 by Anthony Stone

               Distributed Multipoles from Gaussian wavefunctions

                             version 2.3.3 (6b8e81e)
              Compiled with gfortran on 14 January 2024 at 08:13:23

Starting at 09:51:34 on 13 Feb 2025 


Using SCF density matrix from file CH-.fchk


                         Distributed Multipole Analysis

Standard DMA for products of primitives with exponent greater than 4.00000
Using 80-point Euler-MacLaurin radial quadrature
Using 590-point Lebedev quadrature
Becke smoothing parameter = 3

Positions and radii in angstrom
Multipole moments in atomic units, ea_0^k for rank k

C          x =  1.144849  y =  0.372001  z =  0.000000 angstrom
           Maximum rank =  2   Radius =  0.650 angstrom
                   Q00  =   0.256237
|Q1| =   0.569974  Q11c =  -0.542078  Q11s =  -0.176130
|Q2| =   0.946824  Q20  =  -0.655514  Q22c =   0.552751  Q22s =   0.401550

H          x =  2.177331  y =  0.707445  z =  0.000000 angstrom
           Maximum rank =  2   Radius =  0.350 angstrom
                   Q00  =  -0.015600
|Q1| =   0.161725  Q11c =  -0.153810  Q11s =  -0.049975
|Q2| =   0.265873  Q20  =  -0.223548  Q22c =   0.116443  Q22s =   0.084592

C          x =  0.707543  y = -0.973909  z =  0.000000 angstrom
           Maximum rank =  2   Radius =  0.650 angstrom
                   Q00  =   0.256236
|Q1| =   0.569944  Q11c =  -0.335001  Q11s =   0.461096
|Q2| =   0.946836  Q20  =  -0.655501  Q22c =  -0.211036  Q22s =  -0.649832

H          x =  1.345710  y = -1.852134  z =  0.000000 angstrom
           Maximum rank =  2   Radius =  0.350 angstrom
                   Q00  =  -0.015592
|Q1| =   0.161717  Q11c =  -0.095053  Q11s =   0.130833
|Q2| =   0.265858  Q20  =  -0.223527  Q22c =  -0.044454  Q22s =  -0.136894

C          x = -1.144849  y =  0.372001  z =  0.000000 angstrom
           Maximum rank =  2   Radius =  0.650 angstrom
                   Q00  =   0.256237
|Q1| =   0.569974  Q11c =   0.542078  Q11s =  -0.176130
|Q2| =   0.946824  Q20  =  -0.655514  Q22c =   0.552751  Q22s =  -0.401550

H          x = -2.177331  y =  0.707445  z =  0.000000 angstrom
           Maximum rank =  2   Radius =  0.350 angstrom
                   Q00  =  -0.015600
|Q1| =   0.161725  Q11c =   0.153810  Q11s =  -0.049975
|Q2| =   0.265873  Q20  =  -0.223548  Q22c =   0.116443  Q22s =  -0.084592

C          x = -0.707543  y = -0.973909  z =  0.000000 angstrom
           Maximum rank =  2   Radius =  0.650 angstrom
                   Q00  =   0.256236
|Q1| =   0.569944  Q11c =   0.335001  Q11s =   0.461096
|Q2| =   0.946836  Q20  =  -0.655501  Q22c =  -0.211036  Q22s =   0.649832

H          x = -1.345710  y = -1.852134  z =  0.000000 angstrom
           Maximum rank =  2   Radius =  0.350 angstrom
                   Q00  =  -0.015592
|Q1| =   0.161717  Q11c =   0.095053  Q11s =   0.130833
|Q2| =   0.265858  Q20  =  -0.223527  Q22c =  -0.044454  Q22s =   0.136894

C          x =  0.000000  y =  1.203812  z =  0.000000 angstrom
           Maximum rank =  2   Radius =  0.650 angstrom
                   Q00  =   0.256232
|Q1| =   0.569911  Q11s =  -0.569911
|Q2| =   0.946856  Q20  =  -0.655500  Q22c =  -0.683269

H          x =  0.000000  y =  2.289401  z =  0.000000 angstrom
           Maximum rank =  2   Radius =  0.350 angstrom
                   Q00  =  -0.015591
|Q1| =   0.161713  Q11s =  -0.161713
|Q2| =   0.265853  Q20  =  -0.223519  Q22c =  -0.143936

TOP(1)     x =  0.000000  y =  0.000000  z =  1.000000 angstrom
           Maximum rank =  2   Radius =  0.650 angstrom
                   Q00  =  -1.101600
|Q1| =   0.092946  Q10  =   0.092946  Q11s =  -0.000003
|Q2| =   0.607787  Q20  =   0.607787  Q21s =  -0.000009  Q22c =  -0.000062

TOP(-1)    x =  0.000000  y =  0.000000  z = -1.000000 angstrom
           Maximum rank =  2   Radius =  0.650 angstrom
                   Q00  =  -1.101600
|Q1| =   0.092946  Q10  =  -0.092946  Q11s =  -0.000003
|Q2| =   0.607787  Q20  =   0.607787  Q21s =   0.000009  Q22c =  -0.000062

Total multipoles referred to origin at
           x =   0.000000,  y =    0.000000,  z =    0.000000 angstrom
                   Q00  =  -0.999997
|Q1| =   0.000011  Q11s =  -0.000011
|Q2| =   2.949108  Q20  =  -2.949108  Q22c =  -0.000568

CPU time used:      0m 8.978s          Total:      0m 8.978s

Finished at 09:51:43 on 13 Feb 2025 
