                                     G D M A
                                 by Anthony Stone

               Distributed Multipoles from Gaussian wavefunctions

                             version 2.3.3 (6b8e81e)
              Compiled with gfortran on 10 January 2025 at 13:25:34

Starting at 11:55:12 on 17 Feb 2025 


Using MP2 density matrix from file SP.fchk


                         Distributed Multipole Analysis

Standard DMA for products of primitives with exponent greater than 4.00000
Using 80-point Euler-MacLaurin radial quadrature
Using 590-point Lebedev quadrature
Becke smoothing parameter = 3

Positions and radii in angstrom
Multipole moments in atomic units, ea_0^k for rank k

C          x = -1.212627  y =  0.700110  z =  0.000000 angstrom
           Maximum rank =  2   Radius =  0.650 angstrom
                   Q00  =   0.241868
|Q1| =   0.428800  Q11c =   0.371353  Q11s =  -0.214399
|Q2| =   0.781775  Q20  =  -0.635896  Q22c =   0.227374  Q22s =  -0.393838

C          x = -0.000001  y =  1.400215  z =  0.000000 angstrom
           Maximum rank =  2   Radius =  0.650 angstrom
                   Q00  =   0.241871
|Q1| =   0.428801  Q11s =  -0.428801
|Q2| =   0.781770  Q20  =  -0.635894  Q22c =  -0.454756  Q22s =   0.000001

C          x =  1.212626  y =  0.700109  z =  0.000000 angstrom
           Maximum rank =  2   Radius =  0.650 angstrom
                   Q00  =   0.241869
|Q1| =   0.428801  Q11c =  -0.371353  Q11s =  -0.214399
|Q2| =   0.781773  Q20  =  -0.635895  Q22c =   0.227374  Q22s =   0.393838

C          x =  1.212627  y = -0.700110  z =  0.000000 angstrom
           Maximum rank =  2   Radius =  0.650 angstrom
                   Q00  =   0.241868
|Q1| =   0.428800  Q11c =  -0.371353  Q11s =   0.214399
|Q2| =   0.781775  Q20  =  -0.635896  Q22c =   0.227374  Q22s =  -0.393838

C          x =  0.000001  y = -1.400215  z =  0.000000 angstrom
           Maximum rank =  2   Radius =  0.650 angstrom
                   Q00  =   0.241871
|Q1| =   0.428801  Q11s =   0.428801
|Q2| =   0.781770  Q20  =  -0.635894  Q22c =  -0.454756  Q22s =   0.000001

C          x = -1.212626  y = -0.700109  z =  0.000000 angstrom
           Maximum rank =  2   Radius =  0.650 angstrom
                   Q00  =   0.241869
|Q1| =   0.428801  Q11c =   0.371353  Q11s =   0.214399
|Q2| =   0.781773  Q20  =  -0.635895  Q22c =   0.227374  Q22s =   0.393838

H          x = -2.153779  y =  1.243486  z =  0.000000 angstrom
           Maximum rank =  2   Radius =  0.350 angstrom
                   Q00  =   0.045235
|Q1| =   0.120378  Q11c =   0.104250  Q11s =  -0.060189
|Q2| =   0.199795  Q20  =  -0.152815  Q22c =   0.064353  Q22s =  -0.111464

H          x =  0.000000  y =  2.486966  z =  0.000000 angstrom
           Maximum rank =  2   Radius =  0.350 angstrom
                   Q00  =   0.045235
|Q1| =   0.120379  Q11s =  -0.120379
|Q2| =   0.199795  Q20  =  -0.152815  Q22c =  -0.128707

H          x =  2.153778  y =  1.243486  z =  0.000000 angstrom
           Maximum rank =  2   Radius =  0.350 angstrom
                   Q00  =   0.045235
|Q1| =   0.120378  Q11c =  -0.104251  Q11s =  -0.060189
|Q2| =   0.199795  Q20  =  -0.152815  Q22c =   0.064353  Q22s =   0.111464

H          x =  2.153779  y = -1.243486  z =  0.000000 angstrom
           Maximum rank =  2   Radius =  0.350 angstrom
                   Q00  =   0.045235
|Q1| =   0.120378  Q11c =  -0.104250  Q11s =   0.060189
|Q2| =   0.199795  Q20  =  -0.152815  Q22c =   0.064353  Q22s =  -0.111464

H          x = -0.000000  y = -2.486966  z =  0.000000 angstrom
           Maximum rank =  2   Radius =  0.350 angstrom
                   Q00  =   0.045235
|Q1| =   0.120379  Q11s =   0.120379
|Q2| =   0.199795  Q20  =  -0.152815  Q22c =  -0.128707

H          x = -2.153778  y = -1.243486  z =  0.000000 angstrom
           Maximum rank =  2   Radius =  0.350 angstrom
                   Q00  =   0.045235
|Q1| =   0.120378  Q11c =   0.104251  Q11s =   0.060189
|Q2| =   0.199795  Q20  =  -0.152815  Q22c =   0.064353  Q22s =   0.111464

TOP-1.0    x =  0.000000  y =  0.000000  z = -1.000000 angstrom
           Maximum rank =  2   Radius =  0.650 angstrom
                   Q00  =  -0.861314
|Q1| =   0.198302  Q10  =  -0.198302
|Q2| =   0.513032  Q20  =   0.513032  Q22c =   0.000001

TOP-1.0    x =  0.000000  y =  0.000000  z =  1.000000 angstrom
           Maximum rank =  2   Radius =  0.650 angstrom
                   Q00  =  -0.861314
|Q1| =   0.198302  Q10  =   0.198302
|Q2| =   0.513032  Q20  =   0.513032  Q22c =   0.000001

Total multipoles referred to origin at
           x =   0.000000,  y =    0.000000,  z =    0.000000 angstrom
                   Q00  =  -0.000004
|Q1| =   0.000000
|Q2| =   6.234341  Q20  =  -6.234341  Q22c =  -0.000033  Q22s =  -0.000010

CPU time used:      0m42.048s          Total:      0m42.048s

Finished at 11:55:55 on 17 Feb 2025 
